Log file open, 04/09/16 15:23:41
LogInit:Display: Running engine for game: MyProject
LogPlatformFile: Not using cached read wrapper
LogInit:Display: RandInit(-1485126851) SRandInit(-1485126850).
LogTaskGraph: Started task graph with 4 named threads and 7 total threads.
LogStats: Stats thread started at 0.068361
LogInit: Version: 4.11.1-2934540+++UE4+Release-4.11
LogInit: API Version: 2927265
LogInit: Compiled (64-bit): Apr  6 2016 02:14:16
LogInit: Compiled with Visual C++: 19.00.23026.00
LogInit: Build Configuration: Development
LogInit: Branch Name: ++UE4+Release-4.11
LogInit: Command line:  /Temp/Autosaves/Game/2DSideScrollerBP/Maps/UEDPCLevel3 -game -PIEVIACONSOLE -ResX=1280 -ResY=720  -Multiprocess -messaging -SessionName="Play in Standalone Game" 
LogInit: Base directory: C:/Program Files (x86)/Epic Games/4.11/Engine/Binaries/Win64/
LogInit: Installed Engine Build: 1
LogInit: Using libcurl 7.41.0
LogInit:  - built for x86_64-pc-win32
LogInit:  - supports SSL with WinSSL
LogInit:  - other features:
LogInit:      CURL_VERSION_SSL
LogInit:      CURL_VERSION_IPV6
LogInit:      CURL_VERSION_ASYNCHDNS
LogInit:      CURL_VERSION_LARGEFILE
LogInit:      CURL_VERSION_IDN
LogInit:  CurlRequestOptions (configurable via config and command line):
LogInit:  - bVerifyPeer = true  - Libcurl will verify peer certificate
LogInit:  - bUseHttpProxy = false  - Libcurl will NOT use HTTP proxy
LogInit:  - bDontReuseConnections = false  - Libcurl will reuse connections
LogInit:  - CertBundlePath = nullptr  - Libcurl will use whatever was configured at build time.
LogInit: Presizing for max 16777216 objects, including 0 objects not considered by GC, pre-allocating 0 bytes for permanent pool.
LogInit: Object subsystem initialized
[2016.04.09-20.23.41:430][  0]LogInit: Selected Device Profile: [Windows]
[2016.04.09-20.23.41:430][  0]LogInit: Applying CVar settings loaded from the selected device profile: [Windows]
[2016.04.09-20.23.41:433][  0]LogInit: Computer: CURTIS-PC
[2016.04.09-20.23.41:433][  0]LogInit: User: Curtis
[2016.04.09-20.23.41:433][  0]LogInit: CPU Page size=65536, Cores=4
[2016.04.09-20.23.41:433][  0]LogInit: High frequency timer resolution =2.336201 MHz
[2016.04.09-20.23.41:433][  0]LogMemory: Memory total: Physical=7.9GB (8GB approx)
[2016.04.09-20.23.41:433][  0]LogMemory: Platform Memory Stats for Windows
[2016.04.09-20.23.41:433][  0]LogMemory: Process Physical Memory: 314.00 MB used, 314.00 MB peak
[2016.04.09-20.23.41:433][  0]LogMemory: Process Virtual Memory: 316.73 MB used, 316.73 MB peak
[2016.04.09-20.23.41:433][  0]LogMemory: Physical Memory: 6305.63 MB used, 8139.82 MB total
[2016.04.09-20.23.41:433][  0]LogMemory: Virtual Memory: 620.69 MB used, 8388608.00 MB total
[2016.04.09-20.23.41:463][  0]LogTextLocalizationManager: No specific translations for ('en-US') exist, so ('en') translations will be used.
[2016.04.09-20.23.41:861][  0]LogD3D11RHI: D3D11 adapters:
[2016.04.09-20.23.41:943][  0]LogD3D11RHI:    0. 'AMD Radeon HD 6870M' (Feature Level 11_0)
[2016.04.09-20.23.41:944][  0]LogD3D11RHI:       1010MB of dedicated video memory, 0MB of dedicated system memory, and 3813MB of shared system memory, 1 output[s]
[2016.04.09-20.23.41:948][  0]LogD3D11RHI:    1. 'Intel(R) HD Graphics 3000' (Feature Level 10_0)
[2016.04.09-20.23.41:948][  0]LogD3D11RHI:       64MB of dedicated video memory, 0MB of dedicated system memory, and 1632MB of shared system memory, 0 output[s]
[2016.04.09-20.23.41:948][  0]LogD3D11RHI: Chosen D3D11 Adapter: 0
[2016.04.09-20.23.41:953][  0]LogD3D11RHI: Creating new Direct3DDevice
[2016.04.09-20.23.41:953][  0]LogD3D11RHI:     Adapter Name: AMD Radeon HD 6870M
[2016.04.09-20.23.41:953][  0]LogD3D11RHI:   Driver Version: 9.3.0.0 (internal 9.3.0.0)
[2016.04.09-20.23.41:953][  0]LogD3D11RHI:      Driver Date: 10-25-2012
[2016.04.09-20.23.41:953][  0]LogRHI: Texture pool is 707 MB (70% of 1010 MB)
[2016.04.09-20.23.41:958][  0]LogD3D11RHI: Async texture creation disabled: no driver support
[2016.04.09-20.23.41:970][  0]LogShaderCompilers: Guid format shader working directory is -16 characters bigger than the processId version (../../../../../../Users/Curtis/Documents/Unreal Projects/IceBox/Intermediate/Shaders/WorkingDirectory/5856/).
[2016.04.09-20.23.41:970][  0]LogShaderCompilers: Cleaned the shader compiler working directory 'C:/Users/Curtis/AppData/Local/Temp/UnrealShaderWorkingDir/9E04DF784ADE5086A3642F9082601444/'.
[2016.04.09-20.23.41:970][  0]LogShaderCompilers:Display: Using Local Shader Compiler.
[2016.04.09-20.23.43:062][  0]LogTemp:Display: Loaded TP AllDesktopTargetPlatform
[2016.04.09-20.23.43:066][  0]LogTemp:Display: Loaded TP WindowsClientTargetPlatform
[2016.04.09-20.23.43:070][  0]LogTemp:Display: Loaded TP WindowsNoEditorTargetPlatform
[2016.04.09-20.23.43:074][  0]LogTemp:Display: Loaded TP WindowsServerTargetPlatform
[2016.04.09-20.23.43:078][  0]LogTemp:Display: Loaded TP WindowsTargetPlatform
[2016.04.09-20.23.43:081][  0]LogTemp:Display: Loaded TP AndroidTargetPlatform
[2016.04.09-20.23.43:084][  0]LogTemp:Display: Loaded TP Android_ASTCTargetPlatform
[2016.04.09-20.23.43:087][  0]LogTemp:Display: Loaded TP Android_ATCTargetPlatform
[2016.04.09-20.23.43:090][  0]LogTemp:Display: Loaded TP Android_DXTTargetPlatform
[2016.04.09-20.23.43:092][  0]LogTemp:Display: Loaded TP Android_ETC1TargetPlatform
[2016.04.09-20.23.43:095][  0]LogTemp:Display: Loaded TP Android_ETC2TargetPlatform
[2016.04.09-20.23.43:101][  0]LogTemp:Display: Loaded TP Android_MultiTargetPlatform
[2016.04.09-20.23.43:101][  0]LogTemp:Display: Loaded TP Android_PVRTCTargetPlatform
[2016.04.09-20.23.43:102][  0]LogTemp:Display: Loaded TP HTML5TargetPlatform
[2016.04.09-20.23.43:118][  0]LogTemp:Display: Loaded TP IOSTargetPlatform
[2016.04.09-20.23.43:121][  0]LogTemp:Display: Loaded TP TVOSTargetPlatform
[2016.04.09-20.23.43:124][  0]LogTemp:Display: Loaded TP LinuxNoEditorTargetPlatform
[2016.04.09-20.23.43:127][  0]LogTemp:Display: Loaded TP LinuxServerTargetPlatform
[2016.04.09-20.23.43:130][  0]LogTemp:Display: Loaded TP LinuxTargetPlatform
[2016.04.09-20.23.43:130][  0]LogTargetPlatformManager:Display: Building Assets For Windows
[2016.04.09-20.23.43:192][  0]LogDerivedDataCache:Display: Max Cache Size: 512 MB
[2016.04.09-20.23.43:248][  0]LogDerivedDataCache: Loaded boot cache 0.06s 46MB C:/Users/Curtis/AppData/Local/UnrealEngine/4.11/DerivedDataCache/Boot.ddc.
[2016.04.09-20.23.43:248][  0]LogDerivedDataCache:Display: Loaded Boot cache: C:/Users/Curtis/AppData/Local/UnrealEngine/4.11/DerivedDataCache/Boot.ddc
[2016.04.09-20.23.43:248][  0]LogDerivedDataCache: FDerivedDataBackendGraph:  Pak pak cache file ../../../../../../Users/Curtis/Documents/Unreal Projects/IceBox/DerivedDataCache/DDC.ddp not found, will not use a pak cache.
[2016.04.09-20.23.43:248][  0]LogDerivedDataCache: Unable to find inner node Pak for hierarchical cache Hierarchy.
[2016.04.09-20.23.43:249][  0]LogDerivedDataCache: FDerivedDataBackendGraph:  CompressedPak pak cache file ../../../../../../Users/Curtis/Documents/Unreal Projects/IceBox/DerivedDataCache/Compressed.ddp not found, will not use a pak cache.
[2016.04.09-20.23.43:249][  0]LogDerivedDataCache: Unable to find inner node CompressedPak for hierarchical cache Hierarchy.
[2016.04.09-20.23.43:265][  0]LogDerivedDataCache:Display: Pak cache opened for reading ../../../Engine/DerivedDataCache/Compressed.ddp.
[2016.04.09-20.23.43:276][  0]LogDerivedDataCache: Using Local data cache path C:/Users/Curtis/AppData/Local/UnrealEngine/Common/DerivedDataCache: Writable
[2016.04.09-20.23.43:474][  0]LogInit: Selected Device Profile: [Windows]
[2016.04.09-20.23.43:480][  0]LogMaterial: Uniform references updated for custom material expression Custom.
[2016.04.09-20.23.43:481][  0]LogContentStreaming: Texture pool size is 1000.00 MB
[2016.04.09-20.23.43:616][  0]LogMeshUtilities: No automatic mesh reduction module available
[2016.04.09-20.23.43:616][  0]LogMeshUtilities: No automatic mesh merging module available
[2016.04.09-20.23.43:616][  0]LogMeshUtilities: No distributed automatic mesh merging module available
[2016.04.09-20.23.43:877][  0]LogInit: WinSock: version 1.1 (2.2), MaxSocks=32767, MaxUdp=65467
[2016.04.09-20.23.43:930][  0]LogSlate: SlateFontCache - WITH_FREETYPE: 1, WITH_HARFBUZZ: 1
[2016.04.09-20.23.43:930][  0]LogSlate: SlateFontCache - WITH_FREETYPE: 1, WITH_HARFBUZZ: 1
[2016.04.09-20.23.44:056][  0]LogWindowsMoviePlayer: Unable to load movie: ../../../../../../Users/Curtis/Documents/Unreal Projects/IceBox/Content/Movies/Default_Startup.mp4
[2016.04.09-20.23.44:143][  0]LogUdpMessaging: Initializing bridge on interface 0.0.0.0:0 to multicast group 230.0.0.1:6666.
[2016.04.09-20.23.44:202][  0]SourceControl: Info Source control is disabled
[2016.04.09-20.23.44:202][  0]SourceControl: Info Source control is disabled
[2016.04.09-20.23.44:207][  0]SourceControl: Info Source control is disabled
[2016.04.09-20.23.44:284][  0]LogUObjectArray: 29142 objects as part of root set at end of initial load.
[2016.04.09-20.23.44:284][  0]LogUObjectAllocator: 6065048 out of 0 bytes used by permanent object pool.
[2016.04.09-20.23.44:284][  0]LogUObjectArray: CloseDisregardForGC: 0/0 objects in disregard for GC pool
[2016.04.09-20.23.44:338][  0]LogEngine: Initializing Engine...
[2016.04.09-20.23.44:339][  0]LogHMD: SteamVR failed to initialize.  Err: 110
[2016.04.09-20.23.44:340][  0]LogHMD: SteamVR failed to initialize.  Err: 110
[2016.04.09-20.23.44:471][  0]LogInit: XAudio2 using 'Speakers / Headphones (IDT High Definition Audio CODEC)' : 2 channels at 48 kHz using 16 bits per sample (channel mask 0x3)
[2016.04.09-20.23.44:482][  0]LogInit: FAudioDevice initialized.
[2016.04.09-20.23.44:488][  0]LogInit: Texture streaming: Enabled
[2016.04.09-20.23.44:567][  0]LogNet: Browse: /Temp/Autosaves/Game/2DSideScrollerBP/Maps/UEDPCLevel3?Name=Player
[2016.04.09-20.23.44:567][  0]LogLoad: LoadMap: /Temp/Autosaves/Game/2DSideScrollerBP/Maps/UEDPCLevel3?Name=Player
[2016.04.09-20.23.44:582][  0]LogMemory: Platform Memory Stats for Windows
[2016.04.09-20.23.44:582][  0]LogMemory: Process Physical Memory: 645.38 MB used, 647.36 MB peak
[2016.04.09-20.23.44:582][  0]LogMemory: Process Virtual Memory: 628.63 MB used, 635.32 MB peak
[2016.04.09-20.23.44:582][  0]LogMemory: Physical Memory: 6588.45 MB used, 8139.82 MB total
[2016.04.09-20.23.44:582][  0]LogMemory: Virtual Memory: 1153.26 MB used, 8388608.00 MB total
[2016.04.09-20.23.44:582][  0]LogMemory: 
[2016.04.09-20.23.44:582][  0]Allocator Stats for TBB: (not implemented)
[2016.04.09-20.23.44:899][  0]LogAIModule: Creating AISystem for world Level3
[2016.04.09-20.23.44:902][  0]LogWorld: Game class is '2DSideScrollerGameMode_C'
[2016.04.09-20.23.44:916][  0]LogWorld: Bringing World /Temp/Autosaves/Game/2DSideScrollerBP/Maps/UEDPCLevel3.Level3 up for play (max tick rate 0) at 2016.04.09-15.23.44
[2016.04.09-20.23.44:917][  0]LogWorld: Bringing up level for play took: 0.014008
[2016.04.09-20.23.44:920][  0]LogInit:Display: Game Engine Initialized.
[2016.04.09-20.23.45:137][  0]LogLoad: Full Startup: 4.31 seconds (BP compile: 0.06 seconds)
[2016.04.09-20.23.45:137][  0]LogExternalProfiler:Warning: No registered external profiler was matched with a command-line switch (or the DLL could not be loaded).  External profiling features will not be available.
[2016.04.09-20.23.45:154][  0]LogOcInput: OculusInput pre-init called
[2016.04.09-20.23.45:297][  2]LogRenderer: Reallocating scene render targets to support 1280x720 (Frame:2).
[2016.04.09-20.23.50:163][112]LogPackageName: SearchForPackageOnDisk took   0.063s to resolve Level3.umap.
[2016.04.09-20.23.50:220][113]LogPackageName: SearchForPackageOnDisk took   0.055s to resolve Level3.umap.
[2016.04.09-20.23.50:220][113]LogNet: Browse: /Game/2DSideScrollerBP/Maps/Level3
[2016.04.09-20.23.50:220][113]LogLoad: LoadMap: /Game/2DSideScrollerBP/Maps/Level3
[2016.04.09-20.23.50:253][113]LogMemory: Platform Memory Stats for Windows
[2016.04.09-20.23.50:253][113]LogMemory: Process Physical Memory: 693.23 MB used, 698.57 MB peak
[2016.04.09-20.23.50:253][113]LogMemory: Process Virtual Memory: 659.19 MB used, 663.21 MB peak
[2016.04.09-20.23.50:253][113]LogMemory: Physical Memory: 6685.51 MB used, 8139.82 MB total
[2016.04.09-20.23.50:253][113]LogMemory: Virtual Memory: 1211.94 MB used, 8388608.00 MB total
[2016.04.09-20.23.50:253][113]LogMemory: 
[2016.04.09-20.23.50:253][113]Allocator Stats for TBB: (not implemented)
[2016.04.09-20.23.50:547][113]LogAIModule: Creating AISystem for world Level3
[2016.04.09-20.23.50:550][113]LogWorld: Game class is '2DSideScrollerGameMode_C'
[2016.04.09-20.23.50:563][113]LogWorld: Bringing World /Game/2DSideScrollerBP/Maps/Level3.Level3 up for play (max tick rate 0) at 2016.04.09-15.23.50
[2016.04.09-20.23.50:564][113]LogWorld: Bringing up level for play took: 0.012747
[2016.04.09-20.24.21:073][869]LogPackageName: SearchForPackageOnDisk took   0.065s to resolve TitleScreen.umap.
[2016.04.09-20.24.21:128][869]LogPackageName: SearchForPackageOnDisk took   0.055s to resolve TitleScreen.umap.
[2016.04.09-20.24.21:128][869]LogNet: Browse: /Game/2DSideScrollerBP/Maps/TitleScreen
[2016.04.09-20.24.21:128][869]LogLoad: LoadMap: /Game/2DSideScrollerBP/Maps/TitleScreen
[2016.04.09-20.24.21:158][869]LogMemory: Platform Memory Stats for Windows
[2016.04.09-20.24.21:158][869]LogMemory: Process Physical Memory: 711.61 MB used, 711.61 MB peak
[2016.04.09-20.24.21:158][869]LogMemory: Process Virtual Memory: 681.75 MB used, 685.66 MB peak
[2016.04.09-20.24.21:158][869]LogMemory: Physical Memory: 6668.20 MB used, 8139.82 MB total
[2016.04.09-20.24.21:158][869]LogMemory: Virtual Memory: 1228.84 MB used, 8388608.00 MB total
[2016.04.09-20.24.21:158][869]LogMemory: 
[2016.04.09-20.24.21:158][869]Allocator Stats for TBB: (not implemented)
[2016.04.09-20.24.21:438][869]LogAIModule: Creating AISystem for world TitleScreen
[2016.04.09-20.24.21:438][869]LogWorld: Game class is '2DSideScrollerGameMode_C'
[2016.04.09-20.24.21:439][869]LogWorld: Bringing World /Game/2DSideScrollerBP/Maps/TitleScreen.TitleScreen up for play (max tick rate 0) at 2016.04.09-15.24.21
[2016.04.09-20.24.21:439][869]LogWorld: Bringing up level for play took: 0.000581
[2016.04.09-20.24.21:440][869]LogGameMode: Warning - PATHS NOT DEFINED or NO PLAYERSTART with positive rating
[2016.04.09-20.24.24:192][950]Closing by request
[2016.04.09-20.24.24:192][950]LogWindows: FPlatformMisc::RequestExit(0)
[2016.04.09-20.24.24:372][951]LogExit: Preparing to exit.
[2016.04.09-20.24.25:268][951]LogExit: Game engine shut down
[2016.04.09-20.24.25:368][951]LogObj: Freed 0b from 0 cluster array pools.
[2016.04.09-20.24.25:368][951]LogExit: Object subsystem successfully closed.
[2016.04.09-20.24.25:377][951]LogD3D11RHI: Shutdown
[2016.04.09-20.24.25:377][951]LogD3D11RHI: CleanupD3DDevice
[2016.04.09-20.24.25:902][951]LogD3D11RHI: ~FD3D11DynamicRHI
[2016.04.09-20.24.26:269][951]LogDerivedDataCache: Shutdown
[2016.04.09-20.24.26:269][951]LogModuleManager: Shutting down and abandoning module AndroidDeviceDetection (123)
[2016.04.09-20.24.27:183][951]LogModuleManager: Shutting down and abandoning module AutomationController (122)
[2016.04.09-20.24.27:183][951]LogModuleManager: Shutting down and abandoning module AutomationWorker (121)
[2016.04.09-20.24.27:183][951]LogModuleManager: Shutting down and abandoning module CharacterAI (120)
[2016.04.09-20.24.27:183][951]LogModuleManager: Shutting down and abandoning module AITestSuite (119)
[2016.04.09-20.24.27:183][951]LogModuleManager: Shutting down and abandoning module GameplayDebugger (118)
[2016.04.09-20.24.27:183][951]LogModuleManager: Shutting down and abandoning module AIModule (117)
[2016.04.09-20.24.27:183][951]LogModuleManager: Shutting down and abandoning module MovieSceneCapture (116)
[2016.04.09-20.24.27:183][951]LogModuleManager: Shutting down and abandoning module StreamingPauseRendering (115)
[2016.04.09-20.24.27:183][951]LogModuleManager: Shutting down and abandoning module PortalServices (114)
[2016.04.09-20.24.27:183][951]LogModuleManager: Shutting down and abandoning module PortalRpc (113)
[2016.04.09-20.24.27:183][951]LogModuleManager: Shutting down and abandoning module MessagingRpc (112)
[2016.04.09-20.24.27:183][951]LogModuleManager: Shutting down and abandoning module ProfilerService (111)
[2016.04.09-20.24.27:294][951]LogModuleManager: Shutting down and abandoning module TaskGraph (110)
[2016.04.09-20.24.27:294][951]LogModuleManager: Shutting down and abandoning module SlateRemote (109)
[2016.04.09-20.24.27:295][951]LogModuleManager: Shutting down and abandoning module SteamVRController (108)
[2016.04.09-20.24.27:295][951]LogModuleManager: Shutting down and abandoning module SteamVR (107)
[2016.04.09-20.24.27:295][951]LogModuleManager: Shutting down and abandoning module ProceduralMeshComponent (106)
[2016.04.09-20.24.27:295][951]LogModuleManager: Shutting down and abandoning module OculusLibrary (105)
[2016.04.09-20.24.27:295][951]LogModuleManager: Shutting down and abandoning module OculusInput (104)
[2016.04.09-20.24.27:295][951]LogModuleManager: Shutting down and abandoning module CustomMeshComponent (103)
[2016.04.09-20.24.27:295][951]LogModuleManager: Shutting down and abandoning module CableComponent (102)
[2016.04.09-20.24.27:295][951]LogModuleManager: Shutting down and abandoning module ArchVisCharacter (101)
[2016.04.09-20.24.27:295][951]LogModuleManager: Shutting down and abandoning module HTML5Networking (100)
[2016.04.09-20.24.27:295][951]LogModuleManager: Shutting down and abandoning module DesktopPlatform (99)
[2016.04.09-20.24.27:295][951]LogModuleManager: Shutting down and abandoning module DirectoryWatcher (98)
[2016.04.09-20.24.27:295][951]LogModuleManager: Shutting down and abandoning module HotReload (97)
[2016.04.09-20.24.27:295][951]LogModuleManager: Shutting down and abandoning module VisualStudioSourceCodeAccess (96)
[2016.04.09-20.24.27:295][951]LogModuleManager: Shutting down and abandoning module UObjectPlugin (95)
[2016.04.09-20.24.27:295][951]LogModuleManager: Shutting down and abandoning module SubversionSourceControl (94)
[2016.04.09-20.24.27:295][951]LogModuleManager: Shutting down and abandoning module SourceControl (93)
[2016.04.09-20.24.27:295][951]LogModuleManager: Shutting down and abandoning module PerforceSourceControl (92)
[2016.04.09-20.24.27:295][951]LogModuleManager: Shutting down and abandoning module UdpMessaging (91)
[2016.04.09-20.24.27:395][951]LogModuleManager: Shutting down and abandoning module LightPropagationVolumeRuntime (90)
[2016.04.09-20.24.27:395][951]LogModuleManager: Shutting down and abandoning module Paper2D (89)
[2016.04.09-20.24.27:395][951]LogModuleManager: Shutting down and abandoning module WindowsMoviePlayer (88)
[2016.04.09-20.24.27:395][951]LogModuleManager: Shutting down and abandoning module Media (87)
[2016.04.09-20.24.27:395][951]LogModuleManager: Shutting down and abandoning module WmfMedia (86)
[2016.04.09-20.24.27:395][951]LogModuleManager: Shutting down and abandoning module GameLiveStreaming (85)
[2016.04.09-20.24.27:395][951]LogModuleManager: Shutting down and abandoning module GameplayTagsEditor (84)
[2016.04.09-20.24.27:395][951]LogModuleManager: Shutting down and abandoning module OnlineBlueprintSupport (83)
[2016.04.09-20.24.27:395][951]LogModuleManager: Shutting down and abandoning module GameplayTasksEditor (82)
[2016.04.09-20.24.27:395][951]LogModuleManager: Shutting down and abandoning module PropertyEditor (81)
[2016.04.09-20.24.27:395][951]LogModuleManager: Shutting down and abandoning module BehaviorTreeEditor (80)
[2016.04.09-20.24.27:395][951]LogModuleManager: Shutting down and abandoning module FunctionalTesting (79)
[2016.04.09-20.24.27:395][951]LogModuleManager: Shutting down and abandoning module CollisionAnalyzer (78)
[2016.04.09-20.24.27:395][951]LogModuleManager: Shutting down and abandoning module WorkspaceMenuStructure (77)
[2016.04.09-20.24.27:395][951]LogModuleManager: Shutting down and abandoning module MessageLog (76)
[2016.04.09-20.24.27:395][951]LogModuleManager: Shutting down and abandoning module Sequencer (75)
[2016.04.09-20.24.27:395][951]LogModuleManager: Shutting down and abandoning module AssetTools (74)
[2016.04.09-20.24.27:395][951]LogModuleManager: Shutting down and abandoning module UMGEditor (73)
[2016.04.09-20.24.27:396][951]LogModuleManager: Shutting down and abandoning module UMG (72)
[2016.04.09-20.24.27:396][951]LogModuleManager: Shutting down and abandoning module SlateReflector (71)
[2016.04.09-20.24.27:396][951]LogModuleManager: Shutting down and abandoning module Slate (70)
[2016.04.09-20.24.27:396][951]LogModuleManager: Shutting down and abandoning module EditorStyle (69)
[2016.04.09-20.24.27:397][951]LogModuleManager: Shutting down and abandoning module SessionServices (68)
[2016.04.09-20.24.27:397][951]LogModuleManager: Shutting down and abandoning module SourceCodeAccess (67)
[2016.04.09-20.24.27:397][951]LogModuleManager: Shutting down and abandoning module HeadMountedDisplay (66)
[2016.04.09-20.24.27:397][951]LogModuleManager: Shutting down and abandoning module XAudio2 (65)
[2016.04.09-20.24.27:397][951]LogModuleManager: Shutting down and abandoning module Networking (63)
[2016.04.09-20.24.27:397][951]LogModuleManager: Shutting down and abandoning module Core (62)
[2016.04.09-20.24.27:397][951]LogModuleManager: Shutting down and abandoning module KismetCompiler (61)
[2016.04.09-20.24.27:397][951]LogModuleManager: Shutting down and abandoning module PhysXFormats (60)
[2016.04.09-20.24.27:397][951]LogModuleManager: Shutting down and abandoning module MeshUtilities (59)
[2016.04.09-20.24.27:397][951]LogModuleManager: Shutting down and abandoning module CookingStats (58)
[2016.04.09-20.24.27:397][951]LogModuleManager: Shutting down and abandoning module DerivedDataCache (57)
[2016.04.09-20.24.27:397][951]LogDerivedDataCache: Shutdown
[2016.04.09-20.24.27:397][951]LogModuleManager: Shutting down and abandoning module ShaderFormatOpenGL (56)
[2016.04.09-20.24.27:397][951]LogModuleManager: Shutting down and abandoning module ShaderFormatD3D (55)
[2016.04.09-20.24.27:397][951]LogModuleManager: Shutting down and abandoning module MetalShaderFormat (54)
[2016.04.09-20.24.27:397][951]LogModuleManager: Shutting down and abandoning module TextureFormatUncompressed (53)
[2016.04.09-20.24.27:397][951]LogModuleManager: Shutting down and abandoning module TextureFormatPVR (52)
[2016.04.09-20.24.27:397][951]LogModuleManager: Shutting down and abandoning module TextureFormatIntelISPCTexComp (51)
[2016.04.09-20.24.27:397][951]LogModuleManager: Shutting down and abandoning module TextureFormatDXT (50)
[2016.04.09-20.24.27:397][951]LogModuleManager: Shutting down and abandoning module ImageWrapper (49)
[2016.04.09-20.24.27:397][951]LogModuleManager: Shutting down and abandoning module TextureFormatASTC (48)
[2016.04.09-20.24.27:397][951]LogModuleManager: Shutting down and abandoning module TextureFormatAndroid (47)
[2016.04.09-20.24.27:397][951]LogModuleManager: Shutting down and abandoning module AudioFormatOpus (46)
[2016.04.09-20.24.27:397][951]LogModuleManager: Shutting down and abandoning module AudioFormatOgg (45)
[2016.04.09-20.24.27:397][951]LogModuleManager: Shutting down and abandoning module AudioFormatADPCM (44)
[2016.04.09-20.24.27:397][951]LogModuleManager: Shutting down and abandoning module LinuxTargetPlatform (43)
[2016.04.09-20.24.27:397][951]LogModuleManager: Shutting down and abandoning module LinuxServerTargetPlatform (42)
[2016.04.09-20.24.27:397][951]LogModuleManager: Shutting down and abandoning module LinuxNoEditorTargetPlatform (41)
[2016.04.09-20.24.27:397][951]LogModuleManager: Shutting down and abandoning module TVOSTargetPlatform (40)
[2016.04.09-20.24.27:397][951]LogModuleManager: Shutting down and abandoning module Messaging (39)
[2016.04.09-20.24.27:397][951]LogModuleManager: Shutting down and abandoning module IOSTargetPlatform (38)
[2016.04.09-20.24.27:398][951]LogModuleManager: Shutting down and abandoning module HTML5TargetPlatform (37)
[2016.04.09-20.24.27:398][951]LogModuleManager: Shutting down and abandoning module Android_PVRTCTargetPlatform (36)
[2016.04.09-20.24.27:398][951]LogModuleManager: Shutting down and abandoning module Android_MultiTargetPlatform (35)
[2016.04.09-20.24.27:398][951]LogModuleManager: Shutting down and abandoning module Android_ETC2TargetPlatform (34)
[2016.04.09-20.24.27:398][951]LogModuleManager: Shutting down and abandoning module Android_ETC1TargetPlatform (33)
[2016.04.09-20.24.27:398][951]LogModuleManager: Shutting down and abandoning module Android_DXTTargetPlatform (32)
[2016.04.09-20.24.27:398][951]LogModuleManager: Shutting down and abandoning module Android_ATCTargetPlatform (31)
[2016.04.09-20.24.27:398][951]LogModuleManager: Shutting down and abandoning module Android_ASTCTargetPlatform (30)
[2016.04.09-20.24.27:398][951]LogModuleManager: Shutting down and abandoning module AndroidTargetPlatform (29)
[2016.04.09-20.24.27:398][951]LogModuleManager: Shutting down and abandoning module WindowsTargetPlatform (28)
[2016.04.09-20.24.27:398][951]LogModuleManager: Shutting down and abandoning module WindowsServerTargetPlatform (27)
[2016.04.09-20.24.27:398][951]LogModuleManager: Shutting down and abandoning module WindowsNoEditorTargetPlatform (26)
[2016.04.09-20.24.27:398][951]LogModuleManager: Shutting down and abandoning module WindowsClientTargetPlatform (25)
[2016.04.09-20.24.27:398][951]LogModuleManager: Shutting down and abandoning module AllDesktopTargetPlatform (24)
[2016.04.09-20.24.27:398][951]LogModuleManager: Shutting down and abandoning module TargetPlatform (23)
[2016.04.09-20.24.27:398][951]LogModuleManager: Shutting down and abandoning module InputCore (22)
[2016.04.09-20.24.27:398][951]LogModuleManager: Shutting down and abandoning module Settings (21)
[2016.04.09-20.24.27:398][951]LogModuleManager: Shutting down and abandoning module OnlineSubsystem (19)
[2016.04.09-20.24.27:398][951]LogModuleManager: Shutting down and abandoning module HTTP (18)
[2016.04.09-20.24.27:398][951]LogModuleManager: Shutting down and abandoning module XMPP (17)
[2016.04.09-20.24.27:398][951]LogModuleManager: Shutting down and abandoning module OculusRift (16)
[2016.04.09-20.24.27:398][951]LogModuleManager: Shutting down and abandoning module ExampleDeviceProfileSelector (15)
[2016.04.09-20.24.27:398][951]LogModuleManager: Shutting down and abandoning module TextureCompressor (14)
[2016.04.09-20.24.27:398][951]LogModuleManager: Shutting down and abandoning module ShaderCore (13)
[2016.04.09-20.24.27:398][951]LogModuleManager: Shutting down and abandoning module Landscape (12)
[2016.04.09-20.24.27:398][951]LogModuleManager: Shutting down and abandoning module SlateRHIRenderer (11)
[2016.04.09-20.24.27:398][951]LogModuleManager: Shutting down and abandoning module OpenGLDrv (10)
[2016.04.09-20.24.27:398][951]LogModuleManager: Shutting down and abandoning module D3D11RHI (9)
[2016.04.09-20.24.27:398][951]LogModuleManager: Shutting down and abandoning module AnimGraphRuntime (8)
[2016.04.09-20.24.27:398][951]LogModuleManager: Shutting down and abandoning module Renderer (7)
[2016.04.09-20.24.27:398][951]LogModuleManager: Shutting down and abandoning module Engine (6)
[2016.04.09-20.24.27:398][951]LogModuleManager: Shutting down and abandoning module CoreUObject (5)
[2016.04.09-20.24.27:398][951]LogModuleManager: Shutting down and abandoning module NetworkFile (4)
[2016.04.09-20.24.27:398][951]LogModuleManager: Shutting down and abandoning module StreamingFile (3)
[2016.04.09-20.24.27:398][951]LogModuleManager: Shutting down and abandoning module SandboxFile (2)
[2016.04.09-20.24.27:398][951]LogModuleManager: Shutting down and abandoning module PakFile (1)
[2016.04.09-20.24.27:399][951]LogExit: Exiting.
[2016.04.09-20.24.27:400][951]Log file closed, 04/09/16 15:24:27
