Log file open, 04/09/16 12:21:59
LogInit:Display: Running engine for game: MyProject
LogPlatformFile: Not using cached read wrapper
LogInit:Display: RandInit(-1183041813) SRandInit(-1183041812).
LogTaskGraph: Started task graph with 4 named threads and 7 total threads.
LogStats: Stats thread started at 0.066880
LogInit: Version: 4.11.1-2934540+++UE4+Release-4.11
LogInit: API Version: 2927265
LogInit: Compiled (64-bit): Apr  6 2016 02:14:16
LogInit: Compiled with Visual C++: 19.00.23026.00
LogInit: Build Configuration: Development
LogInit: Branch Name: ++UE4+Release-4.11
LogInit: Command line:  /Temp/Autosaves/Game/2DSideScrollerBP/Maps/UEDPCLevel2 -game -PIEVIACONSOLE -ResX=1280 -ResY=720  -Multiprocess -messaging -SessionName="Play in Standalone Game" 
LogInit: Base directory: C:/Program Files (x86)/Epic Games/4.11/Engine/Binaries/Win64/
LogInit: Installed Engine Build: 1
LogInit: Using libcurl 7.41.0
LogInit:  - built for x86_64-pc-win32
LogInit:  - supports SSL with WinSSL
LogInit:  - other features:
LogInit:      CURL_VERSION_SSL
LogInit:      CURL_VERSION_IPV6
LogInit:      CURL_VERSION_ASYNCHDNS
LogInit:      CURL_VERSION_LARGEFILE
LogInit:      CURL_VERSION_IDN
LogInit:  CurlRequestOptions (configurable via config and command line):
LogInit:  - bVerifyPeer = true  - Libcurl will verify peer certificate
LogInit:  - bUseHttpProxy = false  - Libcurl will NOT use HTTP proxy
LogInit:  - bDontReuseConnections = false  - Libcurl will reuse connections
LogInit:  - CertBundlePath = nullptr  - Libcurl will use whatever was configured at build time.
LogInit: Presizing for max 16777216 objects, including 0 objects not considered by GC, pre-allocating 0 bytes for permanent pool.
LogInit: Object subsystem initialized
[2016.04.09-17.21.59:864][  0]LogInit: Selected Device Profile: [Windows]
[2016.04.09-17.21.59:864][  0]LogInit: Applying CVar settings loaded from the selected device profile: [Windows]
[2016.04.09-17.21.59:867][  0]LogInit: Computer: CURTIS-PC
[2016.04.09-17.21.59:867][  0]LogInit: User: Curtis
[2016.04.09-17.21.59:867][  0]LogInit: CPU Page size=65536, Cores=4
[2016.04.09-17.21.59:867][  0]LogInit: High frequency timer resolution =2.336201 MHz
[2016.04.09-17.21.59:867][  0]LogMemory: Memory total: Physical=7.9GB (8GB approx)
[2016.04.09-17.21.59:867][  0]LogMemory: Platform Memory Stats for Windows
[2016.04.09-17.21.59:867][  0]LogMemory: Process Physical Memory: 314.11 MB used, 314.11 MB peak
[2016.04.09-17.21.59:867][  0]LogMemory: Process Virtual Memory: 316.72 MB used, 316.72 MB peak
[2016.04.09-17.21.59:867][  0]LogMemory: Physical Memory: 5112.02 MB used, 8139.82 MB total
[2016.04.09-17.21.59:867][  0]LogMemory: Virtual Memory: 620.69 MB used, 8388608.00 MB total
[2016.04.09-17.21.59:897][  0]LogTextLocalizationManager: No specific translations for ('en-US') exist, so ('en') translations will be used.
[2016.04.09-17.22.00:290][  0]LogD3D11RHI: D3D11 adapters:
[2016.04.09-17.22.00:333][  0]LogD3D11RHI:    0. 'AMD Radeon HD 6870M' (Feature Level 11_0)
[2016.04.09-17.22.00:333][  0]LogD3D11RHI:       1010MB of dedicated video memory, 0MB of dedicated system memory, and 3813MB of shared system memory, 1 output[s]
[2016.04.09-17.22.00:337][  0]LogD3D11RHI:    1. 'Intel(R) HD Graphics 3000' (Feature Level 10_0)
[2016.04.09-17.22.00:337][  0]LogD3D11RHI:       64MB of dedicated video memory, 0MB of dedicated system memory, and 1632MB of shared system memory, 0 output[s]
[2016.04.09-17.22.00:337][  0]LogD3D11RHI: Chosen D3D11 Adapter: 0
[2016.04.09-17.22.00:342][  0]LogD3D11RHI: Creating new Direct3DDevice
[2016.04.09-17.22.00:342][  0]LogD3D11RHI:     Adapter Name: AMD Radeon HD 6870M
[2016.04.09-17.22.00:342][  0]LogD3D11RHI:   Driver Version: 9.3.0.0 (internal 9.3.0.0)
[2016.04.09-17.22.00:342][  0]LogD3D11RHI:      Driver Date: 10-25-2012
[2016.04.09-17.22.00:342][  0]LogRHI: Texture pool is 707 MB (70% of 1010 MB)
[2016.04.09-17.22.00:348][  0]LogD3D11RHI: Async texture creation disabled: no driver support
[2016.04.09-17.22.00:359][  0]LogShaderCompilers: Guid format shader working directory is -16 characters bigger than the processId version (../../../../../../Users/Curtis/Documents/Unreal Projects/IceBox/Intermediate/Shaders/WorkingDirectory/7156/).
[2016.04.09-17.22.00:359][  0]LogShaderCompilers: Cleaned the shader compiler working directory 'C:/Users/Curtis/AppData/Local/Temp/UnrealShaderWorkingDir/FD7836204879D36C6DE18D860ECAF53B/'.
[2016.04.09-17.22.00:359][  0]LogShaderCompilers:Display: Using Local Shader Compiler.
[2016.04.09-17.22.01:359][  0]LogTemp:Display: Loaded TP AllDesktopTargetPlatform
[2016.04.09-17.22.01:363][  0]LogTemp:Display: Loaded TP WindowsClientTargetPlatform
[2016.04.09-17.22.01:367][  0]LogTemp:Display: Loaded TP WindowsNoEditorTargetPlatform
[2016.04.09-17.22.01:371][  0]LogTemp:Display: Loaded TP WindowsServerTargetPlatform
[2016.04.09-17.22.01:374][  0]LogTemp:Display: Loaded TP WindowsTargetPlatform
[2016.04.09-17.22.01:377][  0]LogTemp:Display: Loaded TP AndroidTargetPlatform
[2016.04.09-17.22.01:380][  0]LogTemp:Display: Loaded TP Android_ASTCTargetPlatform
[2016.04.09-17.22.01:383][  0]LogTemp:Display: Loaded TP Android_ATCTargetPlatform
[2016.04.09-17.22.01:386][  0]LogTemp:Display: Loaded TP Android_DXTTargetPlatform
[2016.04.09-17.22.01:389][  0]LogTemp:Display: Loaded TP Android_ETC1TargetPlatform
[2016.04.09-17.22.01:391][  0]LogTemp:Display: Loaded TP Android_ETC2TargetPlatform
[2016.04.09-17.22.01:397][  0]LogTemp:Display: Loaded TP Android_MultiTargetPlatform
[2016.04.09-17.22.01:397][  0]LogTemp:Display: Loaded TP Android_PVRTCTargetPlatform
[2016.04.09-17.22.01:398][  0]LogTemp:Display: Loaded TP HTML5TargetPlatform
[2016.04.09-17.22.01:413][  0]LogTemp:Display: Loaded TP IOSTargetPlatform
[2016.04.09-17.22.01:416][  0]LogTemp:Display: Loaded TP TVOSTargetPlatform
[2016.04.09-17.22.01:418][  0]LogTemp:Display: Loaded TP LinuxNoEditorTargetPlatform
[2016.04.09-17.22.01:421][  0]LogTemp:Display: Loaded TP LinuxServerTargetPlatform
[2016.04.09-17.22.01:424][  0]LogTemp:Display: Loaded TP LinuxTargetPlatform
[2016.04.09-17.22.01:424][  0]LogTargetPlatformManager:Display: Building Assets For Windows
[2016.04.09-17.22.01:482][  0]LogDerivedDataCache:Display: Max Cache Size: 512 MB
[2016.04.09-17.22.01:531][  0]LogDerivedDataCache: Loaded boot cache 0.05s 46MB C:/Users/Curtis/AppData/Local/UnrealEngine/4.11/DerivedDataCache/Boot.ddc.
[2016.04.09-17.22.01:531][  0]LogDerivedDataCache:Display: Loaded Boot cache: C:/Users/Curtis/AppData/Local/UnrealEngine/4.11/DerivedDataCache/Boot.ddc
[2016.04.09-17.22.01:532][  0]LogDerivedDataCache: FDerivedDataBackendGraph:  Pak pak cache file ../../../../../../Users/Curtis/Documents/Unreal Projects/IceBox/DerivedDataCache/DDC.ddp not found, will not use a pak cache.
[2016.04.09-17.22.01:532][  0]LogDerivedDataCache: Unable to find inner node Pak for hierarchical cache Hierarchy.
[2016.04.09-17.22.01:532][  0]LogDerivedDataCache: FDerivedDataBackendGraph:  CompressedPak pak cache file ../../../../../../Users/Curtis/Documents/Unreal Projects/IceBox/DerivedDataCache/Compressed.ddp not found, will not use a pak cache.
[2016.04.09-17.22.01:532][  0]LogDerivedDataCache: Unable to find inner node CompressedPak for hierarchical cache Hierarchy.
[2016.04.09-17.22.01:548][  0]LogDerivedDataCache:Display: Pak cache opened for reading ../../../Engine/DerivedDataCache/Compressed.ddp.
[2016.04.09-17.22.01:559][  0]LogDerivedDataCache: Using Local data cache path C:/Users/Curtis/AppData/Local/UnrealEngine/Common/DerivedDataCache: Writable
[2016.04.09-17.22.01:748][  0]LogInit: Selected Device Profile: [Windows]
[2016.04.09-17.22.01:752][  0]LogMaterial: Uniform references updated for custom material expression Custom.
[2016.04.09-17.22.01:754][  0]LogContentStreaming: Texture pool size is 1000.00 MB
[2016.04.09-17.22.01:886][  0]LogMeshUtilities: No automatic mesh reduction module available
[2016.04.09-17.22.01:886][  0]LogMeshUtilities: No automatic mesh merging module available
[2016.04.09-17.22.01:886][  0]LogMeshUtilities: No distributed automatic mesh merging module available
[2016.04.09-17.22.02:107][  0]LogInit: WinSock: version 1.1 (2.2), MaxSocks=32767, MaxUdp=65467
[2016.04.09-17.22.02:159][  0]LogSlate: SlateFontCache - WITH_FREETYPE: 1, WITH_HARFBUZZ: 1
[2016.04.09-17.22.02:159][  0]LogSlate: SlateFontCache - WITH_FREETYPE: 1, WITH_HARFBUZZ: 1
[2016.04.09-17.22.02:263][  0]LogWindowsMoviePlayer: Unable to load movie: ../../../../../../Users/Curtis/Documents/Unreal Projects/IceBox/Content/Movies/Default_Startup.mp4
[2016.04.09-17.22.02:331][  0]LogUdpMessaging: Initializing bridge on interface 0.0.0.0:0 to multicast group 230.0.0.1:6666.
[2016.04.09-17.22.02:412][  0]SourceControl: Info Source control is disabled
[2016.04.09-17.22.02:412][  0]SourceControl: Info Source control is disabled
[2016.04.09-17.22.02:421][  0]SourceControl: Info Source control is disabled
[2016.04.09-17.22.02:507][  0]LogUObjectArray: 29142 objects as part of root set at end of initial load.
[2016.04.09-17.22.02:507][  0]LogUObjectAllocator: 6065048 out of 0 bytes used by permanent object pool.
[2016.04.09-17.22.02:507][  0]LogUObjectArray: CloseDisregardForGC: 0/0 objects in disregard for GC pool
[2016.04.09-17.22.02:561][  0]LogEngine: Initializing Engine...
[2016.04.09-17.22.02:562][  0]LogHMD: SteamVR failed to initialize.  Err: 110
[2016.04.09-17.22.02:562][  0]LogHMD: SteamVR failed to initialize.  Err: 110
[2016.04.09-17.22.02:692][  0]LogInit: XAudio2 using 'Speakers / Headphones (IDT High Definition Audio CODEC)' : 2 channels at 48 kHz using 16 bits per sample (channel mask 0x3)
[2016.04.09-17.22.02:701][  0]LogInit: FAudioDevice initialized.
[2016.04.09-17.22.02:707][  0]LogInit: Texture streaming: Enabled
[2016.04.09-17.22.02:782][  0]LogNet: Browse: /Temp/Autosaves/Game/2DSideScrollerBP/Maps/UEDPCLevel2?Name=Player
[2016.04.09-17.22.02:783][  0]LogLoad: LoadMap: /Temp/Autosaves/Game/2DSideScrollerBP/Maps/UEDPCLevel2?Name=Player
[2016.04.09-17.22.02:797][  0]LogMemory: Platform Memory Stats for Windows
[2016.04.09-17.22.02:797][  0]LogMemory: Process Physical Memory: 643.61 MB used, 645.62 MB peak
[2016.04.09-17.22.02:797][  0]LogMemory: Process Virtual Memory: 625.95 MB used, 632.88 MB peak
[2016.04.09-17.22.02:797][  0]LogMemory: Physical Memory: 5386.72 MB used, 8139.82 MB total
[2016.04.09-17.22.02:797][  0]LogMemory: Virtual Memory: 1150.32 MB used, 8388608.00 MB total
[2016.04.09-17.22.02:797][  0]LogMemory: 
[2016.04.09-17.22.02:797][  0]Allocator Stats for TBB: (not implemented)
[2016.04.09-17.22.02:843][  0]LogAIModule: Creating AISystem for world Level2
[2016.04.09-17.22.03:068][  0]LogWorld: Game class is '2DSideScrollerGameMode_C'
[2016.04.09-17.22.03:080][  0]LogWorld: Bringing World /Temp/Autosaves/Game/2DSideScrollerBP/Maps/UEDPCLevel2.Level2 up for play (max tick rate 0) at 2016.04.09-12.22.03
[2016.04.09-17.22.03:081][  0]LogWorld: Bringing up level for play took: 0.012345
[2016.04.09-17.22.03:085][  0]LogInit:Display: Game Engine Initialized.
[2016.04.09-17.22.03:305][  0]LogLoad: Full Startup: 4.00 seconds (BP compile: 0.04 seconds)
[2016.04.09-17.22.03:305][  0]LogExternalProfiler:Warning: No registered external profiler was matched with a command-line switch (or the DLL could not be loaded).  External profiling features will not be available.
[2016.04.09-17.22.03:323][  0]LogOcInput: OculusInput pre-init called
[2016.04.09-17.22.03:463][  2]LogRenderer: Reallocating scene render targets to support 1280x720 (Frame:2).
[2016.04.09-17.22.04:202][ 30]LogPackageName: SearchForPackageOnDisk took   0.059s to resolve Level2.umap.
[2016.04.09-17.22.04:257][ 31]LogPackageName: SearchForPackageOnDisk took   0.053s to resolve Level2.umap.
[2016.04.09-17.22.04:257][ 31]LogNet: Browse: /Game/2DSideScrollerBP/Maps/Level2
[2016.04.09-17.22.04:257][ 31]LogLoad: LoadMap: /Game/2DSideScrollerBP/Maps/Level2
[2016.04.09-17.22.04:285][ 31]LogMemory: Platform Memory Stats for Windows
[2016.04.09-17.22.04:285][ 31]LogMemory: Process Physical Memory: 677.75 MB used, 689.07 MB peak
[2016.04.09-17.22.04:285][ 31]LogMemory: Process Virtual Memory: 651.42 MB used, 666.13 MB peak
[2016.04.09-17.22.04:285][ 31]LogMemory: Physical Memory: 5410.21 MB used, 8139.82 MB total
[2016.04.09-17.22.04:285][ 31]LogMemory: Virtual Memory: 1200.04 MB used, 8388608.00 MB total
[2016.04.09-17.22.04:285][ 31]LogMemory: 
[2016.04.09-17.22.04:285][ 31]Allocator Stats for TBB: (not implemented)
[2016.04.09-17.22.04:287][ 31]LogLinker:Warning: Can't find file '/Game/AddOns/2DSideScrollerCharacter'
[2016.04.09-17.22.04:287][ 31]LogUObjectGlobals:Warning: Failed to load '/Game/AddOns/2DSideScrollerCharacter': Can't find file '/Game/AddOns/2DSideScrollerCharacter'
[2016.04.09-17.22.04:287][ 31]LogLinker:Warning: Can't find file for asset '/Game/AddOns/2DSideScrollerCharacter' while loading NULL.
[2016.04.09-17.22.04:287][ 31]LogUObjectGlobals:Warning: Failed to load '/Game/AddOns/2DSideScrollerCharacter': Can't find file for asset '/Game/AddOns/2DSideScrollerCharacter' while loading NULL.
[2016.04.09-17.22.04:287][ 31]LogLinker:Warning: Can't find file '/Game/AddOns/2DSideScrollerCharacter'
[2016.04.09-17.22.04:287][ 31]LogUObjectGlobals:Warning: Failed to load '/Game/AddOns/2DSideScrollerCharacter': Can't find file '/Game/AddOns/2DSideScrollerCharacter'
[2016.04.09-17.22.04:287][ 31]LogLinker:Warning: Can't find file for asset '/Game/AddOns/2DSideScrollerCharacter' while loading NULL.
[2016.04.09-17.22.04:287][ 31]LogUObjectGlobals:Warning: Failed to load '/Game/AddOns/2DSideScrollerCharacter': Can't find file for asset '/Game/AddOns/2DSideScrollerCharacter' while loading NULL.
[2016.04.09-17.22.04:287][ 31]LogLinker:Warning: Can't find file '/Game/AddOns/2DSideScrollerCharacter'
[2016.04.09-17.22.04:287][ 31]LogUObjectGlobals:Warning: Failed to load '/Game/AddOns/2DSideScrollerCharacter': Can't find file '/Game/AddOns/2DSideScrollerCharacter'
[2016.04.09-17.22.04:287][ 31]LogLinker:Warning: Can't find file for asset '/Game/AddOns/2DSideScrollerCharacter' while loading NULL.
[2016.04.09-17.22.04:287][ 31]LogUObjectGlobals:Warning: Failed to load '/Game/AddOns/2DSideScrollerCharacter': Can't find file for asset '/Game/AddOns/2DSideScrollerCharacter' while loading NULL.
[2016.04.09-17.22.04:288][ 31]LogLinker:Warning: Can't find file '/Game/AddOns/2DSideScrollerCharacter'
[2016.04.09-17.22.04:288][ 31]LogUObjectGlobals:Warning: Failed to load '/Game/AddOns/2DSideScrollerCharacter': Can't find file '/Game/AddOns/2DSideScrollerCharacter'
[2016.04.09-17.22.04:288][ 31]LogLinker:Warning: Can't find file for asset '/Game/AddOns/2DSideScrollerCharacter' while loading NULL.
[2016.04.09-17.22.04:288][ 31]LogUObjectGlobals:Warning: Failed to load '/Game/AddOns/2DSideScrollerCharacter': Can't find file for asset '/Game/AddOns/2DSideScrollerCharacter' while loading NULL.
[2016.04.09-17.22.04:288][ 31]LogLinker:Warning: Can't find file '/Game/AddOns/2DSideScrollerCharacter'
[2016.04.09-17.22.04:288][ 31]LogUObjectGlobals:Warning: Failed to load '/Game/AddOns/2DSideScrollerCharacter': Can't find file '/Game/AddOns/2DSideScrollerCharacter'
[2016.04.09-17.22.04:288][ 31]LogLinker:Warning: Can't find file for asset '/Game/AddOns/2DSideScrollerCharacter' while loading NULL.
[2016.04.09-17.22.04:288][ 31]LogUObjectGlobals:Warning: Failed to load '/Game/AddOns/2DSideScrollerCharacter': Can't find file for asset '/Game/AddOns/2DSideScrollerCharacter' while loading NULL.
[2016.04.09-17.22.04:288][ 31]LogLinker:Warning: Can't find file '/Game/AddOns/2DSideScrollerCharacter'
[2016.04.09-17.22.04:288][ 31]LogUObjectGlobals:Warning: Failed to load '/Game/AddOns/2DSideScrollerCharacter': Can't find file '/Game/AddOns/2DSideScrollerCharacter'
[2016.04.09-17.22.04:288][ 31]LogLinker:Warning: Can't find file for asset '/Game/AddOns/2DSideScrollerCharacter' while loading NULL.
[2016.04.09-17.22.04:288][ 31]LogUObjectGlobals:Warning: Failed to load '/Game/AddOns/2DSideScrollerCharacter': Can't find file for asset '/Game/AddOns/2DSideScrollerCharacter' while loading NULL.
[2016.04.09-17.22.04:288][ 31]LogLinker:Warning: Can't find file '/Game/AddOns/2DSideScrollerCharacter'
[2016.04.09-17.22.04:288][ 31]LogUObjectGlobals:Warning: Failed to load '/Game/AddOns/2DSideScrollerCharacter': Can't find file '/Game/AddOns/2DSideScrollerCharacter'
[2016.04.09-17.22.04:289][ 31]LogLinker:Warning: Can't find file for asset '/Game/AddOns/2DSideScrollerCharacter' while loading NULL.
[2016.04.09-17.22.04:289][ 31]LogUObjectGlobals:Warning: Failed to load '/Game/AddOns/2DSideScrollerCharacter': Can't find file for asset '/Game/AddOns/2DSideScrollerCharacter' while loading NULL.
[2016.04.09-17.22.04:289][ 31]LogLinker:Warning: Can't find file '/Game/AddOns/2DSideScrollerCharacter'
[2016.04.09-17.22.04:289][ 31]LogUObjectGlobals:Warning: Failed to load '/Game/AddOns/2DSideScrollerCharacter': Can't find file '/Game/AddOns/2DSideScrollerCharacter'
[2016.04.09-17.22.04:289][ 31]LogLinker:Warning: Can't find file for asset '/Game/AddOns/2DSideScrollerCharacter' while loading NULL.
[2016.04.09-17.22.04:289][ 31]LogUObjectGlobals:Warning: Failed to load '/Game/AddOns/2DSideScrollerCharacter': Can't find file for asset '/Game/AddOns/2DSideScrollerCharacter' while loading NULL.
[2016.04.09-17.22.04:289][ 31]LogLinker:Warning: Can't find file '/Game/AddOns/2DSideScrollerCharacter'
[2016.04.09-17.22.04:289][ 31]LogUObjectGlobals:Warning: Failed to load '/Game/AddOns/2DSideScrollerCharacter': Can't find file '/Game/AddOns/2DSideScrollerCharacter'
[2016.04.09-17.22.04:289][ 31]LogLinker:Warning: Can't find file for asset '/Game/AddOns/2DSideScrollerCharacter' while loading NULL.
[2016.04.09-17.22.04:289][ 31]LogUObjectGlobals:Warning: Failed to load '/Game/AddOns/2DSideScrollerCharacter': Can't find file for asset '/Game/AddOns/2DSideScrollerCharacter' while loading NULL.
[2016.04.09-17.22.04:289][ 31]LogLinker:Warning: Can't find file '/Game/AddOns/2DSideScrollerCharacter'
[2016.04.09-17.22.04:289][ 31]LogUObjectGlobals:Warning: Failed to load '/Game/AddOns/2DSideScrollerCharacter': Can't find file '/Game/AddOns/2DSideScrollerCharacter'
[2016.04.09-17.22.04:289][ 31]LogLinker:Warning: Can't find file for asset '/Game/AddOns/2DSideScrollerCharacter' while loading NULL.
[2016.04.09-17.22.04:289][ 31]LogUObjectGlobals:Warning: Failed to load '/Game/AddOns/2DSideScrollerCharacter': Can't find file for asset '/Game/AddOns/2DSideScrollerCharacter' while loading NULL.
[2016.04.09-17.22.04:303][ 31]LogLinker:Warning: Can't find file '/Game/AddOns/2DSideScrollerCharacter'
[2016.04.09-17.22.04:303][ 31]LogUObjectGlobals:Warning: Failed to load '/Game/AddOns/2DSideScrollerCharacter': Can't find file '/Game/AddOns/2DSideScrollerCharacter'
[2016.04.09-17.22.04:303][ 31]LogLinker:Warning: Can't find file for asset '/Game/AddOns/2DSideScrollerCharacter' while loading NULL.
[2016.04.09-17.22.04:303][ 31]LogUObjectGlobals:Warning: Failed to load '/Game/AddOns/2DSideScrollerCharacter': Can't find file for asset '/Game/AddOns/2DSideScrollerCharacter' while loading NULL.
[2016.04.09-17.22.04:304][ 31]LogLinker:Warning: Can't find file '/Game/AddOns/2DSideScrollerCharacter'
[2016.04.09-17.22.04:304][ 31]LogUObjectGlobals:Warning: Failed to load '/Game/AddOns/2DSideScrollerCharacter': Can't find file '/Game/AddOns/2DSideScrollerCharacter'
[2016.04.09-17.22.04:304][ 31]LogLinker:Warning: Can't find file for asset '/Game/AddOns/2DSideScrollerCharacter' while loading NULL.
[2016.04.09-17.22.04:304][ 31]LogUObjectGlobals:Warning: Failed to load '/Game/AddOns/2DSideScrollerCharacter': Can't find file for asset '/Game/AddOns/2DSideScrollerCharacter' while loading NULL.
[2016.04.09-17.22.04:305][ 31]LogLinker:Warning: Can't find file '/Game/AddOns/2DSideScrollerCharacter'
[2016.04.09-17.22.04:305][ 31]LogUObjectGlobals:Warning: Failed to load '/Game/AddOns/2DSideScrollerCharacter': Can't find file '/Game/AddOns/2DSideScrollerCharacter'
[2016.04.09-17.22.04:305][ 31]LogLinker:Warning: Can't find file for asset '/Game/AddOns/2DSideScrollerCharacter' while loading NULL.
[2016.04.09-17.22.04:305][ 31]LogUObjectGlobals:Warning: Failed to load '/Game/AddOns/2DSideScrollerCharacter': Can't find file for asset '/Game/AddOns/2DSideScrollerCharacter' while loading NULL.
[2016.04.09-17.22.04:305][ 31]LogLinker:Warning: Can't find file '/Game/AddOns/2DSideScrollerCharacter'
[2016.04.09-17.22.04:305][ 31]LoadErrors: Info Failed to load /Game/AddOns/2DSideScrollerCharacter.2DSideScrollerCharacter_C Referenced by PersistentLevel
[2016.04.09-17.22.04:305][ 31]LogUObjectGlobals:Warning: Failed to load '/Game/AddOns/2DSideScrollerCharacter': Can't find file '/Game/AddOns/2DSideScrollerCharacter'
[2016.04.09-17.22.04:305][ 31]LogLinker:Warning: Can't find file for asset '/Game/AddOns/2DSideScrollerCharacter' while loading NULL.
[2016.04.09-17.22.04:305][ 31]LoadErrors: Info Failed to load /Game/AddOns/2DSideScrollerCharacter.2DSideScrollerCharacter_C Referenced by PersistentLevel
[2016.04.09-17.22.04:305][ 31]LogUObjectGlobals:Warning: Failed to load '/Game/AddOns/2DSideScrollerCharacter': Can't find file for asset '/Game/AddOns/2DSideScrollerCharacter' while loading NULL.
[2016.04.09-17.22.04:324][ 31]LogAIModule: Creating AISystem for world Level2
[2016.04.09-17.22.04:543][ 31]LogWorld: Game class is '2DSideScrollerGameMode_C'
[2016.04.09-17.22.04:555][ 31]LogWorld: Bringing World /Game/2DSideScrollerBP/Maps/Level2.Level2 up for play (max tick rate 0) at 2016.04.09-12.22.04
[2016.04.09-17.22.04:556][ 31]LogWorld: Bringing up level for play took: 0.011014
[2016.04.09-17.22.04:556][ 31]LogGameMode: Warning - PATHS NOT DEFINED or NO PLAYERSTART with positive rating
[2016.04.09-17.22.04:560][ 32]LoadErrors:Warning: Warning CreateExport: Failed to load Outer for resource 'SideViewCameraComponent': 2DSideScrollerCharacter_C /Game/2DSideScrollerBP/Maps/Level2.Level2:PersistentLevel.2DSideScrollerCharacter_130
[2016.04.09-17.22.04:560][ 32]LoadErrors:Warning: Warning CreateExport: Failed to load Outer for resource 'CollisionCylinder': 2DSideScrollerCharacter_C /Game/2DSideScrollerBP/Maps/Level2.Level2:PersistentLevel.2DSideScrollerCharacter_130
[2016.04.09-17.22.04:560][ 32]LoadErrors:Warning: Warning CreateExport: Failed to load Outer for resource 'CharMoveComp': 2DSideScrollerCharacter_C /Game/2DSideScrollerBP/Maps/Level2.Level2:PersistentLevel.2DSideScrollerCharacter_130
[2016.04.09-17.22.04:560][ 32]LoadErrors:Warning: Warning CreateExport: Failed to load Outer for resource 'Sprite0': 2DSideScrollerCharacter_C /Game/2DSideScrollerBP/Maps/Level2.Level2:PersistentLevel.2DSideScrollerCharacter_130
[2016.04.09-17.22.04:560][ 32]LoadErrors:Warning: Warning CreateExport: Failed to load Outer for resource 'CameraBoom': 2DSideScrollerCharacter_C /Game/2DSideScrollerBP/Maps/Level2.Level2:PersistentLevel.2DSideScrollerCharacter_130
[2016.04.09-17.22.04:884][ 42]LogPackageName: SearchForPackageOnDisk took   0.054s to resolve Level2.umap.
[2016.04.09-17.22.04:939][ 43]LogPackageName: SearchForPackageOnDisk took   0.054s to resolve Level2.umap.
[2016.04.09-17.22.04:939][ 43]LogNet: Browse: /Game/2DSideScrollerBP/Maps/Level2
[2016.04.09-17.22.04:939][ 43]LogLoad: LoadMap: /Game/2DSideScrollerBP/Maps/Level2
[2016.04.09-17.22.04:966][ 43]LogMemory: Platform Memory Stats for Windows
[2016.04.09-17.22.04:966][ 43]LogMemory: Process Physical Memory: 690.53 MB used, 692.59 MB peak
[2016.04.09-17.22.04:966][ 43]LogMemory: Process Virtual Memory: 669.57 MB used, 674.30 MB peak
[2016.04.09-17.22.04:966][ 43]LogMemory: Physical Memory: 5428.49 MB used, 8139.82 MB total
[2016.04.09-17.22.04:966][ 43]LogMemory: Virtual Memory: 1216.04 MB used, 8388608.00 MB total
[2016.04.09-17.22.04:966][ 43]LogMemory: 
[2016.04.09-17.22.04:966][ 43]Allocator Stats for TBB: (not implemented)
[2016.04.09-17.22.04:968][ 43]LogLinker:Warning: Can't find file '/Game/AddOns/2DSideScrollerCharacter'
[2016.04.09-17.22.04:968][ 43]LogUObjectGlobals:Warning: Failed to load '/Game/AddOns/2DSideScrollerCharacter': Can't find file '/Game/AddOns/2DSideScrollerCharacter'
[2016.04.09-17.22.04:968][ 43]LogLinker:Warning: Can't find file for asset '/Game/AddOns/2DSideScrollerCharacter' while loading NULL.
[2016.04.09-17.22.04:968][ 43]LogUObjectGlobals:Warning: Failed to load '/Game/AddOns/2DSideScrollerCharacter': Can't find file for asset '/Game/AddOns/2DSideScrollerCharacter' while loading NULL.
[2016.04.09-17.22.04:968][ 43]LogLinker:Warning: Can't find file '/Game/AddOns/2DSideScrollerCharacter'
[2016.04.09-17.22.04:968][ 43]LogUObjectGlobals:Warning: Failed to load '/Game/AddOns/2DSideScrollerCharacter': Can't find file '/Game/AddOns/2DSideScrollerCharacter'
[2016.04.09-17.22.04:968][ 43]LogLinker:Warning: Can't find file for asset '/Game/AddOns/2DSideScrollerCharacter' while loading NULL.
[2016.04.09-17.22.04:968][ 43]LogUObjectGlobals:Warning: Failed to load '/Game/AddOns/2DSideScrollerCharacter': Can't find file for asset '/Game/AddOns/2DSideScrollerCharacter' while loading NULL.
[2016.04.09-17.22.04:969][ 43]LogLinker:Warning: Can't find file '/Game/AddOns/2DSideScrollerCharacter'
[2016.04.09-17.22.04:969][ 43]LogUObjectGlobals:Warning: Failed to load '/Game/AddOns/2DSideScrollerCharacter': Can't find file '/Game/AddOns/2DSideScrollerCharacter'
[2016.04.09-17.22.04:969][ 43]LogLinker:Warning: Can't find file for asset '/Game/AddOns/2DSideScrollerCharacter' while loading NULL.
[2016.04.09-17.22.04:969][ 43]LogUObjectGlobals:Warning: Failed to load '/Game/AddOns/2DSideScrollerCharacter': Can't find file for asset '/Game/AddOns/2DSideScrollerCharacter' while loading NULL.
[2016.04.09-17.22.04:969][ 43]LogLinker:Warning: Can't find file '/Game/AddOns/2DSideScrollerCharacter'
[2016.04.09-17.22.04:969][ 43]LogUObjectGlobals:Warning: Failed to load '/Game/AddOns/2DSideScrollerCharacter': Can't find file '/Game/AddOns/2DSideScrollerCharacter'
[2016.04.09-17.22.04:969][ 43]LogLinker:Warning: Can't find file for asset '/Game/AddOns/2DSideScrollerCharacter' while loading NULL.
[2016.04.09-17.22.04:969][ 43]LogUObjectGlobals:Warning: Failed to load '/Game/AddOns/2DSideScrollerCharacter': Can't find file for asset '/Game/AddOns/2DSideScrollerCharacter' while loading NULL.
[2016.04.09-17.22.04:969][ 43]LogLinker:Warning: Can't find file '/Game/AddOns/2DSideScrollerCharacter'
[2016.04.09-17.22.04:969][ 43]LogUObjectGlobals:Warning: Failed to load '/Game/AddOns/2DSideScrollerCharacter': Can't find file '/Game/AddOns/2DSideScrollerCharacter'
[2016.04.09-17.22.04:969][ 43]LogLinker:Warning: Can't find file for asset '/Game/AddOns/2DSideScrollerCharacter' while loading NULL.
[2016.04.09-17.22.04:969][ 43]LogUObjectGlobals:Warning: Failed to load '/Game/AddOns/2DSideScrollerCharacter': Can't find file for asset '/Game/AddOns/2DSideScrollerCharacter' while loading NULL.
[2016.04.09-17.22.04:969][ 43]LogLinker:Warning: Can't find file '/Game/AddOns/2DSideScrollerCharacter'
[2016.04.09-17.22.04:969][ 43]LogUObjectGlobals:Warning: Failed to load '/Game/AddOns/2DSideScrollerCharacter': Can't find file '/Game/AddOns/2DSideScrollerCharacter'
[2016.04.09-17.22.04:969][ 43]LogLinker:Warning: Can't find file for asset '/Game/AddOns/2DSideScrollerCharacter' while loading NULL.
[2016.04.09-17.22.04:969][ 43]LogUObjectGlobals:Warning: Failed to load '/Game/AddOns/2DSideScrollerCharacter': Can't find file for asset '/Game/AddOns/2DSideScrollerCharacter' while loading NULL.
[2016.04.09-17.22.04:970][ 43]LogLinker:Warning: Can't find file '/Game/AddOns/2DSideScrollerCharacter'
[2016.04.09-17.22.04:970][ 43]LogUObjectGlobals:Warning: Failed to load '/Game/AddOns/2DSideScrollerCharacter': Can't find file '/Game/AddOns/2DSideScrollerCharacter'
[2016.04.09-17.22.04:970][ 43]LogLinker:Warning: Can't find file for asset '/Game/AddOns/2DSideScrollerCharacter' while loading NULL.
[2016.04.09-17.22.04:970][ 43]LogUObjectGlobals:Warning: Failed to load '/Game/AddOns/2DSideScrollerCharacter': Can't find file for asset '/Game/AddOns/2DSideScrollerCharacter' while loading NULL.
[2016.04.09-17.22.04:970][ 43]LogLinker:Warning: Can't find file '/Game/AddOns/2DSideScrollerCharacter'
[2016.04.09-17.22.04:970][ 43]LogUObjectGlobals:Warning: Failed to load '/Game/AddOns/2DSideScrollerCharacter': Can't find file '/Game/AddOns/2DSideScrollerCharacter'
[2016.04.09-17.22.04:970][ 43]LogLinker:Warning: Can't find file for asset '/Game/AddOns/2DSideScrollerCharacter' while loading NULL.
[2016.04.09-17.22.04:970][ 43]LogUObjectGlobals:Warning: Failed to load '/Game/AddOns/2DSideScrollerCharacter': Can't find file for asset '/Game/AddOns/2DSideScrollerCharacter' while loading NULL.
[2016.04.09-17.22.04:970][ 43]LogLinker:Warning: Can't find file '/Game/AddOns/2DSideScrollerCharacter'
[2016.04.09-17.22.04:970][ 43]LogUObjectGlobals:Warning: Failed to load '/Game/AddOns/2DSideScrollerCharacter': Can't find file '/Game/AddOns/2DSideScrollerCharacter'
[2016.04.09-17.22.04:970][ 43]LogLinker:Warning: Can't find file for asset '/Game/AddOns/2DSideScrollerCharacter' while loading NULL.
[2016.04.09-17.22.04:970][ 43]LogUObjectGlobals:Warning: Failed to load '/Game/AddOns/2DSideScrollerCharacter': Can't find file for asset '/Game/AddOns/2DSideScrollerCharacter' while loading NULL.
[2016.04.09-17.22.04:971][ 43]LogLinker:Warning: Can't find file '/Game/AddOns/2DSideScrollerCharacter'
[2016.04.09-17.22.04:971][ 43]LogUObjectGlobals:Warning: Failed to load '/Game/AddOns/2DSideScrollerCharacter': Can't find file '/Game/AddOns/2DSideScrollerCharacter'
[2016.04.09-17.22.04:971][ 43]LogLinker:Warning: Can't find file for asset '/Game/AddOns/2DSideScrollerCharacter' while loading NULL.
[2016.04.09-17.22.04:971][ 43]LogUObjectGlobals:Warning: Failed to load '/Game/AddOns/2DSideScrollerCharacter': Can't find file for asset '/Game/AddOns/2DSideScrollerCharacter' while loading NULL.
[2016.04.09-17.22.04:985][ 43]LogLinker:Warning: Can't find file '/Game/AddOns/2DSideScrollerCharacter'
[2016.04.09-17.22.04:985][ 43]LogUObjectGlobals:Warning: Failed to load '/Game/AddOns/2DSideScrollerCharacter': Can't find file '/Game/AddOns/2DSideScrollerCharacter'
[2016.04.09-17.22.04:985][ 43]LogLinker:Warning: Can't find file for asset '/Game/AddOns/2DSideScrollerCharacter' while loading NULL.
[2016.04.09-17.22.04:985][ 43]LogUObjectGlobals:Warning: Failed to load '/Game/AddOns/2DSideScrollerCharacter': Can't find file for asset '/Game/AddOns/2DSideScrollerCharacter' while loading NULL.
[2016.04.09-17.22.04:985][ 43]LogLinker:Warning: Can't find file '/Game/AddOns/2DSideScrollerCharacter'
[2016.04.09-17.22.04:985][ 43]LogUObjectGlobals:Warning: Failed to load '/Game/AddOns/2DSideScrollerCharacter': Can't find file '/Game/AddOns/2DSideScrollerCharacter'
[2016.04.09-17.22.04:985][ 43]LogLinker:Warning: Can't find file for asset '/Game/AddOns/2DSideScrollerCharacter' while loading NULL.
[2016.04.09-17.22.04:985][ 43]LogUObjectGlobals:Warning: Failed to load '/Game/AddOns/2DSideScrollerCharacter': Can't find file for asset '/Game/AddOns/2DSideScrollerCharacter' while loading NULL.
[2016.04.09-17.22.04:986][ 43]LogLinker:Warning: Can't find file '/Game/AddOns/2DSideScrollerCharacter'
[2016.04.09-17.22.04:986][ 43]LogUObjectGlobals:Warning: Failed to load '/Game/AddOns/2DSideScrollerCharacter': Can't find file '/Game/AddOns/2DSideScrollerCharacter'
[2016.04.09-17.22.04:986][ 43]LogLinker:Warning: Can't find file for asset '/Game/AddOns/2DSideScrollerCharacter' while loading NULL.
[2016.04.09-17.22.04:986][ 43]LogUObjectGlobals:Warning: Failed to load '/Game/AddOns/2DSideScrollerCharacter': Can't find file for asset '/Game/AddOns/2DSideScrollerCharacter' while loading NULL.
[2016.04.09-17.22.04:986][ 43]LogLinker:Warning: Can't find file '/Game/AddOns/2DSideScrollerCharacter'
[2016.04.09-17.22.04:986][ 43]LoadErrors: Info Failed to load /Game/AddOns/2DSideScrollerCharacter.2DSideScrollerCharacter_C Referenced by PersistentLevel
[2016.04.09-17.22.04:986][ 43]LogUObjectGlobals:Warning: Failed to load '/Game/AddOns/2DSideScrollerCharacter': Can't find file '/Game/AddOns/2DSideScrollerCharacter'
[2016.04.09-17.22.04:987][ 43]LogLinker:Warning: Can't find file for asset '/Game/AddOns/2DSideScrollerCharacter' while loading NULL.
[2016.04.09-17.22.04:987][ 43]LoadErrors: Info Failed to load /Game/AddOns/2DSideScrollerCharacter.2DSideScrollerCharacter_C Referenced by PersistentLevel
[2016.04.09-17.22.04:987][ 43]LogUObjectGlobals:Warning: Failed to load '/Game/AddOns/2DSideScrollerCharacter': Can't find file for asset '/Game/AddOns/2DSideScrollerCharacter' while loading NULL.
[2016.04.09-17.22.05:006][ 43]LogAIModule: Creating AISystem for world Level2
[2016.04.09-17.22.05:225][ 43]LogWorld: Game class is '2DSideScrollerGameMode_C'
[2016.04.09-17.22.05:236][ 43]LogWorld: Bringing World /Game/2DSideScrollerBP/Maps/Level2.Level2 up for play (max tick rate 0) at 2016.04.09-12.22.05
[2016.04.09-17.22.05:236][ 43]LogWorld: Bringing up level for play took: 0.010867
[2016.04.09-17.22.05:237][ 43]LogGameMode: Warning - PATHS NOT DEFINED or NO PLAYERSTART with positive rating
[2016.04.09-17.22.05:240][ 44]LoadErrors:Warning: Warning CreateExport: Failed to load Outer for resource 'SideViewCameraComponent': 2DSideScrollerCharacter_C /Game/2DSideScrollerBP/Maps/Level2.Level2:PersistentLevel.2DSideScrollerCharacter_130
[2016.04.09-17.22.05:240][ 44]LoadErrors:Warning: Warning CreateExport: Failed to load Outer for resource 'CollisionCylinder': 2DSideScrollerCharacter_C /Game/2DSideScrollerBP/Maps/Level2.Level2:PersistentLevel.2DSideScrollerCharacter_130
[2016.04.09-17.22.05:240][ 44]LoadErrors:Warning: Warning CreateExport: Failed to load Outer for resource 'CharMoveComp': 2DSideScrollerCharacter_C /Game/2DSideScrollerBP/Maps/Level2.Level2:PersistentLevel.2DSideScrollerCharacter_130
[2016.04.09-17.22.05:240][ 44]LoadErrors:Warning: Warning CreateExport: Failed to load Outer for resource 'Sprite0': 2DSideScrollerCharacter_C /Game/2DSideScrollerBP/Maps/Level2.Level2:PersistentLevel.2DSideScrollerCharacter_130
[2016.04.09-17.22.05:240][ 44]LoadErrors:Warning: Warning CreateExport: Failed to load Outer for resource 'CameraBoom': 2DSideScrollerCharacter_C /Game/2DSideScrollerBP/Maps/Level2.Level2:PersistentLevel.2DSideScrollerCharacter_130
[2016.04.09-17.22.06:084][ 85]LogPackageName: SearchForPackageOnDisk took   0.053s to resolve Level2.umap.
[2016.04.09-17.22.06:139][ 86]LogPackageName: SearchForPackageOnDisk took   0.054s to resolve Level2.umap.
[2016.04.09-17.22.06:139][ 86]LogNet: Browse: /Game/2DSideScrollerBP/Maps/Level2
[2016.04.09-17.22.06:139][ 86]LogLoad: LoadMap: /Game/2DSideScrollerBP/Maps/Level2
[2016.04.09-17.22.06:167][ 86]LogMemory: Platform Memory Stats for Windows
[2016.04.09-17.22.06:167][ 86]LogMemory: Process Physical Memory: 697.35 MB used, 697.36 MB peak
[2016.04.09-17.22.06:167][ 86]LogMemory: Process Virtual Memory: 675.51 MB used, 675.54 MB peak
[2016.04.09-17.22.06:167][ 86]LogMemory: Physical Memory: 5435.04 MB used, 8139.82 MB total
[2016.04.09-17.22.06:167][ 86]LogMemory: Virtual Memory: 1220.10 MB used, 8388608.00 MB total
[2016.04.09-17.22.06:167][ 86]LogMemory: 
[2016.04.09-17.22.06:167][ 86]Allocator Stats for TBB: (not implemented)
[2016.04.09-17.22.06:168][ 86]LogLinker:Warning: Can't find file '/Game/AddOns/2DSideScrollerCharacter'
[2016.04.09-17.22.06:168][ 86]LogUObjectGlobals:Warning: Failed to load '/Game/AddOns/2DSideScrollerCharacter': Can't find file '/Game/AddOns/2DSideScrollerCharacter'
[2016.04.09-17.22.06:168][ 86]LogLinker:Warning: Can't find file for asset '/Game/AddOns/2DSideScrollerCharacter' while loading NULL.
[2016.04.09-17.22.06:168][ 86]LogUObjectGlobals:Warning: Failed to load '/Game/AddOns/2DSideScrollerCharacter': Can't find file for asset '/Game/AddOns/2DSideScrollerCharacter' while loading NULL.
[2016.04.09-17.22.06:169][ 86]LogLinker:Warning: Can't find file '/Game/AddOns/2DSideScrollerCharacter'
[2016.04.09-17.22.06:169][ 86]LogUObjectGlobals:Warning: Failed to load '/Game/AddOns/2DSideScrollerCharacter': Can't find file '/Game/AddOns/2DSideScrollerCharacter'
[2016.04.09-17.22.06:169][ 86]LogLinker:Warning: Can't find file for asset '/Game/AddOns/2DSideScrollerCharacter' while loading NULL.
[2016.04.09-17.22.06:169][ 86]LogUObjectGlobals:Warning: Failed to load '/Game/AddOns/2DSideScrollerCharacter': Can't find file for asset '/Game/AddOns/2DSideScrollerCharacter' while loading NULL.
[2016.04.09-17.22.06:169][ 86]LogLinker:Warning: Can't find file '/Game/AddOns/2DSideScrollerCharacter'
[2016.04.09-17.22.06:169][ 86]LogUObjectGlobals:Warning: Failed to load '/Game/AddOns/2DSideScrollerCharacter': Can't find file '/Game/AddOns/2DSideScrollerCharacter'
[2016.04.09-17.22.06:169][ 86]LogLinker:Warning: Can't find file for asset '/Game/AddOns/2DSideScrollerCharacter' while loading NULL.
[2016.04.09-17.22.06:169][ 86]LogUObjectGlobals:Warning: Failed to load '/Game/AddOns/2DSideScrollerCharacter': Can't find file for asset '/Game/AddOns/2DSideScrollerCharacter' while loading NULL.
[2016.04.09-17.22.06:169][ 86]LogLinker:Warning: Can't find file '/Game/AddOns/2DSideScrollerCharacter'
[2016.04.09-17.22.06:169][ 86]LogUObjectGlobals:Warning: Failed to load '/Game/AddOns/2DSideScrollerCharacter': Can't find file '/Game/AddOns/2DSideScrollerCharacter'
[2016.04.09-17.22.06:169][ 86]LogLinker:Warning: Can't find file for asset '/Game/AddOns/2DSideScrollerCharacter' while loading NULL.
[2016.04.09-17.22.06:169][ 86]LogUObjectGlobals:Warning: Failed to load '/Game/AddOns/2DSideScrollerCharacter': Can't find file for asset '/Game/AddOns/2DSideScrollerCharacter' while loading NULL.
[2016.04.09-17.22.06:170][ 86]LogLinker:Warning: Can't find file '/Game/AddOns/2DSideScrollerCharacter'
[2016.04.09-17.22.06:170][ 86]LogUObjectGlobals:Warning: Failed to load '/Game/AddOns/2DSideScrollerCharacter': Can't find file '/Game/AddOns/2DSideScrollerCharacter'
[2016.04.09-17.22.06:170][ 86]LogLinker:Warning: Can't find file for asset '/Game/AddOns/2DSideScrollerCharacter' while loading NULL.
[2016.04.09-17.22.06:170][ 86]LogUObjectGlobals:Warning: Failed to load '/Game/AddOns/2DSideScrollerCharacter': Can't find file for asset '/Game/AddOns/2DSideScrollerCharacter' while loading NULL.
[2016.04.09-17.22.06:170][ 86]LogLinker:Warning: Can't find file '/Game/AddOns/2DSideScrollerCharacter'
[2016.04.09-17.22.06:170][ 86]LogUObjectGlobals:Warning: Failed to load '/Game/AddOns/2DSideScrollerCharacter': Can't find file '/Game/AddOns/2DSideScrollerCharacter'
[2016.04.09-17.22.06:170][ 86]LogLinker:Warning: Can't find file for asset '/Game/AddOns/2DSideScrollerCharacter' while loading NULL.
[2016.04.09-17.22.06:170][ 86]LogUObjectGlobals:Warning: Failed to load '/Game/AddOns/2DSideScrollerCharacter': Can't find file for asset '/Game/AddOns/2DSideScrollerCharacter' while loading NULL.
[2016.04.09-17.22.06:170][ 86]LogLinker:Warning: Can't find file '/Game/AddOns/2DSideScrollerCharacter'
[2016.04.09-17.22.06:170][ 86]LogUObjectGlobals:Warning: Failed to load '/Game/AddOns/2DSideScrollerCharacter': Can't find file '/Game/AddOns/2DSideScrollerCharacter'
[2016.04.09-17.22.06:170][ 86]LogLinker:Warning: Can't find file for asset '/Game/AddOns/2DSideScrollerCharacter' while loading NULL.
[2016.04.09-17.22.06:170][ 86]LogUObjectGlobals:Warning: Failed to load '/Game/AddOns/2DSideScrollerCharacter': Can't find file for asset '/Game/AddOns/2DSideScrollerCharacter' while loading NULL.
[2016.04.09-17.22.06:170][ 86]LogLinker:Warning: Can't find file '/Game/AddOns/2DSideScrollerCharacter'
[2016.04.09-17.22.06:170][ 86]LogUObjectGlobals:Warning: Failed to load '/Game/AddOns/2DSideScrollerCharacter': Can't find file '/Game/AddOns/2DSideScrollerCharacter'
[2016.04.09-17.22.06:170][ 86]LogLinker:Warning: Can't find file for asset '/Game/AddOns/2DSideScrollerCharacter' while loading NULL.
[2016.04.09-17.22.06:170][ 86]LogUObjectGlobals:Warning: Failed to load '/Game/AddOns/2DSideScrollerCharacter': Can't find file for asset '/Game/AddOns/2DSideScrollerCharacter' while loading NULL.
[2016.04.09-17.22.06:171][ 86]LogLinker:Warning: Can't find file '/Game/AddOns/2DSideScrollerCharacter'
[2016.04.09-17.22.06:171][ 86]LogUObjectGlobals:Warning: Failed to load '/Game/AddOns/2DSideScrollerCharacter': Can't find file '/Game/AddOns/2DSideScrollerCharacter'
[2016.04.09-17.22.06:171][ 86]LogLinker:Warning: Can't find file for asset '/Game/AddOns/2DSideScrollerCharacter' while loading NULL.
[2016.04.09-17.22.06:171][ 86]LogUObjectGlobals:Warning: Failed to load '/Game/AddOns/2DSideScrollerCharacter': Can't find file for asset '/Game/AddOns/2DSideScrollerCharacter' while loading NULL.
[2016.04.09-17.22.06:171][ 86]LogLinker:Warning: Can't find file '/Game/AddOns/2DSideScrollerCharacter'
[2016.04.09-17.22.06:171][ 86]LogUObjectGlobals:Warning: Failed to load '/Game/AddOns/2DSideScrollerCharacter': Can't find file '/Game/AddOns/2DSideScrollerCharacter'
[2016.04.09-17.22.06:171][ 86]LogLinker:Warning: Can't find file for asset '/Game/AddOns/2DSideScrollerCharacter' while loading NULL.
[2016.04.09-17.22.06:171][ 86]LogUObjectGlobals:Warning: Failed to load '/Game/AddOns/2DSideScrollerCharacter': Can't find file for asset '/Game/AddOns/2DSideScrollerCharacter' while loading NULL.
[2016.04.09-17.22.06:185][ 86]LogLinker:Warning: Can't find file '/Game/AddOns/2DSideScrollerCharacter'
[2016.04.09-17.22.06:185][ 86]LogUObjectGlobals:Warning: Failed to load '/Game/AddOns/2DSideScrollerCharacter': Can't find file '/Game/AddOns/2DSideScrollerCharacter'
[2016.04.09-17.22.06:185][ 86]LogLinker:Warning: Can't find file for asset '/Game/AddOns/2DSideScrollerCharacter' while loading NULL.
[2016.04.09-17.22.06:185][ 86]LogUObjectGlobals:Warning: Failed to load '/Game/AddOns/2DSideScrollerCharacter': Can't find file for asset '/Game/AddOns/2DSideScrollerCharacter' while loading NULL.
[2016.04.09-17.22.06:185][ 86]LogLinker:Warning: Can't find file '/Game/AddOns/2DSideScrollerCharacter'
[2016.04.09-17.22.06:185][ 86]LogUObjectGlobals:Warning: Failed to load '/Game/AddOns/2DSideScrollerCharacter': Can't find file '/Game/AddOns/2DSideScrollerCharacter'
[2016.04.09-17.22.06:185][ 86]LogLinker:Warning: Can't find file for asset '/Game/AddOns/2DSideScrollerCharacter' while loading NULL.
[2016.04.09-17.22.06:185][ 86]LogUObjectGlobals:Warning: Failed to load '/Game/AddOns/2DSideScrollerCharacter': Can't find file for asset '/Game/AddOns/2DSideScrollerCharacter' while loading NULL.
[2016.04.09-17.22.06:186][ 86]LogLinker:Warning: Can't find file '/Game/AddOns/2DSideScrollerCharacter'
[2016.04.09-17.22.06:186][ 86]LogUObjectGlobals:Warning: Failed to load '/Game/AddOns/2DSideScrollerCharacter': Can't find file '/Game/AddOns/2DSideScrollerCharacter'
[2016.04.09-17.22.06:186][ 86]LogLinker:Warning: Can't find file for asset '/Game/AddOns/2DSideScrollerCharacter' while loading NULL.
[2016.04.09-17.22.06:186][ 86]LogUObjectGlobals:Warning: Failed to load '/Game/AddOns/2DSideScrollerCharacter': Can't find file for asset '/Game/AddOns/2DSideScrollerCharacter' while loading NULL.
[2016.04.09-17.22.06:187][ 86]LogLinker:Warning: Can't find file '/Game/AddOns/2DSideScrollerCharacter'
[2016.04.09-17.22.06:187][ 86]LoadErrors: Info Failed to load /Game/AddOns/2DSideScrollerCharacter.2DSideScrollerCharacter_C Referenced by PersistentLevel
[2016.04.09-17.22.06:187][ 86]LogUObjectGlobals:Warning: Failed to load '/Game/AddOns/2DSideScrollerCharacter': Can't find file '/Game/AddOns/2DSideScrollerCharacter'
[2016.04.09-17.22.06:187][ 86]LogLinker:Warning: Can't find file for asset '/Game/AddOns/2DSideScrollerCharacter' while loading NULL.
[2016.04.09-17.22.06:187][ 86]LoadErrors: Info Failed to load /Game/AddOns/2DSideScrollerCharacter.2DSideScrollerCharacter_C Referenced by PersistentLevel
[2016.04.09-17.22.06:187][ 86]LogUObjectGlobals:Warning: Failed to load '/Game/AddOns/2DSideScrollerCharacter': Can't find file for asset '/Game/AddOns/2DSideScrollerCharacter' while loading NULL.
[2016.04.09-17.22.06:206][ 86]LogAIModule: Creating AISystem for world Level2
[2016.04.09-17.22.06:424][ 86]LogWorld: Game class is '2DSideScrollerGameMode_C'
[2016.04.09-17.22.06:435][ 86]LogWorld: Bringing World /Game/2DSideScrollerBP/Maps/Level2.Level2 up for play (max tick rate 0) at 2016.04.09-12.22.06
[2016.04.09-17.22.06:436][ 86]LogWorld: Bringing up level for play took: 0.010684
[2016.04.09-17.22.06:436][ 86]LogGameMode: Warning - PATHS NOT DEFINED or NO PLAYERSTART with positive rating
[2016.04.09-17.22.06:440][ 87]LoadErrors:Warning: Warning CreateExport: Failed to load Outer for resource 'SideViewCameraComponent': 2DSideScrollerCharacter_C /Game/2DSideScrollerBP/Maps/Level2.Level2:PersistentLevel.2DSideScrollerCharacter_130
[2016.04.09-17.22.06:440][ 87]LoadErrors:Warning: Warning CreateExport: Failed to load Outer for resource 'CollisionCylinder': 2DSideScrollerCharacter_C /Game/2DSideScrollerBP/Maps/Level2.Level2:PersistentLevel.2DSideScrollerCharacter_130
[2016.04.09-17.22.06:440][ 87]LoadErrors:Warning: Warning CreateExport: Failed to load Outer for resource 'CharMoveComp': 2DSideScrollerCharacter_C /Game/2DSideScrollerBP/Maps/Level2.Level2:PersistentLevel.2DSideScrollerCharacter_130
[2016.04.09-17.22.06:440][ 87]LoadErrors:Warning: Warning CreateExport: Failed to load Outer for resource 'Sprite0': 2DSideScrollerCharacter_C /Game/2DSideScrollerBP/Maps/Level2.Level2:PersistentLevel.2DSideScrollerCharacter_130
[2016.04.09-17.22.06:440][ 87]LoadErrors:Warning: Warning CreateExport: Failed to load Outer for resource 'CameraBoom': 2DSideScrollerCharacter_C /Game/2DSideScrollerBP/Maps/Level2.Level2:PersistentLevel.2DSideScrollerCharacter_130
[2016.04.09-17.22.07:622][146]LogPackageName: SearchForPackageOnDisk took   0.054s to resolve Level2.umap.
[2016.04.09-17.22.07:680][147]LogPackageName: SearchForPackageOnDisk took   0.056s to resolve Level2.umap.
[2016.04.09-17.22.07:680][147]LogNet: Browse: /Game/2DSideScrollerBP/Maps/Level2
[2016.04.09-17.22.07:680][147]LogLoad: LoadMap: /Game/2DSideScrollerBP/Maps/Level2
[2016.04.09-17.22.07:707][147]LogMemory: Platform Memory Stats for Windows
[2016.04.09-17.22.07:707][147]LogMemory: Process Physical Memory: 701.50 MB used, 701.50 MB peak
[2016.04.09-17.22.07:707][147]LogMemory: Process Virtual Memory: 676.33 MB used, 676.34 MB peak
[2016.04.09-17.22.07:707][147]LogMemory: Physical Memory: 5431.66 MB used, 8139.82 MB total
[2016.04.09-17.22.07:707][147]LogMemory: Virtual Memory: 1225.06 MB used, 8388608.00 MB total
[2016.04.09-17.22.07:707][147]LogMemory: 
[2016.04.09-17.22.07:707][147]Allocator Stats for TBB: (not implemented)
[2016.04.09-17.22.07:709][147]LogLinker:Warning: Can't find file '/Game/AddOns/2DSideScrollerCharacter'
[2016.04.09-17.22.07:709][147]LogUObjectGlobals:Warning: Failed to load '/Game/AddOns/2DSideScrollerCharacter': Can't find file '/Game/AddOns/2DSideScrollerCharacter'
[2016.04.09-17.22.07:709][147]LogLinker:Warning: Can't find file for asset '/Game/AddOns/2DSideScrollerCharacter' while loading NULL.
[2016.04.09-17.22.07:709][147]LogUObjectGlobals:Warning: Failed to load '/Game/AddOns/2DSideScrollerCharacter': Can't find file for asset '/Game/AddOns/2DSideScrollerCharacter' while loading NULL.
[2016.04.09-17.22.07:709][147]LogLinker:Warning: Can't find file '/Game/AddOns/2DSideScrollerCharacter'
[2016.04.09-17.22.07:709][147]LogUObjectGlobals:Warning: Failed to load '/Game/AddOns/2DSideScrollerCharacter': Can't find file '/Game/AddOns/2DSideScrollerCharacter'
[2016.04.09-17.22.07:709][147]LogLinker:Warning: Can't find file for asset '/Game/AddOns/2DSideScrollerCharacter' while loading NULL.
[2016.04.09-17.22.07:709][147]LogUObjectGlobals:Warning: Failed to load '/Game/AddOns/2DSideScrollerCharacter': Can't find file for asset '/Game/AddOns/2DSideScrollerCharacter' while loading NULL.
[2016.04.09-17.22.07:710][147]LogLinker:Warning: Can't find file '/Game/AddOns/2DSideScrollerCharacter'
[2016.04.09-17.22.07:710][147]LogUObjectGlobals:Warning: Failed to load '/Game/AddOns/2DSideScrollerCharacter': Can't find file '/Game/AddOns/2DSideScrollerCharacter'
[2016.04.09-17.22.07:710][147]LogLinker:Warning: Can't find file for asset '/Game/AddOns/2DSideScrollerCharacter' while loading NULL.
[2016.04.09-17.22.07:710][147]LogUObjectGlobals:Warning: Failed to load '/Game/AddOns/2DSideScrollerCharacter': Can't find file for asset '/Game/AddOns/2DSideScrollerCharacter' while loading NULL.
[2016.04.09-17.22.07:710][147]LogLinker:Warning: Can't find file '/Game/AddOns/2DSideScrollerCharacter'
[2016.04.09-17.22.07:710][147]LogUObjectGlobals:Warning: Failed to load '/Game/AddOns/2DSideScrollerCharacter': Can't find file '/Game/AddOns/2DSideScrollerCharacter'
[2016.04.09-17.22.07:710][147]LogLinker:Warning: Can't find file for asset '/Game/AddOns/2DSideScrollerCharacter' while loading NULL.
[2016.04.09-17.22.07:710][147]LogUObjectGlobals:Warning: Failed to load '/Game/AddOns/2DSideScrollerCharacter': Can't find file for asset '/Game/AddOns/2DSideScrollerCharacter' while loading NULL.
[2016.04.09-17.22.07:710][147]LogLinker:Warning: Can't find file '/Game/AddOns/2DSideScrollerCharacter'
[2016.04.09-17.22.07:710][147]LogUObjectGlobals:Warning: Failed to load '/Game/AddOns/2DSideScrollerCharacter': Can't find file '/Game/AddOns/2DSideScrollerCharacter'
[2016.04.09-17.22.07:710][147]LogLinker:Warning: Can't find file for asset '/Game/AddOns/2DSideScrollerCharacter' while loading NULL.
[2016.04.09-17.22.07:710][147]LogUObjectGlobals:Warning: Failed to load '/Game/AddOns/2DSideScrollerCharacter': Can't find file for asset '/Game/AddOns/2DSideScrollerCharacter' while loading NULL.
[2016.04.09-17.22.07:710][147]LogLinker:Warning: Can't find file '/Game/AddOns/2DSideScrollerCharacter'
[2016.04.09-17.22.07:710][147]LogUObjectGlobals:Warning: Failed to load '/Game/AddOns/2DSideScrollerCharacter': Can't find file '/Game/AddOns/2DSideScrollerCharacter'
[2016.04.09-17.22.07:711][147]LogLinker:Warning: Can't find file for asset '/Game/AddOns/2DSideScrollerCharacter' while loading NULL.
[2016.04.09-17.22.07:711][147]LogUObjectGlobals:Warning: Failed to load '/Game/AddOns/2DSideScrollerCharacter': Can't find file for asset '/Game/AddOns/2DSideScrollerCharacter' while loading NULL.
[2016.04.09-17.22.07:711][147]LogLinker:Warning: Can't find file '/Game/AddOns/2DSideScrollerCharacter'
[2016.04.09-17.22.07:711][147]LogUObjectGlobals:Warning: Failed to load '/Game/AddOns/2DSideScrollerCharacter': Can't find file '/Game/AddOns/2DSideScrollerCharacter'
[2016.04.09-17.22.07:711][147]LogLinker:Warning: Can't find file for asset '/Game/AddOns/2DSideScrollerCharacter' while loading NULL.
[2016.04.09-17.22.07:711][147]LogUObjectGlobals:Warning: Failed to load '/Game/AddOns/2DSideScrollerCharacter': Can't find file for asset '/Game/AddOns/2DSideScrollerCharacter' while loading NULL.
[2016.04.09-17.22.07:711][147]LogLinker:Warning: Can't find file '/Game/AddOns/2DSideScrollerCharacter'
[2016.04.09-17.22.07:711][147]LogUObjectGlobals:Warning: Failed to load '/Game/AddOns/2DSideScrollerCharacter': Can't find file '/Game/AddOns/2DSideScrollerCharacter'
[2016.04.09-17.22.07:711][147]LogLinker:Warning: Can't find file for asset '/Game/AddOns/2DSideScrollerCharacter' while loading NULL.
[2016.04.09-17.22.07:711][147]LogUObjectGlobals:Warning: Failed to load '/Game/AddOns/2DSideScrollerCharacter': Can't find file for asset '/Game/AddOns/2DSideScrollerCharacter' while loading NULL.
[2016.04.09-17.22.07:711][147]LogLinker:Warning: Can't find file '/Game/AddOns/2DSideScrollerCharacter'
[2016.04.09-17.22.07:711][147]LogUObjectGlobals:Warning: Failed to load '/Game/AddOns/2DSideScrollerCharacter': Can't find file '/Game/AddOns/2DSideScrollerCharacter'
[2016.04.09-17.22.07:712][147]LogLinker:Warning: Can't find file for asset '/Game/AddOns/2DSideScrollerCharacter' while loading NULL.
[2016.04.09-17.22.07:712][147]LogUObjectGlobals:Warning: Failed to load '/Game/AddOns/2DSideScrollerCharacter': Can't find file for asset '/Game/AddOns/2DSideScrollerCharacter' while loading NULL.
[2016.04.09-17.22.07:712][147]LogLinker:Warning: Can't find file '/Game/AddOns/2DSideScrollerCharacter'
[2016.04.09-17.22.07:712][147]LogUObjectGlobals:Warning: Failed to load '/Game/AddOns/2DSideScrollerCharacter': Can't find file '/Game/AddOns/2DSideScrollerCharacter'
[2016.04.09-17.22.07:712][147]LogLinker:Warning: Can't find file for asset '/Game/AddOns/2DSideScrollerCharacter' while loading NULL.
[2016.04.09-17.22.07:712][147]LogUObjectGlobals:Warning: Failed to load '/Game/AddOns/2DSideScrollerCharacter': Can't find file for asset '/Game/AddOns/2DSideScrollerCharacter' while loading NULL.
[2016.04.09-17.22.07:726][147]LogLinker:Warning: Can't find file '/Game/AddOns/2DSideScrollerCharacter'
[2016.04.09-17.22.07:726][147]LogUObjectGlobals:Warning: Failed to load '/Game/AddOns/2DSideScrollerCharacter': Can't find file '/Game/AddOns/2DSideScrollerCharacter'
[2016.04.09-17.22.07:726][147]LogLinker:Warning: Can't find file for asset '/Game/AddOns/2DSideScrollerCharacter' while loading NULL.
[2016.04.09-17.22.07:726][147]LogUObjectGlobals:Warning: Failed to load '/Game/AddOns/2DSideScrollerCharacter': Can't find file for asset '/Game/AddOns/2DSideScrollerCharacter' while loading NULL.
[2016.04.09-17.22.07:726][147]LogLinker:Warning: Can't find file '/Game/AddOns/2DSideScrollerCharacter'
[2016.04.09-17.22.07:726][147]LogUObjectGlobals:Warning: Failed to load '/Game/AddOns/2DSideScrollerCharacter': Can't find file '/Game/AddOns/2DSideScrollerCharacter'
[2016.04.09-17.22.07:726][147]LogLinker:Warning: Can't find file for asset '/Game/AddOns/2DSideScrollerCharacter' while loading NULL.
[2016.04.09-17.22.07:726][147]LogUObjectGlobals:Warning: Failed to load '/Game/AddOns/2DSideScrollerCharacter': Can't find file for asset '/Game/AddOns/2DSideScrollerCharacter' while loading NULL.
[2016.04.09-17.22.07:727][147]LogLinker:Warning: Can't find file '/Game/AddOns/2DSideScrollerCharacter'
[2016.04.09-17.22.07:727][147]LogUObjectGlobals:Warning: Failed to load '/Game/AddOns/2DSideScrollerCharacter': Can't find file '/Game/AddOns/2DSideScrollerCharacter'
[2016.04.09-17.22.07:727][147]LogLinker:Warning: Can't find file for asset '/Game/AddOns/2DSideScrollerCharacter' while loading NULL.
[2016.04.09-17.22.07:727][147]LogUObjectGlobals:Warning: Failed to load '/Game/AddOns/2DSideScrollerCharacter': Can't find file for asset '/Game/AddOns/2DSideScrollerCharacter' while loading NULL.
[2016.04.09-17.22.07:727][147]LogLinker:Warning: Can't find file '/Game/AddOns/2DSideScrollerCharacter'
[2016.04.09-17.22.07:727][147]LoadErrors: Info Failed to load /Game/AddOns/2DSideScrollerCharacter.2DSideScrollerCharacter_C Referenced by PersistentLevel
[2016.04.09-17.22.07:727][147]LogUObjectGlobals:Warning: Failed to load '/Game/AddOns/2DSideScrollerCharacter': Can't find file '/Game/AddOns/2DSideScrollerCharacter'
[2016.04.09-17.22.07:727][147]LogLinker:Warning: Can't find file for asset '/Game/AddOns/2DSideScrollerCharacter' while loading NULL.
[2016.04.09-17.22.07:727][147]LoadErrors: Info Failed to load /Game/AddOns/2DSideScrollerCharacter.2DSideScrollerCharacter_C Referenced by PersistentLevel
[2016.04.09-17.22.07:727][147]LogUObjectGlobals:Warning: Failed to load '/Game/AddOns/2DSideScrollerCharacter': Can't find file for asset '/Game/AddOns/2DSideScrollerCharacter' while loading NULL.
[2016.04.09-17.22.07:747][147]LogAIModule: Creating AISystem for world Level2
[2016.04.09-17.22.07:966][147]LogWorld: Game class is '2DSideScrollerGameMode_C'
[2016.04.09-17.22.07:977][147]LogWorld: Bringing World /Game/2DSideScrollerBP/Maps/Level2.Level2 up for play (max tick rate 0) at 2016.04.09-12.22.07
[2016.04.09-17.22.07:978][147]LogWorld: Bringing up level for play took: 0.010597
[2016.04.09-17.22.07:978][147]LogGameMode: Warning - PATHS NOT DEFINED or NO PLAYERSTART with positive rating
[2016.04.09-17.22.07:982][148]LoadErrors:Warning: Warning CreateExport: Failed to load Outer for resource 'SideViewCameraComponent': 2DSideScrollerCharacter_C /Game/2DSideScrollerBP/Maps/Level2.Level2:PersistentLevel.2DSideScrollerCharacter_130
[2016.04.09-17.22.07:982][148]LoadErrors:Warning: Warning CreateExport: Failed to load Outer for resource 'CollisionCylinder': 2DSideScrollerCharacter_C /Game/2DSideScrollerBP/Maps/Level2.Level2:PersistentLevel.2DSideScrollerCharacter_130
[2016.04.09-17.22.07:982][148]LoadErrors:Warning: Warning CreateExport: Failed to load Outer for resource 'CharMoveComp': 2DSideScrollerCharacter_C /Game/2DSideScrollerBP/Maps/Level2.Level2:PersistentLevel.2DSideScrollerCharacter_130
[2016.04.09-17.22.07:982][148]LoadErrors:Warning: Warning CreateExport: Failed to load Outer for resource 'Sprite0': 2DSideScrollerCharacter_C /Game/2DSideScrollerBP/Maps/Level2.Level2:PersistentLevel.2DSideScrollerCharacter_130
[2016.04.09-17.22.07:982][148]LoadErrors:Warning: Warning CreateExport: Failed to load Outer for resource 'CameraBoom': 2DSideScrollerCharacter_C /Game/2DSideScrollerBP/Maps/Level2.Level2:PersistentLevel.2DSideScrollerCharacter_130
[2016.04.09-17.22.15:659][476]LogEngine: All Windows Closed
[2016.04.09-17.22.15:659][476]LogWindows: FPlatformMisc::RequestExit(0)
[2016.04.09-17.22.16:566][477]LogExit: Preparing to exit.
[2016.04.09-17.22.17:455][477]LogExit: Game engine shut down
[2016.04.09-17.22.17:549][477]LogObj: Freed 0b from 0 cluster array pools.
[2016.04.09-17.22.17:549][477]LogExit: Object subsystem successfully closed.
[2016.04.09-17.22.17:567][477]LogD3D11RHI: Shutdown
[2016.04.09-17.22.17:567][477]LogD3D11RHI: CleanupD3DDevice
[2016.04.09-17.22.17:650][477]LogD3D11RHI: ~FD3D11DynamicRHI
[2016.04.09-17.22.18:050][477]LogDerivedDataCache: Shutdown
[2016.04.09-17.22.18:050][477]LogModuleManager: Shutting down and abandoning module AndroidDeviceDetection (123)
[2016.04.09-17.22.18:330][477]LogModuleManager: Shutting down and abandoning module AutomationController (122)
[2016.04.09-17.22.18:330][477]LogModuleManager: Shutting down and abandoning module AutomationWorker (121)
[2016.04.09-17.22.18:330][477]LogModuleManager: Shutting down and abandoning module CharacterAI (120)
[2016.04.09-17.22.18:330][477]LogModuleManager: Shutting down and abandoning module AITestSuite (119)
[2016.04.09-17.22.18:330][477]LogModuleManager: Shutting down and abandoning module GameplayDebugger (118)
[2016.04.09-17.22.18:330][477]LogModuleManager: Shutting down and abandoning module AIModule (117)
[2016.04.09-17.22.18:330][477]LogModuleManager: Shutting down and abandoning module MovieSceneCapture (116)
[2016.04.09-17.22.18:330][477]LogModuleManager: Shutting down and abandoning module StreamingPauseRendering (115)
[2016.04.09-17.22.18:330][477]LogModuleManager: Shutting down and abandoning module PortalServices (114)
[2016.04.09-17.22.18:330][477]LogModuleManager: Shutting down and abandoning module PortalRpc (113)
[2016.04.09-17.22.18:330][477]LogModuleManager: Shutting down and abandoning module MessagingRpc (112)
[2016.04.09-17.22.18:330][477]LogModuleManager: Shutting down and abandoning module ProfilerService (111)
[2016.04.09-17.22.18:515][477]LogModuleManager: Shutting down and abandoning module TaskGraph (110)
[2016.04.09-17.22.18:515][477]LogModuleManager: Shutting down and abandoning module SlateRemote (109)
[2016.04.09-17.22.18:515][477]LogModuleManager: Shutting down and abandoning module SteamVRController (108)
[2016.04.09-17.22.18:515][477]LogModuleManager: Shutting down and abandoning module SteamVR (107)
[2016.04.09-17.22.18:515][477]LogModuleManager: Shutting down and abandoning module ProceduralMeshComponent (106)
[2016.04.09-17.22.18:515][477]LogModuleManager: Shutting down and abandoning module OculusLibrary (105)
[2016.04.09-17.22.18:515][477]LogModuleManager: Shutting down and abandoning module OculusInput (104)
[2016.04.09-17.22.18:515][477]LogModuleManager: Shutting down and abandoning module CustomMeshComponent (103)
[2016.04.09-17.22.18:515][477]LogModuleManager: Shutting down and abandoning module CableComponent (102)
[2016.04.09-17.22.18:515][477]LogModuleManager: Shutting down and abandoning module ArchVisCharacter (101)
[2016.04.09-17.22.18:515][477]LogModuleManager: Shutting down and abandoning module HTML5Networking (100)
[2016.04.09-17.22.18:515][477]LogModuleManager: Shutting down and abandoning module DesktopPlatform (99)
[2016.04.09-17.22.18:515][477]LogModuleManager: Shutting down and abandoning module DirectoryWatcher (98)
[2016.04.09-17.22.18:515][477]LogModuleManager: Shutting down and abandoning module HotReload (97)
[2016.04.09-17.22.18:515][477]LogModuleManager: Shutting down and abandoning module VisualStudioSourceCodeAccess (96)
[2016.04.09-17.22.18:515][477]LogModuleManager: Shutting down and abandoning module UObjectPlugin (95)
[2016.04.09-17.22.18:515][477]LogModuleManager: Shutting down and abandoning module SubversionSourceControl (94)
[2016.04.09-17.22.18:515][477]LogModuleManager: Shutting down and abandoning module SourceControl (93)
[2016.04.09-17.22.18:515][477]LogModuleManager: Shutting down and abandoning module PerforceSourceControl (92)
[2016.04.09-17.22.18:515][477]LogModuleManager: Shutting down and abandoning module UdpMessaging (91)
[2016.04.09-17.22.18:615][477]LogModuleManager: Shutting down and abandoning module LightPropagationVolumeRuntime (90)
[2016.04.09-17.22.18:615][477]LogModuleManager: Shutting down and abandoning module Paper2D (89)
[2016.04.09-17.22.18:615][477]LogModuleManager: Shutting down and abandoning module WindowsMoviePlayer (88)
[2016.04.09-17.22.18:615][477]LogModuleManager: Shutting down and abandoning module Media (87)
[2016.04.09-17.22.18:615][477]LogModuleManager: Shutting down and abandoning module WmfMedia (86)
[2016.04.09-17.22.18:615][477]LogModuleManager: Shutting down and abandoning module GameLiveStreaming (85)
[2016.04.09-17.22.18:615][477]LogModuleManager: Shutting down and abandoning module GameplayTagsEditor (84)
[2016.04.09-17.22.18:615][477]LogModuleManager: Shutting down and abandoning module OnlineBlueprintSupport (83)
[2016.04.09-17.22.18:615][477]LogModuleManager: Shutting down and abandoning module GameplayTasksEditor (82)
[2016.04.09-17.22.18:615][477]LogModuleManager: Shutting down and abandoning module PropertyEditor (81)
[2016.04.09-17.22.18:615][477]LogModuleManager: Shutting down and abandoning module BehaviorTreeEditor (80)
[2016.04.09-17.22.18:615][477]LogModuleManager: Shutting down and abandoning module FunctionalTesting (79)
[2016.04.09-17.22.18:615][477]LogModuleManager: Shutting down and abandoning module CollisionAnalyzer (78)
[2016.04.09-17.22.18:615][477]LogModuleManager: Shutting down and abandoning module WorkspaceMenuStructure (77)
[2016.04.09-17.22.18:615][477]LogModuleManager: Shutting down and abandoning module MessageLog (76)
[2016.04.09-17.22.18:615][477]LogModuleManager: Shutting down and abandoning module Sequencer (75)
[2016.04.09-17.22.18:615][477]LogModuleManager: Shutting down and abandoning module AssetTools (74)
[2016.04.09-17.22.18:615][477]LogModuleManager: Shutting down and abandoning module UMGEditor (73)
[2016.04.09-17.22.18:615][477]LogModuleManager: Shutting down and abandoning module UMG (72)
[2016.04.09-17.22.18:615][477]LogModuleManager: Shutting down and abandoning module SlateReflector (71)
[2016.04.09-17.22.18:615][477]LogModuleManager: Shutting down and abandoning module Slate (70)
[2016.04.09-17.22.18:615][477]LogModuleManager: Shutting down and abandoning module EditorStyle (69)
[2016.04.09-17.22.18:617][477]LogModuleManager: Shutting down and abandoning module SessionServices (68)
[2016.04.09-17.22.18:617][477]LogModuleManager: Shutting down and abandoning module SourceCodeAccess (67)
[2016.04.09-17.22.18:617][477]LogModuleManager: Shutting down and abandoning module HeadMountedDisplay (66)
[2016.04.09-17.22.18:617][477]LogModuleManager: Shutting down and abandoning module XAudio2 (65)
[2016.04.09-17.22.18:617][477]LogModuleManager: Shutting down and abandoning module Networking (63)
[2016.04.09-17.22.18:617][477]LogModuleManager: Shutting down and abandoning module Core (62)
[2016.04.09-17.22.18:617][477]LogModuleManager: Shutting down and abandoning module KismetCompiler (61)
[2016.04.09-17.22.18:617][477]LogModuleManager: Shutting down and abandoning module PhysXFormats (60)
[2016.04.09-17.22.18:617][477]LogModuleManager: Shutting down and abandoning module MeshUtilities (59)
[2016.04.09-17.22.18:617][477]LogModuleManager: Shutting down and abandoning module CookingStats (58)
[2016.04.09-17.22.18:617][477]LogModuleManager: Shutting down and abandoning module DerivedDataCache (57)
[2016.04.09-17.22.18:617][477]LogDerivedDataCache: Shutdown
[2016.04.09-17.22.18:617][477]LogModuleManager: Shutting down and abandoning module ShaderFormatOpenGL (56)
[2016.04.09-17.22.18:617][477]LogModuleManager: Shutting down and abandoning module ShaderFormatD3D (55)
[2016.04.09-17.22.18:617][477]LogModuleManager: Shutting down and abandoning module MetalShaderFormat (54)
[2016.04.09-17.22.18:617][477]LogModuleManager: Shutting down and abandoning module TextureFormatUncompressed (53)
[2016.04.09-17.22.18:617][477]LogModuleManager: Shutting down and abandoning module TextureFormatPVR (52)
[2016.04.09-17.22.18:617][477]LogModuleManager: Shutting down and abandoning module TextureFormatIntelISPCTexComp (51)
[2016.04.09-17.22.18:617][477]LogModuleManager: Shutting down and abandoning module TextureFormatDXT (50)
[2016.04.09-17.22.18:617][477]LogModuleManager: Shutting down and abandoning module ImageWrapper (49)
[2016.04.09-17.22.18:617][477]LogModuleManager: Shutting down and abandoning module TextureFormatASTC (48)
[2016.04.09-17.22.18:617][477]LogModuleManager: Shutting down and abandoning module TextureFormatAndroid (47)
[2016.04.09-17.22.18:617][477]LogModuleManager: Shutting down and abandoning module AudioFormatOpus (46)
[2016.04.09-17.22.18:617][477]LogModuleManager: Shutting down and abandoning module AudioFormatOgg (45)
[2016.04.09-17.22.18:617][477]LogModuleManager: Shutting down and abandoning module AudioFormatADPCM (44)
[2016.04.09-17.22.18:617][477]LogModuleManager: Shutting down and abandoning module LinuxTargetPlatform (43)
[2016.04.09-17.22.18:617][477]LogModuleManager: Shutting down and abandoning module LinuxServerTargetPlatform (42)
[2016.04.09-17.22.18:617][477]LogModuleManager: Shutting down and abandoning module LinuxNoEditorTargetPlatform (41)
[2016.04.09-17.22.18:617][477]LogModuleManager: Shutting down and abandoning module TVOSTargetPlatform (40)
[2016.04.09-17.22.18:617][477]LogModuleManager: Shutting down and abandoning module Messaging (39)
[2016.04.09-17.22.18:617][477]LogModuleManager: Shutting down and abandoning module IOSTargetPlatform (38)
[2016.04.09-17.22.18:617][477]LogModuleManager: Shutting down and abandoning module HTML5TargetPlatform (37)
[2016.04.09-17.22.18:617][477]LogModuleManager: Shutting down and abandoning module Android_PVRTCTargetPlatform (36)
[2016.04.09-17.22.18:617][477]LogModuleManager: Shutting down and abandoning module Android_MultiTargetPlatform (35)
[2016.04.09-17.22.18:617][477]LogModuleManager: Shutting down and abandoning module Android_ETC2TargetPlatform (34)
[2016.04.09-17.22.18:617][477]LogModuleManager: Shutting down and abandoning module Android_ETC1TargetPlatform (33)
[2016.04.09-17.22.18:617][477]LogModuleManager: Shutting down and abandoning module Android_DXTTargetPlatform (32)
[2016.04.09-17.22.18:617][477]LogModuleManager: Shutting down and abandoning module Android_ATCTargetPlatform (31)
[2016.04.09-17.22.18:617][477]LogModuleManager: Shutting down and abandoning module Android_ASTCTargetPlatform (30)
[2016.04.09-17.22.18:617][477]LogModuleManager: Shutting down and abandoning module AndroidTargetPlatform (29)
[2016.04.09-17.22.18:617][477]LogModuleManager: Shutting down and abandoning module WindowsTargetPlatform (28)
[2016.04.09-17.22.18:617][477]LogModuleManager: Shutting down and abandoning module WindowsServerTargetPlatform (27)
[2016.04.09-17.22.18:617][477]LogModuleManager: Shutting down and abandoning module WindowsNoEditorTargetPlatform (26)
[2016.04.09-17.22.18:618][477]LogModuleManager: Shutting down and abandoning module WindowsClientTargetPlatform (25)
[2016.04.09-17.22.18:618][477]LogModuleManager: Shutting down and abandoning module AllDesktopTargetPlatform (24)
[2016.04.09-17.22.18:618][477]LogModuleManager: Shutting down and abandoning module TargetPlatform (23)
[2016.04.09-17.22.18:618][477]LogModuleManager: Shutting down and abandoning module InputCore (22)
[2016.04.09-17.22.18:618][477]LogModuleManager: Shutting down and abandoning module Settings (21)
[2016.04.09-17.22.18:618][477]LogModuleManager: Shutting down and abandoning module OnlineSubsystem (19)
[2016.04.09-17.22.18:618][477]LogModuleManager: Shutting down and abandoning module HTTP (18)
[2016.04.09-17.22.18:618][477]LogModuleManager: Shutting down and abandoning module XMPP (17)
[2016.04.09-17.22.18:618][477]LogModuleManager: Shutting down and abandoning module OculusRift (16)
[2016.04.09-17.22.18:618][477]LogModuleManager: Shutting down and abandoning module ExampleDeviceProfileSelector (15)
[2016.04.09-17.22.18:618][477]LogModuleManager: Shutting down and abandoning module TextureCompressor (14)
[2016.04.09-17.22.18:618][477]LogModuleManager: Shutting down and abandoning module ShaderCore (13)
[2016.04.09-17.22.18:618][477]LogModuleManager: Shutting down and abandoning module Landscape (12)
[2016.04.09-17.22.18:618][477]LogModuleManager: Shutting down and abandoning module SlateRHIRenderer (11)
[2016.04.09-17.22.18:618][477]LogModuleManager: Shutting down and abandoning module OpenGLDrv (10)
[2016.04.09-17.22.18:618][477]LogModuleManager: Shutting down and abandoning module D3D11RHI (9)
[2016.04.09-17.22.18:618][477]LogModuleManager: Shutting down and abandoning module AnimGraphRuntime (8)
[2016.04.09-17.22.18:618][477]LogModuleManager: Shutting down and abandoning module Renderer (7)
[2016.04.09-17.22.18:618][477]LogModuleManager: Shutting down and abandoning module Engine (6)
[2016.04.09-17.22.18:618][477]LogModuleManager: Shutting down and abandoning module CoreUObject (5)
[2016.04.09-17.22.18:618][477]LogModuleManager: Shutting down and abandoning module NetworkFile (4)
[2016.04.09-17.22.18:618][477]LogModuleManager: Shutting down and abandoning module StreamingFile (3)
[2016.04.09-17.22.18:618][477]LogModuleManager: Shutting down and abandoning module SandboxFile (2)
[2016.04.09-17.22.18:618][477]LogModuleManager: Shutting down and abandoning module PakFile (1)
[2016.04.09-17.22.18:619][477]LogExit: Exiting.
[2016.04.09-17.22.18:620][477]Log file closed, 04/09/16 12:22:18
