Log file open, 04/09/16 15:40:23
LogInit:Display: Running engine for game: MyProject
LogPlatformFile: Not using cached read wrapper
LogInit:Display: RandInit(855787241) SRandInit(855787243).
LogTaskGraph: Started task graph with 4 named threads and 7 total threads.
LogStats: Stats thread started at 0.068497
LogInit: Version: 4.11.1-2934540+++UE4+Release-4.11
LogInit: API Version: 2927265
LogInit: Compiled (64-bit): Apr  6 2016 02:14:16
LogInit: Compiled with Visual C++: 19.00.23026.00
LogInit: Build Configuration: Development
LogInit: Branch Name: ++UE4+Release-4.11
LogInit: Command line:  /Temp/Autosaves/Game/2DSideScrollerBP/Maps/UEDPCTitleScreen -game -PIEVIACONSOLE -ResX=1280 -ResY=720  -Multiprocess -messaging -SessionName="Play in Standalone Game" 
LogInit: Base directory: C:/Program Files (x86)/Epic Games/4.11/Engine/Binaries/Win64/
LogInit: Installed Engine Build: 1
LogInit: Using libcurl 7.41.0
LogInit:  - built for x86_64-pc-win32
LogInit:  - supports SSL with WinSSL
LogInit:  - other features:
LogInit:      CURL_VERSION_SSL
LogInit:      CURL_VERSION_IPV6
LogInit:      CURL_VERSION_ASYNCHDNS
LogInit:      CURL_VERSION_LARGEFILE
LogInit:      CURL_VERSION_IDN
LogInit:  CurlRequestOptions (configurable via config and command line):
LogInit:  - bVerifyPeer = true  - Libcurl will verify peer certificate
LogInit:  - bUseHttpProxy = false  - Libcurl will NOT use HTTP proxy
LogInit:  - bDontReuseConnections = false  - Libcurl will reuse connections
LogInit:  - CertBundlePath = nullptr  - Libcurl will use whatever was configured at build time.
LogInit: Presizing for max 16777216 objects, including 0 objects not considered by GC, pre-allocating 0 bytes for permanent pool.
LogInit: Object subsystem initialized
[2016.04.09-20.40.23:437][  0]LogInit: Selected Device Profile: [Windows]
[2016.04.09-20.40.23:437][  0]LogInit: Applying CVar settings loaded from the selected device profile: [Windows]
[2016.04.09-20.40.23:440][  0]LogInit: Computer: CURTIS-PC
[2016.04.09-20.40.23:440][  0]LogInit: User: Curtis
[2016.04.09-20.40.23:440][  0]LogInit: CPU Page size=65536, Cores=4
[2016.04.09-20.40.23:440][  0]LogInit: High frequency timer resolution =2.336201 MHz
[2016.04.09-20.40.23:440][  0]LogMemory: Memory total: Physical=7.9GB (8GB approx)
[2016.04.09-20.40.23:440][  0]LogMemory: Platform Memory Stats for Windows
[2016.04.09-20.40.23:440][  0]LogMemory: Process Physical Memory: 314.02 MB used, 314.02 MB peak
[2016.04.09-20.40.23:440][  0]LogMemory: Process Virtual Memory: 316.73 MB used, 316.73 MB peak
[2016.04.09-20.40.23:440][  0]LogMemory: Physical Memory: 4893.96 MB used, 8139.82 MB total
[2016.04.09-20.40.23:440][  0]LogMemory: Virtual Memory: 620.69 MB used, 8388608.00 MB total
[2016.04.09-20.40.23:469][  0]LogTextLocalizationManager: No specific translations for ('en-US') exist, so ('en') translations will be used.
[2016.04.09-20.40.23:874][  0]LogD3D11RHI: D3D11 adapters:
[2016.04.09-20.40.23:896][  0]LogD3D11RHI:    0. 'AMD Radeon HD 6870M' (Feature Level 11_0)
[2016.04.09-20.40.23:896][  0]LogD3D11RHI:       1010MB of dedicated video memory, 0MB of dedicated system memory, and 3813MB of shared system memory, 1 output[s]
[2016.04.09-20.40.23:901][  0]LogD3D11RHI:    1. 'Intel(R) HD Graphics 3000' (Feature Level 10_0)
[2016.04.09-20.40.23:901][  0]LogD3D11RHI:       64MB of dedicated video memory, 0MB of dedicated system memory, and 1632MB of shared system memory, 0 output[s]
[2016.04.09-20.40.23:901][  0]LogD3D11RHI: Chosen D3D11 Adapter: 0
[2016.04.09-20.40.23:905][  0]LogD3D11RHI: Creating new Direct3DDevice
[2016.04.09-20.40.23:906][  0]LogD3D11RHI:     Adapter Name: AMD Radeon HD 6870M
[2016.04.09-20.40.23:906][  0]LogD3D11RHI:   Driver Version: 9.3.0.0 (internal 9.3.0.0)
[2016.04.09-20.40.23:906][  0]LogD3D11RHI:      Driver Date: 10-25-2012
[2016.04.09-20.40.23:906][  0]LogRHI: Texture pool is 707 MB (70% of 1010 MB)
[2016.04.09-20.40.23:911][  0]LogD3D11RHI: Async texture creation disabled: no driver support
[2016.04.09-20.40.23:922][  0]LogShaderCompilers: Guid format shader working directory is -16 characters bigger than the processId version (../../../../../../Users/Curtis/Documents/Unreal Projects/IceBox/Intermediate/Shaders/WorkingDirectory/5448/).
[2016.04.09-20.40.23:923][  0]LogShaderCompilers: Cleaned the shader compiler working directory 'C:/Users/Curtis/AppData/Local/Temp/UnrealShaderWorkingDir/7F9A2A3745B0AFBB2175A48173A06343/'.
[2016.04.09-20.40.23:923][  0]LogShaderCompilers:Display: Using Local Shader Compiler.
[2016.04.09-20.40.24:890][  0]LogTemp:Display: Loaded TP AllDesktopTargetPlatform
[2016.04.09-20.40.24:894][  0]LogTemp:Display: Loaded TP WindowsClientTargetPlatform
[2016.04.09-20.40.24:898][  0]LogTemp:Display: Loaded TP WindowsNoEditorTargetPlatform
[2016.04.09-20.40.24:902][  0]LogTemp:Display: Loaded TP WindowsServerTargetPlatform
[2016.04.09-20.40.24:906][  0]LogTemp:Display: Loaded TP WindowsTargetPlatform
[2016.04.09-20.40.24:909][  0]LogTemp:Display: Loaded TP AndroidTargetPlatform
[2016.04.09-20.40.24:911][  0]LogTemp:Display: Loaded TP Android_ASTCTargetPlatform
[2016.04.09-20.40.24:914][  0]LogTemp:Display: Loaded TP Android_ATCTargetPlatform
[2016.04.09-20.40.24:917][  0]LogTemp:Display: Loaded TP Android_DXTTargetPlatform
[2016.04.09-20.40.24:920][  0]LogTemp:Display: Loaded TP Android_ETC1TargetPlatform
[2016.04.09-20.40.24:923][  0]LogTemp:Display: Loaded TP Android_ETC2TargetPlatform
[2016.04.09-20.40.24:928][  0]LogTemp:Display: Loaded TP Android_MultiTargetPlatform
[2016.04.09-20.40.24:928][  0]LogTemp:Display: Loaded TP Android_PVRTCTargetPlatform
[2016.04.09-20.40.24:929][  0]LogTemp:Display: Loaded TP HTML5TargetPlatform
[2016.04.09-20.40.24:944][  0]LogTemp:Display: Loaded TP IOSTargetPlatform
[2016.04.09-20.40.24:946][  0]LogTemp:Display: Loaded TP TVOSTargetPlatform
[2016.04.09-20.40.24:949][  0]LogTemp:Display: Loaded TP LinuxNoEditorTargetPlatform
[2016.04.09-20.40.24:952][  0]LogTemp:Display: Loaded TP LinuxServerTargetPlatform
[2016.04.09-20.40.24:955][  0]LogTemp:Display: Loaded TP LinuxTargetPlatform
[2016.04.09-20.40.24:955][  0]LogTargetPlatformManager:Display: Building Assets For Windows
[2016.04.09-20.40.25:015][  0]LogDerivedDataCache:Display: Max Cache Size: 512 MB
[2016.04.09-20.40.25:064][  0]LogDerivedDataCache: Loaded boot cache 0.05s 46MB C:/Users/Curtis/AppData/Local/UnrealEngine/4.11/DerivedDataCache/Boot.ddc.
[2016.04.09-20.40.25:064][  0]LogDerivedDataCache:Display: Loaded Boot cache: C:/Users/Curtis/AppData/Local/UnrealEngine/4.11/DerivedDataCache/Boot.ddc
[2016.04.09-20.40.25:064][  0]LogDerivedDataCache: FDerivedDataBackendGraph:  Pak pak cache file ../../../../../../Users/Curtis/Documents/Unreal Projects/IceBox/DerivedDataCache/DDC.ddp not found, will not use a pak cache.
[2016.04.09-20.40.25:064][  0]LogDerivedDataCache: Unable to find inner node Pak for hierarchical cache Hierarchy.
[2016.04.09-20.40.25:064][  0]LogDerivedDataCache: FDerivedDataBackendGraph:  CompressedPak pak cache file ../../../../../../Users/Curtis/Documents/Unreal Projects/IceBox/DerivedDataCache/Compressed.ddp not found, will not use a pak cache.
[2016.04.09-20.40.25:064][  0]LogDerivedDataCache: Unable to find inner node CompressedPak for hierarchical cache Hierarchy.
[2016.04.09-20.40.25:080][  0]LogDerivedDataCache:Display: Pak cache opened for reading ../../../Engine/DerivedDataCache/Compressed.ddp.
[2016.04.09-20.40.25:092][  0]LogDerivedDataCache: Using Local data cache path C:/Users/Curtis/AppData/Local/UnrealEngine/Common/DerivedDataCache: Writable
[2016.04.09-20.40.25:285][  0]LogInit: Selected Device Profile: [Windows]
[2016.04.09-20.40.25:289][  0]LogMaterial: Uniform references updated for custom material expression Custom.
[2016.04.09-20.40.25:291][  0]LogContentStreaming: Texture pool size is 1000.00 MB
[2016.04.09-20.40.25:424][  0]LogMeshUtilities: No automatic mesh reduction module available
[2016.04.09-20.40.25:424][  0]LogMeshUtilities: No automatic mesh merging module available
[2016.04.09-20.40.25:424][  0]LogMeshUtilities: No distributed automatic mesh merging module available
[2016.04.09-20.40.25:639][  0]LogInit: WinSock: version 1.1 (2.2), MaxSocks=32767, MaxUdp=65467
[2016.04.09-20.40.25:690][  0]LogSlate: SlateFontCache - WITH_FREETYPE: 1, WITH_HARFBUZZ: 1
[2016.04.09-20.40.25:690][  0]LogSlate: SlateFontCache - WITH_FREETYPE: 1, WITH_HARFBUZZ: 1
[2016.04.09-20.40.25:820][  0]LogWindowsMoviePlayer: Unable to load movie: ../../../../../../Users/Curtis/Documents/Unreal Projects/IceBox/Content/Movies/Default_Startup.mp4
[2016.04.09-20.40.25:884][  0]LogUdpMessaging: Initializing bridge on interface 0.0.0.0:0 to multicast group 230.0.0.1:6666.
[2016.04.09-20.40.25:962][  0]SourceControl: Info Source control is disabled
[2016.04.09-20.40.25:962][  0]SourceControl: Info Source control is disabled
[2016.04.09-20.40.25:970][  0]SourceControl: Info Source control is disabled
[2016.04.09-20.40.26:053][  0]LogUObjectArray: 29142 objects as part of root set at end of initial load.
[2016.04.09-20.40.26:053][  0]LogUObjectAllocator: 6065048 out of 0 bytes used by permanent object pool.
[2016.04.09-20.40.26:053][  0]LogUObjectArray: CloseDisregardForGC: 0/0 objects in disregard for GC pool
[2016.04.09-20.40.26:108][  0]LogEngine: Initializing Engine...
[2016.04.09-20.40.26:109][  0]LogHMD: SteamVR failed to initialize.  Err: 110
[2016.04.09-20.40.26:109][  0]LogHMD: SteamVR failed to initialize.  Err: 110
[2016.04.09-20.40.26:241][  0]LogInit: XAudio2 using 'Speakers / Headphones (IDT High Definition Audio CODEC)' : 2 channels at 48 kHz using 16 bits per sample (channel mask 0x3)
[2016.04.09-20.40.26:251][  0]LogInit: FAudioDevice initialized.
[2016.04.09-20.40.26:257][  0]LogInit: Texture streaming: Enabled
[2016.04.09-20.40.26:333][  0]LogNet: Browse: /Temp/Autosaves/Game/2DSideScrollerBP/Maps/UEDPCTitleScreen?Name=Player
[2016.04.09-20.40.26:333][  0]LogLoad: LoadMap: /Temp/Autosaves/Game/2DSideScrollerBP/Maps/UEDPCTitleScreen?Name=Player
[2016.04.09-20.40.26:347][  0]LogMemory: Platform Memory Stats for Windows
[2016.04.09-20.40.26:347][  0]LogMemory: Process Physical Memory: 640.58 MB used, 643.34 MB peak
[2016.04.09-20.40.26:347][  0]LogMemory: Process Virtual Memory: 623.89 MB used, 631.83 MB peak
[2016.04.09-20.40.26:347][  0]LogMemory: Physical Memory: 5165.22 MB used, 8139.82 MB total
[2016.04.09-20.40.26:347][  0]LogMemory: Virtual Memory: 1148.76 MB used, 8388608.00 MB total
[2016.04.09-20.40.26:347][  0]LogMemory: 
[2016.04.09-20.40.26:347][  0]Allocator Stats for TBB: (not implemented)
[2016.04.09-20.40.26:652][  0]LogAIModule: Creating AISystem for world TitleScreen
[2016.04.09-20.40.26:652][  0]LogWorld: Game class is '2DSideScrollerGameMode_C'
[2016.04.09-20.40.26:654][  0]LogWorld: Bringing World /Temp/Autosaves/Game/2DSideScrollerBP/Maps/UEDPCTitleScreen.TitleScreen up for play (max tick rate 0) at 2016.04.09-15.40.26
[2016.04.09-20.40.26:654][  0]LogWorld: Bringing up level for play took: 0.000683
[2016.04.09-20.40.26:659][  0]LogInit:Display: Game Engine Initialized.
[2016.04.09-20.40.26:882][  0]LogLoad: Full Startup: 4.02 seconds (BP compile: 0.07 seconds)
[2016.04.09-20.40.26:882][  0]LogExternalProfiler:Warning: No registered external profiler was matched with a command-line switch (or the DLL could not be loaded).  External profiling features will not be available.
[2016.04.09-20.40.26:899][  0]LogOcInput: OculusInput pre-init called
[2016.04.09-20.40.27:044][  2]LogRenderer: Reallocating scene render targets to support 1280x720 (Frame:2).
[2016.04.09-20.40.28:779][ 98]LogPackageName: SearchForPackageOnDisk took   0.063s to resolve Level1.umap.
[2016.04.09-20.40.28:833][ 98]LogPackageName: SearchForPackageOnDisk took   0.054s to resolve Level1.umap.
[2016.04.09-20.40.28:833][ 98]LogNet: Browse: /Game/2DSideScrollerBP/Maps/Level1
[2016.04.09-20.40.28:833][ 98]LogLoad: LoadMap: /Game/2DSideScrollerBP/Maps/Level1
[2016.04.09-20.40.28:861][ 98]LogMemory: Platform Memory Stats for Windows
[2016.04.09-20.40.28:861][ 98]LogMemory: Process Physical Memory: 669.50 MB used, 678.99 MB peak
[2016.04.09-20.40.28:861][ 98]LogMemory: Process Virtual Memory: 635.80 MB used, 648.43 MB peak
[2016.04.09-20.40.28:862][ 98]LogMemory: Physical Memory: 5183.49 MB used, 8139.82 MB total
[2016.04.09-20.40.28:862][ 98]LogMemory: Virtual Memory: 1182.47 MB used, 8388608.00 MB total
[2016.04.09-20.40.28:862][ 98]LogMemory: 
[2016.04.09-20.40.28:862][ 98]Allocator Stats for TBB: (not implemented)
[2016.04.09-20.40.29:152][ 98]LogAIModule: Creating AISystem for world Level1
[2016.04.09-20.40.29:152][ 98]LogWorld: Game class is '2DSideScrollerGameMode_C'
[2016.04.09-20.40.29:165][ 98]LogWorld: Bringing World /Game/2DSideScrollerBP/Maps/Level1.Level1 up for play (max tick rate 0) at 2016.04.09-15.40.29
[2016.04.09-20.40.29:166][ 98]LogWorld: Bringing up level for play took: 0.013576
[2016.04.09-20.40.30:437][167]LogPackageName: SearchForPackageOnDisk took   0.055s to resolve Level1.umap.
[2016.04.09-20.40.30:492][168]LogPackageName: SearchForPackageOnDisk took   0.054s to resolve Level1.umap.
[2016.04.09-20.40.30:492][168]LogNet: Browse: /Game/2DSideScrollerBP/Maps/Level1
[2016.04.09-20.40.30:493][168]LogLoad: LoadMap: /Game/2DSideScrollerBP/Maps/Level1
[2016.04.09-20.40.30:522][168]LogMemory: Platform Memory Stats for Windows
[2016.04.09-20.40.30:522][168]LogMemory: Process Physical Memory: 694.19 MB used, 695.25 MB peak
[2016.04.09-20.40.30:522][168]LogMemory: Process Virtual Memory: 667.52 MB used, 675.16 MB peak
[2016.04.09-20.40.30:522][168]LogMemory: Physical Memory: 5207.89 MB used, 8139.82 MB total
[2016.04.09-20.40.30:522][168]LogMemory: Virtual Memory: 1213.97 MB used, 8388608.00 MB total
[2016.04.09-20.40.30:522][168]LogMemory: 
[2016.04.09-20.40.30:522][168]Allocator Stats for TBB: (not implemented)
[2016.04.09-20.40.30:813][168]LogAIModule: Creating AISystem for world Level1
[2016.04.09-20.40.30:813][168]LogWorld: Game class is '2DSideScrollerGameMode_C'
[2016.04.09-20.40.30:826][168]LogWorld: Bringing World /Game/2DSideScrollerBP/Maps/Level1.Level1 up for play (max tick rate 0) at 2016.04.09-15.40.30
[2016.04.09-20.40.30:826][168]LogWorld: Bringing up level for play took: 0.012608
[2016.04.09-20.40.30:890][169]LogPackageName: SearchForPackageOnDisk took   0.060s to resolve Level1.umap.
[2016.04.09-20.40.30:945][169]LogPackageName: SearchForPackageOnDisk took   0.055s to resolve Level1.umap.
[2016.04.09-20.40.31:002][170]LogPackageName: SearchForPackageOnDisk took   0.055s to resolve Level1.umap.
[2016.04.09-20.40.31:002][170]LogNet: Browse: /Game/2DSideScrollerBP/Maps/Level1
[2016.04.09-20.40.31:002][170]LogLoad: LoadMap: /Game/2DSideScrollerBP/Maps/Level1
[2016.04.09-20.40.31:031][170]LogMemory: Platform Memory Stats for Windows
[2016.04.09-20.40.31:031][170]LogMemory: Process Physical Memory: 709.30 MB used, 709.31 MB peak
[2016.04.09-20.40.31:031][170]LogMemory: Process Virtual Memory: 679.81 MB used, 679.81 MB peak
[2016.04.09-20.40.31:031][170]LogMemory: Physical Memory: 5229.28 MB used, 8139.82 MB total
[2016.04.09-20.40.31:031][170]LogMemory: Virtual Memory: 1223.97 MB used, 8388608.00 MB total
[2016.04.09-20.40.31:031][170]LogMemory: 
[2016.04.09-20.40.31:031][170]Allocator Stats for TBB: (not implemented)
[2016.04.09-20.40.31:323][170]LogAIModule: Creating AISystem for world Level1
[2016.04.09-20.40.31:323][170]LogWorld: Game class is '2DSideScrollerGameMode_C'
[2016.04.09-20.40.31:335][170]LogWorld: Bringing World /Game/2DSideScrollerBP/Maps/Level1.Level1 up for play (max tick rate 0) at 2016.04.09-15.40.31
[2016.04.09-20.40.31:336][170]LogWorld: Bringing up level for play took: 0.011669
[2016.04.09-20.40.31:406][171]LogPackageName: SearchForPackageOnDisk took   0.055s to resolve Level1.umap.
[2016.04.09-20.40.31:460][171]LogPackageName: SearchForPackageOnDisk took   0.054s to resolve Level1.umap.
[2016.04.09-20.40.31:516][172]LogPackageName: SearchForPackageOnDisk took   0.055s to resolve Level1.umap.
[2016.04.09-20.40.31:516][172]LogNet: Browse: /Game/2DSideScrollerBP/Maps/Level1
[2016.04.09-20.40.31:516][172]LogLoad: LoadMap: /Game/2DSideScrollerBP/Maps/Level1
[2016.04.09-20.40.31:547][172]LogMemory: Platform Memory Stats for Windows
[2016.04.09-20.40.31:547][172]LogMemory: Process Physical Memory: 711.83 MB used, 711.84 MB peak
[2016.04.09-20.40.31:547][172]LogMemory: Process Virtual Memory: 684.92 MB used, 684.95 MB peak
[2016.04.09-20.40.31:547][172]LogMemory: Physical Memory: 5232.52 MB used, 8139.82 MB total
[2016.04.09-20.40.31:547][172]LogMemory: Virtual Memory: 1234.00 MB used, 8388608.00 MB total
[2016.04.09-20.40.31:547][172]LogMemory: 
[2016.04.09-20.40.31:547][172]Allocator Stats for TBB: (not implemented)
[2016.04.09-20.40.31:841][172]LogAIModule: Creating AISystem for world Level1
[2016.04.09-20.40.31:841][172]LogWorld: Game class is '2DSideScrollerGameMode_C'
[2016.04.09-20.40.31:853][172]LogWorld: Bringing World /Game/2DSideScrollerBP/Maps/Level1.Level1 up for play (max tick rate 0) at 2016.04.09-15.40.31
[2016.04.09-20.40.31:854][172]LogWorld: Bringing up level for play took: 0.012481
[2016.04.09-20.40.31:914][173]LogPackageName: SearchForPackageOnDisk took   0.056s to resolve Level1.umap.
[2016.04.09-20.40.31:969][173]LogPackageName: SearchForPackageOnDisk took   0.054s to resolve Level1.umap.
[2016.04.09-20.40.32:025][174]LogPackageName: SearchForPackageOnDisk took   0.054s to resolve Level1.umap.
[2016.04.09-20.40.32:025][174]LogNet: Browse: /Game/2DSideScrollerBP/Maps/Level1
[2016.04.09-20.40.32:025][174]LogLoad: LoadMap: /Game/2DSideScrollerBP/Maps/Level1
[2016.04.09-20.40.32:054][174]LogMemory: Platform Memory Stats for Windows
[2016.04.09-20.40.32:054][174]LogMemory: Process Physical Memory: 714.88 MB used, 714.89 MB peak
[2016.04.09-20.40.32:054][174]LogMemory: Process Virtual Memory: 685.09 MB used, 685.12 MB peak
[2016.04.09-20.40.32:054][174]LogMemory: Physical Memory: 5238.50 MB used, 8139.82 MB total
[2016.04.09-20.40.32:054][174]LogMemory: Virtual Memory: 1234.00 MB used, 8388608.00 MB total
[2016.04.09-20.40.32:054][174]LogMemory: 
[2016.04.09-20.40.32:054][174]Allocator Stats for TBB: (not implemented)
[2016.04.09-20.40.32:354][174]LogAIModule: Creating AISystem for world Level1
[2016.04.09-20.40.32:354][174]LogWorld: Game class is '2DSideScrollerGameMode_C'
[2016.04.09-20.40.32:366][174]LogWorld: Bringing World /Game/2DSideScrollerBP/Maps/Level1.Level1 up for play (max tick rate 0) at 2016.04.09-15.40.32
[2016.04.09-20.40.32:367][174]LogWorld: Bringing up level for play took: 0.012091
[2016.04.09-20.40.32:428][175]LogPackageName: SearchForPackageOnDisk took   0.057s to resolve Level1.umap.
[2016.04.09-20.40.32:483][175]LogPackageName: SearchForPackageOnDisk took   0.054s to resolve Level1.umap.
[2016.04.09-20.40.32:483][175]LogScript:Warning: Accessed None trying to read property Ice_Box
	2DSideScrollerCharacter_C /Game/2DSideScrollerBP/Maps/Level1.Level1:PersistentLevel.2DSideScrollerCharacter_4768
	Function /Game/2DSideScrollerBP/Blueprints/2DSideScrollerCharacter.2DSideScrollerCharacter_C:Death:0236
[2016.04.09-20.40.32:539][176]LogPackageName: SearchForPackageOnDisk took   0.055s to resolve Level1.umap.
[2016.04.09-20.40.32:539][176]LogNet: Browse: /Game/2DSideScrollerBP/Maps/Level1
[2016.04.09-20.40.32:539][176]LogLoad: LoadMap: /Game/2DSideScrollerBP/Maps/Level1
[2016.04.09-20.40.32:570][176]LogMemory: Platform Memory Stats for Windows
[2016.04.09-20.40.32:570][176]LogMemory: Process Physical Memory: 718.00 MB used, 718.01 MB peak
[2016.04.09-20.40.32:570][176]LogMemory: Process Virtual Memory: 686.72 MB used, 686.75 MB peak
[2016.04.09-20.40.32:570][176]LogMemory: Physical Memory: 5238.73 MB used, 8139.82 MB total
[2016.04.09-20.40.32:570][176]LogMemory: Virtual Memory: 1235.00 MB used, 8388608.00 MB total
[2016.04.09-20.40.32:570][176]LogMemory: 
[2016.04.09-20.40.32:570][176]Allocator Stats for TBB: (not implemented)
[2016.04.09-20.40.32:861][176]LogAIModule: Creating AISystem for world Level1
[2016.04.09-20.40.32:861][176]LogWorld: Game class is '2DSideScrollerGameMode_C'
[2016.04.09-20.40.32:873][176]LogWorld: Bringing World /Game/2DSideScrollerBP/Maps/Level1.Level1 up for play (max tick rate 0) at 2016.04.09-15.40.32
[2016.04.09-20.40.32:874][176]LogWorld: Bringing up level for play took: 0.012092
[2016.04.09-20.40.32:878][177]LogScript:Warning: Accessed None trying to read property Ice_Box
	2DSideScrollerCharacter_C /Game/2DSideScrollerBP/Maps/Level1.Level1:PersistentLevel.2DSideScrollerCharacter_4768
	Function /Game/2DSideScrollerBP/Blueprints/2DSideScrollerCharacter.2DSideScrollerCharacter_C:Death:0236
[2016.04.09-20.40.43:150][791]LogPackageName: SearchForPackageOnDisk took   0.055s to resolve TitleScreen.umap.
[2016.04.09-20.40.43:204][791]LogPackageName: SearchForPackageOnDisk took   0.054s to resolve TitleScreen.umap.
[2016.04.09-20.40.43:204][791]LogNet: Browse: /Game/2DSideScrollerBP/Maps/TitleScreen
[2016.04.09-20.40.43:204][791]LogLoad: LoadMap: /Game/2DSideScrollerBP/Maps/TitleScreen
[2016.04.09-20.40.43:235][791]LogMemory: Platform Memory Stats for Windows
[2016.04.09-20.40.43:235][791]LogMemory: Process Physical Memory: 720.82 MB used, 720.82 MB peak
[2016.04.09-20.40.43:235][791]LogMemory: Process Virtual Memory: 691.79 MB used, 691.82 MB peak
[2016.04.09-20.40.43:235][791]LogMemory: Physical Memory: 5237.74 MB used, 8139.82 MB total
[2016.04.09-20.40.43:235][791]LogMemory: Virtual Memory: 1240.06 MB used, 8388608.00 MB total
[2016.04.09-20.40.43:235][791]LogMemory: 
[2016.04.09-20.40.43:235][791]Allocator Stats for TBB: (not implemented)
[2016.04.09-20.40.43:520][791]LogAIModule: Creating AISystem for world TitleScreen
[2016.04.09-20.40.43:520][791]LogWorld: Game class is '2DSideScrollerGameMode_C'
[2016.04.09-20.40.43:521][791]LogWorld: Bringing World /Game/2DSideScrollerBP/Maps/TitleScreen.TitleScreen up for play (max tick rate 0) at 2016.04.09-15.40.43
[2016.04.09-20.40.43:521][791]LogWorld: Bringing up level for play took: 0.000688
[2016.04.09-20.40.43:522][791]LogGameMode: Warning - PATHS NOT DEFINED or NO PLAYERSTART with positive rating
[2016.04.09-20.40.45:331][903]Closing by request
[2016.04.09-20.40.45:331][903]LogWindows: FPlatformMisc::RequestExit(0)
[2016.04.09-20.40.46:146][904]LogExit: Preparing to exit.
[2016.04.09-20.40.47:042][904]LogExit: Game engine shut down
[2016.04.09-20.40.47:160][904]LogObj: Freed 0b from 0 cluster array pools.
[2016.04.09-20.40.47:160][904]LogExit: Object subsystem successfully closed.
[2016.04.09-20.40.47:172][904]LogD3D11RHI: Shutdown
[2016.04.09-20.40.47:172][904]LogD3D11RHI: CleanupD3DDevice
[2016.04.09-20.40.47:222][904]LogD3D11RHI: ~FD3D11DynamicRHI
[2016.04.09-20.40.47:583][904]LogDerivedDataCache: Shutdown
[2016.04.09-20.40.47:583][904]LogModuleManager: Shutting down and abandoning module AndroidDeviceDetection (123)
[2016.04.09-20.40.48:342][904]LogModuleManager: Shutting down and abandoning module AutomationController (122)
[2016.04.09-20.40.48:342][904]LogModuleManager: Shutting down and abandoning module AutomationWorker (121)
[2016.04.09-20.40.48:342][904]LogModuleManager: Shutting down and abandoning module CharacterAI (120)
[2016.04.09-20.40.48:342][904]LogModuleManager: Shutting down and abandoning module AITestSuite (119)
[2016.04.09-20.40.48:342][904]LogModuleManager: Shutting down and abandoning module GameplayDebugger (118)
[2016.04.09-20.40.48:342][904]LogModuleManager: Shutting down and abandoning module AIModule (117)
[2016.04.09-20.40.48:342][904]LogModuleManager: Shutting down and abandoning module MovieSceneCapture (116)
[2016.04.09-20.40.48:342][904]LogModuleManager: Shutting down and abandoning module StreamingPauseRendering (115)
[2016.04.09-20.40.48:342][904]LogModuleManager: Shutting down and abandoning module PortalServices (114)
[2016.04.09-20.40.48:342][904]LogModuleManager: Shutting down and abandoning module PortalRpc (113)
[2016.04.09-20.40.48:342][904]LogModuleManager: Shutting down and abandoning module MessagingRpc (112)
[2016.04.09-20.40.48:342][904]LogModuleManager: Shutting down and abandoning module ProfilerService (111)
[2016.04.09-20.40.48:562][904]LogModuleManager: Shutting down and abandoning module TaskGraph (110)
[2016.04.09-20.40.48:562][904]LogModuleManager: Shutting down and abandoning module SlateRemote (109)
[2016.04.09-20.40.48:562][904]LogModuleManager: Shutting down and abandoning module SteamVRController (108)
[2016.04.09-20.40.48:562][904]LogModuleManager: Shutting down and abandoning module SteamVR (107)
[2016.04.09-20.40.48:562][904]LogModuleManager: Shutting down and abandoning module ProceduralMeshComponent (106)
[2016.04.09-20.40.48:562][904]LogModuleManager: Shutting down and abandoning module OculusLibrary (105)
[2016.04.09-20.40.48:562][904]LogModuleManager: Shutting down and abandoning module OculusInput (104)
[2016.04.09-20.40.48:562][904]LogModuleManager: Shutting down and abandoning module CustomMeshComponent (103)
[2016.04.09-20.40.48:562][904]LogModuleManager: Shutting down and abandoning module CableComponent (102)
[2016.04.09-20.40.48:562][904]LogModuleManager: Shutting down and abandoning module ArchVisCharacter (101)
[2016.04.09-20.40.48:562][904]LogModuleManager: Shutting down and abandoning module HTML5Networking (100)
[2016.04.09-20.40.48:562][904]LogModuleManager: Shutting down and abandoning module DesktopPlatform (99)
[2016.04.09-20.40.48:562][904]LogModuleManager: Shutting down and abandoning module DirectoryWatcher (98)
[2016.04.09-20.40.48:562][904]LogModuleManager: Shutting down and abandoning module HotReload (97)
[2016.04.09-20.40.48:562][904]LogModuleManager: Shutting down and abandoning module VisualStudioSourceCodeAccess (96)
[2016.04.09-20.40.48:562][904]LogModuleManager: Shutting down and abandoning module UObjectPlugin (95)
[2016.04.09-20.40.48:562][904]LogModuleManager: Shutting down and abandoning module SubversionSourceControl (94)
[2016.04.09-20.40.48:562][904]LogModuleManager: Shutting down and abandoning module SourceControl (93)
[2016.04.09-20.40.48:562][904]LogModuleManager: Shutting down and abandoning module PerforceSourceControl (92)
[2016.04.09-20.40.48:562][904]LogModuleManager: Shutting down and abandoning module UdpMessaging (91)
[2016.04.09-20.40.48:662][904]LogModuleManager: Shutting down and abandoning module LightPropagationVolumeRuntime (90)
[2016.04.09-20.40.48:662][904]LogModuleManager: Shutting down and abandoning module Paper2D (89)
[2016.04.09-20.40.48:662][904]LogModuleManager: Shutting down and abandoning module WindowsMoviePlayer (88)
[2016.04.09-20.40.48:662][904]LogModuleManager: Shutting down and abandoning module Media (87)
[2016.04.09-20.40.48:662][904]LogModuleManager: Shutting down and abandoning module WmfMedia (86)
[2016.04.09-20.40.48:662][904]LogModuleManager: Shutting down and abandoning module GameLiveStreaming (85)
[2016.04.09-20.40.48:662][904]LogModuleManager: Shutting down and abandoning module GameplayTagsEditor (84)
[2016.04.09-20.40.48:662][904]LogModuleManager: Shutting down and abandoning module OnlineBlueprintSupport (83)
[2016.04.09-20.40.48:662][904]LogModuleManager: Shutting down and abandoning module GameplayTasksEditor (82)
[2016.04.09-20.40.48:662][904]LogModuleManager: Shutting down and abandoning module PropertyEditor (81)
[2016.04.09-20.40.48:662][904]LogModuleManager: Shutting down and abandoning module BehaviorTreeEditor (80)
[2016.04.09-20.40.48:662][904]LogModuleManager: Shutting down and abandoning module FunctionalTesting (79)
[2016.04.09-20.40.48:662][904]LogModuleManager: Shutting down and abandoning module CollisionAnalyzer (78)
[2016.04.09-20.40.48:662][904]LogModuleManager: Shutting down and abandoning module WorkspaceMenuStructure (77)
[2016.04.09-20.40.48:662][904]LogModuleManager: Shutting down and abandoning module MessageLog (76)
[2016.04.09-20.40.48:662][904]LogModuleManager: Shutting down and abandoning module Sequencer (75)
[2016.04.09-20.40.48:662][904]LogModuleManager: Shutting down and abandoning module AssetTools (74)
[2016.04.09-20.40.48:662][904]LogModuleManager: Shutting down and abandoning module UMGEditor (73)
[2016.04.09-20.40.48:662][904]LogModuleManager: Shutting down and abandoning module UMG (72)
[2016.04.09-20.40.48:662][904]LogModuleManager: Shutting down and abandoning module SlateReflector (71)
[2016.04.09-20.40.48:662][904]LogModuleManager: Shutting down and abandoning module Slate (70)
[2016.04.09-20.40.48:662][904]LogModuleManager: Shutting down and abandoning module EditorStyle (69)
[2016.04.09-20.40.48:664][904]LogModuleManager: Shutting down and abandoning module SessionServices (68)
[2016.04.09-20.40.48:664][904]LogModuleManager: Shutting down and abandoning module SourceCodeAccess (67)
[2016.04.09-20.40.48:664][904]LogModuleManager: Shutting down and abandoning module HeadMountedDisplay (66)
[2016.04.09-20.40.48:664][904]LogModuleManager: Shutting down and abandoning module XAudio2 (65)
[2016.04.09-20.40.48:664][904]LogModuleManager: Shutting down and abandoning module Networking (63)
[2016.04.09-20.40.48:664][904]LogModuleManager: Shutting down and abandoning module Core (62)
[2016.04.09-20.40.48:664][904]LogModuleManager: Shutting down and abandoning module KismetCompiler (61)
[2016.04.09-20.40.48:664][904]LogModuleManager: Shutting down and abandoning module PhysXFormats (60)
[2016.04.09-20.40.48:664][904]LogModuleManager: Shutting down and abandoning module MeshUtilities (59)
[2016.04.09-20.40.48:664][904]LogModuleManager: Shutting down and abandoning module CookingStats (58)
[2016.04.09-20.40.48:664][904]LogModuleManager: Shutting down and abandoning module DerivedDataCache (57)
[2016.04.09-20.40.48:664][904]LogDerivedDataCache: Shutdown
[2016.04.09-20.40.48:664][904]LogModuleManager: Shutting down and abandoning module ShaderFormatOpenGL (56)
[2016.04.09-20.40.48:664][904]LogModuleManager: Shutting down and abandoning module ShaderFormatD3D (55)
[2016.04.09-20.40.48:664][904]LogModuleManager: Shutting down and abandoning module MetalShaderFormat (54)
[2016.04.09-20.40.48:664][904]LogModuleManager: Shutting down and abandoning module TextureFormatUncompressed (53)
[2016.04.09-20.40.48:664][904]LogModuleManager: Shutting down and abandoning module TextureFormatPVR (52)
[2016.04.09-20.40.48:664][904]LogModuleManager: Shutting down and abandoning module TextureFormatIntelISPCTexComp (51)
[2016.04.09-20.40.48:664][904]LogModuleManager: Shutting down and abandoning module TextureFormatDXT (50)
[2016.04.09-20.40.48:664][904]LogModuleManager: Shutting down and abandoning module ImageWrapper (49)
[2016.04.09-20.40.48:664][904]LogModuleManager: Shutting down and abandoning module TextureFormatASTC (48)
[2016.04.09-20.40.48:664][904]LogModuleManager: Shutting down and abandoning module TextureFormatAndroid (47)
[2016.04.09-20.40.48:664][904]LogModuleManager: Shutting down and abandoning module AudioFormatOpus (46)
[2016.04.09-20.40.48:664][904]LogModuleManager: Shutting down and abandoning module AudioFormatOgg (45)
[2016.04.09-20.40.48:664][904]LogModuleManager: Shutting down and abandoning module AudioFormatADPCM (44)
[2016.04.09-20.40.48:664][904]LogModuleManager: Shutting down and abandoning module LinuxTargetPlatform (43)
[2016.04.09-20.40.48:664][904]LogModuleManager: Shutting down and abandoning module LinuxServerTargetPlatform (42)
[2016.04.09-20.40.48:665][904]LogModuleManager: Shutting down and abandoning module LinuxNoEditorTargetPlatform (41)
[2016.04.09-20.40.48:665][904]LogModuleManager: Shutting down and abandoning module TVOSTargetPlatform (40)
[2016.04.09-20.40.48:665][904]LogModuleManager: Shutting down and abandoning module Messaging (39)
[2016.04.09-20.40.48:665][904]LogModuleManager: Shutting down and abandoning module IOSTargetPlatform (38)
[2016.04.09-20.40.48:665][904]LogModuleManager: Shutting down and abandoning module HTML5TargetPlatform (37)
[2016.04.09-20.40.48:665][904]LogModuleManager: Shutting down and abandoning module Android_PVRTCTargetPlatform (36)
[2016.04.09-20.40.48:665][904]LogModuleManager: Shutting down and abandoning module Android_MultiTargetPlatform (35)
[2016.04.09-20.40.48:665][904]LogModuleManager: Shutting down and abandoning module Android_ETC2TargetPlatform (34)
[2016.04.09-20.40.48:665][904]LogModuleManager: Shutting down and abandoning module Android_ETC1TargetPlatform (33)
[2016.04.09-20.40.48:665][904]LogModuleManager: Shutting down and abandoning module Android_DXTTargetPlatform (32)
[2016.04.09-20.40.48:665][904]LogModuleManager: Shutting down and abandoning module Android_ATCTargetPlatform (31)
[2016.04.09-20.40.48:665][904]LogModuleManager: Shutting down and abandoning module Android_ASTCTargetPlatform (30)
[2016.04.09-20.40.48:665][904]LogModuleManager: Shutting down and abandoning module AndroidTargetPlatform (29)
[2016.04.09-20.40.48:665][904]LogModuleManager: Shutting down and abandoning module WindowsTargetPlatform (28)
[2016.04.09-20.40.48:665][904]LogModuleManager: Shutting down and abandoning module WindowsServerTargetPlatform (27)
[2016.04.09-20.40.48:665][904]LogModuleManager: Shutting down and abandoning module WindowsNoEditorTargetPlatform (26)
[2016.04.09-20.40.48:665][904]LogModuleManager: Shutting down and abandoning module WindowsClientTargetPlatform (25)
[2016.04.09-20.40.48:665][904]LogModuleManager: Shutting down and abandoning module AllDesktopTargetPlatform (24)
[2016.04.09-20.40.48:665][904]LogModuleManager: Shutting down and abandoning module TargetPlatform (23)
[2016.04.09-20.40.48:665][904]LogModuleManager: Shutting down and abandoning module InputCore (22)
[2016.04.09-20.40.48:665][904]LogModuleManager: Shutting down and abandoning module Settings (21)
[2016.04.09-20.40.48:665][904]LogModuleManager: Shutting down and abandoning module OnlineSubsystem (19)
[2016.04.09-20.40.48:665][904]LogModuleManager: Shutting down and abandoning module HTTP (18)
[2016.04.09-20.40.48:665][904]LogModuleManager: Shutting down and abandoning module XMPP (17)
[2016.04.09-20.40.48:665][904]LogModuleManager: Shutting down and abandoning module OculusRift (16)
[2016.04.09-20.40.48:665][904]LogModuleManager: Shutting down and abandoning module ExampleDeviceProfileSelector (15)
[2016.04.09-20.40.48:665][904]LogModuleManager: Shutting down and abandoning module TextureCompressor (14)
[2016.04.09-20.40.48:665][904]LogModuleManager: Shutting down and abandoning module ShaderCore (13)
[2016.04.09-20.40.48:665][904]LogModuleManager: Shutting down and abandoning module Landscape (12)
[2016.04.09-20.40.48:665][904]LogModuleManager: Shutting down and abandoning module SlateRHIRenderer (11)
[2016.04.09-20.40.48:665][904]LogModuleManager: Shutting down and abandoning module OpenGLDrv (10)
[2016.04.09-20.40.48:665][904]LogModuleManager: Shutting down and abandoning module D3D11RHI (9)
[2016.04.09-20.40.48:665][904]LogModuleManager: Shutting down and abandoning module AnimGraphRuntime (8)
[2016.04.09-20.40.48:665][904]LogModuleManager: Shutting down and abandoning module Renderer (7)
[2016.04.09-20.40.48:665][904]LogModuleManager: Shutting down and abandoning module Engine (6)
[2016.04.09-20.40.48:665][904]LogModuleManager: Shutting down and abandoning module CoreUObject (5)
[2016.04.09-20.40.48:665][904]LogModuleManager: Shutting down and abandoning module NetworkFile (4)
[2016.04.09-20.40.48:665][904]LogModuleManager: Shutting down and abandoning module StreamingFile (3)
[2016.04.09-20.40.48:665][904]LogModuleManager: Shutting down and abandoning module SandboxFile (2)
[2016.04.09-20.40.48:665][904]LogModuleManager: Shutting down and abandoning module PakFile (1)
[2016.04.09-20.40.48:666][904]LogExit: Exiting.
[2016.04.09-20.40.48:667][904]Log file closed, 04/09/16 15:40:48
