Log file open, 04/09/16 12:16:37
LogInit:Display: Running engine for game: MyProject
LogPlatformFile: Not using cached read wrapper
LogInit:Display: RandInit(-1936759570) SRandInit(-1936759568).
LogTaskGraph: Started task graph with 4 named threads and 7 total threads.
LogStats: Stats thread started at 0.073329
LogInit: Version: 4.11.1-2934540+++UE4+Release-4.11
LogInit: API Version: 2927265
LogInit: Compiled (64-bit): Apr  6 2016 02:14:16
LogInit: Compiled with Visual C++: 19.00.23026.00
LogInit: Build Configuration: Development
LogInit: Branch Name: ++UE4+Release-4.11
LogInit: Command line:  /Temp/Autosaves/Game/2DSideScrollerBP/Maps/UEDPCTitleScreen -game -PIEVIACONSOLE -ResX=1280 -ResY=720  -Multiprocess -messaging -SessionName="Play in Standalone Game" 
LogInit: Base directory: C:/Program Files (x86)/Epic Games/4.11/Engine/Binaries/Win64/
LogInit: Installed Engine Build: 1
LogInit: Using libcurl 7.41.0
LogInit:  - built for x86_64-pc-win32
LogInit:  - supports SSL with WinSSL
LogInit:  - other features:
LogInit:      CURL_VERSION_SSL
LogInit:      CURL_VERSION_IPV6
LogInit:      CURL_VERSION_ASYNCHDNS
LogInit:      CURL_VERSION_LARGEFILE
LogInit:      CURL_VERSION_IDN
LogInit:  CurlRequestOptions (configurable via config and command line):
LogInit:  - bVerifyPeer = true  - Libcurl will verify peer certificate
LogInit:  - bUseHttpProxy = false  - Libcurl will NOT use HTTP proxy
LogInit:  - bDontReuseConnections = false  - Libcurl will reuse connections
LogInit:  - CertBundlePath = nullptr  - Libcurl will use whatever was configured at build time.
LogInit: Presizing for max 16777216 objects, including 0 objects not considered by GC, pre-allocating 0 bytes for permanent pool.
LogInit: Object subsystem initialized
[2016.04.09-17.16.37:244][  0]LogInit: Selected Device Profile: [Windows]
[2016.04.09-17.16.37:244][  0]LogInit: Applying CVar settings loaded from the selected device profile: [Windows]
[2016.04.09-17.16.37:248][  0]LogInit: Computer: CURTIS-PC
[2016.04.09-17.16.37:248][  0]LogInit: User: Curtis
[2016.04.09-17.16.37:248][  0]LogInit: CPU Page size=65536, Cores=4
[2016.04.09-17.16.37:248][  0]LogInit: High frequency timer resolution =2.336201 MHz
[2016.04.09-17.16.37:248][  0]LogMemory: Memory total: Physical=7.9GB (8GB approx)
[2016.04.09-17.16.37:248][  0]LogMemory: Platform Memory Stats for Windows
[2016.04.09-17.16.37:248][  0]LogMemory: Process Physical Memory: 314.12 MB used, 314.12 MB peak
[2016.04.09-17.16.37:248][  0]LogMemory: Process Virtual Memory: 316.73 MB used, 316.73 MB peak
[2016.04.09-17.16.37:248][  0]LogMemory: Physical Memory: 5119.58 MB used, 8139.82 MB total
[2016.04.09-17.16.37:248][  0]LogMemory: Virtual Memory: 620.69 MB used, 8388608.00 MB total
[2016.04.09-17.16.37:279][  0]LogTextLocalizationManager: No specific translations for ('en-US') exist, so ('en') translations will be used.
[2016.04.09-17.16.37:672][  0]LogD3D11RHI: D3D11 adapters:
[2016.04.09-17.16.37:710][  0]LogD3D11RHI:    0. 'AMD Radeon HD 6870M' (Feature Level 11_0)
[2016.04.09-17.16.37:710][  0]LogD3D11RHI:       1010MB of dedicated video memory, 0MB of dedicated system memory, and 3813MB of shared system memory, 1 output[s]
[2016.04.09-17.16.37:714][  0]LogD3D11RHI:    1. 'Intel(R) HD Graphics 3000' (Feature Level 10_0)
[2016.04.09-17.16.37:714][  0]LogD3D11RHI:       64MB of dedicated video memory, 0MB of dedicated system memory, and 1632MB of shared system memory, 0 output[s]
[2016.04.09-17.16.37:714][  0]LogD3D11RHI: Chosen D3D11 Adapter: 0
[2016.04.09-17.16.37:719][  0]LogD3D11RHI: Creating new Direct3DDevice
[2016.04.09-17.16.37:719][  0]LogD3D11RHI:     Adapter Name: AMD Radeon HD 6870M
[2016.04.09-17.16.37:719][  0]LogD3D11RHI:   Driver Version: 9.3.0.0 (internal 9.3.0.0)
[2016.04.09-17.16.37:719][  0]LogD3D11RHI:      Driver Date: 10-25-2012
[2016.04.09-17.16.37:719][  0]LogRHI: Texture pool is 707 MB (70% of 1010 MB)
[2016.04.09-17.16.37:724][  0]LogD3D11RHI: Async texture creation disabled: no driver support
[2016.04.09-17.16.37:736][  0]LogShaderCompilers: Guid format shader working directory is -16 characters bigger than the processId version (../../../../../../Users/Curtis/Documents/Unreal Projects/IceBox/Intermediate/Shaders/WorkingDirectory/7592/).
[2016.04.09-17.16.37:736][  0]LogShaderCompilers: Cleaned the shader compiler working directory 'C:/Users/Curtis/AppData/Local/Temp/UnrealShaderWorkingDir/4D8E01B54DB68E0B5C325184EB5FD5E6/'.
[2016.04.09-17.16.37:736][  0]LogShaderCompilers:Display: Using Local Shader Compiler.
[2016.04.09-17.16.38:720][  0]LogTemp:Display: Loaded TP AllDesktopTargetPlatform
[2016.04.09-17.16.38:724][  0]LogTemp:Display: Loaded TP WindowsClientTargetPlatform
[2016.04.09-17.16.38:728][  0]LogTemp:Display: Loaded TP WindowsNoEditorTargetPlatform
[2016.04.09-17.16.38:732][  0]LogTemp:Display: Loaded TP WindowsServerTargetPlatform
[2016.04.09-17.16.38:735][  0]LogTemp:Display: Loaded TP WindowsTargetPlatform
[2016.04.09-17.16.38:738][  0]LogTemp:Display: Loaded TP AndroidTargetPlatform
[2016.04.09-17.16.38:741][  0]LogTemp:Display: Loaded TP Android_ASTCTargetPlatform
[2016.04.09-17.16.38:744][  0]LogTemp:Display: Loaded TP Android_ATCTargetPlatform
[2016.04.09-17.16.38:747][  0]LogTemp:Display: Loaded TP Android_DXTTargetPlatform
[2016.04.09-17.16.38:749][  0]LogTemp:Display: Loaded TP Android_ETC1TargetPlatform
[2016.04.09-17.16.38:752][  0]LogTemp:Display: Loaded TP Android_ETC2TargetPlatform
[2016.04.09-17.16.38:758][  0]LogTemp:Display: Loaded TP Android_MultiTargetPlatform
[2016.04.09-17.16.38:758][  0]LogTemp:Display: Loaded TP Android_PVRTCTargetPlatform
[2016.04.09-17.16.38:758][  0]LogTemp:Display: Loaded TP HTML5TargetPlatform
[2016.04.09-17.16.38:773][  0]LogTemp:Display: Loaded TP IOSTargetPlatform
[2016.04.09-17.16.38:775][  0]LogTemp:Display: Loaded TP TVOSTargetPlatform
[2016.04.09-17.16.38:778][  0]LogTemp:Display: Loaded TP LinuxNoEditorTargetPlatform
[2016.04.09-17.16.38:781][  0]LogTemp:Display: Loaded TP LinuxServerTargetPlatform
[2016.04.09-17.16.38:784][  0]LogTemp:Display: Loaded TP LinuxTargetPlatform
[2016.04.09-17.16.38:784][  0]LogTargetPlatformManager:Display: Building Assets For Windows
[2016.04.09-17.16.38:842][  0]LogDerivedDataCache:Display: Max Cache Size: 512 MB
[2016.04.09-17.16.38:891][  0]LogDerivedDataCache: Loaded boot cache 0.05s 46MB C:/Users/Curtis/AppData/Local/UnrealEngine/4.11/DerivedDataCache/Boot.ddc.
[2016.04.09-17.16.38:891][  0]LogDerivedDataCache:Display: Loaded Boot cache: C:/Users/Curtis/AppData/Local/UnrealEngine/4.11/DerivedDataCache/Boot.ddc
[2016.04.09-17.16.38:891][  0]LogDerivedDataCache: FDerivedDataBackendGraph:  Pak pak cache file ../../../../../../Users/Curtis/Documents/Unreal Projects/IceBox/DerivedDataCache/DDC.ddp not found, will not use a pak cache.
[2016.04.09-17.16.38:891][  0]LogDerivedDataCache: Unable to find inner node Pak for hierarchical cache Hierarchy.
[2016.04.09-17.16.38:891][  0]LogDerivedDataCache: FDerivedDataBackendGraph:  CompressedPak pak cache file ../../../../../../Users/Curtis/Documents/Unreal Projects/IceBox/DerivedDataCache/Compressed.ddp not found, will not use a pak cache.
[2016.04.09-17.16.38:892][  0]LogDerivedDataCache: Unable to find inner node CompressedPak for hierarchical cache Hierarchy.
[2016.04.09-17.16.38:908][  0]LogDerivedDataCache:Display: Pak cache opened for reading ../../../Engine/DerivedDataCache/Compressed.ddp.
[2016.04.09-17.16.38:919][  0]LogDerivedDataCache: Using Local data cache path C:/Users/Curtis/AppData/Local/UnrealEngine/Common/DerivedDataCache: Writable
[2016.04.09-17.16.39:109][  0]LogInit: Selected Device Profile: [Windows]
[2016.04.09-17.16.39:114][  0]LogMaterial: Uniform references updated for custom material expression Custom.
[2016.04.09-17.16.39:115][  0]LogContentStreaming: Texture pool size is 1000.00 MB
[2016.04.09-17.16.39:248][  0]LogMeshUtilities: No automatic mesh reduction module available
[2016.04.09-17.16.39:248][  0]LogMeshUtilities: No automatic mesh merging module available
[2016.04.09-17.16.39:248][  0]LogMeshUtilities: No distributed automatic mesh merging module available
[2016.04.09-17.16.39:473][  0]LogInit: WinSock: version 1.1 (2.2), MaxSocks=32767, MaxUdp=65467
[2016.04.09-17.16.39:525][  0]LogSlate: SlateFontCache - WITH_FREETYPE: 1, WITH_HARFBUZZ: 1
[2016.04.09-17.16.39:525][  0]LogSlate: SlateFontCache - WITH_FREETYPE: 1, WITH_HARFBUZZ: 1
[2016.04.09-17.16.39:646][  0]LogWindowsMoviePlayer: Unable to load movie: ../../../../../../Users/Curtis/Documents/Unreal Projects/IceBox/Content/Movies/Default_Startup.mp4
[2016.04.09-17.16.39:718][  0]LogUdpMessaging: Initializing bridge on interface 0.0.0.0:0 to multicast group 230.0.0.1:6666.
[2016.04.09-17.16.39:795][  0]SourceControl: Info Source control is disabled
[2016.04.09-17.16.39:796][  0]SourceControl: Info Source control is disabled
[2016.04.09-17.16.39:804][  0]SourceControl: Info Source control is disabled
[2016.04.09-17.16.39:888][  0]LogUObjectArray: 29142 objects as part of root set at end of initial load.
[2016.04.09-17.16.39:888][  0]LogUObjectAllocator: 6065048 out of 0 bytes used by permanent object pool.
[2016.04.09-17.16.39:888][  0]LogUObjectArray: CloseDisregardForGC: 0/0 objects in disregard for GC pool
[2016.04.09-17.16.39:941][  0]LogEngine: Initializing Engine...
[2016.04.09-17.16.39:942][  0]LogHMD: SteamVR failed to initialize.  Err: 110
[2016.04.09-17.16.39:943][  0]LogHMD: SteamVR failed to initialize.  Err: 110
[2016.04.09-17.16.40:074][  0]LogInit: XAudio2 using 'Speakers / Headphones (IDT High Definition Audio CODEC)' : 2 channels at 48 kHz using 16 bits per sample (channel mask 0x3)
[2016.04.09-17.16.40:085][  0]LogInit: FAudioDevice initialized.
[2016.04.09-17.16.40:090][  0]LogInit: Texture streaming: Enabled
[2016.04.09-17.16.40:168][  0]LogNet: Browse: /Temp/Autosaves/Game/2DSideScrollerBP/Maps/UEDPCTitleScreen?Name=Player
[2016.04.09-17.16.40:168][  0]LogLoad: LoadMap: /Temp/Autosaves/Game/2DSideScrollerBP/Maps/UEDPCTitleScreen?Name=Player
[2016.04.09-17.16.40:183][  0]LogMemory: Platform Memory Stats for Windows
[2016.04.09-17.16.40:183][  0]LogMemory: Process Physical Memory: 642.93 MB used, 644.89 MB peak
[2016.04.09-17.16.40:183][  0]LogMemory: Process Virtual Memory: 625.29 MB used, 631.97 MB peak
[2016.04.09-17.16.40:183][  0]LogMemory: Physical Memory: 5383.33 MB used, 8139.82 MB total
[2016.04.09-17.16.40:183][  0]LogMemory: Virtual Memory: 1150.26 MB used, 8388608.00 MB total
[2016.04.09-17.16.40:183][  0]LogMemory: 
[2016.04.09-17.16.40:183][  0]Allocator Stats for TBB: (not implemented)
[2016.04.09-17.16.40:459][  0]LogAIModule: Creating AISystem for world TitleScreen
[2016.04.09-17.16.40:459][  0]LogWorld: Game class is '2DSideScrollerGameMode_C'
[2016.04.09-17.16.40:460][  0]LogWorld: Bringing World /Temp/Autosaves/Game/2DSideScrollerBP/Maps/UEDPCTitleScreen.TitleScreen up for play (max tick rate 0) at 2016.04.09-12.16.40
[2016.04.09-17.16.40:461][  0]LogWorld: Bringing up level for play took: 0.000666
[2016.04.09-17.16.40:465][  0]LogInit:Display: Game Engine Initialized.
[2016.04.09-17.16.40:688][  0]LogLoad: Full Startup: 4.02 seconds (BP compile: 0.06 seconds)
[2016.04.09-17.16.40:688][  0]LogExternalProfiler:Warning: No registered external profiler was matched with a command-line switch (or the DLL could not be loaded).  External profiling features will not be available.
[2016.04.09-17.16.40:706][  0]LogOcInput: OculusInput pre-init called
[2016.04.09-17.16.40:864][  2]LogRenderer: Reallocating scene render targets to support 1280x720 (Frame:2).
[2016.04.09-17.16.43:950][180]LogPackageName: SearchForPackageOnDisk took   0.059s to resolve Level1.umap.
[2016.04.09-17.16.44:004][180]LogPackageName: SearchForPackageOnDisk took   0.054s to resolve Level1.umap.
[2016.04.09-17.16.44:004][180]LogNet: Browse: /Game/2DSideScrollerBP/Maps/Level1
[2016.04.09-17.16.44:004][180]LogLoad: LoadMap: /Game/2DSideScrollerBP/Maps/Level1
[2016.04.09-17.16.44:030][180]LogMemory: Platform Memory Stats for Windows
[2016.04.09-17.16.44:030][180]LogMemory: Process Physical Memory: 671.54 MB used, 679.69 MB peak
[2016.04.09-17.16.44:030][180]LogMemory: Process Virtual Memory: 637.64 MB used, 649.74 MB peak
[2016.04.09-17.16.44:030][180]LogMemory: Physical Memory: 5402.56 MB used, 8139.82 MB total
[2016.04.09-17.16.44:030][180]LogMemory: Virtual Memory: 1188.57 MB used, 8388608.00 MB total
[2016.04.09-17.16.44:030][180]LogMemory: 
[2016.04.09-17.16.44:030][180]Allocator Stats for TBB: (not implemented)
[2016.04.09-17.16.44:309][180]LogAIModule: Creating AISystem for world Level1
[2016.04.09-17.16.44:310][180]LogWorld: Game class is '2DSideScrollerGameMode_C'
[2016.04.09-17.16.44:323][180]LogWorld: Bringing World /Game/2DSideScrollerBP/Maps/Level1.Level1 up for play (max tick rate 0) at 2016.04.09-12.16.44
[2016.04.09-17.16.44:324][180]LogWorld: Bringing up level for play took: 0.013566
[2016.04.09-17.17.10:360][502]LogPackageName: SearchForPackageOnDisk took   0.055s to resolve Level2.umap.
[2016.04.09-17.17.10:417][503]LogPackageName: SearchForPackageOnDisk took   0.055s to resolve Level2.umap.
[2016.04.09-17.17.10:417][503]LogNet: Browse: /Game/2DSideScrollerBP/Maps/Level2
[2016.04.09-17.17.10:417][503]LogLoad: LoadMap: /Game/2DSideScrollerBP/Maps/Level2
[2016.04.09-17.17.10:447][503]LogMemory: Platform Memory Stats for Windows
[2016.04.09-17.17.10:447][503]LogMemory: Process Physical Memory: 706.07 MB used, 706.07 MB peak
[2016.04.09-17.17.10:447][503]LogMemory: Process Virtual Memory: 677.79 MB used, 677.80 MB peak
[2016.04.09-17.17.10:447][503]LogMemory: Physical Memory: 5438.47 MB used, 8139.82 MB total
[2016.04.09-17.17.10:447][503]LogMemory: Virtual Memory: 1238.03 MB used, 8388608.00 MB total
[2016.04.09-17.17.10:447][503]LogMemory: 
[2016.04.09-17.17.10:447][503]Allocator Stats for TBB: (not implemented)
[2016.04.09-17.17.10:449][503]LogLinker:Warning: Can't find file '/Game/AddOns/2DSideScrollerCharacter'
[2016.04.09-17.17.10:449][503]LogUObjectGlobals:Warning: Failed to load '/Game/AddOns/2DSideScrollerCharacter': Can't find file '/Game/AddOns/2DSideScrollerCharacter'
[2016.04.09-17.17.10:449][503]LogLinker:Warning: Can't find file for asset '/Game/AddOns/2DSideScrollerCharacter' while loading NULL.
[2016.04.09-17.17.10:449][503]LogUObjectGlobals:Warning: Failed to load '/Game/AddOns/2DSideScrollerCharacter': Can't find file for asset '/Game/AddOns/2DSideScrollerCharacter' while loading NULL.
[2016.04.09-17.17.10:449][503]LogLinker:Warning: Can't find file '/Game/AddOns/2DSideScrollerCharacter'
[2016.04.09-17.17.10:449][503]LogUObjectGlobals:Warning: Failed to load '/Game/AddOns/2DSideScrollerCharacter': Can't find file '/Game/AddOns/2DSideScrollerCharacter'
[2016.04.09-17.17.10:449][503]LogLinker:Warning: Can't find file for asset '/Game/AddOns/2DSideScrollerCharacter' while loading NULL.
[2016.04.09-17.17.10:450][503]LogUObjectGlobals:Warning: Failed to load '/Game/AddOns/2DSideScrollerCharacter': Can't find file for asset '/Game/AddOns/2DSideScrollerCharacter' while loading NULL.
[2016.04.09-17.17.10:450][503]LogLinker:Warning: Can't find file '/Game/AddOns/2DSideScrollerCharacter'
[2016.04.09-17.17.10:450][503]LogUObjectGlobals:Warning: Failed to load '/Game/AddOns/2DSideScrollerCharacter': Can't find file '/Game/AddOns/2DSideScrollerCharacter'
[2016.04.09-17.17.10:450][503]LogLinker:Warning: Can't find file for asset '/Game/AddOns/2DSideScrollerCharacter' while loading NULL.
[2016.04.09-17.17.10:450][503]LogUObjectGlobals:Warning: Failed to load '/Game/AddOns/2DSideScrollerCharacter': Can't find file for asset '/Game/AddOns/2DSideScrollerCharacter' while loading NULL.
[2016.04.09-17.17.10:450][503]LogLinker:Warning: Can't find file '/Game/AddOns/2DSideScrollerCharacter'
[2016.04.09-17.17.10:450][503]LogUObjectGlobals:Warning: Failed to load '/Game/AddOns/2DSideScrollerCharacter': Can't find file '/Game/AddOns/2DSideScrollerCharacter'
[2016.04.09-17.17.10:450][503]LogLinker:Warning: Can't find file for asset '/Game/AddOns/2DSideScrollerCharacter' while loading NULL.
[2016.04.09-17.17.10:450][503]LogUObjectGlobals:Warning: Failed to load '/Game/AddOns/2DSideScrollerCharacter': Can't find file for asset '/Game/AddOns/2DSideScrollerCharacter' while loading NULL.
[2016.04.09-17.17.10:450][503]LogLinker:Warning: Can't find file '/Game/AddOns/2DSideScrollerCharacter'
[2016.04.09-17.17.10:450][503]LogUObjectGlobals:Warning: Failed to load '/Game/AddOns/2DSideScrollerCharacter': Can't find file '/Game/AddOns/2DSideScrollerCharacter'
[2016.04.09-17.17.10:450][503]LogLinker:Warning: Can't find file for asset '/Game/AddOns/2DSideScrollerCharacter' while loading NULL.
[2016.04.09-17.17.10:450][503]LogUObjectGlobals:Warning: Failed to load '/Game/AddOns/2DSideScrollerCharacter': Can't find file for asset '/Game/AddOns/2DSideScrollerCharacter' while loading NULL.
[2016.04.09-17.17.10:451][503]LogLinker:Warning: Can't find file '/Game/AddOns/2DSideScrollerCharacter'
[2016.04.09-17.17.10:451][503]LogUObjectGlobals:Warning: Failed to load '/Game/AddOns/2DSideScrollerCharacter': Can't find file '/Game/AddOns/2DSideScrollerCharacter'
[2016.04.09-17.17.10:451][503]LogLinker:Warning: Can't find file for asset '/Game/AddOns/2DSideScrollerCharacter' while loading NULL.
[2016.04.09-17.17.10:451][503]LogUObjectGlobals:Warning: Failed to load '/Game/AddOns/2DSideScrollerCharacter': Can't find file for asset '/Game/AddOns/2DSideScrollerCharacter' while loading NULL.
[2016.04.09-17.17.10:451][503]LogLinker:Warning: Can't find file '/Game/AddOns/2DSideScrollerCharacter'
[2016.04.09-17.17.10:451][503]LogUObjectGlobals:Warning: Failed to load '/Game/AddOns/2DSideScrollerCharacter': Can't find file '/Game/AddOns/2DSideScrollerCharacter'
[2016.04.09-17.17.10:451][503]LogLinker:Warning: Can't find file for asset '/Game/AddOns/2DSideScrollerCharacter' while loading NULL.
[2016.04.09-17.17.10:451][503]LogUObjectGlobals:Warning: Failed to load '/Game/AddOns/2DSideScrollerCharacter': Can't find file for asset '/Game/AddOns/2DSideScrollerCharacter' while loading NULL.
[2016.04.09-17.17.10:451][503]LogLinker:Warning: Can't find file '/Game/AddOns/2DSideScrollerCharacter'
[2016.04.09-17.17.10:451][503]LogUObjectGlobals:Warning: Failed to load '/Game/AddOns/2DSideScrollerCharacter': Can't find file '/Game/AddOns/2DSideScrollerCharacter'
[2016.04.09-17.17.10:451][503]LogLinker:Warning: Can't find file for asset '/Game/AddOns/2DSideScrollerCharacter' while loading NULL.
[2016.04.09-17.17.10:451][503]LogUObjectGlobals:Warning: Failed to load '/Game/AddOns/2DSideScrollerCharacter': Can't find file for asset '/Game/AddOns/2DSideScrollerCharacter' while loading NULL.
[2016.04.09-17.17.10:452][503]LogLinker:Warning: Can't find file '/Game/AddOns/2DSideScrollerCharacter'
[2016.04.09-17.17.10:452][503]LogUObjectGlobals:Warning: Failed to load '/Game/AddOns/2DSideScrollerCharacter': Can't find file '/Game/AddOns/2DSideScrollerCharacter'
[2016.04.09-17.17.10:452][503]LogLinker:Warning: Can't find file for asset '/Game/AddOns/2DSideScrollerCharacter' while loading NULL.
[2016.04.09-17.17.10:452][503]LogUObjectGlobals:Warning: Failed to load '/Game/AddOns/2DSideScrollerCharacter': Can't find file for asset '/Game/AddOns/2DSideScrollerCharacter' while loading NULL.
[2016.04.09-17.17.10:452][503]LogLinker:Warning: Can't find file '/Game/AddOns/2DSideScrollerCharacter'
[2016.04.09-17.17.10:452][503]LogUObjectGlobals:Warning: Failed to load '/Game/AddOns/2DSideScrollerCharacter': Can't find file '/Game/AddOns/2DSideScrollerCharacter'
[2016.04.09-17.17.10:452][503]LogLinker:Warning: Can't find file for asset '/Game/AddOns/2DSideScrollerCharacter' while loading NULL.
[2016.04.09-17.17.10:452][503]LogUObjectGlobals:Warning: Failed to load '/Game/AddOns/2DSideScrollerCharacter': Can't find file for asset '/Game/AddOns/2DSideScrollerCharacter' while loading NULL.
[2016.04.09-17.17.10:466][503]LogLinker:Warning: Can't find file '/Game/AddOns/2DSideScrollerCharacter'
[2016.04.09-17.17.10:466][503]LogUObjectGlobals:Warning: Failed to load '/Game/AddOns/2DSideScrollerCharacter': Can't find file '/Game/AddOns/2DSideScrollerCharacter'
[2016.04.09-17.17.10:467][503]LogLinker:Warning: Can't find file for asset '/Game/AddOns/2DSideScrollerCharacter' while loading NULL.
[2016.04.09-17.17.10:467][503]LogUObjectGlobals:Warning: Failed to load '/Game/AddOns/2DSideScrollerCharacter': Can't find file for asset '/Game/AddOns/2DSideScrollerCharacter' while loading NULL.
[2016.04.09-17.17.10:467][503]LogLinker:Warning: Can't find file '/Game/AddOns/2DSideScrollerCharacter'
[2016.04.09-17.17.10:467][503]LogUObjectGlobals:Warning: Failed to load '/Game/AddOns/2DSideScrollerCharacter': Can't find file '/Game/AddOns/2DSideScrollerCharacter'
[2016.04.09-17.17.10:467][503]LogLinker:Warning: Can't find file for asset '/Game/AddOns/2DSideScrollerCharacter' while loading NULL.
[2016.04.09-17.17.10:467][503]LogUObjectGlobals:Warning: Failed to load '/Game/AddOns/2DSideScrollerCharacter': Can't find file for asset '/Game/AddOns/2DSideScrollerCharacter' while loading NULL.
[2016.04.09-17.17.10:468][503]LogLinker:Warning: Can't find file '/Game/AddOns/2DSideScrollerCharacter'
[2016.04.09-17.17.10:468][503]LogUObjectGlobals:Warning: Failed to load '/Game/AddOns/2DSideScrollerCharacter': Can't find file '/Game/AddOns/2DSideScrollerCharacter'
[2016.04.09-17.17.10:468][503]LogLinker:Warning: Can't find file for asset '/Game/AddOns/2DSideScrollerCharacter' while loading NULL.
[2016.04.09-17.17.10:468][503]LogUObjectGlobals:Warning: Failed to load '/Game/AddOns/2DSideScrollerCharacter': Can't find file for asset '/Game/AddOns/2DSideScrollerCharacter' while loading NULL.
[2016.04.09-17.17.10:468][503]LogLinker:Warning: Can't find file '/Game/AddOns/2DSideScrollerCharacter'
[2016.04.09-17.17.10:468][503]LoadErrors: Info Failed to load /Game/AddOns/2DSideScrollerCharacter.2DSideScrollerCharacter_C Referenced by PersistentLevel
[2016.04.09-17.17.10:468][503]LogUObjectGlobals:Warning: Failed to load '/Game/AddOns/2DSideScrollerCharacter': Can't find file '/Game/AddOns/2DSideScrollerCharacter'
[2016.04.09-17.17.10:468][503]LogLinker:Warning: Can't find file for asset '/Game/AddOns/2DSideScrollerCharacter' while loading NULL.
[2016.04.09-17.17.10:468][503]LoadErrors: Info Failed to load /Game/AddOns/2DSideScrollerCharacter.2DSideScrollerCharacter_C Referenced by PersistentLevel
[2016.04.09-17.17.10:468][503]LogUObjectGlobals:Warning: Failed to load '/Game/AddOns/2DSideScrollerCharacter': Can't find file for asset '/Game/AddOns/2DSideScrollerCharacter' while loading NULL.
[2016.04.09-17.17.10:489][503]LogAIModule: Creating AISystem for world Level2
[2016.04.09-17.17.10:712][503]LogWorld: Game class is '2DSideScrollerGameMode_C'
[2016.04.09-17.17.10:723][503]LogWorld: Bringing World /Game/2DSideScrollerBP/Maps/Level2.Level2 up for play (max tick rate 0) at 2016.04.09-12.17.10
[2016.04.09-17.17.10:724][503]LogWorld: Bringing up level for play took: 0.011376
[2016.04.09-17.17.10:725][503]LogGameMode: Warning - PATHS NOT DEFINED or NO PLAYERSTART with positive rating
[2016.04.09-17.17.10:729][504]LoadErrors:Warning: Warning CreateExport: Failed to load Outer for resource 'SideViewCameraComponent': 2DSideScrollerCharacter_C /Game/2DSideScrollerBP/Maps/Level2.Level2:PersistentLevel.2DSideScrollerCharacter_130
[2016.04.09-17.17.10:729][504]LoadErrors:Warning: Warning CreateExport: Failed to load Outer for resource 'CollisionCylinder': 2DSideScrollerCharacter_C /Game/2DSideScrollerBP/Maps/Level2.Level2:PersistentLevel.2DSideScrollerCharacter_130
[2016.04.09-17.17.10:729][504]LoadErrors:Warning: Warning CreateExport: Failed to load Outer for resource 'CharMoveComp': 2DSideScrollerCharacter_C /Game/2DSideScrollerBP/Maps/Level2.Level2:PersistentLevel.2DSideScrollerCharacter_130
[2016.04.09-17.17.10:729][504]LoadErrors:Warning: Warning CreateExport: Failed to load Outer for resource 'Sprite0': 2DSideScrollerCharacter_C /Game/2DSideScrollerBP/Maps/Level2.Level2:PersistentLevel.2DSideScrollerCharacter_130
[2016.04.09-17.17.10:729][504]LoadErrors:Warning: Warning CreateExport: Failed to load Outer for resource 'CameraBoom': 2DSideScrollerCharacter_C /Game/2DSideScrollerBP/Maps/Level2.Level2:PersistentLevel.2DSideScrollerCharacter_130
[2016.04.09-17.17.14:291][681]LogPackageName: SearchForPackageOnDisk took   0.054s to resolve TitleScreen.umap.
[2016.04.09-17.17.14:346][681]LogPackageName: SearchForPackageOnDisk took   0.054s to resolve TitleScreen.umap.
[2016.04.09-17.17.14:346][681]LogNet: Browse: /Game/2DSideScrollerBP/Maps/TitleScreen
[2016.04.09-17.17.14:346][681]LogLoad: LoadMap: /Game/2DSideScrollerBP/Maps/TitleScreen
[2016.04.09-17.17.14:373][681]LogMemory: Platform Memory Stats for Windows
[2016.04.09-17.17.14:373][681]LogMemory: Process Physical Memory: 712.10 MB used, 712.10 MB peak
[2016.04.09-17.17.14:373][681]LogMemory: Process Virtual Memory: 687.88 MB used, 687.89 MB peak
[2016.04.09-17.17.14:373][681]LogMemory: Physical Memory: 5437.01 MB used, 8139.82 MB total
[2016.04.09-17.17.14:373][681]LogMemory: Virtual Memory: 1246.03 MB used, 8388608.00 MB total
[2016.04.09-17.17.14:373][681]LogMemory: 
[2016.04.09-17.17.14:373][681]Allocator Stats for TBB: (not implemented)
[2016.04.09-17.17.14:629][681]LogAIModule: Creating AISystem for world TitleScreen
[2016.04.09-17.17.14:630][681]LogWorld: Game class is '2DSideScrollerGameMode_C'
[2016.04.09-17.17.14:631][681]LogWorld: Bringing World /Game/2DSideScrollerBP/Maps/TitleScreen.TitleScreen up for play (max tick rate 0) at 2016.04.09-12.17.14
[2016.04.09-17.17.14:631][681]LogWorld: Bringing up level for play took: 0.000575
[2016.04.09-17.17.14:631][681]LogGameMode: Warning - PATHS NOT DEFINED or NO PLAYERSTART with positive rating
[2016.04.09-17.17.21:094][ 74]Closing by request
[2016.04.09-17.17.21:094][ 74]LogWindows: FPlatformMisc::RequestExit(0)
[2016.04.09-17.17.21:981][ 75]LogExit: Preparing to exit.
[2016.04.09-17.17.22:844][ 75]LogExit: Game engine shut down
[2016.04.09-17.17.22:940][ 75]LogObj: Freed 0b from 0 cluster array pools.
[2016.04.09-17.17.22:940][ 75]LogExit: Object subsystem successfully closed.
[2016.04.09-17.17.22:946][ 75]LogD3D11RHI: Shutdown
[2016.04.09-17.17.22:946][ 75]LogD3D11RHI: CleanupD3DDevice
[2016.04.09-17.17.23:417][ 75]LogD3D11RHI: ~FD3D11DynamicRHI
[2016.04.09-17.17.23:912][ 75]LogDerivedDataCache: Shutdown
[2016.04.09-17.17.23:912][ 75]LogModuleManager: Shutting down and abandoning module AndroidDeviceDetection (123)
[2016.04.09-17.17.24:725][ 75]LogModuleManager: Shutting down and abandoning module AutomationController (122)
[2016.04.09-17.17.24:725][ 75]LogModuleManager: Shutting down and abandoning module AutomationWorker (121)
[2016.04.09-17.17.24:725][ 75]LogModuleManager: Shutting down and abandoning module CharacterAI (120)
[2016.04.09-17.17.24:725][ 75]LogModuleManager: Shutting down and abandoning module AITestSuite (119)
[2016.04.09-17.17.24:725][ 75]LogModuleManager: Shutting down and abandoning module GameplayDebugger (118)
[2016.04.09-17.17.24:725][ 75]LogModuleManager: Shutting down and abandoning module AIModule (117)
[2016.04.09-17.17.24:725][ 75]LogModuleManager: Shutting down and abandoning module MovieSceneCapture (116)
[2016.04.09-17.17.24:725][ 75]LogModuleManager: Shutting down and abandoning module StreamingPauseRendering (115)
[2016.04.09-17.17.24:725][ 75]LogModuleManager: Shutting down and abandoning module PortalServices (114)
[2016.04.09-17.17.24:725][ 75]LogModuleManager: Shutting down and abandoning module PortalRpc (113)
[2016.04.09-17.17.24:725][ 75]LogModuleManager: Shutting down and abandoning module MessagingRpc (112)
[2016.04.09-17.17.24:725][ 75]LogModuleManager: Shutting down and abandoning module ProfilerService (111)
[2016.04.09-17.17.24:897][ 75]LogModuleManager: Shutting down and abandoning module TaskGraph (110)
[2016.04.09-17.17.24:897][ 75]LogModuleManager: Shutting down and abandoning module SlateRemote (109)
[2016.04.09-17.17.24:897][ 75]LogModuleManager: Shutting down and abandoning module SteamVRController (108)
[2016.04.09-17.17.24:897][ 75]LogModuleManager: Shutting down and abandoning module SteamVR (107)
[2016.04.09-17.17.24:897][ 75]LogModuleManager: Shutting down and abandoning module ProceduralMeshComponent (106)
[2016.04.09-17.17.24:897][ 75]LogModuleManager: Shutting down and abandoning module OculusLibrary (105)
[2016.04.09-17.17.24:897][ 75]LogModuleManager: Shutting down and abandoning module OculusInput (104)
[2016.04.09-17.17.24:897][ 75]LogModuleManager: Shutting down and abandoning module CustomMeshComponent (103)
[2016.04.09-17.17.24:897][ 75]LogModuleManager: Shutting down and abandoning module CableComponent (102)
[2016.04.09-17.17.24:897][ 75]LogModuleManager: Shutting down and abandoning module ArchVisCharacter (101)
[2016.04.09-17.17.24:897][ 75]LogModuleManager: Shutting down and abandoning module HTML5Networking (100)
[2016.04.09-17.17.24:897][ 75]LogModuleManager: Shutting down and abandoning module DesktopPlatform (99)
[2016.04.09-17.17.24:897][ 75]LogModuleManager: Shutting down and abandoning module DirectoryWatcher (98)
[2016.04.09-17.17.24:897][ 75]LogModuleManager: Shutting down and abandoning module HotReload (97)
[2016.04.09-17.17.24:897][ 75]LogModuleManager: Shutting down and abandoning module VisualStudioSourceCodeAccess (96)
[2016.04.09-17.17.24:897][ 75]LogModuleManager: Shutting down and abandoning module UObjectPlugin (95)
[2016.04.09-17.17.24:897][ 75]LogModuleManager: Shutting down and abandoning module SubversionSourceControl (94)
[2016.04.09-17.17.24:897][ 75]LogModuleManager: Shutting down and abandoning module SourceControl (93)
[2016.04.09-17.17.24:897][ 75]LogModuleManager: Shutting down and abandoning module PerforceSourceControl (92)
[2016.04.09-17.17.24:897][ 75]LogModuleManager: Shutting down and abandoning module UdpMessaging (91)
[2016.04.09-17.17.24:997][ 75]LogModuleManager: Shutting down and abandoning module LightPropagationVolumeRuntime (90)
[2016.04.09-17.17.24:997][ 75]LogModuleManager: Shutting down and abandoning module Paper2D (89)
[2016.04.09-17.17.24:997][ 75]LogModuleManager: Shutting down and abandoning module WindowsMoviePlayer (88)
[2016.04.09-17.17.24:997][ 75]LogModuleManager: Shutting down and abandoning module Media (87)
[2016.04.09-17.17.24:997][ 75]LogModuleManager: Shutting down and abandoning module WmfMedia (86)
[2016.04.09-17.17.24:997][ 75]LogModuleManager: Shutting down and abandoning module GameLiveStreaming (85)
[2016.04.09-17.17.24:997][ 75]LogModuleManager: Shutting down and abandoning module GameplayTagsEditor (84)
[2016.04.09-17.17.24:997][ 75]LogModuleManager: Shutting down and abandoning module OnlineBlueprintSupport (83)
[2016.04.09-17.17.24:997][ 75]LogModuleManager: Shutting down and abandoning module GameplayTasksEditor (82)
[2016.04.09-17.17.24:997][ 75]LogModuleManager: Shutting down and abandoning module PropertyEditor (81)
[2016.04.09-17.17.24:997][ 75]LogModuleManager: Shutting down and abandoning module BehaviorTreeEditor (80)
[2016.04.09-17.17.24:997][ 75]LogModuleManager: Shutting down and abandoning module FunctionalTesting (79)
[2016.04.09-17.17.24:997][ 75]LogModuleManager: Shutting down and abandoning module CollisionAnalyzer (78)
[2016.04.09-17.17.24:997][ 75]LogModuleManager: Shutting down and abandoning module WorkspaceMenuStructure (77)
[2016.04.09-17.17.24:997][ 75]LogModuleManager: Shutting down and abandoning module MessageLog (76)
[2016.04.09-17.17.24:997][ 75]LogModuleManager: Shutting down and abandoning module Sequencer (75)
[2016.04.09-17.17.24:997][ 75]LogModuleManager: Shutting down and abandoning module AssetTools (74)
[2016.04.09-17.17.24:998][ 75]LogModuleManager: Shutting down and abandoning module UMGEditor (73)
[2016.04.09-17.17.24:998][ 75]LogModuleManager: Shutting down and abandoning module UMG (72)
[2016.04.09-17.17.24:998][ 75]LogModuleManager: Shutting down and abandoning module SlateReflector (71)
[2016.04.09-17.17.24:998][ 75]LogModuleManager: Shutting down and abandoning module Slate (70)
[2016.04.09-17.17.24:998][ 75]LogModuleManager: Shutting down and abandoning module EditorStyle (69)
[2016.04.09-17.17.24:999][ 75]LogModuleManager: Shutting down and abandoning module SessionServices (68)
[2016.04.09-17.17.24:999][ 75]LogModuleManager: Shutting down and abandoning module SourceCodeAccess (67)
[2016.04.09-17.17.24:999][ 75]LogModuleManager: Shutting down and abandoning module HeadMountedDisplay (66)
[2016.04.09-17.17.24:999][ 75]LogModuleManager: Shutting down and abandoning module XAudio2 (65)
[2016.04.09-17.17.24:999][ 75]LogModuleManager: Shutting down and abandoning module Networking (63)
[2016.04.09-17.17.24:999][ 75]LogModuleManager: Shutting down and abandoning module Core (62)
[2016.04.09-17.17.24:999][ 75]LogModuleManager: Shutting down and abandoning module KismetCompiler (61)
[2016.04.09-17.17.24:999][ 75]LogModuleManager: Shutting down and abandoning module PhysXFormats (60)
[2016.04.09-17.17.24:999][ 75]LogModuleManager: Shutting down and abandoning module MeshUtilities (59)
[2016.04.09-17.17.24:999][ 75]LogModuleManager: Shutting down and abandoning module CookingStats (58)
[2016.04.09-17.17.24:999][ 75]LogModuleManager: Shutting down and abandoning module DerivedDataCache (57)
[2016.04.09-17.17.24:999][ 75]LogDerivedDataCache: Shutdown
[2016.04.09-17.17.24:999][ 75]LogModuleManager: Shutting down and abandoning module ShaderFormatOpenGL (56)
[2016.04.09-17.17.24:999][ 75]LogModuleManager: Shutting down and abandoning module ShaderFormatD3D (55)
[2016.04.09-17.17.24:999][ 75]LogModuleManager: Shutting down and abandoning module MetalShaderFormat (54)
[2016.04.09-17.17.24:999][ 75]LogModuleManager: Shutting down and abandoning module TextureFormatUncompressed (53)
[2016.04.09-17.17.24:999][ 75]LogModuleManager: Shutting down and abandoning module TextureFormatPVR (52)
[2016.04.09-17.17.24:999][ 75]LogModuleManager: Shutting down and abandoning module TextureFormatIntelISPCTexComp (51)
[2016.04.09-17.17.25:000][ 75]LogModuleManager: Shutting down and abandoning module TextureFormatDXT (50)
[2016.04.09-17.17.25:000][ 75]LogModuleManager: Shutting down and abandoning module ImageWrapper (49)
[2016.04.09-17.17.25:000][ 75]LogModuleManager: Shutting down and abandoning module TextureFormatASTC (48)
[2016.04.09-17.17.25:000][ 75]LogModuleManager: Shutting down and abandoning module TextureFormatAndroid (47)
[2016.04.09-17.17.25:000][ 75]LogModuleManager: Shutting down and abandoning module AudioFormatOpus (46)
[2016.04.09-17.17.25:000][ 75]LogModuleManager: Shutting down and abandoning module AudioFormatOgg (45)
[2016.04.09-17.17.25:000][ 75]LogModuleManager: Shutting down and abandoning module AudioFormatADPCM (44)
[2016.04.09-17.17.25:000][ 75]LogModuleManager: Shutting down and abandoning module LinuxTargetPlatform (43)
[2016.04.09-17.17.25:000][ 75]LogModuleManager: Shutting down and abandoning module LinuxServerTargetPlatform (42)
[2016.04.09-17.17.25:000][ 75]LogModuleManager: Shutting down and abandoning module LinuxNoEditorTargetPlatform (41)
[2016.04.09-17.17.25:000][ 75]LogModuleManager: Shutting down and abandoning module TVOSTargetPlatform (40)
[2016.04.09-17.17.25:000][ 75]LogModuleManager: Shutting down and abandoning module Messaging (39)
[2016.04.09-17.17.25:000][ 75]LogModuleManager: Shutting down and abandoning module IOSTargetPlatform (38)
[2016.04.09-17.17.25:000][ 75]LogModuleManager: Shutting down and abandoning module HTML5TargetPlatform (37)
[2016.04.09-17.17.25:000][ 75]LogModuleManager: Shutting down and abandoning module Android_PVRTCTargetPlatform (36)
[2016.04.09-17.17.25:000][ 75]LogModuleManager: Shutting down and abandoning module Android_MultiTargetPlatform (35)
[2016.04.09-17.17.25:000][ 75]LogModuleManager: Shutting down and abandoning module Android_ETC2TargetPlatform (34)
[2016.04.09-17.17.25:000][ 75]LogModuleManager: Shutting down and abandoning module Android_ETC1TargetPlatform (33)
[2016.04.09-17.17.25:000][ 75]LogModuleManager: Shutting down and abandoning module Android_DXTTargetPlatform (32)
[2016.04.09-17.17.25:000][ 75]LogModuleManager: Shutting down and abandoning module Android_ATCTargetPlatform (31)
[2016.04.09-17.17.25:000][ 75]LogModuleManager: Shutting down and abandoning module Android_ASTCTargetPlatform (30)
[2016.04.09-17.17.25:000][ 75]LogModuleManager: Shutting down and abandoning module AndroidTargetPlatform (29)
[2016.04.09-17.17.25:000][ 75]LogModuleManager: Shutting down and abandoning module WindowsTargetPlatform (28)
[2016.04.09-17.17.25:000][ 75]LogModuleManager: Shutting down and abandoning module WindowsServerTargetPlatform (27)
[2016.04.09-17.17.25:000][ 75]LogModuleManager: Shutting down and abandoning module WindowsNoEditorTargetPlatform (26)
[2016.04.09-17.17.25:000][ 75]LogModuleManager: Shutting down and abandoning module WindowsClientTargetPlatform (25)
[2016.04.09-17.17.25:000][ 75]LogModuleManager: Shutting down and abandoning module AllDesktopTargetPlatform (24)
[2016.04.09-17.17.25:000][ 75]LogModuleManager: Shutting down and abandoning module TargetPlatform (23)
[2016.04.09-17.17.25:000][ 75]LogModuleManager: Shutting down and abandoning module InputCore (22)
[2016.04.09-17.17.25:000][ 75]LogModuleManager: Shutting down and abandoning module Settings (21)
[2016.04.09-17.17.25:000][ 75]LogModuleManager: Shutting down and abandoning module OnlineSubsystem (19)
[2016.04.09-17.17.25:000][ 75]LogModuleManager: Shutting down and abandoning module HTTP (18)
[2016.04.09-17.17.25:000][ 75]LogModuleManager: Shutting down and abandoning module XMPP (17)
[2016.04.09-17.17.25:000][ 75]LogModuleManager: Shutting down and abandoning module OculusRift (16)
[2016.04.09-17.17.25:000][ 75]LogModuleManager: Shutting down and abandoning module ExampleDeviceProfileSelector (15)
[2016.04.09-17.17.25:000][ 75]LogModuleManager: Shutting down and abandoning module TextureCompressor (14)
[2016.04.09-17.17.25:000][ 75]LogModuleManager: Shutting down and abandoning module ShaderCore (13)
[2016.04.09-17.17.25:000][ 75]LogModuleManager: Shutting down and abandoning module Landscape (12)
[2016.04.09-17.17.25:000][ 75]LogModuleManager: Shutting down and abandoning module SlateRHIRenderer (11)
[2016.04.09-17.17.25:000][ 75]LogModuleManager: Shutting down and abandoning module OpenGLDrv (10)
[2016.04.09-17.17.25:000][ 75]LogModuleManager: Shutting down and abandoning module D3D11RHI (9)
[2016.04.09-17.17.25:000][ 75]LogModuleManager: Shutting down and abandoning module AnimGraphRuntime (8)
[2016.04.09-17.17.25:000][ 75]LogModuleManager: Shutting down and abandoning module Renderer (7)
[2016.04.09-17.17.25:000][ 75]LogModuleManager: Shutting down and abandoning module Engine (6)
[2016.04.09-17.17.25:000][ 75]LogModuleManager: Shutting down and abandoning module CoreUObject (5)
[2016.04.09-17.17.25:000][ 75]LogModuleManager: Shutting down and abandoning module NetworkFile (4)
[2016.04.09-17.17.25:000][ 75]LogModuleManager: Shutting down and abandoning module StreamingFile (3)
[2016.04.09-17.17.25:000][ 75]LogModuleManager: Shutting down and abandoning module SandboxFile (2)
[2016.04.09-17.17.25:000][ 75]LogModuleManager: Shutting down and abandoning module PakFile (1)
[2016.04.09-17.17.25:001][ 75]LogExit: Exiting.
[2016.04.09-17.17.25:003][ 75]Log file closed, 04/09/16 12:17:25
