Log file open, 04/09/16 10:59:18
LogInit:Display: Running engine for game: MyProject
LogPlatformFile: Not using cached read wrapper
LogInit:Display: RandInit(110985844) SRandInit(110985845).
LogTaskGraph: Started task graph with 4 named threads and 7 total threads.
LogStats: Stats thread started at 0.075778
LogInit: Version: 4.11.1-2934540+++UE4+Release-4.11
LogInit: API Version: 2927265
LogInit: Compiled (64-bit): Apr  6 2016 02:14:16
LogInit: Compiled with Visual C++: 19.00.23026.00
LogInit: Build Configuration: Development
LogInit: Branch Name: ++UE4+Release-4.11
LogInit: Command line:  /Temp/Autosaves/Game/2DSideScrollerBP/Maps/UEDPCLevel1 -game -PIEVIACONSOLE -ResX=1280 -ResY=720  -Multiprocess -messaging -SessionName="Play in Standalone Game" 
LogInit: Base directory: C:/Program Files (x86)/Epic Games/4.11/Engine/Binaries/Win64/
LogInit: Installed Engine Build: 1
LogInit: Using libcurl 7.41.0
LogInit:  - built for x86_64-pc-win32
LogInit:  - supports SSL with WinSSL
LogInit:  - other features:
LogInit:      CURL_VERSION_SSL
LogInit:      CURL_VERSION_IPV6
LogInit:      CURL_VERSION_ASYNCHDNS
LogInit:      CURL_VERSION_LARGEFILE
LogInit:      CURL_VERSION_IDN
LogInit:  CurlRequestOptions (configurable via config and command line):
LogInit:  - bVerifyPeer = true  - Libcurl will verify peer certificate
LogInit:  - bUseHttpProxy = false  - Libcurl will NOT use HTTP proxy
LogInit:  - bDontReuseConnections = false  - Libcurl will reuse connections
LogInit:  - CertBundlePath = nullptr  - Libcurl will use whatever was configured at build time.
LogInit: Presizing for max 16777216 objects, including 0 objects not considered by GC, pre-allocating 0 bytes for permanent pool.
LogInit: Object subsystem initialized
[2016.04.09-15.59.18:371][  0]LogInit: Selected Device Profile: [Windows]
[2016.04.09-15.59.18:371][  0]LogInit: Applying CVar settings loaded from the selected device profile: [Windows]
[2016.04.09-15.59.18:375][  0]LogInit: Computer: CURTIS-PC
[2016.04.09-15.59.18:375][  0]LogInit: User: Curtis
[2016.04.09-15.59.18:375][  0]LogInit: CPU Page size=65536, Cores=4
[2016.04.09-15.59.18:375][  0]LogInit: High frequency timer resolution =2.336201 MHz
[2016.04.09-15.59.18:376][  0]LogMemory: Memory total: Physical=7.9GB (8GB approx)
[2016.04.09-15.59.18:376][  0]LogMemory: Platform Memory Stats for Windows
[2016.04.09-15.59.18:376][  0]LogMemory: Process Physical Memory: 313.82 MB used, 313.82 MB peak
[2016.04.09-15.59.18:376][  0]LogMemory: Process Virtual Memory: 316.72 MB used, 316.72 MB peak
[2016.04.09-15.59.18:376][  0]LogMemory: Physical Memory: 5153.30 MB used, 8139.82 MB total
[2016.04.09-15.59.18:376][  0]LogMemory: Virtual Memory: 620.69 MB used, 8388608.00 MB total
[2016.04.09-15.59.18:406][  0]LogTextLocalizationManager: No specific translations for ('en-US') exist, so ('en') translations will be used.
[2016.04.09-15.59.18:790][  0]LogD3D11RHI: D3D11 adapters:
[2016.04.09-15.59.18:819][  0]LogD3D11RHI:    0. 'AMD Radeon HD 6870M' (Feature Level 11_0)
[2016.04.09-15.59.18:819][  0]LogD3D11RHI:       1010MB of dedicated video memory, 0MB of dedicated system memory, and 3813MB of shared system memory, 1 output[s]
[2016.04.09-15.59.18:824][  0]LogD3D11RHI:    1. 'Intel(R) HD Graphics 3000' (Feature Level 10_0)
[2016.04.09-15.59.18:824][  0]LogD3D11RHI:       64MB of dedicated video memory, 0MB of dedicated system memory, and 1632MB of shared system memory, 0 output[s]
[2016.04.09-15.59.18:824][  0]LogD3D11RHI: Chosen D3D11 Adapter: 0
[2016.04.09-15.59.18:829][  0]LogD3D11RHI: Creating new Direct3DDevice
[2016.04.09-15.59.18:829][  0]LogD3D11RHI:     Adapter Name: AMD Radeon HD 6870M
[2016.04.09-15.59.18:829][  0]LogD3D11RHI:   Driver Version: 9.3.0.0 (internal 9.3.0.0)
[2016.04.09-15.59.18:829][  0]LogD3D11RHI:      Driver Date: 10-25-2012
[2016.04.09-15.59.18:829][  0]LogRHI: Texture pool is 707 MB (70% of 1010 MB)
[2016.04.09-15.59.18:834][  0]LogD3D11RHI: Async texture creation disabled: no driver support
[2016.04.09-15.59.18:846][  0]LogShaderCompilers: Guid format shader working directory is -16 characters bigger than the processId version (../../../../../../Users/Curtis/Documents/Unreal Projects/IceBox/Intermediate/Shaders/WorkingDirectory/5876/).
[2016.04.09-15.59.18:846][  0]LogShaderCompilers: Cleaned the shader compiler working directory 'C:/Users/Curtis/AppData/Local/Temp/UnrealShaderWorkingDir/4E6B49A2476C209427A862822ADA30AB/'.
[2016.04.09-15.59.18:846][  0]LogShaderCompilers:Display: Using Local Shader Compiler.
[2016.04.09-15.59.19:821][  0]LogTemp:Display: Loaded TP AllDesktopTargetPlatform
[2016.04.09-15.59.19:825][  0]LogTemp:Display: Loaded TP WindowsClientTargetPlatform
[2016.04.09-15.59.19:829][  0]LogTemp:Display: Loaded TP WindowsNoEditorTargetPlatform
[2016.04.09-15.59.19:833][  0]LogTemp:Display: Loaded TP WindowsServerTargetPlatform
[2016.04.09-15.59.19:837][  0]LogTemp:Display: Loaded TP WindowsTargetPlatform
[2016.04.09-15.59.19:840][  0]LogTemp:Display: Loaded TP AndroidTargetPlatform
[2016.04.09-15.59.19:842][  0]LogTemp:Display: Loaded TP Android_ASTCTargetPlatform
[2016.04.09-15.59.19:845][  0]LogTemp:Display: Loaded TP Android_ATCTargetPlatform
[2016.04.09-15.59.19:848][  0]LogTemp:Display: Loaded TP Android_DXTTargetPlatform
[2016.04.09-15.59.19:851][  0]LogTemp:Display: Loaded TP Android_ETC1TargetPlatform
[2016.04.09-15.59.19:853][  0]LogTemp:Display: Loaded TP Android_ETC2TargetPlatform
[2016.04.09-15.59.19:859][  0]LogTemp:Display: Loaded TP Android_MultiTargetPlatform
[2016.04.09-15.59.19:859][  0]LogTemp:Display: Loaded TP Android_PVRTCTargetPlatform
[2016.04.09-15.59.19:860][  0]LogTemp:Display: Loaded TP HTML5TargetPlatform
[2016.04.09-15.59.19:875][  0]LogTemp:Display: Loaded TP IOSTargetPlatform
[2016.04.09-15.59.19:878][  0]LogTemp:Display: Loaded TP TVOSTargetPlatform
[2016.04.09-15.59.19:880][  0]LogTemp:Display: Loaded TP LinuxNoEditorTargetPlatform
[2016.04.09-15.59.19:883][  0]LogTemp:Display: Loaded TP LinuxServerTargetPlatform
[2016.04.09-15.59.19:886][  0]LogTemp:Display: Loaded TP LinuxTargetPlatform
[2016.04.09-15.59.19:886][  0]LogTargetPlatformManager:Display: Building Assets For Windows
[2016.04.09-15.59.19:944][  0]LogDerivedDataCache:Display: Max Cache Size: 512 MB
[2016.04.09-15.59.19:998][  0]LogDerivedDataCache: Loaded boot cache 0.05s 46MB C:/Users/Curtis/AppData/Local/UnrealEngine/4.11/DerivedDataCache/Boot.ddc.
[2016.04.09-15.59.19:999][  0]LogDerivedDataCache:Display: Loaded Boot cache: C:/Users/Curtis/AppData/Local/UnrealEngine/4.11/DerivedDataCache/Boot.ddc
[2016.04.09-15.59.19:999][  0]LogDerivedDataCache: FDerivedDataBackendGraph:  Pak pak cache file ../../../../../../Users/Curtis/Documents/Unreal Projects/IceBox/DerivedDataCache/DDC.ddp not found, will not use a pak cache.
[2016.04.09-15.59.19:999][  0]LogDerivedDataCache: Unable to find inner node Pak for hierarchical cache Hierarchy.
[2016.04.09-15.59.19:999][  0]LogDerivedDataCache: FDerivedDataBackendGraph:  CompressedPak pak cache file ../../../../../../Users/Curtis/Documents/Unreal Projects/IceBox/DerivedDataCache/Compressed.ddp not found, will not use a pak cache.
[2016.04.09-15.59.19:999][  0]LogDerivedDataCache: Unable to find inner node CompressedPak for hierarchical cache Hierarchy.
[2016.04.09-15.59.20:014][  0]LogDerivedDataCache:Display: Pak cache opened for reading ../../../Engine/DerivedDataCache/Compressed.ddp.
[2016.04.09-15.59.20:026][  0]LogDerivedDataCache: Using Local data cache path C:/Users/Curtis/AppData/Local/UnrealEngine/Common/DerivedDataCache: Writable
[2016.04.09-15.59.20:223][  0]LogInit: Selected Device Profile: [Windows]
[2016.04.09-15.59.20:228][  0]LogMaterial: Uniform references updated for custom material expression Custom.
[2016.04.09-15.59.20:230][  0]LogContentStreaming: Texture pool size is 1000.00 MB
[2016.04.09-15.59.20:363][  0]LogMeshUtilities: No automatic mesh reduction module available
[2016.04.09-15.59.20:363][  0]LogMeshUtilities: No automatic mesh merging module available
[2016.04.09-15.59.20:363][  0]LogMeshUtilities: No distributed automatic mesh merging module available
[2016.04.09-15.59.20:588][  0]LogInit: WinSock: version 1.1 (2.2), MaxSocks=32767, MaxUdp=65467
[2016.04.09-15.59.20:639][  0]LogSlate: SlateFontCache - WITH_FREETYPE: 1, WITH_HARFBUZZ: 1
[2016.04.09-15.59.20:639][  0]LogSlate: SlateFontCache - WITH_FREETYPE: 1, WITH_HARFBUZZ: 1
[2016.04.09-15.59.20:760][  0]LogWindowsMoviePlayer: Unable to load movie: ../../../../../../Users/Curtis/Documents/Unreal Projects/IceBox/Content/Movies/Default_Startup.mp4
[2016.04.09-15.59.20:841][  0]LogUdpMessaging: Initializing bridge on interface 0.0.0.0:0 to multicast group 230.0.0.1:6666.
[2016.04.09-15.59.20:923][  0]SourceControl: Info Source control is disabled
[2016.04.09-15.59.20:924][  0]SourceControl: Info Source control is disabled
[2016.04.09-15.59.20:936][  0]SourceControl: Info Source control is disabled
[2016.04.09-15.59.21:028][  0]LogUObjectArray: 29142 objects as part of root set at end of initial load.
[2016.04.09-15.59.21:028][  0]LogUObjectAllocator: 6065048 out of 0 bytes used by permanent object pool.
[2016.04.09-15.59.21:028][  0]LogUObjectArray: CloseDisregardForGC: 0/0 objects in disregard for GC pool
[2016.04.09-15.59.21:083][  0]LogEngine: Initializing Engine...
[2016.04.09-15.59.21:083][  0]LogHMD: SteamVR failed to initialize.  Err: 110
[2016.04.09-15.59.21:084][  0]LogHMD: SteamVR failed to initialize.  Err: 110
[2016.04.09-15.59.21:214][  0]LogInit: XAudio2 using 'Speakers / Headphones (IDT High Definition Audio CODEC)' : 2 channels at 48 kHz using 16 bits per sample (channel mask 0x3)
[2016.04.09-15.59.21:224][  0]LogInit: FAudioDevice initialized.
[2016.04.09-15.59.21:230][  0]LogInit: Texture streaming: Enabled
[2016.04.09-15.59.21:305][  0]LogNet: Browse: /Temp/Autosaves/Game/2DSideScrollerBP/Maps/UEDPCLevel1?Name=Player
[2016.04.09-15.59.21:305][  0]LogLoad: LoadMap: /Temp/Autosaves/Game/2DSideScrollerBP/Maps/UEDPCLevel1?Name=Player
[2016.04.09-15.59.21:319][  0]LogMemory: Platform Memory Stats for Windows
[2016.04.09-15.59.21:319][  0]LogMemory: Process Physical Memory: 642.09 MB used, 644.43 MB peak
[2016.04.09-15.59.21:319][  0]LogMemory: Process Virtual Memory: 625.97 MB used, 632.89 MB peak
[2016.04.09-15.59.21:319][  0]LogMemory: Physical Memory: 5420.41 MB used, 8139.82 MB total
[2016.04.09-15.59.21:319][  0]LogMemory: Virtual Memory: 1150.76 MB used, 8388608.00 MB total
[2016.04.09-15.59.21:319][  0]LogMemory: 
[2016.04.09-15.59.21:319][  0]Allocator Stats for TBB: (not implemented)
[2016.04.09-15.59.21:564][  0]LogAIModule: Creating AISystem for world Level1
[2016.04.09-15.59.21:564][  0]LogWorld: Game class is '2DSideScrollerGameMode_C'
[2016.04.09-15.59.21:577][  0]LogWorld: Bringing World /Temp/Autosaves/Game/2DSideScrollerBP/Maps/UEDPCLevel1.Level1 up for play (max tick rate 0) at 2016.04.09-10.59.21
[2016.04.09-15.59.21:597][  0]LogWorld: Bringing up level for play took: 0.032410
[2016.04.09-15.59.21:600][  0]LogInit:Display: Game Engine Initialized.
[2016.04.09-15.59.21:814][  0]LogLoad: Full Startup: 4.02 seconds (BP compile: 0.05 seconds)
[2016.04.09-15.59.21:814][  0]LogExternalProfiler:Warning: No registered external profiler was matched with a command-line switch (or the DLL could not be loaded).  External profiling features will not be available.
[2016.04.09-15.59.21:831][  0]LogOcInput: OculusInput pre-init called
[2016.04.09-15.59.21:984][  2]LogRenderer: Reallocating scene render targets to support 1280x720 (Frame:2).
[2016.04.09-15.59.49:097][664]LogPackageName: SearchForPackageOnDisk took   0.058s, but failed to resolve Level2.umap.
[2016.04.09-15.59.49:097][664]LogLevel:Warning: WARNING: The map '/Game/2DSideScrollerBP/Maps/2DSideScrollerExampleMap' does not exist.
[2016.04.09-15.59.49:152][665]LogPackageName: SearchForPackageOnDisk took   0.054s, but failed to resolve Level2.umap.
[2016.04.09-15.59.49:152][665]LogNet: Browse: /Game/2DSideScrollerBP/Maps/2DSideScrollerExampleMap
[2016.04.09-15.59.49:152][665]LogNet:Warning: Travel Failure: [InvalidURL]: Invalid URL: /Game/2DSideScrollerBP/Maps/2DSideScrollerExampleMap
[2016.04.09-15.59.49:152][665]LogNet: TravelFailure: InvalidURL, Reason for Failure: 'Invalid URL: /Game/2DSideScrollerBP/Maps/2DSideScrollerExampleMap'
[2016.04.09-15.59.49:152][665]LogNet:Warning: Travel Failure: [ClientTravelFailure]: Invalid URL: /Game/2DSideScrollerBP/Maps/2DSideScrollerExampleMap
[2016.04.09-15.59.49:152][665]LogNet: TravelFailure: ClientTravelFailure, Reason for Failure: 'Invalid URL: /Game/2DSideScrollerBP/Maps/2DSideScrollerExampleMap'
[2016.04.09-15.59.49:154][666]LogNet: Browse: /Game/2DSideScrollerBP/Maps/2DSideScrollerExampleMap?closed
[2016.04.09-15.59.49:154][666]LogNet: Failed; returning to Entry
[2016.04.09-15.59.49:157][666]LogLoad: LoadMap: /Game/2DSideScrollerBP/Maps/2DSideScrollerExampleMap?closed
[2016.04.09-15.59.49:185][666]LogMemory: Platform Memory Stats for Windows
[2016.04.09-15.59.49:185][666]LogMemory: Process Physical Memory: 684.47 MB used, 684.47 MB peak
[2016.04.09-15.59.49:185][666]LogMemory: Process Virtual Memory: 656.07 MB used, 656.08 MB peak
[2016.04.09-15.59.49:185][666]LogMemory: Physical Memory: 5455.68 MB used, 8139.82 MB total
[2016.04.09-15.59.49:185][666]LogMemory: Virtual Memory: 1214.13 MB used, 8388608.00 MB total
[2016.04.09-15.59.49:185][666]LogMemory: 
[2016.04.09-15.59.49:185][666]Allocator Stats for TBB: (not implemented)
[2016.04.09-15.59.49:186][666]LogLinker:Warning: Can't find file '/Game/2DSideScrollerBP/Maps/2DSideScrollerExampleMap'
[2016.04.09-15.59.49:186][666]LogUObjectGlobals:Warning: Failed to load '/Game/2DSideScrollerBP/Maps/2DSideScrollerExampleMap': Can't find file '/Game/2DSideScrollerBP/Maps/2DSideScrollerExampleMap'
[2016.04.09-15.59.49:186][666]LogNet:Error: Failed to load default map (/Game/2DSideScrollerBP/Maps/2DSideScrollerExampleMap). Error: (Failed to load package '/Game/2DSideScrollerBP/Maps/2DSideScrollerExampleMap')
[2016.04.09-15.59.51:379][666]LogWindows: FPlatformMisc::RequestExit(0)
[2016.04.09-15.59.51:380][666]LogNet: Browse: /Game/2DSideScrollerBP/Maps/2DSideScrollerExampleMap?Name=Player
[2016.04.09-15.59.51:380][666]LogLoad: LoadMap: /Game/2DSideScrollerBP/Maps/2DSideScrollerExampleMap?Name=Player
[2016.04.09-15.59.51:412][666]LogMemory: Platform Memory Stats for Windows
[2016.04.09-15.59.51:412][666]LogMemory: Process Physical Memory: 684.70 MB used, 684.70 MB peak
[2016.04.09-15.59.51:412][666]LogMemory: Process Virtual Memory: 656.07 MB used, 656.08 MB peak
[2016.04.09-15.59.51:412][666]LogMemory: Physical Memory: 5453.43 MB used, 8139.82 MB total
[2016.04.09-15.59.51:412][666]LogMemory: Virtual Memory: 1214.13 MB used, 8388608.00 MB total
[2016.04.09-15.59.51:412][666]LogMemory: 
[2016.04.09-15.59.51:412][666]Allocator Stats for TBB: (not implemented)
[2016.04.09-15.59.51:412][666]LogLinker:Warning: Can't find file '/Game/2DSideScrollerBP/Maps/2DSideScrollerExampleMap'
[2016.04.09-15.59.51:412][666]LogUObjectGlobals:Warning: Failed to load '/Game/2DSideScrollerBP/Maps/2DSideScrollerExampleMap': Can't find file '/Game/2DSideScrollerBP/Maps/2DSideScrollerExampleMap'
[2016.04.09-15.59.51:412][666]LogWindows:Error: Windows GetLastError: The operation completed successfully. (0)
[2016.04.09-15.59.51:619][666]LogWindows:Error: === Critical error: ===
Fatal error: [File:D:\BuildFarm\buildmachine_++UE4+Release-4.11\Engine\Source\Runtime\Engine\Private\UnrealEngine.cpp] [Line: 9051] 
Failed to load package '/Game/2DSideScrollerBP/Maps/2DSideScrollerExampleMap'




[2016.04.09-15.59.51:619][666]LogExit: Executing StaticShutdownAfterError
[2016.04.09-15.59.51:621][666]LogWindows: FPlatformMisc::RequestExit(1)
[2016.04.09-15.59.51:621][666]Log file closed, 04/09/16 10:59:51
