Log file open, 04/09/16 11:24:55
LogInit:Display: Running engine for game: MyProject
LogPlatformFile: Not using cached read wrapper
LogInit:Display: RandInit(-591541456) SRandInit(-591541455).
LogTaskGraph: Started task graph with 4 named threads and 7 total threads.
LogStats: Stats thread started at 0.069275
LogInit: Version: 4.11.1-2934540+++UE4+Release-4.11
LogInit: API Version: 2927265
LogInit: Compiled (64-bit): Apr  6 2016 02:14:16
LogInit: Compiled with Visual C++: 19.00.23026.00
LogInit: Build Configuration: Development
LogInit: Branch Name: ++UE4+Release-4.11
LogInit: Command line:  /Temp/Autosaves/Game/2DSideScrollerBP/Maps/UEDPCTitleScreen -game -PIEVIACONSOLE -ResX=1280 -ResY=720  -Multiprocess -messaging -SessionName="Play in Standalone Game" 
LogInit: Base directory: C:/Program Files (x86)/Epic Games/4.11/Engine/Binaries/Win64/
LogInit: Installed Engine Build: 1
LogInit: Using libcurl 7.41.0
LogInit:  - built for x86_64-pc-win32
LogInit:  - supports SSL with WinSSL
LogInit:  - other features:
LogInit:      CURL_VERSION_SSL
LogInit:      CURL_VERSION_IPV6
LogInit:      CURL_VERSION_ASYNCHDNS
LogInit:      CURL_VERSION_LARGEFILE
LogInit:      CURL_VERSION_IDN
LogInit:  CurlRequestOptions (configurable via config and command line):
LogInit:  - bVerifyPeer = true  - Libcurl will verify peer certificate
LogInit:  - bUseHttpProxy = false  - Libcurl will NOT use HTTP proxy
LogInit:  - bDontReuseConnections = false  - Libcurl will reuse connections
LogInit:  - CertBundlePath = nullptr  - Libcurl will use whatever was configured at build time.
LogInit: Presizing for max 16777216 objects, including 0 objects not considered by GC, pre-allocating 0 bytes for permanent pool.
LogInit: Object subsystem initialized
[2016.04.09-16.24.56:101][  0]LogInit: Selected Device Profile: [Windows]
[2016.04.09-16.24.56:101][  0]LogInit: Applying CVar settings loaded from the selected device profile: [Windows]
[2016.04.09-16.24.56:104][  0]LogInit: Computer: CURTIS-PC
[2016.04.09-16.24.56:104][  0]LogInit: User: Curtis
[2016.04.09-16.24.56:104][  0]LogInit: CPU Page size=65536, Cores=4
[2016.04.09-16.24.56:104][  0]LogInit: High frequency timer resolution =2.336201 MHz
[2016.04.09-16.24.56:104][  0]LogMemory: Memory total: Physical=7.9GB (8GB approx)
[2016.04.09-16.24.56:104][  0]LogMemory: Platform Memory Stats for Windows
[2016.04.09-16.24.56:104][  0]LogMemory: Process Physical Memory: 314.12 MB used, 314.12 MB peak
[2016.04.09-16.24.56:104][  0]LogMemory: Process Virtual Memory: 316.73 MB used, 316.73 MB peak
[2016.04.09-16.24.56:104][  0]LogMemory: Physical Memory: 4726.08 MB used, 8139.82 MB total
[2016.04.09-16.24.56:104][  0]LogMemory: Virtual Memory: 620.69 MB used, 8388608.00 MB total
[2016.04.09-16.24.56:133][  0]LogTextLocalizationManager: No specific translations for ('en-US') exist, so ('en') translations will be used.
[2016.04.09-16.24.56:538][  0]LogD3D11RHI: D3D11 adapters:
[2016.04.09-16.24.56:553][  0]LogD3D11RHI:    0. 'AMD Radeon HD 6870M' (Feature Level 11_0)
[2016.04.09-16.24.56:553][  0]LogD3D11RHI:       1010MB of dedicated video memory, 0MB of dedicated system memory, and 3813MB of shared system memory, 1 output[s]
[2016.04.09-16.24.56:558][  0]LogD3D11RHI:    1. 'Intel(R) HD Graphics 3000' (Feature Level 10_0)
[2016.04.09-16.24.56:558][  0]LogD3D11RHI:       64MB of dedicated video memory, 0MB of dedicated system memory, and 1632MB of shared system memory, 0 output[s]
[2016.04.09-16.24.56:558][  0]LogD3D11RHI: Chosen D3D11 Adapter: 0
[2016.04.09-16.24.56:563][  0]LogD3D11RHI: Creating new Direct3DDevice
[2016.04.09-16.24.56:563][  0]LogD3D11RHI:     Adapter Name: AMD Radeon HD 6870M
[2016.04.09-16.24.56:563][  0]LogD3D11RHI:   Driver Version: 9.3.0.0 (internal 9.3.0.0)
[2016.04.09-16.24.56:563][  0]LogD3D11RHI:      Driver Date: 10-25-2012
[2016.04.09-16.24.56:563][  0]LogRHI: Texture pool is 707 MB (70% of 1010 MB)
[2016.04.09-16.24.56:568][  0]LogD3D11RHI: Async texture creation disabled: no driver support
[2016.04.09-16.24.56:579][  0]LogShaderCompilers: Guid format shader working directory is -16 characters bigger than the processId version (../../../../../../Users/Curtis/Documents/Unreal Projects/IceBox/Intermediate/Shaders/WorkingDirectory/5196/).
[2016.04.09-16.24.56:579][  0]LogShaderCompilers: Cleaned the shader compiler working directory 'C:/Users/Curtis/AppData/Local/Temp/UnrealShaderWorkingDir/678C2DE140A3231D7B2AF4B6EB04F409/'.
[2016.04.09-16.24.56:579][  0]LogShaderCompilers:Display: Using Local Shader Compiler.
[2016.04.09-16.24.57:552][  0]LogTemp:Display: Loaded TP AllDesktopTargetPlatform
[2016.04.09-16.24.57:555][  0]LogTemp:Display: Loaded TP WindowsClientTargetPlatform
[2016.04.09-16.24.57:559][  0]LogTemp:Display: Loaded TP WindowsNoEditorTargetPlatform
[2016.04.09-16.24.57:563][  0]LogTemp:Display: Loaded TP WindowsServerTargetPlatform
[2016.04.09-16.24.57:567][  0]LogTemp:Display: Loaded TP WindowsTargetPlatform
[2016.04.09-16.24.57:570][  0]LogTemp:Display: Loaded TP AndroidTargetPlatform
[2016.04.09-16.24.57:573][  0]LogTemp:Display: Loaded TP Android_ASTCTargetPlatform
[2016.04.09-16.24.57:576][  0]LogTemp:Display: Loaded TP Android_ATCTargetPlatform
[2016.04.09-16.24.57:579][  0]LogTemp:Display: Loaded TP Android_DXTTargetPlatform
[2016.04.09-16.24.57:582][  0]LogTemp:Display: Loaded TP Android_ETC1TargetPlatform
[2016.04.09-16.24.57:586][  0]LogTemp:Display: Loaded TP Android_ETC2TargetPlatform
[2016.04.09-16.24.57:592][  0]LogTemp:Display: Loaded TP Android_MultiTargetPlatform
[2016.04.09-16.24.57:592][  0]LogTemp:Display: Loaded TP Android_PVRTCTargetPlatform
[2016.04.09-16.24.57:593][  0]LogTemp:Display: Loaded TP HTML5TargetPlatform
[2016.04.09-16.24.57:608][  0]LogTemp:Display: Loaded TP IOSTargetPlatform
[2016.04.09-16.24.57:611][  0]LogTemp:Display: Loaded TP TVOSTargetPlatform
[2016.04.09-16.24.57:614][  0]LogTemp:Display: Loaded TP LinuxNoEditorTargetPlatform
[2016.04.09-16.24.57:617][  0]LogTemp:Display: Loaded TP LinuxServerTargetPlatform
[2016.04.09-16.24.57:620][  0]LogTemp:Display: Loaded TP LinuxTargetPlatform
[2016.04.09-16.24.57:620][  0]LogTargetPlatformManager:Display: Building Assets For Windows
[2016.04.09-16.24.57:681][  0]LogDerivedDataCache:Display: Max Cache Size: 512 MB
[2016.04.09-16.24.57:741][  0]LogDerivedDataCache: Loaded boot cache 0.06s 46MB C:/Users/Curtis/AppData/Local/UnrealEngine/4.11/DerivedDataCache/Boot.ddc.
[2016.04.09-16.24.57:741][  0]LogDerivedDataCache:Display: Loaded Boot cache: C:/Users/Curtis/AppData/Local/UnrealEngine/4.11/DerivedDataCache/Boot.ddc
[2016.04.09-16.24.57:741][  0]LogDerivedDataCache: FDerivedDataBackendGraph:  Pak pak cache file ../../../../../../Users/Curtis/Documents/Unreal Projects/IceBox/DerivedDataCache/DDC.ddp not found, will not use a pak cache.
[2016.04.09-16.24.57:741][  0]LogDerivedDataCache: Unable to find inner node Pak for hierarchical cache Hierarchy.
[2016.04.09-16.24.57:741][  0]LogDerivedDataCache: FDerivedDataBackendGraph:  CompressedPak pak cache file ../../../../../../Users/Curtis/Documents/Unreal Projects/IceBox/DerivedDataCache/Compressed.ddp not found, will not use a pak cache.
[2016.04.09-16.24.57:741][  0]LogDerivedDataCache: Unable to find inner node CompressedPak for hierarchical cache Hierarchy.
[2016.04.09-16.24.57:758][  0]LogDerivedDataCache:Display: Pak cache opened for reading ../../../Engine/DerivedDataCache/Compressed.ddp.
[2016.04.09-16.24.57:770][  0]LogDerivedDataCache: Using Local data cache path C:/Users/Curtis/AppData/Local/UnrealEngine/Common/DerivedDataCache: Writable
[2016.04.09-16.24.57:969][  0]LogInit: Selected Device Profile: [Windows]
[2016.04.09-16.24.57:974][  0]LogMaterial: Uniform references updated for custom material expression Custom.
[2016.04.09-16.24.57:975][  0]LogContentStreaming: Texture pool size is 1000.00 MB
[2016.04.09-16.24.58:110][  0]LogMeshUtilities: No automatic mesh reduction module available
[2016.04.09-16.24.58:110][  0]LogMeshUtilities: No automatic mesh merging module available
[2016.04.09-16.24.58:110][  0]LogMeshUtilities: No distributed automatic mesh merging module available
[2016.04.09-16.24.58:328][  0]LogInit: WinSock: version 1.1 (2.2), MaxSocks=32767, MaxUdp=65467
[2016.04.09-16.24.58:380][  0]LogSlate: SlateFontCache - WITH_FREETYPE: 1, WITH_HARFBUZZ: 1
[2016.04.09-16.24.58:380][  0]LogSlate: SlateFontCache - WITH_FREETYPE: 1, WITH_HARFBUZZ: 1
[2016.04.09-16.24.58:480][  0]LogWindowsMoviePlayer: Unable to load movie: ../../../../../../Users/Curtis/Documents/Unreal Projects/IceBox/Content/Movies/Default_Startup.mp4
[2016.04.09-16.24.58:578][  0]LogUdpMessaging: Initializing bridge on interface 0.0.0.0:0 to multicast group 230.0.0.1:6666.
[2016.04.09-16.24.58:637][  0]SourceControl: Info Source control is disabled
[2016.04.09-16.24.58:637][  0]SourceControl: Info Source control is disabled
[2016.04.09-16.24.58:643][  0]SourceControl: Info Source control is disabled
[2016.04.09-16.24.58:719][  0]LogUObjectArray: 29142 objects as part of root set at end of initial load.
[2016.04.09-16.24.58:719][  0]LogUObjectAllocator: 6065048 out of 0 bytes used by permanent object pool.
[2016.04.09-16.24.58:719][  0]LogUObjectArray: CloseDisregardForGC: 0/0 objects in disregard for GC pool
[2016.04.09-16.24.58:773][  0]LogEngine: Initializing Engine...
[2016.04.09-16.24.58:774][  0]LogHMD: SteamVR failed to initialize.  Err: 110
[2016.04.09-16.24.58:774][  0]LogHMD: SteamVR failed to initialize.  Err: 110
[2016.04.09-16.24.58:900][  0]LogInit: XAudio2 using 'Speakers / Headphones (IDT High Definition Audio CODEC)' : 2 channels at 48 kHz using 16 bits per sample (channel mask 0x3)
[2016.04.09-16.24.58:910][  0]LogInit: FAudioDevice initialized.
[2016.04.09-16.24.58:916][  0]LogInit: Texture streaming: Enabled
[2016.04.09-16.24.58:991][  0]LogNet: Browse: /Temp/Autosaves/Game/2DSideScrollerBP/Maps/UEDPCTitleScreen?Name=Player
[2016.04.09-16.24.58:991][  0]LogLoad: LoadMap: /Temp/Autosaves/Game/2DSideScrollerBP/Maps/UEDPCTitleScreen?Name=Player
[2016.04.09-16.24.59:007][  0]LogMemory: Platform Memory Stats for Windows
[2016.04.09-16.24.59:007][  0]LogMemory: Process Physical Memory: 643.01 MB used, 648.84 MB peak
[2016.04.09-16.24.59:007][  0]LogMemory: Process Virtual Memory: 625.56 MB used, 632.48 MB peak
[2016.04.09-16.24.59:007][  0]LogMemory: Physical Memory: 5002.60 MB used, 8139.82 MB total
[2016.04.09-16.24.59:007][  0]LogMemory: Virtual Memory: 1150.95 MB used, 8388608.00 MB total
[2016.04.09-16.24.59:007][  0]LogMemory: 
[2016.04.09-16.24.59:007][  0]Allocator Stats for TBB: (not implemented)
[2016.04.09-16.24.59:223][  0]LogAIModule: Creating AISystem for world TitleScreen
[2016.04.09-16.24.59:224][  0]LogWorld: Game class is '2DSideScrollerGameMode_C'
[2016.04.09-16.24.59:225][  0]LogWorld: Bringing World /Temp/Autosaves/Game/2DSideScrollerBP/Maps/UEDPCTitleScreen.TitleScreen up for play (max tick rate 0) at 2016.04.09-11.24.59
[2016.04.09-16.24.59:225][  0]LogWorld: Bringing up level for play took: 0.000684
[2016.04.09-16.24.59:230][  0]LogInit:Display: Game Engine Initialized.
[2016.04.09-16.24.59:447][  0]LogLoad: Full Startup: 3.89 seconds (BP compile: 0.06 seconds)
[2016.04.09-16.24.59:447][  0]LogExternalProfiler:Warning: No registered external profiler was matched with a command-line switch (or the DLL could not be loaded).  External profiling features will not be available.
[2016.04.09-16.24.59:464][  0]LogOcInput: OculusInput pre-init called
[2016.04.09-16.24.59:601][  2]LogRenderer: Reallocating scene render targets to support 1280x720 (Frame:2).
[2016.04.09-16.25.02:444][168]r.SetRes = "1920x1080"
[2016.04.09-16.25.02:448][169]LogRenderer: Reallocating scene render targets to support 1920x1080 (Frame:171).
[2016.04.09-16.25.03:159][192]LogPackageName: SearchForPackageOnDisk took   0.059s to resolve Level1.umap.
[2016.04.09-16.25.03:213][192]LogPackageName: SearchForPackageOnDisk took   0.054s to resolve Level1.umap.
[2016.04.09-16.25.03:213][192]LogNet: Browse: /Game/2DSideScrollerBP/Maps/Level1
[2016.04.09-16.25.03:213][192]LogLoad: LoadMap: /Game/2DSideScrollerBP/Maps/Level1
[2016.04.09-16.25.03:239][192]LogMemory: Platform Memory Stats for Windows
[2016.04.09-16.25.03:239][192]LogMemory: Process Physical Memory: 665.56 MB used, 682.14 MB peak
[2016.04.09-16.25.03:239][192]LogMemory: Process Virtual Memory: 630.86 MB used, 642.04 MB peak
[2016.04.09-16.25.03:239][192]LogMemory: Physical Memory: 5038.73 MB used, 8139.82 MB total
[2016.04.09-16.25.03:239][192]LogMemory: Virtual Memory: 1181.13 MB used, 8388608.00 MB total
[2016.04.09-16.25.03:239][192]LogMemory: 
[2016.04.09-16.25.03:239][192]Allocator Stats for TBB: (not implemented)
[2016.04.09-16.25.03:455][192]LogAIModule: Creating AISystem for world Level1
[2016.04.09-16.25.03:455][192]LogWorld: Game class is '2DSideScrollerGameMode_C'
[2016.04.09-16.25.03:467][192]LogWorld: Bringing World /Game/2DSideScrollerBP/Maps/Level1.Level1 up for play (max tick rate 0) at 2016.04.09-11.25.03
[2016.04.09-16.25.03:467][192]LogWorld: Bringing up level for play took: 0.011103
[2016.04.09-16.25.14:521][496]LogPackageName: SearchForPackageOnDisk took   0.054s to resolve Level1.umap.
[2016.04.09-16.25.14:576][497]LogPackageName: SearchForPackageOnDisk took   0.053s to resolve Level1.umap.
[2016.04.09-16.25.14:576][497]LogNet: Browse: /Game/2DSideScrollerBP/Maps/Level1
[2016.04.09-16.25.14:576][497]LogLoad: LoadMap: /Game/2DSideScrollerBP/Maps/Level1
[2016.04.09-16.25.14:604][497]LogMemory: Platform Memory Stats for Windows
[2016.04.09-16.25.14:604][497]LogMemory: Process Physical Memory: 686.44 MB used, 686.44 MB peak
[2016.04.09-16.25.14:604][497]LogMemory: Process Virtual Memory: 651.02 MB used, 659.35 MB peak
[2016.04.09-16.25.14:604][497]LogMemory: Physical Memory: 5066.22 MB used, 8139.82 MB total
[2016.04.09-16.25.14:604][497]LogMemory: Virtual Memory: 1207.97 MB used, 8388608.00 MB total
[2016.04.09-16.25.14:604][497]LogMemory: 
[2016.04.09-16.25.14:604][497]Allocator Stats for TBB: (not implemented)
[2016.04.09-16.25.14:818][497]LogAIModule: Creating AISystem for world Level1
[2016.04.09-16.25.14:818][497]LogWorld: Game class is '2DSideScrollerGameMode_C'
[2016.04.09-16.25.14:829][497]LogWorld: Bringing World /Game/2DSideScrollerBP/Maps/Level1.Level1 up for play (max tick rate 0) at 2016.04.09-11.25.14
[2016.04.09-16.25.14:830][497]LogWorld: Bringing up level for play took: 0.011057
[2016.04.09-16.25.38:453][150]LogPackageName: SearchForPackageOnDisk took   0.053s to resolve Level1.umap.
[2016.04.09-16.25.38:507][151]LogPackageName: SearchForPackageOnDisk took   0.053s to resolve Level1.umap.
[2016.04.09-16.25.38:507][151]LogNet: Browse: /Game/2DSideScrollerBP/Maps/Level1
[2016.04.09-16.25.38:507][151]LogLoad: LoadMap: /Game/2DSideScrollerBP/Maps/Level1
[2016.04.09-16.25.38:535][151]LogMemory: Platform Memory Stats for Windows
[2016.04.09-16.25.38:535][151]LogMemory: Process Physical Memory: 704.16 MB used, 704.17 MB peak
[2016.04.09-16.25.38:535][151]LogMemory: Process Virtual Memory: 671.37 MB used, 673.21 MB peak
[2016.04.09-16.25.38:535][151]LogMemory: Physical Memory: 5070.37 MB used, 8139.82 MB total
[2016.04.09-16.25.38:535][151]LogMemory: Virtual Memory: 1230.66 MB used, 8388608.00 MB total
[2016.04.09-16.25.38:535][151]LogMemory: 
[2016.04.09-16.25.38:535][151]Allocator Stats for TBB: (not implemented)
[2016.04.09-16.25.38:749][151]LogAIModule: Creating AISystem for world Level1
[2016.04.09-16.25.38:749][151]LogWorld: Game class is '2DSideScrollerGameMode_C'
[2016.04.09-16.25.38:760][151]LogWorld: Bringing World /Game/2DSideScrollerBP/Maps/Level1.Level1 up for play (max tick rate 0) at 2016.04.09-11.25.38
[2016.04.09-16.25.38:761][151]LogWorld: Bringing up level for play took: 0.011145
[2016.04.09-16.25.58:877][709]LogPackageName: SearchForPackageOnDisk took   0.054s to resolve Level1.umap.
[2016.04.09-16.25.58:933][710]LogPackageName: SearchForPackageOnDisk took   0.055s to resolve Level1.umap.
[2016.04.09-16.25.58:933][710]LogNet: Browse: /Game/2DSideScrollerBP/Maps/Level1
[2016.04.09-16.25.58:933][710]LogLoad: LoadMap: /Game/2DSideScrollerBP/Maps/Level1
[2016.04.09-16.25.58:961][710]LogMemory: Platform Memory Stats for Windows
[2016.04.09-16.25.58:961][710]LogMemory: Process Physical Memory: 709.34 MB used, 709.34 MB peak
[2016.04.09-16.25.58:961][710]LogMemory: Process Virtual Memory: 673.81 MB used, 673.81 MB peak
[2016.04.09-16.25.58:961][710]LogMemory: Physical Memory: 5074.87 MB used, 8139.82 MB total
[2016.04.09-16.25.58:961][710]LogMemory: Virtual Memory: 1232.53 MB used, 8388608.00 MB total
[2016.04.09-16.25.58:961][710]LogMemory: 
[2016.04.09-16.25.58:961][710]Allocator Stats for TBB: (not implemented)
[2016.04.09-16.25.59:179][710]LogAIModule: Creating AISystem for world Level1
[2016.04.09-16.25.59:179][710]LogWorld: Game class is '2DSideScrollerGameMode_C'
[2016.04.09-16.25.59:190][710]LogWorld: Bringing World /Game/2DSideScrollerBP/Maps/Level1.Level1 up for play (max tick rate 0) at 2016.04.09-11.25.59
[2016.04.09-16.25.59:191][710]LogWorld: Bringing up level for play took: 0.011521
[2016.04.09-16.26.29:075][537]LogPackageName: SearchForPackageOnDisk took   0.054s, but failed to resolve Level2.umap.
[2016.04.09-16.26.29:075][537]LogLevel:Warning: WARNING: The map '/Game/2DSideScrollerBP/Maps/2DSideScrollerExampleMap' does not exist.
[2016.04.09-16.26.29:130][538]LogPackageName: SearchForPackageOnDisk took   0.054s, but failed to resolve Level2.umap.
[2016.04.09-16.26.29:130][538]LogNet: Browse: /Game/2DSideScrollerBP/Maps/2DSideScrollerExampleMap
[2016.04.09-16.26.29:130][538]LogNet:Warning: Travel Failure: [InvalidURL]: Invalid URL: /Game/2DSideScrollerBP/Maps/2DSideScrollerExampleMap
[2016.04.09-16.26.29:130][538]LogNet: TravelFailure: InvalidURL, Reason for Failure: 'Invalid URL: /Game/2DSideScrollerBP/Maps/2DSideScrollerExampleMap'
[2016.04.09-16.26.29:130][538]LogNet:Warning: Travel Failure: [ClientTravelFailure]: Invalid URL: /Game/2DSideScrollerBP/Maps/2DSideScrollerExampleMap
[2016.04.09-16.26.29:130][538]LogNet: TravelFailure: ClientTravelFailure, Reason for Failure: 'Invalid URL: /Game/2DSideScrollerBP/Maps/2DSideScrollerExampleMap'
[2016.04.09-16.26.29:131][539]LogNet: Browse: /Game/2DSideScrollerBP/Maps/2DSideScrollerExampleMap?closed
[2016.04.09-16.26.29:131][539]LogNet: Failed; returning to Entry
[2016.04.09-16.26.29:134][539]LogLoad: LoadMap: /Game/2DSideScrollerBP/Maps/2DSideScrollerExampleMap?closed
[2016.04.09-16.26.29:165][539]LogMemory: Platform Memory Stats for Windows
[2016.04.09-16.26.29:165][539]LogMemory: Process Physical Memory: 710.11 MB used, 710.11 MB peak
[2016.04.09-16.26.29:165][539]LogMemory: Process Virtual Memory: 674.28 MB used, 674.34 MB peak
[2016.04.09-16.26.29:165][539]LogMemory: Physical Memory: 5067.93 MB used, 8139.82 MB total
[2016.04.09-16.26.29:165][539]LogMemory: Virtual Memory: 1227.72 MB used, 8388608.00 MB total
[2016.04.09-16.26.29:165][539]LogMemory: 
[2016.04.09-16.26.29:165][539]Allocator Stats for TBB: (not implemented)
[2016.04.09-16.26.29:165][539]LogLinker:Warning: Can't find file '/Game/2DSideScrollerBP/Maps/2DSideScrollerExampleMap'
[2016.04.09-16.26.29:165][539]LogUObjectGlobals:Warning: Failed to load '/Game/2DSideScrollerBP/Maps/2DSideScrollerExampleMap': Can't find file '/Game/2DSideScrollerBP/Maps/2DSideScrollerExampleMap'
[2016.04.09-16.26.29:165][539]LogNet:Error: Failed to load default map (/Game/2DSideScrollerBP/Maps/2DSideScrollerExampleMap). Error: (Failed to load package '/Game/2DSideScrollerBP/Maps/2DSideScrollerExampleMap')
[2016.04.09-16.26.31:672][539]LogWindows: FPlatformMisc::RequestExit(0)
[2016.04.09-16.26.31:672][539]LogNet: Browse: /Game/2DSideScrollerBP/Maps/2DSideScrollerExampleMap?Name=Player
[2016.04.09-16.26.31:672][539]LogLoad: LoadMap: /Game/2DSideScrollerBP/Maps/2DSideScrollerExampleMap?Name=Player
[2016.04.09-16.26.31:703][539]LogMemory: Platform Memory Stats for Windows
[2016.04.09-16.26.31:703][539]LogMemory: Process Physical Memory: 710.30 MB used, 710.30 MB peak
[2016.04.09-16.26.31:703][539]LogMemory: Process Virtual Memory: 674.28 MB used, 674.34 MB peak
[2016.04.09-16.26.31:703][539]LogMemory: Physical Memory: 5067.39 MB used, 8139.82 MB total
[2016.04.09-16.26.31:703][539]LogMemory: Virtual Memory: 1227.72 MB used, 8388608.00 MB total
[2016.04.09-16.26.31:704][539]LogMemory: 
[2016.04.09-16.26.31:704][539]Allocator Stats for TBB: (not implemented)
[2016.04.09-16.26.31:704][539]LogLinker:Warning: Can't find file '/Game/2DSideScrollerBP/Maps/2DSideScrollerExampleMap'
[2016.04.09-16.26.31:704][539]LogUObjectGlobals:Warning: Failed to load '/Game/2DSideScrollerBP/Maps/2DSideScrollerExampleMap': Can't find file '/Game/2DSideScrollerBP/Maps/2DSideScrollerExampleMap'
[2016.04.09-16.26.31:704][539]LogWindows:Error: Windows GetLastError: The operation completed successfully. (0)
[2016.04.09-16.26.31:966][539]LogWindows:Error: === Critical error: ===
Fatal error: [File:D:\BuildFarm\buildmachine_++UE4+Release-4.11\Engine\Source\Runtime\Engine\Private\UnrealEngine.cpp] [Line: 9051] 
Failed to load package '/Game/2DSideScrollerBP/Maps/2DSideScrollerExampleMap'




[2016.04.09-16.26.31:966][539]LogExit: Executing StaticShutdownAfterError
[2016.04.09-16.26.31:968][539]LogWindows: FPlatformMisc::RequestExit(1)
[2016.04.09-16.26.31:968][539]Log file closed, 04/09/16 11:26:31
