Log file open, 04/09/16 12:25:51
LogInit:Display: Running engine for game: MyProject
LogPlatformFile: Not using cached read wrapper
LogInit:Display: RandInit(-641399152) SRandInit(-641399151).
LogTaskGraph: Started task graph with 4 named threads and 7 total threads.
LogStats: Stats thread started at 0.066496
LogInit: Version: 4.11.1-2934540+++UE4+Release-4.11
LogInit: API Version: 2927265
LogInit: Compiled (64-bit): Apr  6 2016 02:14:16
LogInit: Compiled with Visual C++: 19.00.23026.00
LogInit: Build Configuration: Development
LogInit: Branch Name: ++UE4+Release-4.11
LogInit: Command line:  /Temp/Autosaves/Game/2DSideScrollerBP/Maps/UEDPCLevel2 -game -PIEVIACONSOLE -ResX=1280 -ResY=720  -Multiprocess -messaging -SessionName="Play in Standalone Game" 
LogInit: Base directory: C:/Program Files (x86)/Epic Games/4.11/Engine/Binaries/Win64/
LogInit: Installed Engine Build: 1
LogInit: Using libcurl 7.41.0
LogInit:  - built for x86_64-pc-win32
LogInit:  - supports SSL with WinSSL
LogInit:  - other features:
LogInit:      CURL_VERSION_SSL
LogInit:      CURL_VERSION_IPV6
LogInit:      CURL_VERSION_ASYNCHDNS
LogInit:      CURL_VERSION_LARGEFILE
LogInit:      CURL_VERSION_IDN
LogInit:  CurlRequestOptions (configurable via config and command line):
LogInit:  - bVerifyPeer = true  - Libcurl will verify peer certificate
LogInit:  - bUseHttpProxy = false  - Libcurl will NOT use HTTP proxy
LogInit:  - bDontReuseConnections = false  - Libcurl will reuse connections
LogInit:  - CertBundlePath = nullptr  - Libcurl will use whatever was configured at build time.
LogInit: Presizing for max 16777216 objects, including 0 objects not considered by GC, pre-allocating 0 bytes for permanent pool.
LogInit: Object subsystem initialized
[2016.04.09-17.25.51:711][  0]LogInit: Selected Device Profile: [Windows]
[2016.04.09-17.25.51:711][  0]LogInit: Applying CVar settings loaded from the selected device profile: [Windows]
[2016.04.09-17.25.51:713][  0]LogInit: Computer: CURTIS-PC
[2016.04.09-17.25.51:713][  0]LogInit: User: Curtis
[2016.04.09-17.25.51:713][  0]LogInit: CPU Page size=65536, Cores=4
[2016.04.09-17.25.51:713][  0]LogInit: High frequency timer resolution =2.336201 MHz
[2016.04.09-17.25.51:714][  0]LogMemory: Memory total: Physical=7.9GB (8GB approx)
[2016.04.09-17.25.51:714][  0]LogMemory: Platform Memory Stats for Windows
[2016.04.09-17.25.51:714][  0]LogMemory: Process Physical Memory: 314.11 MB used, 314.11 MB peak
[2016.04.09-17.25.51:714][  0]LogMemory: Process Virtual Memory: 316.73 MB used, 316.73 MB peak
[2016.04.09-17.25.51:714][  0]LogMemory: Physical Memory: 5140.33 MB used, 8139.82 MB total
[2016.04.09-17.25.51:714][  0]LogMemory: Virtual Memory: 620.69 MB used, 8388608.00 MB total
[2016.04.09-17.25.51:743][  0]LogTextLocalizationManager: No specific translations for ('en-US') exist, so ('en') translations will be used.
[2016.04.09-17.25.52:141][  0]LogD3D11RHI: D3D11 adapters:
[2016.04.09-17.25.52:187][  0]LogD3D11RHI:    0. 'AMD Radeon HD 6870M' (Feature Level 11_0)
[2016.04.09-17.25.52:187][  0]LogD3D11RHI:       1010MB of dedicated video memory, 0MB of dedicated system memory, and 3813MB of shared system memory, 1 output[s]
[2016.04.09-17.25.52:192][  0]LogD3D11RHI:    1. 'Intel(R) HD Graphics 3000' (Feature Level 10_0)
[2016.04.09-17.25.52:192][  0]LogD3D11RHI:       64MB of dedicated video memory, 0MB of dedicated system memory, and 1632MB of shared system memory, 0 output[s]
[2016.04.09-17.25.52:192][  0]LogD3D11RHI: Chosen D3D11 Adapter: 0
[2016.04.09-17.25.52:197][  0]LogD3D11RHI: Creating new Direct3DDevice
[2016.04.09-17.25.52:197][  0]LogD3D11RHI:     Adapter Name: AMD Radeon HD 6870M
[2016.04.09-17.25.52:197][  0]LogD3D11RHI:   Driver Version: 9.3.0.0 (internal 9.3.0.0)
[2016.04.09-17.25.52:197][  0]LogD3D11RHI:      Driver Date: 10-25-2012
[2016.04.09-17.25.52:197][  0]LogRHI: Texture pool is 707 MB (70% of 1010 MB)
[2016.04.09-17.25.52:203][  0]LogD3D11RHI: Async texture creation disabled: no driver support
[2016.04.09-17.25.52:217][  0]LogShaderCompilers: Guid format shader working directory is -16 characters bigger than the processId version (../../../../../../Users/Curtis/Documents/Unreal Projects/IceBox/Intermediate/Shaders/WorkingDirectory/6348/).
[2016.04.09-17.25.52:217][  0]LogShaderCompilers: Cleaned the shader compiler working directory 'C:/Users/Curtis/AppData/Local/Temp/UnrealShaderWorkingDir/F542C19D49CAC279F5EBB9BD3AE9B514/'.
[2016.04.09-17.25.52:217][  0]LogShaderCompilers:Display: Using Local Shader Compiler.
[2016.04.09-17.25.53:164][  0]LogTemp:Display: Loaded TP AllDesktopTargetPlatform
[2016.04.09-17.25.53:168][  0]LogTemp:Display: Loaded TP WindowsClientTargetPlatform
[2016.04.09-17.25.53:172][  0]LogTemp:Display: Loaded TP WindowsNoEditorTargetPlatform
[2016.04.09-17.25.53:176][  0]LogTemp:Display: Loaded TP WindowsServerTargetPlatform
[2016.04.09-17.25.53:180][  0]LogTemp:Display: Loaded TP WindowsTargetPlatform
[2016.04.09-17.25.53:183][  0]LogTemp:Display: Loaded TP AndroidTargetPlatform
[2016.04.09-17.25.53:186][  0]LogTemp:Display: Loaded TP Android_ASTCTargetPlatform
[2016.04.09-17.25.53:188][  0]LogTemp:Display: Loaded TP Android_ATCTargetPlatform
[2016.04.09-17.25.53:191][  0]LogTemp:Display: Loaded TP Android_DXTTargetPlatform
[2016.04.09-17.25.53:194][  0]LogTemp:Display: Loaded TP Android_ETC1TargetPlatform
[2016.04.09-17.25.53:197][  0]LogTemp:Display: Loaded TP Android_ETC2TargetPlatform
[2016.04.09-17.25.53:202][  0]LogTemp:Display: Loaded TP Android_MultiTargetPlatform
[2016.04.09-17.25.53:202][  0]LogTemp:Display: Loaded TP Android_PVRTCTargetPlatform
[2016.04.09-17.25.53:203][  0]LogTemp:Display: Loaded TP HTML5TargetPlatform
[2016.04.09-17.25.53:218][  0]LogTemp:Display: Loaded TP IOSTargetPlatform
[2016.04.09-17.25.53:221][  0]LogTemp:Display: Loaded TP TVOSTargetPlatform
[2016.04.09-17.25.53:223][  0]LogTemp:Display: Loaded TP LinuxNoEditorTargetPlatform
[2016.04.09-17.25.53:226][  0]LogTemp:Display: Loaded TP LinuxServerTargetPlatform
[2016.04.09-17.25.53:229][  0]LogTemp:Display: Loaded TP LinuxTargetPlatform
[2016.04.09-17.25.53:229][  0]LogTargetPlatformManager:Display: Building Assets For Windows
[2016.04.09-17.25.53:287][  0]LogDerivedDataCache:Display: Max Cache Size: 512 MB
[2016.04.09-17.25.53:336][  0]LogDerivedDataCache: Loaded boot cache 0.05s 46MB C:/Users/Curtis/AppData/Local/UnrealEngine/4.11/DerivedDataCache/Boot.ddc.
[2016.04.09-17.25.53:336][  0]LogDerivedDataCache:Display: Loaded Boot cache: C:/Users/Curtis/AppData/Local/UnrealEngine/4.11/DerivedDataCache/Boot.ddc
[2016.04.09-17.25.53:336][  0]LogDerivedDataCache: FDerivedDataBackendGraph:  Pak pak cache file ../../../../../../Users/Curtis/Documents/Unreal Projects/IceBox/DerivedDataCache/DDC.ddp not found, will not use a pak cache.
[2016.04.09-17.25.53:336][  0]LogDerivedDataCache: Unable to find inner node Pak for hierarchical cache Hierarchy.
[2016.04.09-17.25.53:336][  0]LogDerivedDataCache: FDerivedDataBackendGraph:  CompressedPak pak cache file ../../../../../../Users/Curtis/Documents/Unreal Projects/IceBox/DerivedDataCache/Compressed.ddp not found, will not use a pak cache.
[2016.04.09-17.25.53:336][  0]LogDerivedDataCache: Unable to find inner node CompressedPak for hierarchical cache Hierarchy.
[2016.04.09-17.25.53:352][  0]LogDerivedDataCache:Display: Pak cache opened for reading ../../../Engine/DerivedDataCache/Compressed.ddp.
[2016.04.09-17.25.53:364][  0]LogDerivedDataCache: Using Local data cache path C:/Users/Curtis/AppData/Local/UnrealEngine/Common/DerivedDataCache: Writable
[2016.04.09-17.25.53:555][  0]LogInit: Selected Device Profile: [Windows]
[2016.04.09-17.25.53:560][  0]LogMaterial: Uniform references updated for custom material expression Custom.
[2016.04.09-17.25.53:562][  0]LogContentStreaming: Texture pool size is 1000.00 MB
[2016.04.09-17.25.53:694][  0]LogMeshUtilities: No automatic mesh reduction module available
[2016.04.09-17.25.53:694][  0]LogMeshUtilities: No automatic mesh merging module available
[2016.04.09-17.25.53:694][  0]LogMeshUtilities: No distributed automatic mesh merging module available
[2016.04.09-17.25.53:917][  0]LogInit: WinSock: version 1.1 (2.2), MaxSocks=32767, MaxUdp=65467
[2016.04.09-17.25.53:969][  0]LogSlate: SlateFontCache - WITH_FREETYPE: 1, WITH_HARFBUZZ: 1
[2016.04.09-17.25.53:969][  0]LogSlate: SlateFontCache - WITH_FREETYPE: 1, WITH_HARFBUZZ: 1
[2016.04.09-17.25.54:102][  0]LogWindowsMoviePlayer: Unable to load movie: ../../../../../../Users/Curtis/Documents/Unreal Projects/IceBox/Content/Movies/Default_Startup.mp4
[2016.04.09-17.25.54:166][  0]LogUdpMessaging: Initializing bridge on interface 0.0.0.0:0 to multicast group 230.0.0.1:6666.
[2016.04.09-17.25.54:238][  0]SourceControl: Info Source control is disabled
[2016.04.09-17.25.54:238][  0]SourceControl: Info Source control is disabled
[2016.04.09-17.25.54:254][  0]SourceControl: Info Source control is disabled
[2016.04.09-17.25.54:343][  0]LogUObjectArray: 29142 objects as part of root set at end of initial load.
[2016.04.09-17.25.54:343][  0]LogUObjectAllocator: 6065048 out of 0 bytes used by permanent object pool.
[2016.04.09-17.25.54:343][  0]LogUObjectArray: CloseDisregardForGC: 0/0 objects in disregard for GC pool
[2016.04.09-17.25.54:396][  0]LogEngine: Initializing Engine...
[2016.04.09-17.25.54:397][  0]LogHMD: SteamVR failed to initialize.  Err: 110
[2016.04.09-17.25.54:398][  0]LogHMD: SteamVR failed to initialize.  Err: 110
[2016.04.09-17.25.54:526][  0]LogInit: XAudio2 using 'Speakers / Headphones (IDT High Definition Audio CODEC)' : 2 channels at 48 kHz using 16 bits per sample (channel mask 0x3)
[2016.04.09-17.25.54:536][  0]LogInit: FAudioDevice initialized.
[2016.04.09-17.25.54:542][  0]LogInit: Texture streaming: Enabled
[2016.04.09-17.25.54:617][  0]LogNet: Browse: /Temp/Autosaves/Game/2DSideScrollerBP/Maps/UEDPCLevel2?Name=Player
[2016.04.09-17.25.54:617][  0]LogLoad: LoadMap: /Temp/Autosaves/Game/2DSideScrollerBP/Maps/UEDPCLevel2?Name=Player
[2016.04.09-17.25.54:632][  0]LogMemory: Platform Memory Stats for Windows
[2016.04.09-17.25.54:632][  0]LogMemory: Process Physical Memory: 643.11 MB used, 645.13 MB peak
[2016.04.09-17.25.54:632][  0]LogMemory: Process Virtual Memory: 625.28 MB used, 632.23 MB peak
[2016.04.09-17.25.54:632][  0]LogMemory: Physical Memory: 5413.48 MB used, 8139.82 MB total
[2016.04.09-17.25.54:632][  0]LogMemory: Virtual Memory: 1150.26 MB used, 8388608.00 MB total
[2016.04.09-17.25.54:632][  0]LogMemory: 
[2016.04.09-17.25.54:632][  0]Allocator Stats for TBB: (not implemented)
[2016.04.09-17.25.54:901][  0]LogAIModule: Creating AISystem for world Level2
[2016.04.09-17.25.54:904][  0]LogWorld: Game class is '2DSideScrollerGameMode_C'
[2016.04.09-17.25.54:917][  0]LogWorld: Bringing World /Temp/Autosaves/Game/2DSideScrollerBP/Maps/UEDPCLevel2.Level2 up for play (max tick rate 0) at 2016.04.09-12.25.54
[2016.04.09-17.25.54:918][  0]LogWorld: Bringing up level for play took: 0.012736
[2016.04.09-17.25.54:921][  0]LogInit:Display: Game Engine Initialized.
[2016.04.09-17.25.55:135][  0]LogLoad: Full Startup: 3.98 seconds (BP compile: 0.05 seconds)
[2016.04.09-17.25.55:135][  0]LogExternalProfiler:Warning: No registered external profiler was matched with a command-line switch (or the DLL could not be loaded).  External profiling features will not be available.
[2016.04.09-17.25.55:152][  0]LogOcInput: OculusInput pre-init called
[2016.04.09-17.25.55:283][  2]LogRenderer: Reallocating scene render targets to support 1280x720 (Frame:2).
[2016.04.09-17.26.39:978][327]LogPackageName: SearchForPackageOnDisk took   0.059s to resolve Level2.umap.
[2016.04.09-17.26.40:033][328]LogPackageName: SearchForPackageOnDisk took   0.053s to resolve Level2.umap.
[2016.04.09-17.26.40:033][328]LogNet: Browse: /Game/2DSideScrollerBP/Maps/Level2
[2016.04.09-17.26.40:033][328]LogLoad: LoadMap: /Game/2DSideScrollerBP/Maps/Level2
[2016.04.09-17.26.40:062][328]LogMemory: Platform Memory Stats for Windows
[2016.04.09-17.26.40:062][328]LogMemory: Process Physical Memory: 687.60 MB used, 687.99 MB peak
[2016.04.09-17.26.40:062][328]LogMemory: Process Virtual Memory: 656.28 MB used, 661.94 MB peak
[2016.04.09-17.26.40:062][328]LogMemory: Physical Memory: 5436.73 MB used, 8139.82 MB total
[2016.04.09-17.26.40:062][328]LogMemory: Virtual Memory: 1205.84 MB used, 8388608.00 MB total
[2016.04.09-17.26.40:062][328]LogMemory: 
[2016.04.09-17.26.40:062][328]Allocator Stats for TBB: (not implemented)
[2016.04.09-17.26.40:315][328]LogAIModule: Creating AISystem for world Level2
[2016.04.09-17.26.40:318][328]LogWorld: Game class is '2DSideScrollerGameMode_C'
[2016.04.09-17.26.40:330][328]LogWorld: Bringing World /Game/2DSideScrollerBP/Maps/Level2.Level2 up for play (max tick rate 0) at 2016.04.09-12.26.40
[2016.04.09-17.26.40:331][328]LogWorld: Bringing up level for play took: 0.011723
[2016.04.09-17.26.44:419][537]LogPackageName: SearchForPackageOnDisk took   0.053s to resolve Level2.umap.
[2016.04.09-17.26.44:474][538]LogPackageName: SearchForPackageOnDisk took   0.054s to resolve Level2.umap.
[2016.04.09-17.26.44:474][538]LogNet: Browse: /Game/2DSideScrollerBP/Maps/Level2
[2016.04.09-17.26.44:474][538]LogLoad: LoadMap: /Game/2DSideScrollerBP/Maps/Level2
[2016.04.09-17.26.44:501][538]LogMemory: Platform Memory Stats for Windows
[2016.04.09-17.26.44:501][538]LogMemory: Process Physical Memory: 696.40 MB used, 698.00 MB peak
[2016.04.09-17.26.44:501][538]LogMemory: Process Virtual Memory: 665.25 MB used, 669.98 MB peak
[2016.04.09-17.26.44:501][538]LogMemory: Physical Memory: 5444.64 MB used, 8139.82 MB total
[2016.04.09-17.26.44:501][538]LogMemory: Virtual Memory: 1213.84 MB used, 8388608.00 MB total
[2016.04.09-17.26.44:501][538]LogMemory: 
[2016.04.09-17.26.44:501][538]Allocator Stats for TBB: (not implemented)
[2016.04.09-17.26.44:753][538]LogAIModule: Creating AISystem for world Level2
[2016.04.09-17.26.44:756][538]LogWorld: Game class is '2DSideScrollerGameMode_C'
[2016.04.09-17.26.44:768][538]LogWorld: Bringing World /Game/2DSideScrollerBP/Maps/Level2.Level2 up for play (max tick rate 0) at 2016.04.09-12.26.44
[2016.04.09-17.26.44:769][538]LogWorld: Bringing up level for play took: 0.011842
[2016.04.09-17.26.49:253][770]LogPackageName: SearchForPackageOnDisk took   0.053s to resolve Level2.umap.
[2016.04.09-17.26.49:307][771]LogPackageName: SearchForPackageOnDisk took   0.053s to resolve Level2.umap.
[2016.04.09-17.26.49:307][771]LogNet: Browse: /Game/2DSideScrollerBP/Maps/Level2
[2016.04.09-17.26.49:308][771]LogLoad: LoadMap: /Game/2DSideScrollerBP/Maps/Level2
[2016.04.09-17.26.49:335][771]LogMemory: Platform Memory Stats for Windows
[2016.04.09-17.26.49:335][771]LogMemory: Process Physical Memory: 700.63 MB used, 700.63 MB peak
[2016.04.09-17.26.49:335][771]LogMemory: Process Virtual Memory: 670.32 MB used, 670.34 MB peak
[2016.04.09-17.26.49:335][771]LogMemory: Physical Memory: 5448.54 MB used, 8139.82 MB total
[2016.04.09-17.26.49:335][771]LogMemory: Virtual Memory: 1217.90 MB used, 8388608.00 MB total
[2016.04.09-17.26.49:335][771]LogMemory: 
[2016.04.09-17.26.49:335][771]Allocator Stats for TBB: (not implemented)
[2016.04.09-17.26.49:591][771]LogAIModule: Creating AISystem for world Level2
[2016.04.09-17.26.49:594][771]LogWorld: Game class is '2DSideScrollerGameMode_C'
[2016.04.09-17.26.49:605][771]LogWorld: Bringing World /Game/2DSideScrollerBP/Maps/Level2.Level2 up for play (max tick rate 0) at 2016.04.09-12.26.49
[2016.04.09-17.26.49:606][771]LogWorld: Bringing up level for play took: 0.011620
[2016.04.09-17.26.55:542][ 79]LogPackageName: SearchForPackageOnDisk took   0.054s to resolve Level2.umap.
[2016.04.09-17.26.55:597][ 80]LogPackageName: SearchForPackageOnDisk took   0.053s to resolve Level2.umap.
[2016.04.09-17.26.55:597][ 80]LogNet: Browse: /Game/2DSideScrollerBP/Maps/Level2
[2016.04.09-17.26.55:598][ 80]LogLoad: LoadMap: /Game/2DSideScrollerBP/Maps/Level2
[2016.04.09-17.26.55:625][ 80]LogMemory: Platform Memory Stats for Windows
[2016.04.09-17.26.55:625][ 80]LogMemory: Process Physical Memory: 702.07 MB used, 702.08 MB peak
[2016.04.09-17.26.55:625][ 80]LogMemory: Process Virtual Memory: 670.66 MB used, 670.66 MB peak
[2016.04.09-17.26.55:625][ 80]LogMemory: Physical Memory: 5450.37 MB used, 8139.82 MB total
[2016.04.09-17.26.55:625][ 80]LogMemory: Virtual Memory: 1217.90 MB used, 8388608.00 MB total
[2016.04.09-17.26.55:625][ 80]LogMemory: 
[2016.04.09-17.26.55:625][ 80]Allocator Stats for TBB: (not implemented)
[2016.04.09-17.26.55:881][ 80]LogAIModule: Creating AISystem for world Level2
[2016.04.09-17.26.55:884][ 80]LogWorld: Game class is '2DSideScrollerGameMode_C'
[2016.04.09-17.26.55:895][ 80]LogWorld: Bringing World /Game/2DSideScrollerBP/Maps/Level2.Level2 up for play (max tick rate 0) at 2016.04.09-12.26.55
[2016.04.09-17.26.55:896][ 80]LogWorld: Bringing up level for play took: 0.010781
[2016.04.09-17.27.10:520][842]LogPackageName: SearchForPackageOnDisk took   0.054s to resolve Level2.umap.
[2016.04.09-17.27.10:576][843]LogPackageName: SearchForPackageOnDisk took   0.054s to resolve Level2.umap.
[2016.04.09-17.27.10:576][843]LogNet: Browse: /Game/2DSideScrollerBP/Maps/Level2
[2016.04.09-17.27.10:576][843]LogLoad: LoadMap: /Game/2DSideScrollerBP/Maps/Level2
[2016.04.09-17.27.10:603][843]LogMemory: Platform Memory Stats for Windows
[2016.04.09-17.27.10:603][843]LogMemory: Process Physical Memory: 703.65 MB used, 703.66 MB peak
[2016.04.09-17.27.10:603][843]LogMemory: Process Virtual Memory: 671.79 MB used, 671.84 MB peak
[2016.04.09-17.27.10:603][843]LogMemory: Physical Memory: 5443.39 MB used, 8139.82 MB total
[2016.04.09-17.27.10:603][843]LogMemory: Virtual Memory: 1214.09 MB used, 8388608.00 MB total
[2016.04.09-17.27.10:603][843]LogMemory: 
[2016.04.09-17.27.10:603][843]Allocator Stats for TBB: (not implemented)
[2016.04.09-17.27.10:856][843]LogAIModule: Creating AISystem for world Level2
[2016.04.09-17.27.10:859][843]LogWorld: Game class is '2DSideScrollerGameMode_C'
[2016.04.09-17.27.10:871][843]LogWorld: Bringing World /Game/2DSideScrollerBP/Maps/Level2.Level2 up for play (max tick rate 0) at 2016.04.09-12.27.10
[2016.04.09-17.27.10:872][843]LogWorld: Bringing up level for play took: 0.011021
[2016.04.09-17.27.15:856][102]LogPackageName: SearchForPackageOnDisk took   0.054s to resolve Level2.umap.
[2016.04.09-17.27.15:911][103]LogPackageName: SearchForPackageOnDisk took   0.053s to resolve Level2.umap.
[2016.04.09-17.27.15:911][103]LogNet: Browse: /Game/2DSideScrollerBP/Maps/Level2
[2016.04.09-17.27.15:911][103]LogLoad: LoadMap: /Game/2DSideScrollerBP/Maps/Level2
[2016.04.09-17.27.15:940][103]LogMemory: Platform Memory Stats for Windows
[2016.04.09-17.27.15:940][103]LogMemory: Process Physical Memory: 704.91 MB used, 704.92 MB peak
[2016.04.09-17.27.15:940][103]LogMemory: Process Virtual Memory: 671.83 MB used, 671.85 MB peak
[2016.04.09-17.27.15:940][103]LogMemory: Physical Memory: 5445.77 MB used, 8139.82 MB total
[2016.04.09-17.27.15:940][103]LogMemory: Virtual Memory: 1214.09 MB used, 8388608.00 MB total
[2016.04.09-17.27.15:940][103]LogMemory: 
[2016.04.09-17.27.15:940][103]Allocator Stats for TBB: (not implemented)
[2016.04.09-17.27.16:194][103]LogAIModule: Creating AISystem for world Level2
[2016.04.09-17.27.16:197][103]LogWorld: Game class is '2DSideScrollerGameMode_C'
[2016.04.09-17.27.16:208][103]LogWorld: Bringing World /Game/2DSideScrollerBP/Maps/Level2.Level2 up for play (max tick rate 0) at 2016.04.09-12.27.16
[2016.04.09-17.27.16:208][103]LogWorld: Bringing up level for play took: 0.010844
[2016.04.09-17.27.50:507][889]LogPackageName: SearchForPackageOnDisk took   0.054s to resolve Level2.umap.
[2016.04.09-17.27.50:562][890]LogPackageName: SearchForPackageOnDisk took   0.054s to resolve Level2.umap.
[2016.04.09-17.27.50:562][890]LogNet: Browse: /Game/2DSideScrollerBP/Maps/Level2
[2016.04.09-17.27.50:563][890]LogLoad: LoadMap: /Game/2DSideScrollerBP/Maps/Level2
[2016.04.09-17.27.50:592][890]LogMemory: Platform Memory Stats for Windows
[2016.04.09-17.27.50:592][890]LogMemory: Process Physical Memory: 705.99 MB used, 706.00 MB peak
[2016.04.09-17.27.50:592][890]LogMemory: Process Virtual Memory: 671.98 MB used, 672.04 MB peak
[2016.04.09-17.27.50:592][890]LogMemory: Physical Memory: 5446.68 MB used, 8139.82 MB total
[2016.04.09-17.27.50:592][890]LogMemory: Virtual Memory: 1209.28 MB used, 8388608.00 MB total
[2016.04.09-17.27.50:592][890]LogMemory: 
[2016.04.09-17.27.50:592][890]Allocator Stats for TBB: (not implemented)
[2016.04.09-17.27.50:846][890]LogAIModule: Creating AISystem for world Level2
[2016.04.09-17.27.50:849][890]LogWorld: Game class is '2DSideScrollerGameMode_C'
[2016.04.09-17.27.50:860][890]LogWorld: Bringing World /Game/2DSideScrollerBP/Maps/Level2.Level2 up for play (max tick rate 0) at 2016.04.09-12.27.50
[2016.04.09-17.27.50:861][890]LogWorld: Bringing up level for play took: 0.010863
[2016.04.09-17.28.12:571][ 17]LogEngine: All Windows Closed
[2016.04.09-17.28.12:571][ 17]LogWindows: FPlatformMisc::RequestExit(0)
[2016.04.09-17.28.13:409][ 18]LogExit: Preparing to exit.
[2016.04.09-17.28.14:300][ 18]LogExit: Game engine shut down
[2016.04.09-17.28.14:402][ 18]LogObj: Freed 0b from 0 cluster array pools.
[2016.04.09-17.28.14:402][ 18]LogExit: Object subsystem successfully closed.
[2016.04.09-17.28.14:416][ 18]LogD3D11RHI: Shutdown
[2016.04.09-17.28.14:416][ 18]LogD3D11RHI: CleanupD3DDevice
[2016.04.09-17.28.15:117][ 18]LogD3D11RHI: ~FD3D11DynamicRHI
[2016.04.09-17.28.15:162][ 18]LogDerivedDataCache: Shutdown
[2016.04.09-17.28.15:162][ 18]LogModuleManager: Shutting down and abandoning module AndroidDeviceDetection (123)
[2016.04.09-17.28.15:180][ 18]LogModuleManager: Shutting down and abandoning module AutomationController (122)
[2016.04.09-17.28.15:180][ 18]LogModuleManager: Shutting down and abandoning module AutomationWorker (121)
[2016.04.09-17.28.15:180][ 18]LogModuleManager: Shutting down and abandoning module CharacterAI (120)
[2016.04.09-17.28.15:180][ 18]LogModuleManager: Shutting down and abandoning module AITestSuite (119)
[2016.04.09-17.28.15:180][ 18]LogModuleManager: Shutting down and abandoning module GameplayDebugger (118)
[2016.04.09-17.28.15:180][ 18]LogModuleManager: Shutting down and abandoning module AIModule (117)
[2016.04.09-17.28.15:180][ 18]LogModuleManager: Shutting down and abandoning module MovieSceneCapture (116)
[2016.04.09-17.28.15:180][ 18]LogModuleManager: Shutting down and abandoning module StreamingPauseRendering (115)
[2016.04.09-17.28.15:180][ 18]LogModuleManager: Shutting down and abandoning module PortalServices (114)
[2016.04.09-17.28.15:180][ 18]LogModuleManager: Shutting down and abandoning module PortalRpc (113)
[2016.04.09-17.28.15:180][ 18]LogModuleManager: Shutting down and abandoning module MessagingRpc (112)
[2016.04.09-17.28.15:180][ 18]LogModuleManager: Shutting down and abandoning module ProfilerService (111)
[2016.04.09-17.28.15:358][ 18]LogModuleManager: Shutting down and abandoning module TaskGraph (110)
[2016.04.09-17.28.15:358][ 18]LogModuleManager: Shutting down and abandoning module SlateRemote (109)
[2016.04.09-17.28.15:358][ 18]LogModuleManager: Shutting down and abandoning module SteamVRController (108)
[2016.04.09-17.28.15:358][ 18]LogModuleManager: Shutting down and abandoning module SteamVR (107)
[2016.04.09-17.28.15:358][ 18]LogModuleManager: Shutting down and abandoning module ProceduralMeshComponent (106)
[2016.04.09-17.28.15:358][ 18]LogModuleManager: Shutting down and abandoning module OculusLibrary (105)
[2016.04.09-17.28.15:358][ 18]LogModuleManager: Shutting down and abandoning module OculusInput (104)
[2016.04.09-17.28.15:358][ 18]LogModuleManager: Shutting down and abandoning module CustomMeshComponent (103)
[2016.04.09-17.28.15:358][ 18]LogModuleManager: Shutting down and abandoning module CableComponent (102)
[2016.04.09-17.28.15:358][ 18]LogModuleManager: Shutting down and abandoning module ArchVisCharacter (101)
[2016.04.09-17.28.15:358][ 18]LogModuleManager: Shutting down and abandoning module HTML5Networking (100)
[2016.04.09-17.28.15:358][ 18]LogModuleManager: Shutting down and abandoning module DesktopPlatform (99)
[2016.04.09-17.28.15:358][ 18]LogModuleManager: Shutting down and abandoning module DirectoryWatcher (98)
[2016.04.09-17.28.15:358][ 18]LogModuleManager: Shutting down and abandoning module HotReload (97)
[2016.04.09-17.28.15:358][ 18]LogModuleManager: Shutting down and abandoning module VisualStudioSourceCodeAccess (96)
[2016.04.09-17.28.15:358][ 18]LogModuleManager: Shutting down and abandoning module UObjectPlugin (95)
[2016.04.09-17.28.15:358][ 18]LogModuleManager: Shutting down and abandoning module SubversionSourceControl (94)
[2016.04.09-17.28.15:358][ 18]LogModuleManager: Shutting down and abandoning module SourceControl (93)
[2016.04.09-17.28.15:358][ 18]LogModuleManager: Shutting down and abandoning module PerforceSourceControl (92)
[2016.04.09-17.28.15:358][ 18]LogModuleManager: Shutting down and abandoning module UdpMessaging (91)
[2016.04.09-17.28.15:458][ 18]LogModuleManager: Shutting down and abandoning module LightPropagationVolumeRuntime (90)
[2016.04.09-17.28.15:458][ 18]LogModuleManager: Shutting down and abandoning module Paper2D (89)
[2016.04.09-17.28.15:458][ 18]LogModuleManager: Shutting down and abandoning module WindowsMoviePlayer (88)
[2016.04.09-17.28.15:458][ 18]LogModuleManager: Shutting down and abandoning module Media (87)
[2016.04.09-17.28.15:458][ 18]LogModuleManager: Shutting down and abandoning module WmfMedia (86)
[2016.04.09-17.28.15:458][ 18]LogModuleManager: Shutting down and abandoning module GameLiveStreaming (85)
[2016.04.09-17.28.15:458][ 18]LogModuleManager: Shutting down and abandoning module GameplayTagsEditor (84)
[2016.04.09-17.28.15:458][ 18]LogModuleManager: Shutting down and abandoning module OnlineBlueprintSupport (83)
[2016.04.09-17.28.15:458][ 18]LogModuleManager: Shutting down and abandoning module GameplayTasksEditor (82)
[2016.04.09-17.28.15:458][ 18]LogModuleManager: Shutting down and abandoning module PropertyEditor (81)
[2016.04.09-17.28.15:458][ 18]LogModuleManager: Shutting down and abandoning module BehaviorTreeEditor (80)
[2016.04.09-17.28.15:458][ 18]LogModuleManager: Shutting down and abandoning module FunctionalTesting (79)
[2016.04.09-17.28.15:458][ 18]LogModuleManager: Shutting down and abandoning module CollisionAnalyzer (78)
[2016.04.09-17.28.15:458][ 18]LogModuleManager: Shutting down and abandoning module WorkspaceMenuStructure (77)
[2016.04.09-17.28.15:458][ 18]LogModuleManager: Shutting down and abandoning module MessageLog (76)
[2016.04.09-17.28.15:458][ 18]LogModuleManager: Shutting down and abandoning module Sequencer (75)
[2016.04.09-17.28.15:458][ 18]LogModuleManager: Shutting down and abandoning module AssetTools (74)
[2016.04.09-17.28.15:458][ 18]LogModuleManager: Shutting down and abandoning module UMGEditor (73)
[2016.04.09-17.28.15:458][ 18]LogModuleManager: Shutting down and abandoning module UMG (72)
[2016.04.09-17.28.15:459][ 18]LogModuleManager: Shutting down and abandoning module SlateReflector (71)
[2016.04.09-17.28.15:459][ 18]LogModuleManager: Shutting down and abandoning module Slate (70)
[2016.04.09-17.28.15:459][ 18]LogModuleManager: Shutting down and abandoning module EditorStyle (69)
[2016.04.09-17.28.15:460][ 18]LogModuleManager: Shutting down and abandoning module SessionServices (68)
[2016.04.09-17.28.15:460][ 18]LogModuleManager: Shutting down and abandoning module SourceCodeAccess (67)
[2016.04.09-17.28.15:460][ 18]LogModuleManager: Shutting down and abandoning module HeadMountedDisplay (66)
[2016.04.09-17.28.15:460][ 18]LogModuleManager: Shutting down and abandoning module XAudio2 (65)
[2016.04.09-17.28.15:460][ 18]LogModuleManager: Shutting down and abandoning module Networking (63)
[2016.04.09-17.28.15:460][ 18]LogModuleManager: Shutting down and abandoning module Core (62)
[2016.04.09-17.28.15:460][ 18]LogModuleManager: Shutting down and abandoning module KismetCompiler (61)
[2016.04.09-17.28.15:460][ 18]LogModuleManager: Shutting down and abandoning module PhysXFormats (60)
[2016.04.09-17.28.15:460][ 18]LogModuleManager: Shutting down and abandoning module MeshUtilities (59)
[2016.04.09-17.28.15:460][ 18]LogModuleManager: Shutting down and abandoning module CookingStats (58)
[2016.04.09-17.28.15:460][ 18]LogModuleManager: Shutting down and abandoning module DerivedDataCache (57)
[2016.04.09-17.28.15:460][ 18]LogDerivedDataCache: Shutdown
[2016.04.09-17.28.15:460][ 18]LogModuleManager: Shutting down and abandoning module ShaderFormatOpenGL (56)
[2016.04.09-17.28.15:460][ 18]LogModuleManager: Shutting down and abandoning module ShaderFormatD3D (55)
[2016.04.09-17.28.15:460][ 18]LogModuleManager: Shutting down and abandoning module MetalShaderFormat (54)
[2016.04.09-17.28.15:460][ 18]LogModuleManager: Shutting down and abandoning module TextureFormatUncompressed (53)
[2016.04.09-17.28.15:460][ 18]LogModuleManager: Shutting down and abandoning module TextureFormatPVR (52)
[2016.04.09-17.28.15:460][ 18]LogModuleManager: Shutting down and abandoning module TextureFormatIntelISPCTexComp (51)
[2016.04.09-17.28.15:460][ 18]LogModuleManager: Shutting down and abandoning module TextureFormatDXT (50)
[2016.04.09-17.28.15:461][ 18]LogModuleManager: Shutting down and abandoning module ImageWrapper (49)
[2016.04.09-17.28.15:461][ 18]LogModuleManager: Shutting down and abandoning module TextureFormatASTC (48)
[2016.04.09-17.28.15:461][ 18]LogModuleManager: Shutting down and abandoning module TextureFormatAndroid (47)
[2016.04.09-17.28.15:461][ 18]LogModuleManager: Shutting down and abandoning module AudioFormatOpus (46)
[2016.04.09-17.28.15:461][ 18]LogModuleManager: Shutting down and abandoning module AudioFormatOgg (45)
[2016.04.09-17.28.15:461][ 18]LogModuleManager: Shutting down and abandoning module AudioFormatADPCM (44)
[2016.04.09-17.28.15:461][ 18]LogModuleManager: Shutting down and abandoning module LinuxTargetPlatform (43)
[2016.04.09-17.28.15:461][ 18]LogModuleManager: Shutting down and abandoning module LinuxServerTargetPlatform (42)
[2016.04.09-17.28.15:461][ 18]LogModuleManager: Shutting down and abandoning module LinuxNoEditorTargetPlatform (41)
[2016.04.09-17.28.15:461][ 18]LogModuleManager: Shutting down and abandoning module TVOSTargetPlatform (40)
[2016.04.09-17.28.15:461][ 18]LogModuleManager: Shutting down and abandoning module Messaging (39)
[2016.04.09-17.28.15:461][ 18]LogModuleManager: Shutting down and abandoning module IOSTargetPlatform (38)
[2016.04.09-17.28.15:461][ 18]LogModuleManager: Shutting down and abandoning module HTML5TargetPlatform (37)
[2016.04.09-17.28.15:461][ 18]LogModuleManager: Shutting down and abandoning module Android_PVRTCTargetPlatform (36)
[2016.04.09-17.28.15:461][ 18]LogModuleManager: Shutting down and abandoning module Android_MultiTargetPlatform (35)
[2016.04.09-17.28.15:461][ 18]LogModuleManager: Shutting down and abandoning module Android_ETC2TargetPlatform (34)
[2016.04.09-17.28.15:461][ 18]LogModuleManager: Shutting down and abandoning module Android_ETC1TargetPlatform (33)
[2016.04.09-17.28.15:461][ 18]LogModuleManager: Shutting down and abandoning module Android_DXTTargetPlatform (32)
[2016.04.09-17.28.15:461][ 18]LogModuleManager: Shutting down and abandoning module Android_ATCTargetPlatform (31)
[2016.04.09-17.28.15:461][ 18]LogModuleManager: Shutting down and abandoning module Android_ASTCTargetPlatform (30)
[2016.04.09-17.28.15:461][ 18]LogModuleManager: Shutting down and abandoning module AndroidTargetPlatform (29)
[2016.04.09-17.28.15:461][ 18]LogModuleManager: Shutting down and abandoning module WindowsTargetPlatform (28)
[2016.04.09-17.28.15:461][ 18]LogModuleManager: Shutting down and abandoning module WindowsServerTargetPlatform (27)
[2016.04.09-17.28.15:461][ 18]LogModuleManager: Shutting down and abandoning module WindowsNoEditorTargetPlatform (26)
[2016.04.09-17.28.15:461][ 18]LogModuleManager: Shutting down and abandoning module WindowsClientTargetPlatform (25)
[2016.04.09-17.28.15:461][ 18]LogModuleManager: Shutting down and abandoning module AllDesktopTargetPlatform (24)
[2016.04.09-17.28.15:461][ 18]LogModuleManager: Shutting down and abandoning module TargetPlatform (23)
[2016.04.09-17.28.15:461][ 18]LogModuleManager: Shutting down and abandoning module InputCore (22)
[2016.04.09-17.28.15:461][ 18]LogModuleManager: Shutting down and abandoning module Settings (21)
[2016.04.09-17.28.15:461][ 18]LogModuleManager: Shutting down and abandoning module OnlineSubsystem (19)
[2016.04.09-17.28.15:461][ 18]LogModuleManager: Shutting down and abandoning module HTTP (18)
[2016.04.09-17.28.15:461][ 18]LogModuleManager: Shutting down and abandoning module XMPP (17)
[2016.04.09-17.28.15:461][ 18]LogModuleManager: Shutting down and abandoning module OculusRift (16)
[2016.04.09-17.28.15:461][ 18]LogModuleManager: Shutting down and abandoning module ExampleDeviceProfileSelector (15)
[2016.04.09-17.28.15:461][ 18]LogModuleManager: Shutting down and abandoning module TextureCompressor (14)
[2016.04.09-17.28.15:461][ 18]LogModuleManager: Shutting down and abandoning module ShaderCore (13)
[2016.04.09-17.28.15:461][ 18]LogModuleManager: Shutting down and abandoning module Landscape (12)
[2016.04.09-17.28.15:461][ 18]LogModuleManager: Shutting down and abandoning module SlateRHIRenderer (11)
[2016.04.09-17.28.15:461][ 18]LogModuleManager: Shutting down and abandoning module OpenGLDrv (10)
[2016.04.09-17.28.15:461][ 18]LogModuleManager: Shutting down and abandoning module D3D11RHI (9)
[2016.04.09-17.28.15:461][ 18]LogModuleManager: Shutting down and abandoning module AnimGraphRuntime (8)
[2016.04.09-17.28.15:461][ 18]LogModuleManager: Shutting down and abandoning module Renderer (7)
[2016.04.09-17.28.15:461][ 18]LogModuleManager: Shutting down and abandoning module Engine (6)
[2016.04.09-17.28.15:461][ 18]LogModuleManager: Shutting down and abandoning module CoreUObject (5)
[2016.04.09-17.28.15:461][ 18]LogModuleManager: Shutting down and abandoning module NetworkFile (4)
[2016.04.09-17.28.15:461][ 18]LogModuleManager: Shutting down and abandoning module StreamingFile (3)
[2016.04.09-17.28.15:461][ 18]LogModuleManager: Shutting down and abandoning module SandboxFile (2)
[2016.04.09-17.28.15:461][ 18]LogModuleManager: Shutting down and abandoning module PakFile (1)
[2016.04.09-17.28.15:462][ 18]LogExit: Exiting.
[2016.04.09-17.28.15:464][ 18]Log file closed, 04/09/16 12:28:15
