Log file open, 04/09/16 11:06:04
LogInit:Display: Running engine for game: MyProject
LogPlatformFile: Not using cached read wrapper
LogInit:Display: RandInit(1059600834) SRandInit(1059600836).
LogTaskGraph: Started task graph with 4 named threads and 7 total threads.
LogStats: Stats thread started at 0.066029
LogInit: Version: 4.11.1-2934540+++UE4+Release-4.11
LogInit: API Version: 2927265
LogInit: Compiled (64-bit): Apr  6 2016 02:14:16
LogInit: Compiled with Visual C++: 19.00.23026.00
LogInit: Build Configuration: Development
LogInit: Branch Name: ++UE4+Release-4.11
LogInit: Command line:  /Temp/Autosaves/Game/2DSideScrollerBP/Maps/UEDPCTestMap -game -PIEVIACONSOLE -ResX=1280 -ResY=720  -Multiprocess -messaging -SessionName="Play in Standalone Game" 
LogInit: Base directory: C:/Program Files (x86)/Epic Games/4.11/Engine/Binaries/Win64/
LogInit: Installed Engine Build: 1
LogInit: Using libcurl 7.41.0
LogInit:  - built for x86_64-pc-win32
LogInit:  - supports SSL with WinSSL
LogInit:  - other features:
LogInit:      CURL_VERSION_SSL
LogInit:      CURL_VERSION_IPV6
LogInit:      CURL_VERSION_ASYNCHDNS
LogInit:      CURL_VERSION_LARGEFILE
LogInit:      CURL_VERSION_IDN
LogInit:  CurlRequestOptions (configurable via config and command line):
LogInit:  - bVerifyPeer = true  - Libcurl will verify peer certificate
LogInit:  - bUseHttpProxy = false  - Libcurl will NOT use HTTP proxy
LogInit:  - bDontReuseConnections = false  - Libcurl will reuse connections
LogInit:  - CertBundlePath = nullptr  - Libcurl will use whatever was configured at build time.
LogInit: Presizing for max 16777216 objects, including 0 objects not considered by GC, pre-allocating 0 bytes for permanent pool.
LogInit: Object subsystem initialized
[2016.04.09-16.06.04:396][  0]LogInit: Selected Device Profile: [Windows]
[2016.04.09-16.06.04:396][  0]LogInit: Applying CVar settings loaded from the selected device profile: [Windows]
[2016.04.09-16.06.04:399][  0]LogInit: Computer: CURTIS-PC
[2016.04.09-16.06.04:399][  0]LogInit: User: Curtis
[2016.04.09-16.06.04:399][  0]LogInit: CPU Page size=65536, Cores=4
[2016.04.09-16.06.04:399][  0]LogInit: High frequency timer resolution =2.336201 MHz
[2016.04.09-16.06.04:399][  0]LogMemory: Memory total: Physical=7.9GB (8GB approx)
[2016.04.09-16.06.04:399][  0]LogMemory: Platform Memory Stats for Windows
[2016.04.09-16.06.04:399][  0]LogMemory: Process Physical Memory: 313.81 MB used, 313.81 MB peak
[2016.04.09-16.06.04:399][  0]LogMemory: Process Virtual Memory: 316.72 MB used, 316.72 MB peak
[2016.04.09-16.06.04:399][  0]LogMemory: Physical Memory: 4508.09 MB used, 8139.82 MB total
[2016.04.09-16.06.04:399][  0]LogMemory: Virtual Memory: 620.69 MB used, 8388608.00 MB total
[2016.04.09-16.06.04:430][  0]LogTextLocalizationManager: No specific translations for ('en-US') exist, so ('en') translations will be used.
[2016.04.09-16.06.04:814][  0]LogD3D11RHI: D3D11 adapters:
[2016.04.09-16.06.04:821][  0]LogD3D11RHI:    0. 'AMD Radeon HD 6870M' (Feature Level 11_0)
[2016.04.09-16.06.04:821][  0]LogD3D11RHI:       1010MB of dedicated video memory, 0MB of dedicated system memory, and 3813MB of shared system memory, 1 output[s]
[2016.04.09-16.06.04:825][  0]LogD3D11RHI:    1. 'Intel(R) HD Graphics 3000' (Feature Level 10_0)
[2016.04.09-16.06.04:825][  0]LogD3D11RHI:       64MB of dedicated video memory, 0MB of dedicated system memory, and 1632MB of shared system memory, 0 output[s]
[2016.04.09-16.06.04:825][  0]LogD3D11RHI: Chosen D3D11 Adapter: 0
[2016.04.09-16.06.04:830][  0]LogD3D11RHI: Creating new Direct3DDevice
[2016.04.09-16.06.04:830][  0]LogD3D11RHI:     Adapter Name: AMD Radeon HD 6870M
[2016.04.09-16.06.04:830][  0]LogD3D11RHI:   Driver Version: 9.3.0.0 (internal 9.3.0.0)
[2016.04.09-16.06.04:830][  0]LogD3D11RHI:      Driver Date: 10-25-2012
[2016.04.09-16.06.04:830][  0]LogRHI: Texture pool is 707 MB (70% of 1010 MB)
[2016.04.09-16.06.04:836][  0]LogD3D11RHI: Async texture creation disabled: no driver support
[2016.04.09-16.06.04:847][  0]LogShaderCompilers: Guid format shader working directory is -16 characters bigger than the processId version (../../../../../../Users/Curtis/Documents/Unreal Projects/IceBox/Intermediate/Shaders/WorkingDirectory/6548/).
[2016.04.09-16.06.04:847][  0]LogShaderCompilers: Cleaned the shader compiler working directory 'C:/Users/Curtis/AppData/Local/Temp/UnrealShaderWorkingDir/8E32C5294991607AF977CA88AC4E23F1/'.
[2016.04.09-16.06.04:847][  0]LogShaderCompilers:Display: Using Local Shader Compiler.
[2016.04.09-16.06.05:819][  0]LogTemp:Display: Loaded TP AllDesktopTargetPlatform
[2016.04.09-16.06.05:823][  0]LogTemp:Display: Loaded TP WindowsClientTargetPlatform
[2016.04.09-16.06.05:826][  0]LogTemp:Display: Loaded TP WindowsNoEditorTargetPlatform
[2016.04.09-16.06.05:830][  0]LogTemp:Display: Loaded TP WindowsServerTargetPlatform
[2016.04.09-16.06.05:834][  0]LogTemp:Display: Loaded TP WindowsTargetPlatform
[2016.04.09-16.06.05:837][  0]LogTemp:Display: Loaded TP AndroidTargetPlatform
[2016.04.09-16.06.05:840][  0]LogTemp:Display: Loaded TP Android_ASTCTargetPlatform
[2016.04.09-16.06.05:843][  0]LogTemp:Display: Loaded TP Android_ATCTargetPlatform
[2016.04.09-16.06.05:846][  0]LogTemp:Display: Loaded TP Android_DXTTargetPlatform
[2016.04.09-16.06.05:849][  0]LogTemp:Display: Loaded TP Android_ETC1TargetPlatform
[2016.04.09-16.06.05:852][  0]LogTemp:Display: Loaded TP Android_ETC2TargetPlatform
[2016.04.09-16.06.05:857][  0]LogTemp:Display: Loaded TP Android_MultiTargetPlatform
[2016.04.09-16.06.05:857][  0]LogTemp:Display: Loaded TP Android_PVRTCTargetPlatform
[2016.04.09-16.06.05:858][  0]LogTemp:Display: Loaded TP HTML5TargetPlatform
[2016.04.09-16.06.05:873][  0]LogTemp:Display: Loaded TP IOSTargetPlatform
[2016.04.09-16.06.05:876][  0]LogTemp:Display: Loaded TP TVOSTargetPlatform
[2016.04.09-16.06.05:878][  0]LogTemp:Display: Loaded TP LinuxNoEditorTargetPlatform
[2016.04.09-16.06.05:881][  0]LogTemp:Display: Loaded TP LinuxServerTargetPlatform
[2016.04.09-16.06.05:884][  0]LogTemp:Display: Loaded TP LinuxTargetPlatform
[2016.04.09-16.06.05:884][  0]LogTargetPlatformManager:Display: Building Assets For Windows
[2016.04.09-16.06.05:943][  0]LogDerivedDataCache:Display: Max Cache Size: 512 MB
[2016.04.09-16.06.05:995][  0]LogDerivedDataCache: Loaded boot cache 0.05s 46MB C:/Users/Curtis/AppData/Local/UnrealEngine/4.11/DerivedDataCache/Boot.ddc.
[2016.04.09-16.06.05:996][  0]LogDerivedDataCache:Display: Loaded Boot cache: C:/Users/Curtis/AppData/Local/UnrealEngine/4.11/DerivedDataCache/Boot.ddc
[2016.04.09-16.06.05:996][  0]LogDerivedDataCache: FDerivedDataBackendGraph:  Pak pak cache file ../../../../../../Users/Curtis/Documents/Unreal Projects/IceBox/DerivedDataCache/DDC.ddp not found, will not use a pak cache.
[2016.04.09-16.06.05:996][  0]LogDerivedDataCache: Unable to find inner node Pak for hierarchical cache Hierarchy.
[2016.04.09-16.06.05:996][  0]LogDerivedDataCache: FDerivedDataBackendGraph:  CompressedPak pak cache file ../../../../../../Users/Curtis/Documents/Unreal Projects/IceBox/DerivedDataCache/Compressed.ddp not found, will not use a pak cache.
[2016.04.09-16.06.05:996][  0]LogDerivedDataCache: Unable to find inner node CompressedPak for hierarchical cache Hierarchy.
[2016.04.09-16.06.06:012][  0]LogDerivedDataCache:Display: Pak cache opened for reading ../../../Engine/DerivedDataCache/Compressed.ddp.
[2016.04.09-16.06.06:023][  0]LogDerivedDataCache: Using Local data cache path C:/Users/Curtis/AppData/Local/UnrealEngine/Common/DerivedDataCache: Writable
[2016.04.09-16.06.06:217][  0]LogInit: Selected Device Profile: [Windows]
[2016.04.09-16.06.06:221][  0]LogMaterial: Uniform references updated for custom material expression Custom.
[2016.04.09-16.06.06:223][  0]LogContentStreaming: Texture pool size is 1000.00 MB
[2016.04.09-16.06.06:356][  0]LogMeshUtilities: No automatic mesh reduction module available
[2016.04.09-16.06.06:356][  0]LogMeshUtilities: No automatic mesh merging module available
[2016.04.09-16.06.06:356][  0]LogMeshUtilities: No distributed automatic mesh merging module available
[2016.04.09-16.06.06:578][  0]LogInit: WinSock: version 1.1 (2.2), MaxSocks=32767, MaxUdp=65467
[2016.04.09-16.06.06:630][  0]LogSlate: SlateFontCache - WITH_FREETYPE: 1, WITH_HARFBUZZ: 1
[2016.04.09-16.06.06:630][  0]LogSlate: SlateFontCache - WITH_FREETYPE: 1, WITH_HARFBUZZ: 1
[2016.04.09-16.06.06:762][  0]LogWindowsMoviePlayer: Unable to load movie: ../../../../../../Users/Curtis/Documents/Unreal Projects/IceBox/Content/Movies/Default_Startup.mp4
[2016.04.09-16.06.06:849][  0]LogUdpMessaging: Initializing bridge on interface 0.0.0.0:0 to multicast group 230.0.0.1:6666.
[2016.04.09-16.06.06:927][  0]SourceControl: Info Source control is disabled
[2016.04.09-16.06.06:927][  0]SourceControl: Info Source control is disabled
[2016.04.09-16.06.06:943][  0]SourceControl: Info Source control is disabled
[2016.04.09-16.06.07:027][  0]LogUObjectArray: 29142 objects as part of root set at end of initial load.
[2016.04.09-16.06.07:027][  0]LogUObjectAllocator: 6065048 out of 0 bytes used by permanent object pool.
[2016.04.09-16.06.07:027][  0]LogUObjectArray: CloseDisregardForGC: 0/0 objects in disregard for GC pool
[2016.04.09-16.06.07:081][  0]LogEngine: Initializing Engine...
[2016.04.09-16.06.07:082][  0]LogHMD: SteamVR failed to initialize.  Err: 110
[2016.04.09-16.06.07:082][  0]LogHMD: SteamVR failed to initialize.  Err: 110
[2016.04.09-16.06.07:217][  0]LogInit: XAudio2 using 'Speakers / Headphones (IDT High Definition Audio CODEC)' : 2 channels at 48 kHz using 16 bits per sample (channel mask 0x3)
[2016.04.09-16.06.07:226][  0]LogInit: FAudioDevice initialized.
[2016.04.09-16.06.07:232][  0]LogInit: Texture streaming: Enabled
[2016.04.09-16.06.07:307][  0]LogNet: Browse: /Temp/Autosaves/Game/2DSideScrollerBP/Maps/UEDPCTestMap?Name=Player
[2016.04.09-16.06.07:308][  0]LogLoad: LoadMap: /Temp/Autosaves/Game/2DSideScrollerBP/Maps/UEDPCTestMap?Name=Player
[2016.04.09-16.06.07:323][  0]LogMemory: Platform Memory Stats for Windows
[2016.04.09-16.06.07:323][  0]LogMemory: Process Physical Memory: 642.04 MB used, 644.57 MB peak
[2016.04.09-16.06.07:323][  0]LogMemory: Process Virtual Memory: 624.85 MB used, 631.79 MB peak
[2016.04.09-16.06.07:323][  0]LogMemory: Physical Memory: 4782.88 MB used, 8139.82 MB total
[2016.04.09-16.06.07:323][  0]LogMemory: Virtual Memory: 1149.38 MB used, 8388608.00 MB total
[2016.04.09-16.06.07:323][  0]LogMemory: 
[2016.04.09-16.06.07:323][  0]Allocator Stats for TBB: (not implemented)
[2016.04.09-16.06.07:511][  0]LogAIModule: Creating AISystem for world TestMap
[2016.04.09-16.06.07:512][  0]LogWorld: Game class is '2DSideScrollerGameMode_C'
[2016.04.09-16.06.07:515][  0]LogWorld: Bringing World /Temp/Autosaves/Game/2DSideScrollerBP/Maps/UEDPCTestMap.TestMap up for play (max tick rate 0) at 2016.04.09-11.06.07
[2016.04.09-16.06.07:515][  0]LogWorld: Bringing up level for play took: 0.002764
[2016.04.09-16.06.07:518][  0]LogInit:Display: Game Engine Initialized.
[2016.04.09-16.06.07:742][  0]LogLoad: Full Startup: 3.88 seconds (BP compile: 0.04 seconds)
[2016.04.09-16.06.07:742][  0]LogExternalProfiler:Warning: No registered external profiler was matched with a command-line switch (or the DLL could not be loaded).  External profiling features will not be available.
[2016.04.09-16.06.07:760][  0]LogOcInput: OculusInput pre-init called
[2016.04.09-16.06.07:911][  2]LogRenderer: Reallocating scene render targets to support 1280x720 (Frame:2).
[2016.04.09-16.06.10:253][136]LogPackageName: SearchForPackageOnDisk took   0.058s to resolve TestMap.umap.
[2016.04.09-16.06.10:308][137]LogPackageName: SearchForPackageOnDisk took   0.053s to resolve TestMap.umap.
[2016.04.09-16.06.10:308][137]LogNet: Browse: /Game/2DSideScrollerBP/Maps/TestMap
[2016.04.09-16.06.10:308][137]LogLoad: LoadMap: /Game/2DSideScrollerBP/Maps/TestMap
[2016.04.09-16.06.10:332][137]LogMemory: Platform Memory Stats for Windows
[2016.04.09-16.06.10:332][137]LogMemory: Process Physical Memory: 660.54 MB used, 671.53 MB peak
[2016.04.09-16.06.10:332][137]LogMemory: Process Virtual Memory: 627.72 MB used, 641.45 MB peak
[2016.04.09-16.06.10:332][137]LogMemory: Physical Memory: 4790.74 MB used, 8139.82 MB total
[2016.04.09-16.06.10:332][137]LogMemory: Virtual Memory: 1174.97 MB used, 8388608.00 MB total
[2016.04.09-16.06.10:332][137]LogMemory: 
[2016.04.09-16.06.10:332][137]Allocator Stats for TBB: (not implemented)
[2016.04.09-16.06.10:506][137]LogAIModule: Creating AISystem for world TestMap
[2016.04.09-16.06.10:506][137]LogWorld: Game class is '2DSideScrollerGameMode_C'
[2016.04.09-16.06.10:509][137]LogWorld: Bringing World /Game/2DSideScrollerBP/Maps/TestMap.TestMap up for play (max tick rate 0) at 2016.04.09-11.06.10
[2016.04.09-16.06.10:509][137]LogWorld: Bringing up level for play took: 0.002228
[2016.04.09-16.06.12:454][255]LogPackageName: SearchForPackageOnDisk took   0.053s to resolve TestMap.umap.
[2016.04.09-16.06.12:509][256]LogPackageName: SearchForPackageOnDisk took   0.054s to resolve TestMap.umap.
[2016.04.09-16.06.12:509][256]LogNet: Browse: /Game/2DSideScrollerBP/Maps/TestMap
[2016.04.09-16.06.12:519][256]LogLoad: LoadMap: /Game/2DSideScrollerBP/Maps/TestMap
[2016.04.09-16.06.12:541][256]LogMemory: Platform Memory Stats for Windows
[2016.04.09-16.06.12:541][256]LogMemory: Process Physical Memory: 662.95 MB used, 671.53 MB peak
[2016.04.09-16.06.12:541][256]LogMemory: Process Virtual Memory: 628.16 MB used, 641.45 MB peak
[2016.04.09-16.06.12:541][256]LogMemory: Physical Memory: 4791.67 MB used, 8139.82 MB total
[2016.04.09-16.06.12:541][256]LogMemory: Virtual Memory: 1179.94 MB used, 8388608.00 MB total
[2016.04.09-16.06.12:541][256]LogMemory: 
[2016.04.09-16.06.12:541][256]Allocator Stats for TBB: (not implemented)
[2016.04.09-16.06.12:713][256]LogAIModule: Creating AISystem for world TestMap
[2016.04.09-16.06.12:713][256]LogWorld: Game class is '2DSideScrollerGameMode_C'
[2016.04.09-16.06.12:715][256]LogWorld: Bringing World /Game/2DSideScrollerBP/Maps/TestMap.TestMap up for play (max tick rate 0) at 2016.04.09-11.06.12
[2016.04.09-16.06.12:716][256]LogWorld: Bringing up level for play took: 0.001987
[2016.04.09-16.06.15:842][447]LogPackageName: SearchForPackageOnDisk took   0.054s to resolve TestMap.umap.
[2016.04.09-16.06.15:897][448]LogPackageName: SearchForPackageOnDisk took   0.053s to resolve TestMap.umap.
[2016.04.09-16.06.15:897][448]LogNet: Browse: /Game/2DSideScrollerBP/Maps/TestMap
[2016.04.09-16.06.15:897][448]LogLoad: LoadMap: /Game/2DSideScrollerBP/Maps/TestMap
[2016.04.09-16.06.15:919][448]LogMemory: Platform Memory Stats for Windows
[2016.04.09-16.06.15:919][448]LogMemory: Process Physical Memory: 663.48 MB used, 671.53 MB peak
[2016.04.09-16.06.15:919][448]LogMemory: Process Virtual Memory: 628.20 MB used, 641.45 MB peak
[2016.04.09-16.06.15:919][448]LogMemory: Physical Memory: 4793.20 MB used, 8139.82 MB total
[2016.04.09-16.06.15:919][448]LogMemory: Virtual Memory: 1179.94 MB used, 8388608.00 MB total
[2016.04.09-16.06.15:919][448]LogMemory: 
[2016.04.09-16.06.15:919][448]Allocator Stats for TBB: (not implemented)
[2016.04.09-16.06.16:091][448]LogAIModule: Creating AISystem for world TestMap
[2016.04.09-16.06.16:091][448]LogWorld: Game class is '2DSideScrollerGameMode_C'
[2016.04.09-16.06.16:095][448]LogWorld: Bringing World /Game/2DSideScrollerBP/Maps/TestMap.TestMap up for play (max tick rate 0) at 2016.04.09-11.06.16
[2016.04.09-16.06.16:095][448]LogWorld: Bringing up level for play took: 0.002281
[2016.04.09-16.06.24:430][962]LogPackageName: SearchForPackageOnDisk took   0.054s to resolve TitleScreen.umap.
[2016.04.09-16.06.24:484][962]LogPackageName: SearchForPackageOnDisk took   0.054s to resolve TitleScreen.umap.
[2016.04.09-16.06.24:484][962]LogNet: Browse: /Game/2DSideScrollerBP/Maps/TitleScreen
[2016.04.09-16.06.24:484][962]LogLoad: LoadMap: /Game/2DSideScrollerBP/Maps/TitleScreen
[2016.04.09-16.06.24:506][962]LogMemory: Platform Memory Stats for Windows
[2016.04.09-16.06.24:506][962]LogMemory: Process Physical Memory: 664.21 MB used, 671.53 MB peak
[2016.04.09-16.06.24:506][962]LogMemory: Process Virtual Memory: 628.24 MB used, 641.45 MB peak
[2016.04.09-16.06.24:506][962]LogMemory: Physical Memory: 4793.30 MB used, 8139.82 MB total
[2016.04.09-16.06.24:506][962]LogMemory: Virtual Memory: 1183.94 MB used, 8388608.00 MB total
[2016.04.09-16.06.24:506][962]LogMemory: 
[2016.04.09-16.06.24:506][962]Allocator Stats for TBB: (not implemented)
[2016.04.09-16.06.24:704][962]LogAIModule: Creating AISystem for world TitleScreen
[2016.04.09-16.06.24:704][962]LogWorld: Game class is '2DSideScrollerGameMode_C'
[2016.04.09-16.06.24:705][962]LogWorld: Bringing World /Game/2DSideScrollerBP/Maps/TitleScreen.TitleScreen up for play (max tick rate 0) at 2016.04.09-11.06.24
[2016.04.09-16.06.24:705][962]LogWorld: Bringing up level for play took: 0.000580
[2016.04.09-16.06.24:706][962]LogGameMode: Warning - PATHS NOT DEFINED or NO PLAYERSTART with positive rating
[2016.04.09-16.06.26:400][ 61]LogEngine: All Windows Closed
[2016.04.09-16.06.26:400][ 61]LogWindows: FPlatformMisc::RequestExit(0)
[2016.04.09-16.06.27:086][ 62]LogExit: Preparing to exit.
[2016.04.09-16.06.27:978][ 62]LogExit: Game engine shut down
[2016.04.09-16.06.28:076][ 62]LogObj: Freed 0b from 0 cluster array pools.
[2016.04.09-16.06.28:076][ 62]LogExit: Object subsystem successfully closed.
[2016.04.09-16.06.28:089][ 62]LogD3D11RHI: Shutdown
[2016.04.09-16.06.28:089][ 62]LogD3D11RHI: CleanupD3DDevice
[2016.04.09-16.06.28:125][ 62]LogD3D11RHI: ~FD3D11DynamicRHI
[2016.04.09-16.06.28:515][ 62]LogDerivedDataCache: Shutdown
[2016.04.09-16.06.28:515][ 62]LogModuleManager: Shutting down and abandoning module AndroidDeviceDetection (123)
[2016.04.09-16.06.28:759][ 62]LogModuleManager: Shutting down and abandoning module AutomationController (122)
[2016.04.09-16.06.28:759][ 62]LogModuleManager: Shutting down and abandoning module AutomationWorker (121)
[2016.04.09-16.06.28:759][ 62]LogModuleManager: Shutting down and abandoning module CharacterAI (120)
[2016.04.09-16.06.28:759][ 62]LogModuleManager: Shutting down and abandoning module AITestSuite (119)
[2016.04.09-16.06.28:759][ 62]LogModuleManager: Shutting down and abandoning module GameplayDebugger (118)
[2016.04.09-16.06.28:759][ 62]LogModuleManager: Shutting down and abandoning module AIModule (117)
[2016.04.09-16.06.28:759][ 62]LogModuleManager: Shutting down and abandoning module MovieSceneCapture (116)
[2016.04.09-16.06.28:759][ 62]LogModuleManager: Shutting down and abandoning module StreamingPauseRendering (115)
[2016.04.09-16.06.28:759][ 62]LogModuleManager: Shutting down and abandoning module PortalServices (114)
[2016.04.09-16.06.28:759][ 62]LogModuleManager: Shutting down and abandoning module PortalRpc (113)
[2016.04.09-16.06.28:759][ 62]LogModuleManager: Shutting down and abandoning module MessagingRpc (112)
[2016.04.09-16.06.28:759][ 62]LogModuleManager: Shutting down and abandoning module ProfilerService (111)
[2016.04.09-16.06.28:786][ 62]LogModuleManager: Shutting down and abandoning module TaskGraph (110)
[2016.04.09-16.06.28:786][ 62]LogModuleManager: Shutting down and abandoning module SlateRemote (109)
[2016.04.09-16.06.28:786][ 62]LogModuleManager: Shutting down and abandoning module SteamVRController (108)
[2016.04.09-16.06.28:786][ 62]LogModuleManager: Shutting down and abandoning module SteamVR (107)
[2016.04.09-16.06.28:786][ 62]LogModuleManager: Shutting down and abandoning module ProceduralMeshComponent (106)
[2016.04.09-16.06.28:786][ 62]LogModuleManager: Shutting down and abandoning module OculusLibrary (105)
[2016.04.09-16.06.28:786][ 62]LogModuleManager: Shutting down and abandoning module OculusInput (104)
[2016.04.09-16.06.28:786][ 62]LogModuleManager: Shutting down and abandoning module CustomMeshComponent (103)
[2016.04.09-16.06.28:786][ 62]LogModuleManager: Shutting down and abandoning module CableComponent (102)
[2016.04.09-16.06.28:786][ 62]LogModuleManager: Shutting down and abandoning module ArchVisCharacter (101)
[2016.04.09-16.06.28:786][ 62]LogModuleManager: Shutting down and abandoning module HTML5Networking (100)
[2016.04.09-16.06.28:786][ 62]Log