Log file open, 04/09/16 12:39:26
LogInit:Display: Running engine for game: MyProject
LogPlatformFile: Not using cached read wrapper
LogInit:Display: RandInit(1263477100) SRandInit(1263477101).
LogTaskGraph: Started task graph with 4 named threads and 7 total threads.
LogStats: Stats thread started at 0.067651
LogInit: Version: 4.11.1-2934540+++UE4+Release-4.11
LogInit: API Version: 2927265
LogInit: Compiled (64-bit): Apr  6 2016 02:14:16
LogInit: Compiled with Visual C++: 19.00.23026.00
LogInit: Build Configuration: Development
LogInit: Branch Name: ++UE4+Release-4.11
LogInit: Command line:  /Temp/Autosaves/Game/2DSideScrollerBP/Maps/UEDPCTitleScreen -game -PIEVIACONSOLE -ResX=1280 -ResY=720  -Multiprocess -messaging -SessionName="Play in Standalone Game" 
LogInit: Base directory: C:/Program Files (x86)/Epic Games/4.11/Engine/Binaries/Win64/
LogInit: Installed Engine Build: 1
LogInit: Using libcurl 7.41.0
LogInit:  - built for x86_64-pc-win32
LogInit:  - supports SSL with WinSSL
LogInit:  - other features:
LogInit:      CURL_VERSION_SSL
LogInit:      CURL_VERSION_IPV6
LogInit:      CURL_VERSION_ASYNCHDNS
LogInit:      CURL_VERSION_LARGEFILE
LogInit:      CURL_VERSION_IDN
LogInit:  CurlRequestOptions (configurable via config and command line):
LogInit:  - bVerifyPeer = true  - Libcurl will verify peer certificate
LogInit:  - bUseHttpProxy = false  - Libcurl will NOT use HTTP proxy
LogInit:  - bDontReuseConnections = false  - Libcurl will reuse connections
LogInit:  - CertBundlePath = nullptr  - Libcurl will use whatever was configured at build time.
LogInit: Presizing for max 16777216 objects, including 0 objects not considered by GC, pre-allocating 0 bytes for permanent pool.
LogInit: Object subsystem initialized
[2016.04.09-17.39.27:090][  0]LogInit: Selected Device Profile: [Windows]
[2016.04.09-17.39.27:090][  0]LogInit: Applying CVar settings loaded from the selected device profile: [Windows]
[2016.04.09-17.39.27:093][  0]LogInit: Computer: CURTIS-PC
[2016.04.09-17.39.27:093][  0]LogInit: User: Curtis
[2016.04.09-17.39.27:093][  0]LogInit: CPU Page size=65536, Cores=4
[2016.04.09-17.39.27:093][  0]LogInit: High frequency timer resolution =2.336201 MHz
[2016.04.09-17.39.27:093][  0]LogMemory: Memory total: Physical=7.9GB (8GB approx)
[2016.04.09-17.39.27:093][  0]LogMemory: Platform Memory Stats for Windows
[2016.04.09-17.39.27:093][  0]LogMemory: Process Physical Memory: 314.13 MB used, 314.13 MB peak
[2016.04.09-17.39.27:093][  0]LogMemory: Process Virtual Memory: 316.73 MB used, 316.73 MB peak
[2016.04.09-17.39.27:093][  0]LogMemory: Physical Memory: 5164.43 MB used, 8139.82 MB total
[2016.04.09-17.39.27:093][  0]LogMemory: Virtual Memory: 620.69 MB used, 8388608.00 MB total
[2016.04.09-17.39.27:124][  0]LogTextLocalizationManager: No specific translations for ('en-US') exist, so ('en') translations will be used.
[2016.04.09-17.39.27:536][  0]LogD3D11RHI: D3D11 adapters:
[2016.04.09-17.39.27:565][  0]LogD3D11RHI:    0. 'AMD Radeon HD 6870M' (Feature Level 11_0)
[2016.04.09-17.39.27:565][  0]LogD3D11RHI:       1010MB of dedicated video memory, 0MB of dedicated system memory, and 3813MB of shared system memory, 1 output[s]
[2016.04.09-17.39.27:571][  0]LogD3D11RHI:    1. 'Intel(R) HD Graphics 3000' (Feature Level 10_0)
[2016.04.09-17.39.27:571][  0]LogD3D11RHI:       64MB of dedicated video memory, 0MB of dedicated system memory, and 1632MB of shared system memory, 0 output[s]
[2016.04.09-17.39.27:571][  0]LogD3D11RHI: Chosen D3D11 Adapter: 0
[2016.04.09-17.39.27:576][  0]LogD3D11RHI: Creating new Direct3DDevice
[2016.04.09-17.39.27:577][  0]LogD3D11RHI:     Adapter Name: AMD Radeon HD 6870M
[2016.04.09-17.39.27:577][  0]LogD3D11RHI:   Driver Version: 9.3.0.0 (internal 9.3.0.0)
[2016.04.09-17.39.27:577][  0]LogD3D11RHI:      Driver Date: 10-25-2012
[2016.04.09-17.39.27:577][  0]LogRHI: Texture pool is 707 MB (70% of 1010 MB)
[2016.04.09-17.39.27:582][  0]LogD3D11RHI: Async texture creation disabled: no driver support
[2016.04.09-17.39.27:593][  0]LogShaderCompilers: Guid format shader working directory is -16 characters bigger than the processId version (../../../../../../Users/Curtis/Documents/Unreal Projects/IceBox/Intermediate/Shaders/WorkingDirectory/5484/).
[2016.04.09-17.39.27:593][  0]LogShaderCompilers: Cleaned the shader compiler working directory 'C:/Users/Curtis/AppData/Local/Temp/UnrealShaderWorkingDir/163111F542F2294E7D0EDCBA00DC657D/'.
[2016.04.09-17.39.27:593][  0]LogShaderCompilers:Display: Using Local Shader Compiler.
[2016.04.09-17.39.28:591][  0]LogTemp:Display: Loaded TP AllDesktopTargetPlatform
[2016.04.09-17.39.28:595][  0]LogTemp:Display: Loaded TP WindowsClientTargetPlatform
[2016.04.09-17.39.28:599][  0]LogTemp:Display: Loaded TP WindowsNoEditorTargetPlatform
[2016.04.09-17.39.28:603][  0]LogTemp:Display: Loaded TP WindowsServerTargetPlatform
[2016.04.09-17.39.28:607][  0]LogTemp:Display: Loaded TP WindowsTargetPlatform
[2016.04.09-17.39.28:610][  0]LogTemp:Display: Loaded TP AndroidTargetPlatform
[2016.04.09-17.39.28:613][  0]LogTemp:Display: Loaded TP Android_ASTCTargetPlatform
[2016.04.09-17.39.28:615][  0]LogTemp:Display: Loaded TP Android_ATCTargetPlatform
[2016.04.09-17.39.28:618][  0]LogTemp:Display: Loaded TP Android_DXTTargetPlatform
[2016.04.09-17.39.28:621][  0]LogTemp:Display: Loaded TP Android_ETC1TargetPlatform
[2016.04.09-17.39.28:624][  0]LogTemp:Display: Loaded TP Android_ETC2TargetPlatform
[2016.04.09-17.39.28:630][  0]LogTemp:Display: Loaded TP Android_MultiTargetPlatform
[2016.04.09-17.39.28:630][  0]LogTemp:Display: Loaded TP Android_PVRTCTargetPlatform
[2016.04.09-17.39.28:630][  0]LogTemp:Display: Loaded TP HTML5TargetPlatform
[2016.04.09-17.39.28:646][  0]LogTemp:Display: Loaded TP IOSTargetPlatform
[2016.04.09-17.39.28:649][  0]LogTemp:Display: Loaded TP TVOSTargetPlatform
[2016.04.09-17.39.28:651][  0]LogTemp:Display: Loaded TP LinuxNoEditorTargetPlatform
[2016.04.09-17.39.28:654][  0]LogTemp:Display: Loaded TP LinuxServerTargetPlatform
[2016.04.09-17.39.28:657][  0]LogTemp:Display: Loaded TP LinuxTargetPlatform
[2016.04.09-17.39.28:657][  0]LogTargetPlatformManager:Display: Building Assets For Windows
[2016.04.09-17.39.28:715][  0]LogDerivedDataCache:Display: Max Cache Size: 512 MB
[2016.04.09-17.39.28:764][  0]LogDerivedDataCache: Loaded boot cache 0.05s 46MB C:/Users/Curtis/AppData/Local/UnrealEngine/4.11/DerivedDataCache/Boot.ddc.
[2016.04.09-17.39.28:764][  0]LogDerivedDataCache:Display: Loaded Boot cache: C:/Users/Curtis/AppData/Local/UnrealEngine/4.11/DerivedDataCache/Boot.ddc
[2016.04.09-17.39.28:764][  0]LogDerivedDataCache: FDerivedDataBackendGraph:  Pak pak cache file ../../../../../../Users/Curtis/Documents/Unreal Projects/IceBox/DerivedDataCache/DDC.ddp not found, will not use a pak cache.
[2016.04.09-17.39.28:764][  0]LogDerivedDataCache: Unable to find inner node Pak for hierarchical cache Hierarchy.
[2016.04.09-17.39.28:764][  0]LogDerivedDataCache: FDerivedDataBackendGraph:  CompressedPak pak cache file ../../../../../../Users/Curtis/Documents/Unreal Projects/IceBox/DerivedDataCache/Compressed.ddp not found, will not use a pak cache.
[2016.04.09-17.39.28:764][  0]LogDerivedDataCache: Unable to find inner node CompressedPak for hierarchical cache Hierarchy.
[2016.04.09-17.39.28:780][  0]LogDerivedDataCache:Display: Pak cache opened for reading ../../../Engine/DerivedDataCache/Compressed.ddp.
[2016.04.09-17.39.28:791][  0]LogDerivedDataCache: Using Local data cache path C:/Users/Curtis/AppData/Local/UnrealEngine/Common/DerivedDataCache: Writable
[2016.04.09-17.39.28:981][  0]LogInit: Selected Device Profile: [Windows]
[2016.04.09-17.39.28:985][  0]LogMaterial: Uniform references updated for custom material expression Custom.
[2016.04.09-17.39.28:987][  0]LogContentStreaming: Texture pool size is 1000.00 MB
[2016.04.09-17.39.29:120][  0]LogMeshUtilities: No automatic mesh reduction module available
[2016.04.09-17.39.29:120][  0]LogMeshUtilities: No automatic mesh merging module available
[2016.04.09-17.39.29:120][  0]LogMeshUtilities: No distributed automatic mesh merging module available
[2016.04.09-17.39.29:345][  0]LogInit: WinSock: version 1.1 (2.2), MaxSocks=32767, MaxUdp=65467
[2016.04.09-17.39.29:396][  0]LogSlate: SlateFontCache - WITH_FREETYPE: 1, WITH_HARFBUZZ: 1
[2016.04.09-17.39.29:396][  0]LogSlate: SlateFontCache - WITH_FREETYPE: 1, WITH_HARFBUZZ: 1
[2016.04.09-17.39.29:534][  0]LogWindowsMoviePlayer: Unable to load movie: ../../../../../../Users/Curtis/Documents/Unreal Projects/IceBox/Content/Movies/Default_Startup.mp4
[2016.04.09-17.39.29:613][  0]LogUdpMessaging: Initializing bridge on interface 0.0.0.0:0 to multicast group 230.0.0.1:6666.
[2016.04.09-17.39.29:690][  0]SourceControl: Info Source control is disabled
[2016.04.09-17.39.29:690][  0]SourceControl: Info Source control is disabled
[2016.04.09-17.39.29:709][  0]SourceControl: Info Source control is disabled
[2016.04.09-17.39.29:824][  0]LogUObjectArray: 29142 objects as part of root set at end of initial load.
[2016.04.09-17.39.29:824][  0]LogUObjectAllocator: 6065048 out of 0 bytes used by permanent object pool.
[2016.04.09-17.39.29:824][  0]LogUObjectArray: CloseDisregardForGC: 0/0 objects in disregard for GC pool
[2016.04.09-17.39.29:878][  0]LogEngine: Initializing Engine...
[2016.04.09-17.39.29:879][  0]LogHMD: SteamVR failed to initialize.  Err: 110
[2016.04.09-17.39.29:879][  0]LogHMD: SteamVR failed to initialize.  Err: 110
[2016.04.09-17.39.30:012][  0]LogInit: XAudio2 using 'Speakers / Headphones (IDT High Definition Audio CODEC)' : 2 channels at 48 kHz using 16 bits per sample (channel mask 0x3)
[2016.04.09-17.39.30:022][  0]LogInit: FAudioDevice initialized.
[2016.04.09-17.39.30:028][  0]LogInit: Texture streaming: Enabled
[2016.04.09-17.39.30:106][  0]LogNet: Browse: /Temp/Autosaves/Game/2DSideScrollerBP/Maps/UEDPCTitleScreen?Name=Player
[2016.04.09-17.39.30:106][  0]LogLoad: LoadMap: /Temp/Autosaves/Game/2DSideScrollerBP/Maps/UEDPCTitleScreen?Name=Player
[2016.04.09-17.39.30:121][  0]LogMemory: Platform Memory Stats for Windows
[2016.04.09-17.39.30:121][  0]LogMemory: Process Physical Memory: 643.20 MB used, 646.46 MB peak
[2016.04.09-17.39.30:121][  0]LogMemory: Process Virtual Memory: 627.85 MB used, 634.81 MB peak
[2016.04.09-17.39.30:121][  0]LogMemory: Physical Memory: 5434.87 MB used, 8139.82 MB total
[2016.04.09-17.39.30:121][  0]LogMemory: Virtual Memory: 1152.38 MB used, 8388608.00 MB total
[2016.04.09-17.39.30:121][  0]LogMemory: 
[2016.04.09-17.39.30:121][  0]Allocator Stats for TBB: (not implemented)
[2016.04.09-17.39.30:394][  0]LogAIModule: Creating AISystem for world TitleScreen
[2016.04.09-17.39.30:395][  0]LogWorld: Game class is '2DSideScrollerGameMode_C'
[2016.04.09-17.39.30:396][  0]LogWorld: Bringing World /Temp/Autosaves/Game/2DSideScrollerBP/Maps/UEDPCTitleScreen.TitleScreen up for play (max tick rate 0) at 2016.04.09-12.39.30
[2016.04.09-17.39.30:396][  0]LogWorld: Bringing up level for play took: 0.000684
[2016.04.09-17.39.30:401][  0]LogInit:Display: Game Engine Initialized.
[2016.04.09-17.39.30:617][  0]LogLoad: Full Startup: 4.07 seconds (BP compile: 0.06 seconds)
[2016.04.09-17.39.30:618][  0]LogExternalProfiler:Warning: No registered external profiler was matched with a command-line switch (or the DLL could not be loaded).  External profiling features will not be available.
[2016.04.09-17.39.30:634][  0]LogOcInput: OculusInput pre-init called
[2016.04.09-17.39.30:769][  2]LogRenderer: Reallocating scene render targets to support 1280x720 (Frame:2).
[2016.04.09-17.39.35:115][262]r.SetRes = "1920x1080"
[2016.04.09-17.39.35:120][263]LogRenderer: Reallocating scene render targets to support 1920x1080 (Frame:265).
[2016.04.09-17.39.36:536][276]LogPackageName: SearchForPackageOnDisk took   0.059s to resolve Level1.umap.
[2016.04.09-17.39.36:592][276]LogPackageName: SearchForPackageOnDisk took   0.055s to resolve Level1.umap.
[2016.04.09-17.39.36:592][276]LogNet: Browse: /Game/2DSideScrollerBP/Maps/Level1
[2016.04.09-17.39.36:592][276]LogLoad: LoadMap: /Game/2DSideScrollerBP/Maps/Level1
[2016.04.09-17.39.36:618][276]LogMemory: Platform Memory Stats for Windows
[2016.04.09-17.39.36:618][276]LogMemory: Process Physical Memory: 671.89 MB used, 687.26 MB peak
[2016.04.09-17.39.36:618][276]LogMemory: Process Virtual Memory: 644.76 MB used, 651.89 MB peak
[2016.04.09-17.39.36:618][276]LogMemory: Physical Memory: 5582.54 MB used, 8139.82 MB total
[2016.04.09-17.39.36:618][276]LogMemory: Virtual Memory: 1195.81 MB used, 8388608.00 MB total
[2016.04.09-17.39.36:618][276]LogMemory: 
[2016.04.09-17.39.36:618][276]Allocator Stats for TBB: (not implemented)
[2016.04.09-17.39.36:914][276]LogAIModule: Creating AISystem for world Level1
[2016.04.09-17.39.36:914][276]LogWorld: Game class is '2DSideScrollerGameMode_C'
[2016.04.09-17.39.36:925][276]LogWorld: Bringing World /Game/2DSideScrollerBP/Maps/Level1.Level1 up for play (max tick rate 0) at 2016.04.09-12.39.36
[2016.04.09-17.39.36:926][276]LogWorld: Bringing up level for play took: 0.011358
[2016.04.09-17.39.52:570][684]LogPackageName: SearchForPackageOnDisk took   0.058s to resolve Level1.umap.
[2016.04.09-17.39.52:626][685]LogPackageName: SearchForPackageOnDisk took   0.054s to resolve Level1.umap.
[2016.04.09-17.39.52:626][685]LogNet: Browse: /Game/2DSideScrollerBP/Maps/Level1
[2016.04.09-17.39.52:626][685]LogLoad: LoadMap: /Game/2DSideScrollerBP/Maps/Level1
[2016.04.09-17.39.52:655][685]LogMemory: Platform Memory Stats for Windows
[2016.04.09-17.39.52:655][685]LogMemory: Process Physical Memory: 699.30 MB used, 711.08 MB peak
[2016.04.09-17.39.52:655][685]LogMemory: Process Virtual Memory: 667.97 MB used, 672.51 MB peak
[2016.04.09-17.39.52:655][685]LogMemory: Physical Memory: 5718.02 MB used, 8139.82 MB total
[2016.04.09-17.39.52:655][685]LogMemory: Virtual Memory: 1215.87 MB used, 8388608.00 MB total
[2016.04.09-17.39.52:655][685]LogMemory: 
[2016.04.09-17.39.52:655][685]Allocator Stats for TBB: (not implemented)
[2016.04.09-17.39.52:933][685]LogAIModule: Creating AISystem for world Level1
[2016.04.09-17.39.52:933][685]LogWorld: Game class is '2DSideScrollerGameMode_C'
[2016.04.09-17.39.52:944][685]LogWorld: Bringing World /Game/2DSideScrollerBP/Maps/Level1.Level1 up for play (max tick rate 0) at 2016.04.09-12.39.52
[2016.04.09-17.39.52:945][685]LogWorld: Bringing up level for play took: 0.011150
[2016.04.09-17.40.25:627][591]LogPackageName: SearchForPackageOnDisk took   0.054s to resolve Level1.umap.
[2016.04.09-17.40.25:682][592]LogPackageName: SearchForPackageOnDisk took   0.053s to resolve Level1.umap.
[2016.04.09-17.40.25:682][592]LogNet: Browse: /Game/2DSideScrollerBP/Maps/Level1
[2016.04.09-17.40.25:682][592]LogLoad: LoadMap: /Game/2DSideScrollerBP/Maps/Level1
[2016.04.09-17.40.25:711][592]LogMemory: Platform Memory Stats for Windows
[2016.04.09-17.40.25:711][592]LogMemory: Process Physical Memory: 711.72 MB used, 714.46 MB peak
[2016.04.09-17.40.25:711][592]LogMemory: Process Virtual Memory: 677.50 MB used, 682.11 MB peak
[2016.04.09-17.40.25:711][592]LogMemory: Physical Memory: 5696.58 MB used, 8139.82 MB total
[2016.04.09-17.40.25:711][592]LogMemory: Virtual Memory: 1228.68 MB used, 8388608.00 MB total
[2016.04.09-17.40.25:711][592]LogMemory: 
[2016.04.09-17.40.25:711][592]Allocator Stats for TBB: (not implemented)
[2016.04.09-17.40.25:987][592]LogAIModule: Creating AISystem for world Level1
[2016.04.09-17.40.25:988][592]LogWorld: Game class is '2DSideScrollerGameMode_C'
[2016.04.09-17.40.25:999][592]LogWorld: Bringing World /Game/2DSideScrollerBP/Maps/Level1.Level1 up for play (max tick rate 0) at 2016.04.09-12.40.25
[2016.04.09-17.40.26:000][592]LogWorld: Bringing up level for play took: 0.011304
[2016.04.09-17.40.57:392][461]LogPackageName: SearchForPackageOnDisk took   0.054s to resolve Level2.umap.
[2016.04.09-17.40.57:447][462]LogPackageName: SearchForPackageOnDisk took   0.053s to resolve Level2.umap.
[2016.04.09-17.40.57:447][462]LogNet: Browse: /Game/2DSideScrollerBP/Maps/Level2
[2016.04.09-17.40.57:448][462]LogLoad: LoadMap: /Game/2DSideScrollerBP/Maps/Level2
[2016.04.09-17.40.57:478][462]LogMemory: Platform Memory Stats for Windows
[2016.04.09-17.40.57:478][462]LogMemory: Process Physical Memory: 723.41 MB used, 723.41 MB peak
[2016.04.09-17.40.57:478][462]LogMemory: Process Virtual Memory: 687.12 MB used, 687.16 MB peak
[2016.04.09-17.40.57:478][462]LogMemory: Physical Memory: 5663.10 MB used, 8139.82 MB total
[2016.04.09-17.40.57:478][462]LogMemory: Virtual Memory: 1233.75 MB used, 8388608.00 MB total
[2016.04.09-17.40.57:478][462]LogMemory: 
[2016.04.09-17.40.57:478][462]Allocator Stats for TBB: (not implemented)
[2016.04.09-17.40.57:734][462]LogAIModule: Creating AISystem for world Level2
[2016.04.09-17.40.57:737][462]LogWorld: Game class is '2DSideScrollerGameMode_C'
[2016.04.09-17.40.57:748][462]LogWorld: Bringing World /Game/2DSideScrollerBP/Maps/Level2.Level2 up for play (max tick rate 0) at 2016.04.09-12.40.57
[2016.04.09-17.40.57:749][462]LogWorld: Bringing up level for play took: 0.011036
[2016.04.09-17.41.09:498][782]LogPackageName: SearchForPackageOnDisk took   0.054s to resolve Level2.umap.
[2016.04.09-17.41.09:553][783]LogPackageName: SearchForPackageOnDisk took   0.054s to resolve Level2.umap.
[2016.04.09-17.41.09:553][783]LogNet: Browse: /Game/2DSideScrollerBP/Maps/Level2
[2016.04.09-17.41.09:553][783]LogLoad: LoadMap: /Game/2DSideScrollerBP/Maps/Level2
[2016.04.09-17.41.09:582][783]LogMemory: Platform Memory Stats for Windows
[2016.04.09-17.41.09:582][783]LogMemory: Process Physical Memory: 724.49 MB used, 724.50 MB peak
[2016.04.09-17.41.09:582][783]LogMemory: Process Virtual Memory: 688.45 MB used, 689.42 MB peak
[2016.04.09-17.41.09:582][783]LogMemory: Physical Memory: 5649.91 MB used, 8139.82 MB total
[2016.04.09-17.41.09:582][783]LogMemory: Virtual Memory: 1228.93 MB used, 8388608.00 MB total
[2016.04.09-17.41.09:582][783]LogMemory: 
[2016.04.09-17.41.09:582][783]Allocator Stats for TBB: (not implemented)
[2016.04.09-17.41.09:838][783]LogAIModule: Creating AISystem for world Level2
[2016.04.09-17.41.09:841][783]LogWorld: Game class is '2DSideScrollerGameMode_C'
[2016.04.09-17.41.09:852][783]LogWorld: Bringing World /Game/2DSideScrollerBP/Maps/Level2.Level2 up for play (max tick rate 0) at 2016.04.09-12.41.09
[2016.04.09-17.41.09:853][783]LogWorld: Bringing up level for play took: 0.011148
[2016.04.09-17.41.17:689][996]LogPackageName: SearchForPackageOnDisk took   0.053s to resolve Level2.umap.
[2016.04.09-17.41.17:744][997]LogPackageName: SearchForPackageOnDisk took   0.053s to resolve Level2.umap.
[2016.04.09-17.41.17:744][997]LogNet: Browse: /Game/2DSideScrollerBP/Maps/Level2
[2016.04.09-17.41.17:744][997]LogLoad: LoadMap: /Game/2DSideScrollerBP/Maps/Level2
[2016.04.09-17.41.17:772][997]LogMemory: Platform Memory Stats for Windows
[2016.04.09-17.41.17:772][997]LogMemory: Process Physical Memory: 726.16 MB used, 726.17 MB peak
[2016.04.09-17.41.17:772][997]LogMemory: Process Virtual Memory: 690.13 MB used, 690.13 MB peak
[2016.04.09-17.41.17:772][997]LogMemory: Physical Memory: 5653.77 MB used, 8139.82 MB total
[2016.04.09-17.41.17:772][997]LogMemory: Virtual Memory: 1229.93 MB used, 8388608.00 MB total
[2016.04.09-17.41.17:772][997]LogMemory: 
[2016.04.09-17.41.17:772][997]Allocator Stats for TBB: (not implemented)
[2016.04.09-17.41.18:028][997]LogAIModule: Creating AISystem for world Level2
[2016.04.09-17.41.18:031][997]LogWorld: Game class is '2DSideScrollerGameMode_C'
[2016.04.09-17.41.18:042][997]LogWorld: Bringing World /Game/2DSideScrollerBP/Maps/Level2.Level2 up for play (max tick rate 0) at 2016.04.09-12.41.18
[2016.04.09-17.41.18:043][997]LogWorld: Bringing up level for play took: 0.010970
[2016.04.09-17.41.27:503][255]LogPackageName: SearchForPackageOnDisk took   0.054s to resolve Level2.umap.
[2016.04.09-17.41.27:558][256]LogPackageName: SearchForPackageOnDisk took   0.054s to resolve Level2.umap.
[2016.04.09-17.41.27:558][256]LogNet: Browse: /Game/2DSideScrollerBP/Maps/Level2
[2016.04.09-17.41.27:559][256]LogLoad: LoadMap: /Game/2DSideScrollerBP/Maps/Level2
[2016.04.09-17.41.27:587][256]LogMemory: Platform Memory Stats for Windows
[2016.04.09-17.41.27:587][256]LogMemory: Process Physical Memory: 725.01 MB used, 726.33 MB peak
[2016.04.09-17.41.27:587][256]LogMemory: Process Virtual Memory: 687.61 MB used, 690.16 MB peak
[2016.04.09-17.41.27:587][256]LogMemory: Physical Memory: 5631.56 MB used, 8139.82 MB total
[2016.04.09-17.41.27:587][256]LogMemory: Virtual Memory: 1229.93 MB used, 8388608.00 MB total
[2016.04.09-17.41.27:587][256]LogMemory: 
[2016.04.09-17.41.27:587][256]Allocator Stats for TBB: (not implemented)
[2016.04.09-17.41.27:839][256]LogAIModule: Creating AISystem for world Level2
[2016.04.09-17.41.27:843][256]LogWorld: Game class is '2DSideScrollerGameMode_C'
[2016.04.09-17.41.27:854][256]LogWorld: Bringing World /Game/2DSideScrollerBP/Maps/Level2.Level2 up for play (max tick rate 0) at 2016.04.09-12.41.27
[2016.04.09-17.41.27:855][256]LogWorld: Bringing up level for play took: 0.011349
[2016.04.09-17.41.43:175][675]LogPackageName: SearchForPackageOnDisk took   0.055s to resolve Level2.umap.
[2016.04.09-17.41.43:231][676]LogPackageName: SearchForPackageOnDisk took   0.054s to resolve Level2.umap.
[2016.04.09-17.41.43:231][676]LogNet: Browse: /Game/2DSideScrollerBP/Maps/Level2
[2016.04.09-17.41.43:231][676]LogLoad: LoadMap: /Game/2DSideScrollerBP/Maps/Level2
[2016.04.09-17.41.43:259][676]LogMemory: Platform Memory Stats for Windows
[2016.04.09-17.41.43:259][676]LogMemory: Process Physical Memory: 726.12 MB used, 726.33 MB peak
[2016.04.09-17.41.43:259][676]LogMemory: Process Virtual Memory: 688.86 MB used, 690.16 MB peak
[2016.04.09-17.41.43:259][676]LogMemory: Physical Memory: 5613.44 MB used, 8139.82 MB total
[2016.04.09-17.41.43:259][676]LogMemory: Virtual Memory: 1225.12 MB used, 8388608.00 MB total
[2016.04.09-17.41.43:259][676]LogMemory: 
[2016.04.09-17.41.43:259][676]Allocator Stats for TBB: (not implemented)
[2016.04.09-17.41.43:513][676]LogAIModule: Creating AISystem for world Level2
[2016.04.09-17.41.43:517][676]LogWorld: Game class is '2DSideScrollerGameMode_C'
[2016.04.09-17.41.43:528][676]LogWorld: Bringing World /Game/2DSideScrollerBP/Maps/Level2.Level2 up for play (max tick rate 0) at 2016.04.09-12.41.43
[2016.04.09-17.41.43:529][676]LogWorld: Bringing up level for play took: 0.010978
[2016.04.09-17.42.24:164][773]LogPackageName: SearchForPackageOnDisk took   0.055s to resolve Level2.umap.
[2016.04.09-17.42.24:219][774]LogPackageName: SearchForPackageOnDisk took   0.054s to resolve Level2.umap.
[2016.04.09-17.42.24:219][774]LogNet: Browse: /Game/2DSideScrollerBP/Maps/Level2
[2016.04.09-17.42.24:219][774]LogLoad: LoadMap: /Game/2DSideScrollerBP/Maps/Level2
[2016.04.09-17.42.24:247][774]LogMemory: Platform Memory Stats for Windows
[2016.04.09-17.42.24:247][774]LogMemory: Process Physical Memory: 726.31 MB used, 726.33 MB peak
[2016.04.09-17.42.24:247][774]LogMemory: Process Virtual Memory: 688.86 MB used, 690.16 MB peak
[2016.04.09-17.42.24:247][774]LogMemory: Physical Memory: 5565.64 MB used, 8139.82 MB total
[2016.04.09-17.42.24:247][774]LogMemory: Virtual Memory: 1225.12 MB used, 8388608.00 MB total
[2016.04.09-17.42.24:247][774]LogMemory: 
[2016.04.09-17.42.24:247][774]Allocator Stats for TBB: (not implemented)
[2016.04.09-17.42.24:500][774]LogAIModule: Creating AISystem for world Level2
[2016.04.09-17.42.24:503][774]LogWorld: Game class is '2DSideScrollerGameMode_C'
[2016.04.09-17.42.24:514][774]LogWorld: Bringing World /Game/2DSideScrollerBP/Maps/Level2.Level2 up for play (max tick rate 0) at 2016.04.09-12.42.24
[2016.04.09-17.42.24:515][774]LogWorld: Bringing up level for play took: 0.011138
[2016.04.09-17.43.12:084][ 55]LogPackageName: SearchForPackageOnDisk took   0.055s to resolve Level2.umap.
[2016.04.09-17.43.12:139][ 56]LogPackageName: SearchForPackageOnDisk took   0.054s to resolve Level2.umap.
[2016.04.09-17.43.12:139][ 56]LogNet: Browse: /Game/2DSideScrollerBP/Maps/Level2
[2016.04.09-17.43.12:139][ 56]LogLoad: LoadMap: /Game/2DSideScrollerBP/Maps/Level2
[2016.04.09-17.43.12:170][ 56]LogMemory: Platform Memory Stats for Windows
[2016.04.09-17.43.12:170][ 56]LogMemory: Process Physical Memory: 726.41 MB used, 726.43 MB peak
[2016.04.09-17.43.12:170][ 56]LogMemory: Process Virtual Memory: 688.83 MB used, 690.16 MB peak
[2016.04.09-17.43.12:170][ 56]LogMemory: Physical Memory: 5538.26 MB used, 8139.82 MB total
[2016.04.09-17.43.12:170][ 56]LogMemory: Virtual Memory: 1220.31 MB used, 8388608.00 MB total
[2016.04.09-17.43.12:170][ 56]LogMemory: 
[2016.04.09-17.43.12:170][ 56]Allocator Stats for TBB: (not implemented)
[2016.04.09-17.43.12:427][ 56]LogAIModule: Creating AISystem for world Level2
[2016.04.09-17.43.12:431][ 56]LogWorld: Game class is '2DSideScrollerGameMode_C'
[2016.04.09-17.43.12:442][ 56]LogWorld: Bringing World /Game/2DSideScrollerBP/Maps/Level2.Level2 up for play (max tick rate 0) at 2016.04.09-12.43.12
[2016.04.09-17.43.12:443][ 56]LogWorld: Bringing up level for play took: 0.010965
[2016.04.09-17.43.17:692][198]LogPackageName: SearchForPackageOnDisk took   0.053s to resolve Level2.umap.
[2016.04.09-17.43.17:747][199]LogPackageName: SearchForPackageOnDisk took   0.053s to resolve Level2.umap.
[2016.04.09-17.43.17:747][199]LogNet: Browse: /Game/2DSideScrollerBP/Maps/Level2
[2016.04.09-17.43.17:747][199]LogLoad: LoadMap: /Game/2DSideScrollerBP/Maps/Level2
[2016.04.09-17.43.17:774][199]LogMemory: Platform Memory Stats for Windows
[2016.04.09-17.43.17:774][199]LogMemory: Process Physical Memory: 726.62 MB used, 726.63 MB peak
[2016.04.09-17.43.17:774][199]LogMemory: Process Virtual Memory: 688.83 MB used, 690.16 MB peak
[2016.04.09-17.43.17:774][199]LogMemory: Physical Memory: 5519.14 MB used, 8139.82 MB total
[2016.04.09-17.43.17:774][199]LogMemory: Virtual Memory: 1220.31 MB used, 8388608.00 MB total
[2016.04.09-17.43.17:774][199]LogMemory: 
[2016.04.09-17.43.17:774][199]Allocator Stats for TBB: (not implemented)
[2016.04.09-17.43.18:028][199]LogAIModule: Creating AISystem for world Level2
[2016.04.09-17.43.18:032][199]LogWorld: Game class is '2DSideScrollerGameMode_C'
[2016.04.09-17.43.18:043][199]LogWorld: Bringing World /Game/2DSideScrollerBP/Maps/Level2.Level2 up for play (max tick rate 0) at 2016.04.09-12.43.18
[2016.04.09-17.43.18:044][199]LogWorld: Bringing up level for play took: 0.011229
[2016.04.09-17.43.25:440][400]LogPackageName: SearchForPackageOnDisk took   0.054s to resolve TitleScreen.umap.
[2016.04.09-17.43.25:495][401]LogPackageName: SearchForPackageOnDisk took   0.054s to resolve TitleScreen.umap.
[2016.04.09-17.43.25:495][401]LogNet: Browse: /Game/2DSideScrollerBP/Maps/TitleScreen
[2016.04.09-17.43.25:495][401]LogLoad: LoadMap: /Game/2DSideScrollerBP/Maps/TitleScreen
[2016.04.09-17.43.25:523][401]LogMemory: Platform Memory Stats for Windows
[2016.04.09-17.43.25:523][401]LogMemory: Process Physical Memory: 726.65 MB used, 726.66 MB peak
[2016.04.09-17.43.25:523][401]LogMemory: Process Virtual Memory: 688.83 MB used, 690.16 MB peak
[2016.04.09-17.43.25:523][401]LogMemory: Physical Memory: 5520.77 MB used, 8139.82 MB total
[2016.04.09-17.43.25:523][401]LogMemory: Virtual Memory: 1220.31 MB used, 8388608.00 MB total
[2016.04.09-17.43.25:523][401]LogMemory: 
[2016.04.09-17.43.25:523][401]Allocator Stats for TBB: (not implemented)
[2016.04.09-17.43.25:782][401]LogAIModule: Creating AISystem for world TitleScreen
[2016.04.09-17.43.25:782][401]LogWorld: Game class is '2DSideScrollerGameMode_C'
[2016.04.09-17.43.25:783][401]LogWorld: Bringing World /Game/2DSideScrollerBP/Maps/TitleScreen.TitleScreen up for play (max tick rate 0) at 2016.04.09-12.43.25
[2016.04.09-17.43.25:783][401]LogWorld: Bringing up level for play took: 0.000587
[2016.04.09-17.43.25:784][401]LogGameMode: Warning - PATHS NOT DEFINED or NO PLAYERSTART with positive rating
[2016.04.09-17.43.38:237][853]Closing by request
[2016.04.09-17.43.38:237][853]LogWindows: FPlatformMisc::RequestExit(0)
[2016.04.09-17.43.38:925][854]LogExit: Preparing to exit.
[2016.04.09-17.43.39:751][854]LogExit: Game engine shut down
[2016.04.09-17.43.39:852][854]LogObj: Freed 0b from 0 cluster array pools.
[2016.04.09-17.43.39:852][854]LogExit: Object subsystem successfully closed.
[2016.04.09-17.43.39:861][854]LogD3D11RHI: Shutdown
[2016.04.09-17.43.39:861][854]LogD3D11RHI: CleanupD3DDevice
[2016.04.09-17.43.40:576][854]LogD3D11RHI: ~FD3D11DynamicRHI
[2016.04.09-17.43.40:647][854]LogDerivedDataCache: Shutdown
[2016.04.09-17.43.40:647][854]LogModuleManager: Shutting down and abandoning module AndroidDeviceDetection (123)
[2016.04.09-17.43.40:648][854]LogModuleManager: Shutting down and abandoning module AutomationController (122)
[2016.04.09-17.43.40:648][854]LogModuleManager: Shutting down and abandoning module AutomationWorker (121)
[2016.04.09-17.43.40:648][854]LogModuleManager: Shutting down and abandoning module CharacterAI (120)
[2016.04.09-17.43.40:648][854]LogModuleManager: Shutting down and abandoning module AITestSuite (119)
[2016.04.09-17.43.40:648][854]LogModuleManager: Shutting down and abandoning module GameplayDebugger (118)
[2016.04.09-17.43.40:648][854]LogModuleManager: Shutting down and abandoning module AIModule (117)
[2016.04.09-17.43.40:648][854]LogModuleManager: Shutting down and abandoning module MovieSceneCapture (116)
[2016.04.09-17.43.40:648][854]LogModuleManager: Shutting down and abandoning module StreamingPauseRendering (115)
[2016.04.09-17.43.40:648][854]LogModuleManager: Shutting down and abandoning module PortalServices (114)
[2016.04.09-17.43.40:648][854]LogModuleManager: Shutting down and abandoning module PortalRpc (113)
[2016.04.09-17.43.40:648][854]LogModuleManager: Shutting down and abandoning module MessagingRpc (112)
[2016.04.09-17.43.40:648][854]LogModuleManager: Shutting down and abandoning module ProfilerService (111)
[2016.04.09-17.43.40:845][854]LogModuleManager: Shutting down and abandoning module TaskGraph (110)
[2016.04.09-17.43.40:845][854]LogModuleManager: Shutting down and abandoning module SlateRemote (109)
[2016.04.09-17.43.40:845][854]LogModuleManager: Shutting down and abandoning module SteamVRController (108)
[2016.04.09-17.43.40:845][854]LogModuleManager: Shutting down and abandoning module SteamVR (107)
[2016.04.09-17.43.40:845][854]LogModuleManager: Shutting down and abandoning module ProceduralMeshComponent (106)
[2016.04.09-17.43.40:845][854]LogModuleManager: Shutting down and abandoning module OculusLibrary (105)
[2016.04.09-17.43.40:845][854]LogModuleManager: Shutting down and abandoning module OculusInput (104)
[2016.04.09-17.43.40:845][854]LogModuleManager: Shutting down and abandoning module CustomMeshComponent (103)
[2016.04.09-17.43.40:845][854]LogModuleManager: Shutting down and abandoning module CableComponent (102)
[2016.04.09-17.43.40:845][854]LogModuleManager: Shutting down and abandoning module ArchVisCharacter (101)
[2016.04.09-17.43.40:845][854]LogModuleManager: Shutting down and abandoning module HTML5Networking (100)
[2016.04.09-17.43.40:845][854]LogModuleManager: Shutting down and abandoning module DesktopPlatform (99)
[2016.04.09-17.43.40:845][854]LogModuleManager: Shutting down and abandoning module DirectoryWatcher (98)
[2016.04.09-17.43.40:845][854]LogModuleManager: Shutting down and abandoning module HotReload (97)
[2016.04.09-17.43.40:845][854]LogModuleManager: Shutting down and abandoning module VisualStudioSourceCodeAccess (96)
[2016.04.09-17.43.40:845][854]LogModuleManager: Shutting down and abandoning module UObjectPlugin (95)
[2016.04.09-17.43.40:845][854]LogModuleManager: Shutting down and abandoning module SubversionSourceControl (94)
[2016.04.09-17.43.40:845][854]LogModuleManager: Shutting down and abandoning module SourceControl (93)
[2016.04.09-17.43.40:845][854]LogModuleManager: Shutting down and abandoning module PerforceSourceControl (92)
[2016.04.09-17.43.40:845][854]LogModuleManager: Shutting down and abandoning module UdpMessaging (91)
[2016.04.09-17.43.40:945][854]LogModuleManager: Shutting down and abandoning module LightPropagationVolumeRuntime (90)
[2016.04.09-17.43.40:945][854]LogModuleManager: Shutting down and abandoning module Paper2D (89)
[2016.04.09-17.43.40:945][854]LogModuleManager: Shutting down and abandoning module WindowsMoviePlayer (88)
[2016.04.09-17.43.40:945][854]LogModuleManager: Shutting down and abandoning module Media (87)
[2016.04.09-17.43.40:945][854]LogModuleManager: Shutting down and abandoning module WmfMedia (86)
[2016.04.09-17.43.40:945][854]LogModuleManager: Shutting down and abandoning module GameLiveStreaming (85)
[2016.04.09-17.43.40:945][854]LogModuleManager: Shutting down and abandoning module GameplayTagsEditor (84)
[2016.04.09-17.43.40:945][854]LogModuleManager: Shutting down and abandoning module OnlineBlueprintSupport (83)
[2016.04.09-17.43.40:945][854]LogModuleManager: Shutting down and abandoning module GameplayTasksEditor (82)
[2016.04.09-17.43.40:945][854]LogModuleManager: Shutting down and abandoning module PropertyEditor (81)
[2016.04.09-17.43.40:945][854]LogModuleManager: Shutting down and abandoning module BehaviorTreeEditor (80)
[2016.04.09-17.43.40:945][854]LogModuleManager: Shutting down and abandoning module FunctionalTesting (79)
[2016.04.09-17.43.40:945][854]LogModuleManager: Shutting down and abandoning module CollisionAnalyzer (78)
[2016.04.09-17.43.40:945][854]LogModuleManager: Shutting down and abandoning module WorkspaceMenuStructure (77)
[2016.04.09-17.43.40:945][854]LogModuleManager: Shutting down and abandoning module MessageLog (76)
[2016.04.09-17.43.40:946][854]LogModuleManager: Shutting down and abandoning module Sequencer (75)
[2016.04.09-17.43.40:946][854]LogModuleManager: Shutting down and abandoning module AssetTools (74)
[2016.04.09-17.43.40:946][854]LogModuleManager: Shutting down and abandoning module UMGEditor (73)
[2016.04.09-17.43.40:946][854]LogModuleManager: Shutting down and abandoning module UMG (72)
[2016.04.09-17.43.40:946][854]LogModuleManager: Shutting down and abandoning module SlateReflector (71)
[2016.04.09-17.43.40:946][854]LogModuleManager: Shutting down and abandoning module Slate (70)
[2016.04.09-17.43.40:946][854]LogModuleManager: Shutting down and abandoning module EditorStyle (69)
[2016.04.09-17.43.40:947][854]LogModuleManager: Shutting down and abandoning module SessionServices (68)
[2016.04.09-17.43.40:947][854]LogModuleManager: Shutting down and abandoning module SourceCodeAccess (67)
[2016.04.09-17.43.40:947][854]LogModuleManager: Shutting down and abandoning module HeadMountedDisplay (66)
[2016.04.09-17.43.40:947][854]LogModuleManager: Shutting down and abandoning module XAudio2 (65)
[2016.04.09-17.43.40:947][854]LogModuleManager: Shutting down and abandoning module Networking (63)
[2016.04.09-17.43.40:947][854]LogModuleManager: Shutting down and abandoning module Core (62)
[2016.04.09-17.43.40:947][854]LogModuleManager: Shutting down and abandoning module KismetCompiler (61)
[2016.04.09-17.43.40:947][854]LogModuleManager: Shutting down and abandoning module PhysXFormats (60)
[2016.04.09-17.43.40:947][854]LogModuleManager: Shutting down and abandoning module MeshUtilities (59)
[2016.04.09-17.43.40:947][854]LogModuleManager: Shutting down and abandoning module CookingStats (58)
[2016.04.09-17.43.40:947][854]LogModuleManager: Shutting down and abandoning module DerivedDataCache (57)
[2016.04.09-17.43.40:947][854]LogDerivedDataCache: Shutdown
[2016.04.09-17.43.40:947][854]LogModuleManager: Shutting down and abandoning module ShaderFormatOpenGL (56)
[2016.04.09-17.43.40:947][854]LogModuleManager: Shutting down and abandoning module ShaderFormatD3D (55)
[2016.04.09-17.43.40:947][854]LogModuleManager: Shutting down and abandoning module MetalShaderFormat (54)
[2016.04.09-17.43.40:947][854]LogModuleManager: Shutting down and abandoning module TextureFormatUncompressed (53)
[2016.04.09-17.43.40:947][854]LogModuleManager: Shutting down and abandoning module TextureFormatPVR (52)
[2016.04.09-17.43.40:947][854]LogModuleManager: Shutting down and abandoning module TextureFormatIntelISPCTexComp (51)
[2016.04.09-17.43.40:948][854]LogModuleManager: Shutting down and abandoning module TextureFormatDXT (50)
[2016.04.09-17.43.40:948][854]LogModuleManager: Shutting down and abandoning module ImageWrapper (49)
[2016.04.09-17.43.40:948][854]LogModuleManager: Shutting down and abandoning module TextureFormatASTC (48)
[2016.04.09-17.43.40:948][854]LogModuleManager: Shutting down and abandoning module TextureFormatAndroid (47)
[2016.04.09-17.43.40:948][854]LogModuleManager: Shutting down and abandoning module AudioFormatOpus (46)
[2016.04.09-17.43.40:948][854]LogModuleManager: Shutting down and abandoning module AudioFormatOgg (45)
[2016.04.09-17.43.40:948][854]LogModuleManager: Shutting down and abandoning module AudioFormatADPCM (44)
[2016.04.09-17.43.40:948][854]LogModuleManager: Shutting down and abandoning module LinuxTargetPlatform (43)
[2016.04.09-17.43.40:948][854]LogModuleManager: Shutting down and abandoning module LinuxServerTargetPlatform (42)
[2016.04.09-17.43.40:948][854]LogModuleManager: Shutting down and abandoning module LinuxNoEditorTargetPlatform (41)
[2016.04.09-17.43.40:948][854]LogModuleManager: Shutting down and abandoning module TVOSTargetPlatform (40)
[2016.04.09-17.43.40:948][854]LogModuleManager: Shutting down and abandoning module Messaging (39)
[2016.04.09-17.43.40:948][854]LogModuleManager: Shutting down and abandoning module IOSTargetPlatform (38)
[2016.04.09-17.43.40:948][854]LogModuleManager: Shutting down and abandoning module HTML5TargetPlatform (37)
[2016.04.09-17.43.40:948][854]LogModuleManager: Shutting down and abandoning module Android_PVRTCTargetPlatform (36)
[2016.04.09-17.43.40:948][854]LogModuleManager: Shutting down and abandoning module Android_MultiTargetPlatform (35)
[2016.04.09-17.43.40:948][854]LogModuleManager: Shutting down and abandoning module Android_ETC2TargetPlatform (34)
[2016.04.09-17.43.40:948][854]LogModuleManager: Shutting down and abandoning module Android_ETC1TargetPlatform (33)
[2016.04.09-17.43.40:948][854]LogModuleManager: Shutting down and abandoning module Android_DXTTargetPlatform (32)
[2016.04.09-17.43.40:948][854]LogModuleManager: Shutting down and abandoning module Android_ATCTargetPlatform (31)
[2016.04.09-17.43.40:948][854]LogModuleManager: Shutting down and abandoning module Android_ASTCTargetPlatform (30)
[2016.04.09-17.43.40:948][854]LogModuleManager: Shutting down and abandoning module AndroidTargetPlatform (29)
[2016.04.09-17.43.40:948][854]LogModuleManager: Shutting down and abandoning module WindowsTargetPlatform (28)
[2016.04.09-17.43.40:948][854]LogModuleManager: Shutting down and abandoning module WindowsServerTargetPlatform (27)
[2016.04.09-17.43.40:948][854]LogModuleManager: Shutting down and abandoning module WindowsNoEditorTargetPlatform (26)
[2016.04.09-17.43.40:948][854]LogModuleManager: Shutting down and abandoning module WindowsClientTargetPlatform (25)
[2016.04.09-17.43.40:948][854]LogModuleManager: Shutting down and abandoning module AllDesktopTargetPlatform (24)
[2016.04.09-17.43.40:948][854]LogModuleManager: Shutting down and abandoning module TargetPlatform (23)
[2016.04.09-17.43.40:948][854]LogModuleManager: Shutting down and abandoning module InputCore (22)
[2016.04.09-17.43.40:948][854]LogModuleManager: Shutting down and abandoning module Settings (21)
[2016.04.09-17.43.40:948][854]LogModuleManager: Shutting down and abandoning module OnlineSubsystem (19)
[2016.04.09-17.43.40:948][854]LogModuleManager: Shutting down and abandoning module HTTP (18)
[2016.04.09-17.43.40:948][854]LogModuleManager: Shutting down and abandoning module XMPP (17)
[2016.04.09-17.43.40:948][854]LogModuleManager: Shutting down and abandoning module OculusRift (16)
[2016.04.09-17.43.40:948][854]LogModuleManager: Shutting down and abandoning module ExampleDeviceProfileSelector (15)
[2016.04.09-17.43.40:948][854]LogModuleManager: Shutting down and abandoning module TextureCompressor (14)
[2016.04.09-17.43.40:948][854]LogModuleManager: Shutting down and abandoning module ShaderCore (13)
[2016.04.09-17.43.40:948][854]LogModuleManager: Shutting down and abandoning module Landscape (12)
[2016.04.09-17.43.40:948][854]LogModuleManager: Shutting down and abandoning module SlateRHIRenderer (11)
[2016.04.09-17.43.40:948][854]LogModuleManager: Shutting down and abandoning module OpenGLDrv (10)
[2016.04.09-17.43.40:948][854]LogModuleManager: Shutting down and abandoning module D3D11RHI (9)
[2016.04.09-17.43.40:948][854]LogModuleManager: Shutting down and abandoning module AnimGraphRuntime (8)
[2016.04.09-17.43.40:948][854]LogModuleManager: Shutting down and abandoning module Renderer (7)
[2016.04.09-17.43.40:948][854]LogModuleManager: Shutting down and abandoning module Engine (6)
[2016.04.09-17.43.40:948][854]LogModuleManager: Shutting down and abandoning module CoreUObject (5)
[2016.04.09-17.43.40:948][854]LogModuleManager: Shutting down and abandoning module NetworkFile (4)
[2016.04.09-17.43.40:948][854]LogModuleManager: Shutting down and abandoning module StreamingFile (3)
[2016.04.09-17.43.40:948][854]LogModuleManager: Shutting down and abandoning module SandboxFile (2)
[2016.04.09-17.43.40:948][854]LogModuleManager: Shutting down and abandoning module PakFile (1)
[2016.04.09-17.43.40:949][854]LogExit: Exiting.
[2016.04.09-17.43.40:950][854]Log file closed, 04/09/16 12:43:40
