Log file open, 04/09/16 12:21:45
LogInit:Display: Running engine for game: MyProject
LogPlatformFile: Not using cached read wrapper
LogInit:Display: RandInit(-1216463059) SRandInit(-1216463057).
LogTaskGraph: Started task graph with 4 named threads and 7 total threads.
LogStats: Stats thread started at 0.067688
LogInit: Version: 4.11.1-2934540+++UE4+Release-4.11
LogInit: API Version: 2927265
LogInit: Compiled (64-bit): Apr  6 2016 02:14:16
LogInit: Compiled with Visual C++: 19.00.23026.00
LogInit: Build Configuration: Development
LogInit: Branch Name: ++UE4+Release-4.11
LogInit: Command line:  /Temp/Autosaves/Game/2DSideScrollerBP/Maps/UEDPCLevel2 -game -PIEVIACONSOLE -ResX=1280 -ResY=720  -Multiprocess -messaging -SessionName="Play in Standalone Game" 
LogInit: Base directory: C:/Program Files (x86)/Epic Games/4.11/Engine/Binaries/Win64/
LogInit: Installed Engine Build: 1
LogInit: Using libcurl 7.41.0
LogInit:  - built for x86_64-pc-win32
LogInit:  - supports SSL with WinSSL
LogInit:  - other features:
LogInit:      CURL_VERSION_SSL
LogInit:      CURL_VERSION_IPV6
LogInit:      CURL_VERSION_ASYNCHDNS
LogInit:      CURL_VERSION_LARGEFILE
LogInit:      CURL_VERSION_IDN
LogInit:  CurlRequestOptions (configurable via config and command line):
LogInit:  - bVerifyPeer = true  - Libcurl will verify peer certificate
LogInit:  - bUseHttpProxy = false  - Libcurl will NOT use HTTP proxy
LogInit:  - bDontReuseConnections = false  - Libcurl will reuse connections
LogInit:  - CertBundlePath = nullptr  - Libcurl will use whatever was configured at build time.
LogInit: Presizing for max 16777216 objects, including 0 objects not considered by GC, pre-allocating 0 bytes for permanent pool.
LogInit: Object subsystem initialized
[2016.04.09-17.21.45:555][  0]LogInit: Selected Device Profile: [Windows]
[2016.04.09-17.21.45:555][  0]LogInit: Applying CVar settings loaded from the selected device profile: [Windows]
[2016.04.09-17.21.45:558][  0]LogInit: Computer: CURTIS-PC
[2016.04.09-17.21.45:558][  0]LogInit: User: Curtis
[2016.04.09-17.21.45:558][  0]LogInit: CPU Page size=65536, Cores=4
[2016.04.09-17.21.45:558][  0]LogInit: High frequency timer resolution =2.336201 MHz
[2016.04.09-17.21.45:558][  0]LogMemory: Memory total: Physical=7.9GB (8GB approx)
[2016.04.09-17.21.45:558][  0]LogMemory: Platform Memory Stats for Windows
[2016.04.09-17.21.45:558][  0]LogMemory: Process Physical Memory: 314.11 MB used, 314.11 MB peak
[2016.04.09-17.21.45:558][  0]LogMemory: Process Virtual Memory: 316.73 MB used, 316.73 MB peak
[2016.04.09-17.21.45:558][  0]LogMemory: Physical Memory: 5108.67 MB used, 8139.82 MB total
[2016.04.09-17.21.45:558][  0]LogMemory: Virtual Memory: 620.69 MB used, 8388608.00 MB total
[2016.04.09-17.21.45:587][  0]LogTextLocalizationManager: No specific translations for ('en-US') exist, so ('en') translations will be used.
[2016.04.09-17.21.45:987][  0]LogD3D11RHI: D3D11 adapters:
[2016.04.09-17.21.46:021][  0]LogD3D11RHI:    0. 'AMD Radeon HD 6870M' (Feature Level 11_0)
[2016.04.09-17.21.46:021][  0]LogD3D11RHI:       1010MB of dedicated video memory, 0MB of dedicated system memory, and 3813MB of shared system memory, 1 output[s]
[2016.04.09-17.21.46:026][  0]LogD3D11RHI:    1. 'Intel(R) HD Graphics 3000' (Feature Level 10_0)
[2016.04.09-17.21.46:026][  0]LogD3D11RHI:       64MB of dedicated video memory, 0MB of dedicated system memory, and 1632MB of shared system memory, 0 output[s]
[2016.04.09-17.21.46:026][  0]LogD3D11RHI: Chosen D3D11 Adapter: 0
[2016.04.09-17.21.46:031][  0]LogD3D11RHI: Creating new Direct3DDevice
[2016.04.09-17.21.46:031][  0]LogD3D11RHI:     Adapter Name: AMD Radeon HD 6870M
[2016.04.09-17.21.46:031][  0]LogD3D11RHI:   Driver Version: 9.3.0.0 (internal 9.3.0.0)
[2016.04.09-17.21.46:031][  0]LogD3D11RHI:      Driver Date: 10-25-2012
[2016.04.09-17.21.46:031][  0]LogRHI: Texture pool is 707 MB (70% of 1010 MB)
[2016.04.09-17.21.46:036][  0]LogD3D11RHI: Async texture creation disabled: no driver support
[2016.04.09-17.21.46:047][  0]LogShaderCompilers: Guid format shader working directory is -16 characters bigger than the processId version (../../../../../../Users/Curtis/Documents/Unreal Projects/IceBox/Intermediate/Shaders/WorkingDirectory/5736/).
[2016.04.09-17.21.46:047][  0]LogShaderCompilers: Cleaned the shader compiler working directory 'C:/Users/Curtis/AppData/Local/Temp/UnrealShaderWorkingDir/C6F1272F4A59EE59F0595F8906FD7B59/'.
[2016.04.09-17.21.46:047][  0]LogShaderCompilers:Display: Using Local Shader Compiler.
[2016.04.09-17.21.47:018][  0]LogTemp:Display: Loaded TP AllDesktopTargetPlatform
[2016.04.09-17.21.47:022][  0]LogTemp:Display: Loaded TP WindowsClientTargetPlatform
[2016.04.09-17.21.47:026][  0]LogTemp:Display: Loaded TP WindowsNoEditorTargetPlatform
[2016.04.09-17.21.47:030][  0]LogTemp:Display: Loaded TP WindowsServerTargetPlatform
[2016.04.09-17.21.47:034][  0]LogTemp:Display: Loaded TP WindowsTargetPlatform
[2016.04.09-17.21.47:037][  0]LogTemp:Display: Loaded TP AndroidTargetPlatform
[2016.04.09-17.21.47:040][  0]LogTemp:Display: Loaded TP Android_ASTCTargetPlatform
[2016.04.09-17.21.47:042][  0]LogTemp:Display: Loaded TP Android_ATCTargetPlatform
[2016.04.09-17.21.47:045][  0]LogTemp:Display: Loaded TP Android_DXTTargetPlatform
[2016.04.09-17.21.47:048][  0]LogTemp:Display: Loaded TP Android_ETC1TargetPlatform
[2016.04.09-17.21.47:051][  0]LogTemp:Display: Loaded TP Android_ETC2TargetPlatform
[2016.04.09-17.21.47:057][  0]LogTemp:Display: Loaded TP Android_MultiTargetPlatform
[2016.04.09-17.21.47:057][  0]LogTemp:Display: Loaded TP Android_PVRTCTargetPlatform
[2016.04.09-17.21.47:057][  0]LogTemp:Display: Loaded TP HTML5TargetPlatform
[2016.04.09-17.21.47:073][  0]LogTemp:Display: Loaded TP IOSTargetPlatform
[2016.04.09-17.21.47:076][  0]LogTemp:Display: Loaded TP TVOSTargetPlatform
[2016.04.09-17.21.47:078][  0]LogTemp:Display: Loaded TP LinuxNoEditorTargetPlatform
[2016.04.09-17.21.47:081][  0]LogTemp:Display: Loaded TP LinuxServerTargetPlatform
[2016.04.09-17.21.47:084][  0]LogTemp:Display: Loaded TP LinuxTargetPlatform
[2016.04.09-17.21.47:084][  0]LogTargetPlatformManager:Display: Building Assets For Windows
[2016.04.09-17.21.47:142][  0]LogDerivedDataCache:Display: Max Cache Size: 512 MB
[2016.04.09-17.21.47:192][  0]LogDerivedDataCache: Loaded boot cache 0.05s 46MB C:/Users/Curtis/AppData/Local/UnrealEngine/4.11/DerivedDataCache/Boot.ddc.
[2016.04.09-17.21.47:192][  0]LogDerivedDataCache:Display: Loaded Boot cache: C:/Users/Curtis/AppData/Local/UnrealEngine/4.11/DerivedDataCache/Boot.ddc
[2016.04.09-17.21.47:192][  0]LogDerivedDataCache: FDerivedDataBackendGraph:  Pak pak cache file ../../../../../../Users/Curtis/Documents/Unreal Projects/IceBox/DerivedDataCache/DDC.ddp not found, will not use a pak cache.
[2016.04.09-17.21.47:192][  0]LogDerivedDataCache: Unable to find inner node Pak for hierarchical cache Hierarchy.
[2016.04.09-17.21.47:192][  0]LogDerivedDataCache: FDerivedDataBackendGraph:  CompressedPak pak cache file ../../../../../../Users/Curtis/Documents/Unreal Projects/IceBox/DerivedDataCache/Compressed.ddp not found, will not use a pak cache.
[2016.04.09-17.21.47:192][  0]LogDerivedDataCache: Unable to find inner node CompressedPak for hierarchical cache Hierarchy.
[2016.04.09-17.21.47:208][  0]LogDerivedDataCache:Display: Pak cache opened for reading ../../../Engine/DerivedDataCache/Compressed.ddp.
[2016.04.09-17.21.47:220][  0]LogDerivedDataCache: Using Local data cache path C:/Users/Curtis/AppData/Local/UnrealEngine/Common/DerivedDataCache: Writable
[2016.04.09-17.21.47:410][  0]LogInit: Selected Device Profile: [Windows]
[2016.04.09-17.21.47:415][  0]LogMaterial: Uniform references updated for custom material expression Custom.
[2016.04.09-17.21.47:416][  0]LogContentStreaming: Texture pool size is 1000.00 MB
[2016.04.09-17.21.47:547][  0]LogMeshUtilities: No automatic mesh reduction module available
[2016.04.09-17.21.47:547][  0]LogMeshUtilities: No automatic mesh merging module available
[2016.04.09-17.21.47:547][  0]LogMeshUtilities: No distributed automatic mesh merging module available
[2016.04.09-17.21.47:769][  0]LogInit: WinSock: version 1.1 (2.2), MaxSocks=32767, MaxUdp=65467
[2016.04.09-17.21.47:821][  0]LogSlate: SlateFontCache - WITH_FREETYPE: 1, WITH_HARFBUZZ: 1
[2016.04.09-17.21.47:821][  0]LogSlate: SlateFontCache - WITH_FREETYPE: 1, WITH_HARFBUZZ: 1
[2016.04.09-17.21.47:942][  0]LogWindowsMoviePlayer: Unable to load movie: ../../../../../../Users/Curtis/Documents/Unreal Projects/IceBox/Content/Movies/Default_Startup.mp4
[2016.04.09-17.21.48:018][  0]LogUdpMessaging: Initializing bridge on interface 0.0.0.0:0 to multicast group 230.0.0.1:6666.
[2016.04.09-17.21.48:101][  0]SourceControl: Info Source control is disabled
[2016.04.09-17.21.48:101][  0]SourceControl: Info Source control is disabled
[2016.04.09-17.21.48:110][  0]SourceControl: Info Source control is disabled
[2016.04.09-17.21.48:232][  0]LogUObjectArray: 29142 objects as part of root set at end of initial load.
[2016.04.09-17.21.48:233][  0]LogUObjectAllocator: 6065048 out of 0 bytes used by permanent object pool.
[2016.04.09-17.21.48:233][  0]LogUObjectArray: CloseDisregardForGC: 0/0 objects in disregard for GC pool
[2016.04.09-17.21.48:300][  0]LogEngine: Initializing Engine...
[2016.04.09-17.21.48:300][  0]LogHMD: SteamVR failed to initialize.  Err: 110
[2016.04.09-17.21.48:301][  0]LogHMD: SteamVR failed to initialize.  Err: 110
[2016.04.09-17.21.48:429][  0]LogInit: XAudio2 using 'Speakers / Headphones (IDT High Definition Audio CODEC)' : 2 channels at 48 kHz using 16 bits per sample (channel mask 0x3)
[2016.04.09-17.21.48:438][  0]LogInit: FAudioDevice initialized.
[2016.04.09-17.21.48:444][  0]LogInit: Texture streaming: Enabled
[2016.04.09-17.21.48:519][  0]LogNet: Browse: /Temp/Autosaves/Game/2DSideScrollerBP/Maps/UEDPCLevel2?Name=Player
[2016.04.09-17.21.48:519][  0]LogLoad: LoadMap: /Temp/Autosaves/Game/2DSideScrollerBP/Maps/UEDPCLevel2?Name=Player
[2016.04.09-17.21.48:534][  0]LogMemory: Platform Memory Stats for Windows
[2016.04.09-17.21.48:534][  0]LogMemory: Process Physical Memory: 643.40 MB used, 645.35 MB peak
[2016.04.09-17.21.48:534][  0]LogMemory: Process Virtual Memory: 625.55 MB used, 632.49 MB peak
[2016.04.09-17.21.48:534][  0]LogMemory: Physical Memory: 5387.19 MB used, 8139.82 MB total
[2016.04.09-17.21.48:534][  0]LogMemory: Virtual Memory: 1150.32 MB used, 8388608.00 MB total
[2016.04.09-17.21.48:534][  0]LogMemory: 
[2016.04.09-17.21.48:534][  0]Allocator Stats for TBB: (not implemented)
[2016.04.09-17.21.48:580][  0]LogAIModule: Creating AISystem for world Level2
[2016.04.09-17.21.48:804][  0]LogWorld: Game class is '2DSideScrollerGameMode_C'
[2016.04.09-17.21.48:816][  0]LogWorld: Bringing World /Temp/Autosaves/Game/2DSideScrollerBP/Maps/UEDPCLevel2.Level2 up for play (max tick rate 0) at 2016.04.09-12.21.48
[2016.04.09-17.21.48:817][  0]LogWorld: Bringing up level for play took: 0.012237
[2016.04.09-17.21.48:821][  0]LogInit:Display: Game Engine Initialized.
[2016.04.09-17.21.49:044][  0]LogLoad: Full Startup: 4.05 seconds (BP compile: 0.04 seconds)
[2016.04.09-17.21.49:045][  0]LogExternalProfiler:Warning: No registered external profiler was matched with a command-line switch (or the DLL could not be loaded).  External profiling features will not be available.
[2016.04.09-17.21.49:063][  0]LogOcInput: OculusInput pre-init called
[2016.04.09-17.21.49:223][  2]LogRenderer: Reallocating scene render targets to support 1280x720 (Frame:2).
[2016.04.09-17.21.55:151][306]LogPackageName: SearchForPackageOnDisk took   0.060s to resolve TitleScreen.umap.
[2016.04.09-17.21.55:206][306]LogPackageName: SearchForPackageOnDisk took   0.054s to resolve TitleScreen.umap.
[2016.04.09-17.21.55:206][306]LogNet: Browse: /Game/2DSideScrollerBP/Maps/TitleScreen
[2016.04.09-17.21.55:206][306]LogLoad: LoadMap: /Game/2DSideScrollerBP/Maps/TitleScreen
[2016.04.09-17.21.55:234][306]LogMemory: Platform Memory Stats for Windows
[2016.04.09-17.21.55:234][306]LogMemory: Process Physical Memory: 682.63 MB used, 687.01 MB peak
[2016.04.09-17.21.55:234][306]LogMemory: Process Vi