Log file open, 04/09/16 10:00:26
LogInit:Display: Running engine for game: MyProject
LogPlatformFile: Not using cached read wrapper
LogInit:Display: RandInit(450079617) SRandInit(450079618).
LogTaskGraph: Started task graph with 4 named threads and 7 total threads.
LogStats: Stats thread started at 0.066276
LogInit: Version: 4.11.1-2934540+++UE4+Release-4.11
LogInit: API Version: 2927265
LogInit: Compiled (64-bit): Apr  6 2016 02:14:16
LogInit: Compiled with Visual C++: 19.00.23026.00
LogInit: Build Configuration: Development
LogInit: Branch Name: ++UE4+Release-4.11
LogInit: Command line:  /Temp/Autosaves/Game/2DSideScrollerBP/Maps/UEDPCTestMap -game -PIEVIACONSOLE -ResX=1280 -ResY=720  -Multiprocess -messaging -SessionName="Play in Standalone Game" 
LogInit: Base directory: C:/Program Files (x86)/Epic Games/4.11/Engine/Binaries/Win64/
LogInit: Installed Engine Build: 1
LogInit: Using libcurl 7.41.0
LogInit:  - built for x86_64-pc-win32
LogInit:  - supports SSL with WinSSL
LogInit:  - other features:
LogInit:      CURL_VERSION_SSL
LogInit:      CURL_VERSION_IPV6
LogInit:      CURL_VERSION_ASYNCHDNS
LogInit:      CURL_VERSION_LARGEFILE
LogInit:      CURL_VERSION_IDN
LogInit:  CurlRequestOptions (configurable via config and command line):
LogInit:  - bVerifyPeer = true  - Libcurl will verify peer certificate
LogInit:  - bUseHttpProxy = false  - Libcurl will NOT use HTTP proxy
LogInit:  - bDontReuseConnections = false  - Libcurl will reuse connections
LogInit:  - CertBundlePath = nullptr  - Libcurl will use whatever was configured at build time.
LogInit: Presizing for max 16777216 objects, including 0 objects not considered by GC, pre-allocating 0 bytes for permanent pool.
LogInit: Object subsystem initialized
[2016.04.09-15.00.26:576][  0]LogInit: Selected Device Profile: [Windows]
[2016.04.09-15.00.26:576][  0]LogInit: Applying CVar settings loaded from the selected device profile: [Windows]
[2016.04.09-15.00.26:578][  0]LogInit: Computer: CURTIS-PC
[2016.04.09-15.00.26:578][  0]LogInit: User: Curtis
[2016.04.09-15.00.26:578][  0]LogInit: CPU Page size=65536, Cores=4
[2016.04.09-15.00.26:578][  0]LogInit: High frequency timer resolution =2.336201 MHz
[2016.04.09-15.00.26:578][  0]LogMemory: Memory total: Physical=7.9GB (8GB approx)
[2016.04.09-15.00.26:578][  0]LogMemory: Platform Memory Stats for Windows
[2016.04.09-15.00.26:578][  0]LogMemory: Process Physical Memory: 313.81 MB used, 313.81 MB peak
[2016.04.09-15.00.26:578][  0]LogMemory: Process Virtual Memory: 316.72 MB used, 316.72 MB peak
[2016.04.09-15.00.26:578][  0]LogMemory: Physical Memory: 4719.91 MB used, 8139.82 MB total
[2016.04.09-15.00.26:578][  0]LogMemory: Virtual Memory: 620.69 MB used, 8388608.00 MB total
[2016.04.09-15.00.26:608][  0]LogTextLocalizationManager: No specific translations for ('en-US') exist, so ('en') translations will be used.
[2016.04.09-15.00.26:985][  0]LogD3D11RHI: D3D11 adapters:
[2016.04.09-15.00.27:006][  0]LogD3D11RHI:    0. 'AMD Radeon HD 6870M' (Feature Level 11_0)
[2016.04.09-15.00.27:006][  0]LogD3D11RHI:       1010MB of dedicated video memory, 0MB of dedicated system memory, and 3813MB of shared system memory, 1 output[s]
[2016.04.09-15.00.27:010][  0]LogD3D11RHI:    1. 'Intel(R) HD Graphics 3000' (Feature Level 10_0)
[2016.04.09-15.00.27:010][  0]LogD3D11RHI:       64MB of dedicated video memory, 0MB of dedicated system memory, and 1632MB of shared system memory, 0 output[s]
[2016.04.09-15.00.27:010][  0]LogD3D11RHI: Chosen D3D11 Adapter: 0
[2016.04.09-15.00.27:015][  0]LogD3D11RHI: Creating new Direct3DDevice
[2016.04.09-15.00.27:015][  0]LogD3D11RHI:     Adapter Name: AMD Radeon HD 6870M
[2016.04.09-15.00.27:015][  0]LogD3D11RHI:   Driver Version: 9.3.0.0 (internal 9.3.0.0)
[2016.04.09-15.00.27:015][  0]LogD3D11RHI:      Driver Date: 10-25-2012
[2016.04.09-15.00.27:015][  0]LogRHI: Texture pool is 707 MB (70% of 1010 MB)
[2016.04.09-15.00.27:020][  0]LogD3D11RHI: Async texture creation disabled: no driver support
[2016.04.09-15.00.27:032][  0]LogShaderCompilers: Guid format shader working directory is -16 characters bigger than the processId version (../../../../../../Users/Curtis/Documents/Unreal Projects/IceBox/Intermediate/Shaders/WorkingDirectory/5368/).
[2016.04.09-15.00.27:032][  0]LogShaderCompilers: Cleaned the shader compiler working directory 'C:/Users/Curtis/AppData/Local/Temp/UnrealShaderWorkingDir/25AAD94E4FE6E02198BDCA86E64A5DB4/'.
[2016.04.09-15.00.27:032][  0]LogShaderCompilers:Display: Using Local Shader Compiler.
[2016.04.09-15.00.27:987][  0]LogTemp:Display: Loaded TP AllDesktopTargetPlatform
[2016.04.09-15.00.27:991][  0]LogTemp:Display: Loaded TP WindowsClientTargetPlatform
[2016.04.09-15.00.27:995][  0]LogTemp:Display: Loaded TP WindowsNoEditorTargetPlatform
[2016.04.09-15.00.27:999][  0]LogTemp:Display: Loaded TP WindowsServerTargetPlatform
[2016.04.09-15.00.28:003][  0]LogTemp:Display: Loaded TP WindowsTargetPlatform
[2016.04.09-15.00.28:006][  0]LogTemp:Display: Loaded TP AndroidTargetPlatform
[2016.04.09-15.00.28:009][  0]LogTemp:Display: Loaded TP Android_ASTCTargetPlatform
[2016.04.09-15.00.28:011][  0]LogTemp:Display: Loaded TP Android_ATCTargetPlatform
[2016.04.09-15.00.28:014][  0]LogTemp:Display: Loaded TP Android_DXTTargetPlatform
[2016.04.09-15.00.28:017][  0]LogTemp:Display: Loaded TP Android_ETC1TargetPlatform
[2016.04.09-15.00.28:020][  0]LogTemp:Display: Loaded TP Android_ETC2TargetPlatform
[2016.04.09-15.00.28:026][  0]LogTemp:Display: Loaded TP Android_MultiTargetPlatform
[2016.04.09-15.00.28:026][  0]LogTemp:Display: Loaded TP Android_PVRTCTargetPlatform
[2016.04.09-15.00.28:027][  0]LogTemp:Display: Loaded TP HTML5TargetPlatform
[2016.04.09-15.00.28:042][  0]LogTemp:Display: Loaded TP IOSTargetPlatform
[2016.04.09-15.00.28:044][  0]LogTemp:Display: Loaded TP TVOSTargetPlatform
[2016.04.09-15.00.28:047][  0]LogTemp:Display: Loaded TP LinuxNoEditorTargetPlatform
[2016.04.09-15.00.28:050][  0]LogTemp:Display: Loaded TP LinuxServerTargetPlatform
[2016.04.09-15.00.28:053][  0]LogTemp:Display: Loaded TP LinuxTargetPlatform
[2016.04.09-15.00.28:053][  0]LogTargetPlatformManager:Display: Building Assets For Windows
[2016.04.09-15.00.28:112][  0]LogDerivedDataCache:Display: Max Cache Size: 512 MB
[2016.04.09-15.00.28:162][  0]LogDerivedDataCache: Loaded boot cache 0.05s 46MB C:/Users/Curtis/AppData/Local/UnrealEngine/4.11/DerivedDataCache/Boot.ddc.
[2016.04.09-15.00.28:163][  0]LogDerivedDataCache:Display: Loaded Boot cache: C:/Users/Curtis/AppData/Local/UnrealEngine/4.11/DerivedDataCache/Boot.ddc
[2016.04.09-15.00.28:163][  0]LogDerivedDataCache: FDerivedDataBackendGraph:  Pak pak cache file ../../../../../../Users/Curtis/Documents/Unreal Projects/IceBox/DerivedDataCache/DDC.ddp not found, will not use a pak cache.
[2016.04.09-15.00.28:163][  0]LogDerivedDataCache: Unable to find inner node Pak for hierarchical cache Hierarchy.
[2016.04.09-15.00.28:163][  0]LogDerivedDataCache: FDerivedDataBackendGraph:  CompressedPak pak cache file ../../../../../../Users/Curtis/Documents/Unreal Projects/IceBox/DerivedDataCache/Compressed.ddp not found, will not use a pak cache.
[2016.04.09-15.00.28:163][  0]LogDerivedDataCache: Unable to find inner node CompressedPak for hierarchical cache Hierarchy.
[2016.04.09-15.00.28:179][  0]LogDerivedDataCache:Display: Pak cache opened for reading ../../../Engine/DerivedDataCache/Compressed.ddp.
[2016.04.09-15.00.28:190][  0]LogDerivedDataCache: Using Local data cache path C:/Users/Curtis/AppData/Local/UnrealEngine/Common/DerivedDataCache: Writable
[2016.04.09-15.00.28:381][  0]LogInit: Selected Device Profile: [Windows]
[2016.04.09-15.00.28:386][  0]LogMaterial: Uniform references updated for custom material expression Custom.
[2016.04.09-15.00.28:387][  0]LogContentStreaming: Texture pool size is 1000.00 MB
[2016.04.09-15.00.28:519][  0]LogMeshUtilities: No automatic mesh reduction module available
[2016.04.09-15.00.28:519][  0]LogMeshUtilities: No automatic mesh merging module available
[2016.04.09-15.00.28:519][  0]LogMeshUtilities: No distributed automatic mesh merging module available
[2016.04.09-15.00.28:737][  0]LogInit: WinSock: version 1.1 (2.2), MaxSocks=32767, MaxUdp=65467
[2016.04.09-15.00.28:789][  0]LogSlate: SlateFontCache - WITH_FREETYPE: 1, WITH_HARFBUZZ: 1
[2016.04.09-15.00.28:789][  0]LogSlate: SlateFontCache - WITH_FREETYPE: 1, WITH_HARFBUZZ: 1
[2016.04.09-15.00.28:894][  0]LogWindowsMoviePlayer: Unable to load movie: ../../../../../../Users/Curtis/Documents/Unreal Projects/IceBox/Content/Movies/Default_Startup.mp4
[2016.04.09-15.00.28:957][  0]LogUdpMessaging: Initializing bridge on interface 0.0.0.0:0 to multicast group 230.0.0.1:6666.
[2016.04.09-15.00.29:021][  0]SourceControl: Info Source control is disabled
[2016.04.09-15.00.29:021][  0]SourceControl: Info Source control is disabled
[2016.04.09-15.00.29:026][  0]SourceControl: Info Source control is disabled
[2016.04.09-15.00.29:105][  0]LogUObjectArray: 29142 objects as part of root set at end of initial load.
[2016.04.09-15.00.29:105][  0]LogUObjectAllocator: 6065048 out of 0 bytes used by permanent object pool.
[2016.04.09-15.00.29:105][  0]LogUObjectArray: CloseDisregardForGC: 0/0 objects in disregard for GC pool
[2016.04.09-15.00.29:159][  0]LogEngine: Initializing Engine...
[2016.04.09-15.00.29:160][  0]LogHMD: SteamVR failed to initialize.  Err: 110
[2016.04.09-15.00.29:160][  0]LogHMD: SteamVR failed to initialize.  Err: 110
[2016.04.09-15.00.29:292][  0]LogInit: XAudio2 using 'Speakers / Headphones (IDT High Definition Audio CODEC)' : 2 channels at 48 kHz using 16 bits per sample (channel mask 0x3)
[2016.04.09-15.00.29:303][  0]LogInit: FAudioDevice initialized.
[2016.04.09-15.00.29:309][  0]LogInit: Texture streaming: Enabled
[2016.04.09-15.00.29:385][  0]LogNet: Browse: /Temp/Autosaves/Game/2DSideScrollerBP/Maps/UEDPCTestMap?Name=Player
[2016.04.09-15.00.29:385][  0]LogLoad: LoadMap: /Temp/Autosaves/Game/2DSideScrollerBP/Maps/UEDPCTestMap?Name=Player
[2016.04.09-15.00.29:400][  0]LogMemory: Platform Memory Stats for Windows
[2016.04.09-15.00.29:400][  0]LogMemory: Process Physical Memory: 642.66 MB used, 644.61 MB peak
[2016.04.09-15.00.29:400][  0]LogMemory: Process Virtual Memory: 623.43 MB used, 630.38 MB peak
[2016.04.09-15.00.29:400][  0]LogMemory: Physical Memory: 4992.43 MB used, 8139.82 MB total
[2016.04.09-15.00.29:400][  0]LogMemory: Virtual Memory: 1148.45 MB used, 8388608.00 MB total
[2016.04.09-15.00.29:400][  0]LogMemory: 
[2016.04.09-15.00.29:400][  0]Allocator Stats for TBB: (not implemented)
[2016.04.09-15.00.29:591][  0]LogAIModule: Creating AISystem for world TestMap
[2016.04.09-15.00.29:591][  0]LogWorld: Game class is '2DSideScrollerGameMode_C'
[2016.04.09-15.00.29:594][  0]LogWorld: Bringing World /Temp/Autosaves/Game/2DSideScrollerBP/Maps/UEDPCTestMap.TestMap up for play (max tick rate 0) at 2016.04.09-10.00.29
[2016.04.09-15.00.29:595][  0]LogWorld: Bringing up level for play took: 0.002693
[2016.04.09-15.00.29:598][  0]LogInit:Display: Game Engine Initialized.
[2016.04.09-15.00.29:821][  0]LogLoad: Full Startup: 3.81 seconds (BP compile: 0.05 seconds)
[2016.04.09-15.00.29:821][  0]LogExternalProfiler:Warning: No registered external profiler was matched with a command-line switch (or the DLL could not be loaded).  External profiling features will not be available.
[2016.04.09-15.00.29:838][  0]LogOcInput: OculusInput pre-init called
[2016.04.09-15.00.29:968][  2]LogRenderer: Reallocating scene render targets to support 1280x720 (Frame:2).
[2016.04.09-15.00.30:667][ 32]LogPackageName: SearchForPackageOnDisk took   0.093s to resolve TestMap.umap.
[2016.04.09-15.00.30:721][ 33]LogPackageName: SearchForPackageOnDisk took   0.053s to resolve TestMap.umap.
[2016.04.09-15.00.30:721][ 33]LogNet: Browse: /Game/2DSideScrollerBP/Maps/TestMap
[2016.04.09-15.00.30:721][ 33]LogLoad: LoadMap: /Game/2DSideScrollerBP/Maps/TestMap
[2016.04.09-15.00.30:745][ 33]LogMemory: Platform Memory Stats for Windows
[2016.04.09-15.00.30:745][ 33]LogMemory: Process Physical Memory: 658.77 MB used, 670.34 MB peak
[2016.04.09-15.00.30:745][ 33]LogMemory: Process Virtual Memory: 626.88 MB used, 640.63 MB peak
[2016.04.09-15.00.30:745][ 33]LogMemory: Physical Memory: 4998.09 MB used, 8139.82 MB total
[2016.04.09-15.00.30:745][ 33]LogMemory: Virtual Memory: 1174.04 MB used, 8388608.00 MB total
[2016.04.09-15.00.30:745][ 33]LogMemory: 
[2016.04.09-15.00.30:745][ 33]Allocator Stats for TBB: (not implemented)
[2016.04.09-15.00.30:921][ 33]LogAIModule: Creating AISystem for world TestMap
[2016.04.09-15.00.30:921][ 33]LogWorld: Game class is '2DSideScrollerGameMode_C'
[2016.04.09-15.00.30:923][ 33]LogWorld: Bringing World /Game/2DSideScrollerBP/Maps/TestMap.TestMap up for play (max tick rate 0) at 2016.04.09-10.00.30
[2016.04.09-15.00.30:924][ 33]LogWorld: Bringing up level for play took: 0.002043
[2016.04.09-15.00.31:399][ 59]LogPackageName: SearchForPackageOnDisk took   0.067s to resolve TestMap.umap.
[2016.04.09-15.00.31:454][ 60]LogPackageName: SearchForPackageOnDisk took   0.054s to resolve TestMap.umap.
[2016.04.09-15.00.31:454][ 60]LogNet: Browse: /Game/2DSideScrollerBP/Maps/TestMap
[2016.04.09-15.00.31:455][ 60]LogLoad: LoadMap: /Game/2DSideScrollerBP/Maps/TestMap
[2016.04.09-15.00.31:477][ 60]LogMemory: Platform Memory Stats for Windows
[2016.04.09-15.00.31:477][ 60]LogMemory: Process Physical Memory: 660.61 MB used, 670.34 MB peak
[2016.04.09-15.00.31:477][ 60]LogMemory: Process Virtual Memory: 627.16 MB used, 640.63 MB peak
[2016.04.09-15.00.31:477][ 60]LogMemory: Physical Memory: 5000.81 MB used, 8139.82 MB total
[2016.04.09-15.00.31:477][ 60]LogMemory: Virtual Memory: 1174.04 MB used, 8388608.00 MB total
[2016.04.09-15.00.31:477][ 60]LogMemory: 
[2016.04.09-15.00.31:477][ 60]Allocator Stats for TBB: (not implemented)
[2016.04.09-15.00.31:653][ 60]LogAIModule: Creating AISystem for world TestMap
[2016.04.09-15.00.31:653][ 60]LogWorld: Game class is '2DSideScrollerGameMode_C'
[2016.04.09-15.00.31:656][ 60]LogWorld: Bringing World /Game/2DSideScrollerBP/Maps/TestMap.TestMap up for play (max tick rate 0) at 2016.04.09-10.00.31
[2016.04.09-15.00.31:657][ 60]LogWorld: Bringing up level for play took: 0.002337
[2016.04.09-15.00.31:713][ 61]LogPackageName: SearchForPackageOnDisk took   0.053s to resolve TitleScreen.umap.
[2016.04.09-15.00.31:768][ 62]LogPackageName: SearchForPackageOnDisk took   0.053s to resolve TitleScreen.umap.
[2016.04.09-15.00.31:768][ 62]LogNet: Browse: /Game/2DSideScrollerBP/Maps/TitleScreen
[2016.04.09-15.00.31:768][ 62]LogLoad: LoadMap: /Game/2DSideScrollerBP/Maps/TitleScreen
[2016.04.09-15.00.31:790][ 62]LogMemory: Platform Memory Stats for Windows
[2016.04.09-15.00.31:790][ 62]LogMemory: Process Physical Memory: 660.72 MB used, 670.34 MB peak
[2016.04.09-15.00.31:790][ 62]LogMemory: Process Virtual Memory: 627.18 MB used, 640.63 MB peak
[2016.04.09-15.00.31:790][ 62]LogMemory: Physical Memory: 5002.92 MB used, 8139.82 MB total
[2016.04.09-15.00.31:790][ 62]LogMemory: Virtual Memory: 1174.04 MB used, 8388608.00 MB total
[2016.04.09-15.00.31:790][ 62]LogMemory: 
[2016.04.09-15.00.31:790][ 62]Allocator Stats for TBB: (not implemented)
[2016.04.09-15.00.31:990][ 62]LogAIModule: Creating AISystem for world TitleScreen
[2016.04.09-15.00.31:990][ 62]LogWorld: Game class is '2DSideScrollerGameMode_C'
[2016.04.09-15.00.31:992][ 62]LogWorld: Bringing World /Game/2DSideScrollerBP/Maps/TitleScreen.TitleScreen up for play (max tick rate 0) at 2016.04.09-10.00.31
[2016.04.09-15.00.31:992][ 62]LogWorld: Bringing up level for play took: 0.000556
[2016.04.09-15.00.31:992][ 62]LogGameMode: Warning - PATHS NOT DEFINED or NO PLAYERSTART with positive rating
[2016.04.09-15.00.35:333][264]LogPackageName: SearchForPackageOnDisk took   0.055s, but failed to resolve 2DSideScrollerExampleMap.umap.
[2016.04.09-15.00.35:333][264]LogLevel:Warning: WARNING: The map '/Game/2DSideScrollerBP/Maps/2DSideScrollerExampleMap' does not exist.
[2016.04.09-15.00.35:388][264]LogPackageName: SearchForPackageOnDisk took   0.055s, but failed to resolve 2DSideScrollerExampleMap.umap.
[2016.04.09-15.00.35:388][264]LogNet: Browse: /Game/2DSideScrollerBP/Maps/2DSideScrollerExampleMap
[2016.04.09-15.00.35:388][264]LogNet:Warning: Travel Failure: [InvalidURL]: Invalid URL: /Game/2DSideScrollerBP/Maps/2DSideScrollerExampleMap
[2016.04.09-15.00.35:496][264]LogNet: TravelFailure: InvalidURL, Reason for Failure: 'Invalid URL: /Game/2DSideScrollerBP/Maps/2DSideScrollerExampleMap'
[2016.04.09-15.00.35:566][264]LogNet:Warning: Travel Failure: [ClientTravelFailure]: Invalid URL: /Game/2DSideScrollerBP/Maps/2DSideScrollerExampleMap
[2016.04.09-15.00.35:566][264]LogNet: TravelFailure: ClientTravelFailure, Reason for Failure: 'Invalid URL: /Game/2DSideScrollerBP/Maps/2DSideScrollerExampleMap'
[2016.04.09-15.00.35:570][265]LogNet: Browse: /Game/2DSideScrollerBP/Maps/2DSideScrollerExampleMap?closed
[2016.04.09-15.00.35:570][265]LogNet: Failed; returning to Entry
[2016.04.09-15.00.35:575][265]LogLoad: LoadMap: /Game/2DSideScrollerBP/Maps/2DSideScrollerExampleMap?closed
[2016.04.09-15.00.35:624][265]LogMemory: Platform Memory Stats for Windows
[2016.04.09-15.00.35:624][265]LogMemory: Process Physical Memory: 663.53 MB used, 670.34 MB peak
[2016.04.09-15.00.35:624][265]LogMemory: Process Virtual Memory: 627.55 MB used, 640.63 MB peak
[2016.04.09-15.00.35:624][265]LogMemory: Physical Memory: 5003.31 MB used, 8139.82 MB total
[2016.04.09-15.00.35:624][265]LogMemory: Virtual Memory: 1179.00 MB used, 8388608.00 MB total
[2016.04.09-15.00.35:624][265]LogMemory: 
[2016.04.09-15.00.35:624][265]Allocator Stats for TBB: (not implemented)
[2016.04.09-15.00.35:624][265]LogLinker:Warning: Can't find file '/Game/2DSideScrollerBP/Maps/2DSideScrollerExampleMap'
[2016.04.09-15.00.35:624][265]LogUObjectGlobals:Warning: Failed to load '/Game/2DSideScrollerBP/Maps/2DSideScrollerExampleMap': Can't find file '/Game/2DSideScrollerBP/Maps/2DSideScrollerExampleMap'
[2016.04.09-15.00.35:632][265]LogNet:Error: Failed to load default map (/Game/2DSideScrollerBP/Maps/2DSideScrollerExampleMap). Error: (Failed to load package '/Game/2DSideScrollerBP/Maps/2DSideScrollerExampleMap')
[2016.04.09-15.00.36:477][265]LogWindows: FPlatformMisc::RequestExit(0)
[2016.04.09-15.00.36:477][265]LogNet: Browse: /Game/2DSideScrollerBP/Maps/2DSideScrollerExampleMap?Name=Player
[2016.04.09-15.00.36:477][265]LogLoad: LoadMap: /Game/2DSideScrollerBP/Maps/2DSideScrollerExampleMap?Name=Player
[2016.04.09-15.00.36:508][265]LogMemory: Platform Memory Stats for Windows
[2016.04.09-15.00.36:508][265]LogMemory: Process Physical Memory: 663.74 MB used, 670.34 MB peak
[2016.04.09-15.00.36:508][265]LogMemory: Process Virtual Memory: 627.55 MB used, 640.63 MB peak
[2016.04.09-15.00.36:508][265]LogMemory: Physical Memory: 5002.49 MB used, 8139.82 MB total
[2016.04.09-15.00.36:508][265]LogMemory: Virtual Memory: 1179.00 MB used, 8388608.00 MB total
[2016.04.09-15.00.36:508][265]LogMemory: 
[2016.04.09-15.00.36:508][265]Allocator Stats for TBB: (not implemented)
[2016.04.09-15.00.36:508][265]LogLinker:Warning: Can't find file '/Game/2DSideScrollerBP/Maps/2DSideScrollerExampleMap'
[2016.04.09-15.00.36:508][265]LogUObjectGlobals:Warning: Failed to load '/Game/2DSideScrollerBP/Maps/2DSideScrollerExampleMap': Can't find file '/Game/2DSideScrollerBP/Maps/2DSideScrollerExampleMap'
[2016.04.09-15.00.36:509][265]LogWindows:Error: Windows GetLastError: The operation completed successfully. (0)
[2016.04.09-15.00.39:143][265]LogWindows:Error: === Critical error: ===
Fatal error: [File:D:\BuildFarm\buildmachine_++UE4+Release-4.11\Engine\Source\Runtime\Engine\Private\UnrealEngine.cpp] [Line: 9051] 
Failed to load package '/Game/2DSideScrollerBP/Maps/2DSideScrollerExampleMap'




[2016.04.09-15.00.39:143][265]LogExit: Executing StaticShutdownAfterError
[2016.04.09-15.00.39:144][265]LogWindows: FPlatformMisc::RequestExit(1)
[2016.04.09-15.00.39:144][265]Log file closed, 04/09/16 10:00:39
