Log file open, 04/09/16 11:05:44
LogInit:Display: Running engine for game: MyProject
LogPlatformFile: Not using cached read wrapper
LogInit:Display: RandInit(1013572937) SRandInit(1013572938).
LogTaskGraph: Started task graph with 4 named threads and 7 total threads.
LogStats: Stats thread started at 0.066488
LogInit: Version: 4.11.1-2934540+++UE4+Release-4.11
LogInit: API Version: 2927265
LogInit: Compiled (64-bit): Apr  6 2016 02:14:16
LogInit: Compiled with Visual C++: 19.00.23026.00
LogInit: Build Configuration: Development
LogInit: Branch Name: ++UE4+Release-4.11
LogInit: Command line:  /Temp/Autosaves/Temp/UEDPCUntitled_0 -game -PIEVIACONSOLE -ResX=1280 -ResY=720  -Multiprocess -messaging -SessionName="Play in Standalone Game" 
LogInit: Base directory: C:/Program Files (x86)/Epic Games/4.11/Engine/Binaries/Win64/
LogInit: Installed Engine Build: 1
LogInit: Using libcurl 7.41.0
LogInit:  - built for x86_64-pc-win32
LogInit:  - supports SSL with WinSSL
LogInit:  - other features:
LogInit:      CURL_VERSION_SSL
LogInit:      CURL_VERSION_IPV6
LogInit:      CURL_VERSION_ASYNCHDNS
LogInit:      CURL_VERSION_LARGEFILE
LogInit:      CURL_VERSION_IDN
LogInit:  CurlRequestOptions (configurable via config and command line):
LogInit:  - bVerifyPeer = true  - Libcurl will verify peer certificate
LogInit:  - bUseHttpProxy = false  - Libcurl will NOT use HTTP proxy
LogInit:  - bDontReuseConnections = false  - Libcurl will reuse connections
LogInit:  - CertBundlePath = nullptr  - Libcurl will use whatever was configured at build time.
LogInit: Presizing for max 16777216 objects, including 0 objects not considered by GC, pre-allocating 0 bytes for permanent pool.
LogInit: Object subsystem initialized
[2016.04.09-16.05.44:731][  0]LogInit: Selected Device Profile: [Windows]
[2016.04.09-16.05.44:731][  0]LogInit: Applying CVar settings loaded from the selected device profile: [Windows]
[2016.04.09-16.05.44:734][  0]LogInit: Computer: CURTIS-PC
[2016.04.09-16.05.44:734][  0]LogInit: User: Curtis
[2016.04.09-16.05.44:734][  0]LogInit: CPU Page size=65536, Cores=4
[2016.04.09-16.05.44:734][  0]LogInit: High frequency timer resolution =2.336201 MHz
[2016.04.09-16.05.44:734][  0]LogMemory: Memory total: Physical=7.9GB (8GB approx)
[2016.04.09-16.05.44:734][  0]LogMemory: Platform Memory Stats for Windows
[2016.04.09-16.05.44:734][  0]LogMemory: Process Physical Memory: 313.83 MB used, 313.83 MB peak
[2016.04.09-16.05.44:734][  0]LogMemory: Process Virtual Memory: 316.73 MB used, 316.73 MB peak
[2016.04.09-16.05.44:734][  0]LogMemory: Physical Memory: 4500.12 MB used, 8139.82 MB total
[2016.04.09-16.05.44:734][  0]LogMemory: Virtual Memory: 620.69 MB used, 8388608.00 MB total
[2016.04.09-16.05.44:765][  0]LogTextLocalizationManager: No specific translations for ('en-US') exist, so ('en') translations will be used.
[2016.04.09-16.05.45:175][  0]LogD3D11RHI: D3D11 adapters:
[2016.04.09-16.05.45:182][  0]LogD3D11RHI:    0. 'AMD Radeon HD 6870M' (Feature Level 11_0)
[2016.04.09-16.05.45:182][  0]LogD3D11RHI:       1010MB of dedicated video memory, 0MB of dedicated system memory, and 3813MB of shared system memory, 1 output[s]
[2016.04.09-16.05.45:187][  0]LogD3D11RHI:    1. 'Intel(R) HD Graphics 3000' (Feature Level 10_0)
[2016.04.09-16.05.45:187][  0]LogD3D11RHI:       64MB of dedicated video memory, 0MB of dedicated system memory, and 1632MB of shared system memory, 0 output[s]
[2016.04.09-16.05.45:187][  0]LogD3D11RHI: Chosen D3D11 Adapter: 0
[2016.04.09-16.05.45:191][  0]LogD3D11RHI: Creating new Direct3DDevice
[2016.04.09-16.05.45:192][  0]LogD3D11RHI:     Adapter Name: AMD Radeon HD 6870M
[2016.04.09-16.05.45:192][  0]LogD3D11RHI:   Driver Version: 9.3.0.0 (internal 9.3.0.0)
[2016.04.09-16.05.45:192][  0]LogD3D11RHI:      Driver Date: 10-25-2012
[2016.04.09-16.05.45:192][  0]LogRHI: Texture pool is 707 MB (70% of 1010 MB)
[2016.04.09-16.05.45:197][  0]LogD3D11RHI: Async texture creation disabled: no driver support
[2016.04.09-16.05.45:209][  0]LogShaderCompilers: Guid format shader working directory is -16 characters bigger than the processId version (../../../../../../Users/Curtis/Documents/Unreal Projects/IceBox/Intermediate/Shaders/WorkingDirectory/1916/).
[2016.04.09-16.05.45:209][  0]LogShaderCompilers: Cleaned the shader compiler working directory 'C:/Users/Curtis/AppData/Local/Temp/UnrealShaderWorkingDir/2C868F4B4BBE3A48214949AD2FF705B7/'.
[2016.04.09-16.05.45:209][  0]LogShaderCompilers:Display: Using Local Shader Compiler.
[2016.04.09-16.05.46:183][  0]LogTemp:Display: Loaded TP AllDesktopTargetPlatform
[2016.04.09-16.05.46:187][  0]LogTemp:Display: Loaded TP WindowsClientTargetPlatform
[2016.04.09-16.05.46:191][  0]LogTemp:Display: Loaded TP WindowsNoEditorTargetPlatform
[2016.04.09-16.05.46:196][  0]LogTemp:Display: Loaded TP WindowsServerTargetPlatform
[2016.04.09-16.05.46:200][  0]LogTemp:Display: Loaded TP WindowsTargetPlatform
[2016.04.09-16.05.46:203][  0]LogTemp:Display: Loaded TP AndroidTargetPlatform
[2016.04.09-16.05.46:207][  0]LogTemp:Display: Loaded TP Android_ASTCTargetPlatform
[2016.04.09-16.05.46:210][  0]LogTemp:Display: Loaded TP Android_ATCTargetPlatform
[2016.04.09-16.05.46:213][  0]LogTemp:Display: Loaded TP Android_DXTTargetPlatform
[2016.04.09-16.05.46:217][  0]LogTemp:Display: Loaded TP Android_ETC1TargetPlatform
[2016.04.09-16.05.46:220][  0]LogTemp:Display: Loaded TP Android_ETC2TargetPlatform
[2016.04.09-16.05.46:226][  0]LogTemp:Display: Loaded TP Android_MultiTargetPlatform
[2016.04.09-16.05.46:226][  0]LogTemp:Display: Loaded TP Android_PVRTCTargetPlatform
[2016.04.09-16.05.46:227][  0]LogTemp:Display: Loaded TP HTML5TargetPlatform
[2016.04.09-16.05.46:242][  0]LogTemp:Display: Loaded TP IOSTargetPlatform
[2016.04.09-16.05.46:245][  0]LogTemp:Display: Loaded TP TVOSTargetPlatform
[2016.04.09-16.05.46:249][  0]LogTemp:Display: Loaded TP LinuxNoEditorTargetPlatform
[2016.04.09-16.05.46:252][  0]LogTemp:Display: Loaded TP LinuxServerTargetPlatform
[2016.04.09-16.05.46:255][  0]LogTemp:Display: Loaded TP LinuxTargetPlatform
[2016.04.09-16.05.46:255][  0]LogTargetPlatformManager:Display: Building Assets For Windows
[2016.04.09-16.05.46:318][  0]LogDerivedDataCache:Display: Max Cache Size: 512 MB
[2016.04.09-16.05.46:377][  0]LogDerivedDataCache: Loaded boot cache 0.06s 46MB C:/Users/Curtis/AppData/Local/UnrealEngine/4.11/DerivedDataCache/Boot.ddc.
[2016.04.09-16.05.46:377][  0]LogDerivedDataCache:Display: Loaded Boot cache: C:/Users/Curtis/AppData/Local/UnrealEngine/4.11/DerivedDataCache/Boot.ddc
[2016.04.09-16.05.46:377][  0]LogDerivedDataCache: FDerivedDataBackendGraph:  Pak pak cache file ../../../../../../Users/Curtis/Documents/Unreal Projects/IceBox/DerivedDataCache/DDC.ddp not found, will not use a pak cache.
[2016.04.09-16.05.46:377][  0]LogDerivedDataCache: Unable to find inner node Pak for hierarchical cache Hierarchy.
[2016.04.09-16.05.46:377][  0]LogDerivedDataCache: FDerivedDataBackendGraph:  CompressedPak pak cache file ../../../../../../Users/Curtis/Documents/Unreal Projects/IceBox/DerivedDataCache/Compressed.ddp not found, will not use a pak cache.
[2016.04.09-16.05.46:377][  0]LogDerivedDataCache: Unable to find inner node CompressedPak for hierarchical cache Hierarchy.
[2016.04.09-16.05.46:394][  0]LogDerivedDataCache:Display: Pak cache opened for reading ../../../Engine/DerivedDataCache/Compressed.ddp.
[2016.04.09-16.05.46:405][  0]LogDerivedDataCache: Using Local data cache path C:/Users/Curtis/AppData/Local/UnrealEngine/Common/DerivedDataCache: Writable
[2016.04.09-16.05.46:609][  0]LogInit: Selected Device Profile: [Windows]
[2016.04.09-16.05.46:611][  0]LogMaterial: Uniform references updated for custom material expression Custom.
[2016.04.09-16.05.46:612][  0]LogContentStreaming: Texture pool size is 1000.00 MB
[2016.04.09-16.05.46:747][  0]LogMeshUtilities: No automatic mesh reduction module available
[2016.04.09-16.05.46:747][  0]LogMeshUtilities: No automatic mesh merging module available
[2016.04.09-16.05.46:747][  0]LogMeshUtilities: No distributed automatic mesh merging module available
[2016.04.09-16.05.46:973][  0]LogInit: WinSock: version 1.1 (2.2), MaxSocks=32767, MaxUdp=65467
[2016.04.09-16.05.47:025][  0]LogSlate: SlateFontCache - WITH_FREETYPE: 1, WITH_HARFBUZZ: 1
[2016.04.09-16.05.47:026][  0]LogSlate: SlateFontCache - WITH_FREETYPE: 1, WITH_HARFBUZZ: 1
[2016.04.09-16.05.47:131][  0]LogWindowsMoviePlayer: Unable to load movie: ../../../../../../Users/Curtis/Documents/Unreal Projects/IceBox/Content/Movies/Default_Startup.mp4
[2016.04.09-16.05.47:196][  0]LogUdpMessaging: Initializing bridge on interface 0.0.0.0:0 to multicast group 230.0.0.1:6666.
[2016.04.09-16.05.47:261][  0]SourceControl: Info Source control is disabled
[2016.04.09-16.05.47:261][  0]SourceControl: Info Source control is disabled
[2016.04.09-16.05.47:267][  0]SourceControl: Info Source control is disabled
[2016.04.09-16.05.47:343][  0]LogUObjectArray: 29142 objects as part of root set at end of initial load.
[2016.04.09-16.05.47:343][  0]LogUObjectAllocator: 6065048 out of 0 bytes used by permanent object pool.
[2016.04.09-16.05.47:343][  0]LogUObjectArray: CloseDisregardForGC: 0/0 objects in disregard for GC pool
[2016.04.09-16.05.47:398][  0]LogEngine: Initializing Engine...
[2016.04.09-16.05.47:398][  0]LogHMD: SteamVR failed to initialize.  Err: 110
[2016.04.09-16.05.47:399][  0]LogHMD: SteamVR failed to initialize.  Err: 110
[2016.04.09-16.05.47:531][  0]LogInit: XAudio2 using 'Speakers / Headphones (IDT High Definition Audio CODEC)' : 2 channels at 48 kHz using 16 bits per sample (channel mask 0x3)
[2016.04.09-16.05.47:542][  0]LogInit: FAudioDevice initialized.
[2016.04.09-16.05.47:547][  0]LogInit: Texture streaming: Enabled
[2016.04.09-16.05.47:623][  0]LogNet: Browse: /Temp/Autosaves/Temp/UEDPCUntitled_0?Name=Player
[2016.04.09-16.05.47:623][  0]LogLoad: LoadMap: /Temp/Autosaves/Temp/UEDPCUntitled_0?Name=Player
[2016.04.09-16.05.47:638][  0]LogMemory: Platform Memory Stats for Windows
[2016.04.09-16.05.47:638][  0]LogMemory: Process Physical Memory: 641.27 MB used, 643.41 MB peak
[2016.04.09-16.05.47:638][  0]LogMemory: Process Virtual Memory: 625.08 MB used, 632.03 MB peak
[2016.04.09-16.05.47:638][  0]LogMemory: Physical Memory: 4771.63 MB used, 8139.82 MB total
[2016.04.09-16.05.47:638][  0]LogMemory: Virtual Memory: 1150.13 MB used, 8388608.00 MB total
[2016.04.09-16.05.47:638][  0]LogMemory: 
[2016.04.09-16.05.47:638][  0]Allocator Stats for TBB: (not implemented)
[2016.04.09-16.05.47:650][  0]LogAIModule: Creating AISystem for world NewWorld
[2016.04.09-16.05.47:817][  0]LogWorld: Game class is '2DSideScrollerGameMode_C'
[2016.04.09-16.05.47:818][  0]LogWorld: Bringing World /Temp/Autosaves/Temp/UEDPCUntitled_0.NewWorld up for play (max tick rate 0) at 2016.04.09-11.05.47
[2016.04.09-16.05.47:818][  0]LogWorld: Bringing up level for play took: 0.000620
[2016.04.09-16.05.47:822][  0]LogInit:Display: Game Engine Initialized.
[2016.04.09-16.05.48:046][  0]LogLoad: Full Startup: 3.89 seconds (BP compile: 0.04 seconds)
[2016.04.09-16.05.48:046][  0]LogExternalProfiler:Warning: No registered external profiler was matched with a command-line switch (or the DLL could not be loaded).  External profiling features will not be available.
[2016.04.09-16.05.48:064][  0]LogOcInput: OculusInput pre-init called
[2016.04.09-16.05.48:201][  2]LogRenderer: Reallocating scene render targets to support 1280x720 (Frame:2).
[2016.04.09-16.05.51:706][208]LogPackageName: SearchForPackageOnDisk took   0.060s to resolve TitleScreen.umap.
[2016.04.09-16.05.51:761][208]LogPackageName: SearchForPackageOnDisk took   0.054s to resolve TitleScreen.umap.
[2016.04.09-16.05.51:761][208]LogNet: Browse: /Game/2DSideScrollerBP/Maps/TitleScreen
[2016.04.09-16.05.51:761][208]LogLoad: LoadMap: /Game/2DSideScrollerBP/Maps/TitleScreen
[2016.04.09-16.05.51:784][208]LogMemory: Platform Memory Stats for Windows
[2016.04.09-16.05.51:784][208]LogMemory: Process Physical Memory: 665.16 MB used, 670.25 MB peak
[2016.04.09-16.05.51:784][208]LogMemory: Process Virtual Memory: 632.68 MB used, 640.96 MB peak
[2016.04.09-16.05.51:784][208]LogMemory: Physical Memory: 4787.55 MB used, 8139.82 MB total
[2016.04.09-16.05.51:784][208]LogMemory: Virtual Memory: 1179.79 MB used, 8388608.00 MB total
[2016.04.09-16.05.51:784][208]LogMemory: 
[2016.04.09-16.05.51:784][208]Allocator Stats for TBB: (not implemented)
[2016.04.09-16.05.51:986][208]LogAIModule: Creating AISystem for world TitleScreen
[2016.04.09-16.05.51:986][208]LogWorld: Game class is '2DSideScrollerGameMode_C'
[2016.04.09-16.05.51:987][208]LogWorld: Bringing World /Game/2DSideScrollerBP/Maps/TitleScreen.TitleScreen up for play (max tick rate 0) at 2016.04.09-11.05.51
[2016.04.09-16.05.51:987][208]LogWorld: Bringing up level for play took: 0.000554
[2016.04.09-16.05.51:988][208]LogGameMode: Warning - PATHS NOT DEFINED or NO PLAYERSTART with positive rating
[2016.04.09-16.05.53:266][279]LogEngine: All Windows Closed
[2016.04.09-16.05.53:266][279]LogWindows: FPlatformMisc::RequestExit(0)
[2016.04.09-16.05.53:404][280]LogExit: Preparing to exit.
[2016.04.09-16.05.54:325][280]LogExit: Game engine shut down
[2016.04.09-16.05.54:417][280]LogObj: Freed 0b from 0 cluster array pools.
[2016.04.09-16.05.54:417][280]LogExit: Object subsystem successfully closed.
[2016.04.09-16.05.54:427][280]LogD3D11RHI: Shutdown
[2016.04.09-16.05.54:427][280]LogD3D11RHI: CleanupD3DDevice
[2016.04.09-16.05.54:462][280]LogD3D11RHI: ~FD3D11DynamicRHI
[2016.04.09-16.05.54:896][280]LogDerivedDataCache: Shutdown
[2016.04.09-16.05.54:896][280]LogModuleManager: Shutting down and abandoning module AndroidDeviceDetection (123)
[2016.04.09-16.05.55:085][280]LogModuleManager: Shutting down and abandoning module AutomationController (122)
[2016.04.09-16.05.55:085][280]LogModuleManager: Shutting down and abandoning module AutomationWorker (121)
[2016.04.09-16.05.55:085][280]LogModuleManager: Shutting down and abandoning module CharacterAI (120)
[2016.04.09-16.05.55:085][280]LogModuleManager: Shutting down and abandoning module AITestSuite (119)
[2016.04.09-16.05.55:085][280]LogModuleManager: Shutting down and abandoning module GameplayDebugger (118)
[2016.04.09-16.05.55:085][280]LogModuleManager: Shutting down and abandoning module AIModule (117)
[2016.04.09-16.05.55:085][280]LogModuleManager: Shutting down and abandoning module MovieSceneCapture (116)
[2016.04.09-16.05.55:085][280]LogModuleManager: Shutting down and abandoning module StreamingPauseRendering (115)
[2016.04.09-16.05.55:085][280]LogModuleManager: Shutting down and abandoning module PortalServices (114)
[2016.04.09-16.05.55:085][280]LogModuleManager: Shutting down and abandoning module PortalRpc (113)
[2016.04.09-16.05.55:085][280]LogModuleManager: Shutting down and abandoning module MessagingRpc (112)
[2016.04.09-16.05.55:085][280]LogModuleManager: Shutting down and abandoning module ProfilerService (111)
[2016.04.09-16.05.55:101][280]LogModuleManager: Shutting down and abandoning module TaskGraph (110)
[2016.04.09-16.05.55:101][280]LogModuleManager: Shutting down and abandoning module SlateRemote (109)
[2016.04.09-16.05.55:101][280]LogModuleManager: Shutting down and abandoning module SteamVRController (108)
[2016.04.09-16.05.55:101][280]LogModuleManager: Shutting down and abandoning module SteamVR (107)
[2016.04.09-16.05.55:101][280]LogModuleManager: Shutting down and abandoning module ProceduralMeshComponent (106)
[2016.04.09-16.05.55:101][280]LogModuleManager: Shutting down and abandoning module OculusLibrary (105)
[2016.04.09-16.05.55:101][280]LogModuleManager: Shutting down and abandoning module OculusInput (104)
[2016.04.09-16.05.55:101][280]LogModuleManager: Shutting down and abandoning module CustomMeshComponent (103)
[2016.04.09-16.05.55:101][280]LogModuleManager: Shutting down and abandoning module CableComponent (102)
[2016.04.09-16.05.55:101][280]LogModuleManager: Shutting down and abandoning module ArchVisCharacter (101)
[2016.04.09-16.05.55:101][280]LogModuleManager: Shutting down and abandoning module HTML5Networking (100)
[2016.04.09-16.05.55:101][280]LogModuleManager: Shutting down and abandoning module DesktopPlatform (99)
[2016.04.09-16.05.55:101][280]LogModuleManager: Shutting down and abandoning module DirectoryWatcher (98)
[2016.04.09-16.05.55:101][280]LogModuleManager: Shutting down and abandoning module HotReload (97)
[2016.04.09-16.05.55:101][280]LogModuleManager: Shutting down and abandoning module VisualStudioSourceCodeAccess (96)
[2016.04.09-16.05.55:101][280]LogModuleManager: Shutting down and abandoning module UObjectPlugin (95)
[2016.04.09-16.05.55:101][280]LogModuleManager: Shutting down and abandoning module SubversionSourceControl (94)
[2016.04.09-16.05.55:101][280]LogModuleManager: Shutting down and abandoning module SourceControl (93)
[2016.04.09-16.05.55:101][280]LogModuleManager: Shutting down and abandoning module PerforceSourceControl (92)
[2016.04.09-16.05.55:101][280]LogModuleManager: Shutting down and abandoning module UdpMessaging (91)
[2016.04.09-16.05.55:201][280]LogModuleManager: Shutting down and abandoning module LightPropagationVolumeRuntime (90)
[2016.04.09-16.05.55:201][280]LogModuleManager: Shutting down and abandoning module Paper2D (89)
[2016.04.09-16.05.55:201][280]LogModuleManager: Shutting down and abandoning module WindowsMoviePlayer (88)
[2016.04.09-16.05.55:201][280]LogModuleManager: Shutting down and abandoning module Media (87)
[2016.04.09-16.05.55:201][280]LogModuleManager: Shutting down and abandoning module WmfMedia (86)
[2016.04.09-16.05.55:201][280]LogModuleManager: Shutting down and abandoning module GameLiveStreaming (85)
[2016.04.09-16.05.55:201][280]LogModuleManager: Shutting down and abandoning module GameplayTagsEditor (84)
[2016.04.09-16.05.55:201][280]LogModuleManager: Shutting down and abandoning module OnlineBlueprintSupport (83)
[2016.04.09-16.05.55:201][280]LogModuleManager: Shutting down and abandoning module GameplayTasksEditor (82)
[2016.04.09-16.05.55:201][280]LogModuleManager: Shutting down and abandoning module PropertyEditor (81)
[2016.04.09-16.05.55:201][280]LogModuleManager: Shutting down and abandoning module BehaviorTreeEditor (80)
[2016.04.09-16.05.55:201][280]LogModuleManager: Shutting down and abandoning module FunctionalTesting (79)
[2016.04.09-16.05.55:201][280]LogModuleManager: Shutting down and abandoning module CollisionAnalyzer (78)
[2016.04.09-16.05.55:201][280]LogModuleManager: Shutting down and abandoning module WorkspaceMenuStructure (77)
[2016.04.09-16.05.55:201][280]LogModuleManager: Shutting down and abandoning module MessageLog (76)
[2016.04.09-16.05.55:201][280]LogModuleManager: Shutting down and abandoning module Sequencer (75)
[2016.04.09-16.05.55:201][280]LogModuleManager: Shutting down and abandoning module AssetTools (74)
[2016.04.09-16.05.55:201][280]LogModuleManager: Shutting down and abandoning module UMGEditor (73)
[2016.04.09-16.05.55:201][280]LogModuleManager: Shutting down and abandoning module UMG (72)
[2016.04.09-16.05.55:201][280]LogModuleManager: Shutting down and abandoning module SlateReflector (71)
[2016.04.09-16.05.55:201][280]LogModuleManager: Shutting down and abandoning module Slate (70)
[2016.04.09-16.05.55:201][280]LogModuleManager: Shutting down and abandoning module EditorStyle (69)
[2016.04.09-16.05.55:203][280]LogModuleManager: Shutting down and abandoning module SessionServices (68)
[2016.04.09-16.05.55:203][280]LogModuleManager: Shutting down and abandoning module SourceCodeAccess (67)
[2016.04.09-16.05.55:203][280]LogModuleManager: Shutting down and abandoning module HeadMountedDisplay (66)
[2016.04.09-16.05.55:203][280]LogModuleManager: Shutting down and abandoning module XAudio2 (65)
[2016.04.09-16.05.55:203][280]LogModuleManager: Shutting down and abandoning module Networking (63)
[2016.04.09-16.05.55:203][280]LogModuleManager: Shutting down and abandoning module Core (62)
[2016.04.09-16.05.55:203][280]LogModuleManager: Shutting down and abandoning module KismetCompiler (61)
[2016.04.09-16.05.55:203][280]LogModuleManager: Shutting down and abandoning module PhysXFormats (60)
[2016.04.09-16.05.55:203][280]LogModuleManager: Shutting down and abandoning module MeshUtilities (59)
[2016.04.09-16.05.55:203][280]LogModuleManager: Shutting down and abandoning module CookingStats (58)
[2016.04.09-16.05.55:203][280]LogModuleManager: Shutting down and abandoning module DerivedDataCache (57)
[2016.04.09-16.05.55:203][280]LogDerivedDataCache: Shutdown
[2016.04.09-16.05.55:203][280]LogModuleManager: Shutting down and abandoning module ShaderFormatOpenGL (56)
[2016.04.09-16.05.55:203][280]LogModuleManager: Shutting down and abandoning module ShaderFormatD3D (55)
[2016.04.09-16.05.55:203][280]LogModuleManager: Shutting down and abandoning module MetalShaderFormat (54)
[2016.04.09-16.05.55:203][280]LogModuleManager: Shutting down and abandoning module TextureFormatUncompressed (53)
[2016.04.09-16.05.55:203][280]LogModuleManager: Shutting down and abandoning module TextureFormatPVR (52)
[2016.04.09-16.05.55:203][280]LogModuleManager: Shutting down and abandoning module TextureFormatIntelISPCTexComp (51)
[2016.04.09-16.05.55:203][280]LogModuleManager: Shutting down and abandoning module TextureFormatDXT (50)
[2016.04.09-16.05.55:203][280]LogModuleManager: Shutting down and abandoning module ImageWrapper (49)
[2016.04.09-16.05.55:203][280]LogModuleManager: Shutting down and abandoning module TextureFormatASTC (48)
[2016.04.09-16.05.55:203][280]LogModuleManager: Shutting down and abandoning module TextureFormatAndroid (47)
[2016.04.09-16.05.55:203][280]LogModuleManager: Shutting down and abandoning module AudioFormatOpus (46)
[2016.04.09-16.05.55:203][280]LogModuleManager: Shutting down and abandoning module AudioFormatOgg (45)
[2016.04.09-16.05.55:203][280]LogModuleManager: Shutting down and abandoning module AudioFormatADPCM (44)
[2016.04.09-16.05.55:203][280]LogModuleManager: Shutting down and abandoning module LinuxTargetPlatform (43)
[2016.04.09-16.05.55:203][280]LogModuleManager: Shutting down and abandoning module LinuxServerTargetPlatform (42)
[2016.04.09-16.05.55:203][280]LogModuleManager: Shutting down and abandoning module LinuxNoEditorTargetPlatform (41)
[2016.04.09-16.05.55:203][280]LogModuleManager: Shutting down and abandoning module TVOSTargetPlatform (40)
[2016.04.09-16.05.55:203][280]LogModuleManager: Shutting down and abandoning module Messaging (39)
[2016.04.09-16.05.55:203][280]LogModuleManager: Shutting down and abandoning module IOSTargetPlatform (38)
[2016.04.09-16.05.55:203][280]LogModuleManager: Shutting down and abandoning module HTML5TargetPlatform (37)
[2016.04.09-16.05.55:203][280]LogModuleManager: Shutting down and abandoning module Android_PVRTCTargetPlatform (36)
[2016.04.09-16.05.55:203][280]LogModuleManager: Shutting down and abandoning module Android_MultiTargetPlatform (35)
[2016.04.09-16.05.55:204][280]LogModuleManager: Shutting down and abandoning module Android_ETC2TargetPlatform (34)
[2016.04.09-16.05.55:204][280]LogModuleManager: Shutting down and abandoning module Android_ETC1TargetPlatform (33)
[2016.04.09-16.05.55:204][280]LogModuleManager: Shutting down and abandoning module Android_DXTTargetPlatform (32)
[2016.04.09-16.05.55:204][280]LogModuleManager: Shutting down and abandoning module Android_ATCTargetPlatform (31)
[2016.04.09-16.05.55:204][280]LogModuleManager: Shutting down and abandoning module Android_ASTCTargetPlatform (30)
[2016.04.09-16.05.55:204][280]LogModuleManager: Shutting down and abandoning module AndroidTargetPlatform (29)
[2016.04.09-16.05.55:204][280]LogModuleManager: Shutting down and abandoning module WindowsTargetPlatform (28)
[2016.04.09-16.05.55:204][280]LogModuleManager: Shutting down and abandoning module WindowsServerTargetPlatform (27)
[2016.04.09-16.05.55:204][280]LogModuleManager: Shutting down and abandoning module WindowsNoEditorTargetPlatform (26)
[2016.04.09-16.05.55:204][280]LogModuleManager: Shutting down and abandoning module WindowsClientTargetPlatform (25)
[2016.04.09-16.05.55:204][280]LogModuleManager: Shutting down and abandoning module AllDesktopTargetPlatform (24)
[2016.04.09-16.05.55:204][280]LogModuleManager: Shutting down and abandoning module TargetPlatform (23)
[2016.04.09-16.05.55:204][280]LogModuleManager: Shutting down and abandoning module InputCore (22)
[2016.04.09-16.05.55:204][280]LogModuleManager: Shutting down and abandoning module Settings (21)
[2016.04.09-16.05.55:204][280]LogModuleManager: Shutting down and abandoning module OnlineSubsystem (19)
[2016.04.09-16.05.55:204][280]LogModuleManager: Shutting down and abandoning module HTTP (18)
[2016.04.09-16.05.55:204][280]LogModuleManager: Shutting down and abandoning module XMPP (17)
[2016.04.09-16.05.55:204][280]LogModuleManager: Shutting down and abandoning module OculusRift (16)
[2016.04.09-16.05.55:204][280]LogModuleManager: Shutting down and abandoning module ExampleDeviceProfileSelector (15)
[2016.04.09-16.05.55:204][280]LogModuleManager: Shutting down and abandoning module TextureCompressor (14)
[2016.04.09-16.05.55:204][280]LogModuleManager: Shutting down and abandoning module ShaderCore (13)
[2016.04.09-16.05.55:204][280]LogModuleManager: Shutting down and abandoning module Landscape (12)
[2016.04.09-16.05.55:204][280]LogModuleManager: Shutting down and abandoning module SlateRHIRenderer (11)
[2016.04.09-16.05.55:204][280]LogModuleManager: Shutting down and abandoning module OpenGLDrv (10)
[2016.04.09-16.05.55:204][280]LogModuleManager: Shutting down and abandoning module D3D11RHI (9)
[2016.04.09-16.05.55:204][280]LogModuleManager: Shutting down and abandoning module AnimGraphRuntime (8)
[2016.04.09-16.05.55:204][280]LogModuleManager: Shutting down and abandoning module Renderer (7)
[2016.04.09-16.05.55:204][280]LogModuleManager: Shutting down and abandoning module Engine (6)
[2016.04.09-16.05.55:204][280]LogModuleManager: Shutting down and abandoning module CoreUObject (5)
[2016.04.09-16.05.55:204][280]LogModuleManager: Shutting down and abandoning module NetworkFile (4)
[2016.04.09-16.05.55:204][280]LogModuleManager: Shutting down and abandoning module StreamingFile (3)
[2016.04.09-16.05.55:204][280]LogModuleManager: Shutting down and abandoning module SandboxFile (2)
[2016.04.09-16.05.55:204][280]LogModuleManager: Shutting down and abandoning module PakFile (1)
[2016.04.09-16.05.55:205][280]LogExit: Exiting.
[2016.04.09-16.05.55:206][280]Log file closed, 04/09/16 11:05:55
