Log file open, 04/09/16 11:04:23
LogInit:Display: Running engine for game: MyProject
LogPlatformFile: Not using cached read wrapper
LogInit:Display: RandInit(823522787) SRandInit(823522788).
LogTaskGraph: Started task graph with 4 named threads and 7 total threads.
LogStats: Stats thread started at 0.064982
LogInit: Version: 4.11.1-2934540+++UE4+Release-4.11
LogInit: API Version: 2927265
LogInit: Compiled (64-bit): Apr  6 2016 02:14:16
LogInit: Compiled with Visual C++: 19.00.23026.00
LogInit: Build Configuration: Development
LogInit: Branch Name: ++UE4+Release-4.11
LogInit: Command line:  
LogInit: Base directory: C:/Program Files (x86)/Epic Games/4.11/Engine/Binaries/Win64/
LogInit: Installed Engine Build: 1
LogInit: Using libcurl 7.41.0
LogInit:  - built for x86_64-pc-win32
LogInit:  - supports SSL with WinSSL
LogInit:  - other features:
LogInit:      CURL_VERSION_SSL
LogInit:      CURL_VERSION_IPV6
LogInit:      CURL_VERSION_ASYNCHDNS
LogInit:      CURL_VERSION_LARGEFILE
LogInit:      CURL_VERSION_IDN
LogInit:  CurlRequestOptions (configurable via config and command line):
LogInit:  - bVerifyPeer = true  - Libcurl will verify peer certificate
LogInit:  - bUseHttpProxy = false  - Libcurl will NOT use HTTP proxy
LogInit:  - bDontReuseConnections = false  - Libcurl will reuse connections
LogInit:  - CertBundlePath = nullptr  - Libcurl will use whatever was configured at build time.
LogInit: Presizing for max 16777216 objects, including 0 objects not considered by GC, pre-allocating 0 bytes for permanent pool.
LogInit: Object subsystem initialized
[2016.04.09-16.04.23:487][  0]LogInit: Selected Device Profile: [Windows]
[2016.04.09-16.04.23:487][  0]LogInit: Applying CVar settings loaded from the selected device profile: [Windows]
[2016.04.09-16.04.23:497][  0]LogInit: Computer: CURTIS-PC
[2016.04.09-16.04.23:497][  0]LogInit: User: Curtis
[2016.04.09-16.04.23:497][  0]LogInit: CPU Page size=65536, Cores=4
[2016.04.09-16.04.23:497][  0]LogInit: High frequency timer resolution =2.336201 MHz
[2016.04.09-16.04.23:497][  0]LogMemory: Memory total: Physical=7.9GB (8GB approx)
[2016.04.09-16.04.23:497][  0]LogMemory: Platform Memory Stats for Windows
[2016.04.09-16.04.23:497][  0]LogMemory: Process Physical Memory: 314.12 MB used, 314.12 MB peak
[2016.04.09-16.04.23:497][  0]LogMemory: Process Virtual Memory: 316.74 MB used, 316.74 MB peak
[2016.04.09-16.04.23:497][  0]LogMemory: Physical Memory: 3603.23 MB used, 8139.82 MB total
[2016.04.09-16.04.23:497][  0]LogMemory: Virtual Memory: 620.69 MB used, 8388608.00 MB total
[2016.04.09-16.04.23:528][  0]LogTextLocalizationManager: No specific translations for ('en-US') exist, so ('en') translations will be used.
[2016.04.09-16.04.23:930][  0]LogD3D11RHI: D3D11 adapters:
[2016.04.09-16.04.23:936][  0]LogD3D11RHI:    0. 'AMD Radeon HD 6870M' (Feature Level 11_0)
[2016.04.09-16.04.23:936][  0]LogD3D11RHI:       1010MB of dedicated video memory, 0MB of dedicated system memory, and 3813MB of shared system memory, 1 output[s]
[2016.04.09-16.04.23:941][  0]LogD3D11RHI:    1. 'Intel(R) HD Graphics 3000' (Feature Level 10_0)
[2016.04.09-16.04.23:941][  0]LogD3D11RHI:       64MB of dedicated video memory, 0MB of dedicated system memory, and 1632MB of shared system memory, 0 output[s]
[2016.04.09-16.04.23:941][  0]LogD3D11RHI: Chosen D3D11 Adapter: 0
[2016.04.09-16.04.23:945][  0]LogD3D11RHI: Creating new Direct3DDevice
[2016.04.09-16.04.23:946][  0]LogD3D11RHI:     Adapter Name: AMD Radeon HD 6870M
[2016.04.09-16.04.23:946][  0]LogD3D11RHI:   Driver Version: 9.3.0.0 (internal 9.3.0.0)
[2016.04.09-16.04.23:946][  0]LogD3D11RHI:      Driver Date: 10-25-2012
[2016.04.09-16.04.23:946][  0]LogRHI: Texture pool is 707 MB (70% of 1010 MB)
[2016.04.09-16.04.23:950][  0]LogD3D11RHI: Async texture creation disabled: no driver support
[2016.04.09-16.04.23:962][  0]LogShaderCompilers: Guid format shader working directory is -16 characters bigger than the processId version (../../../../../../Users/Curtis/Documents/Unreal Projects/IceBox/Intermediate/Shaders/WorkingDirectory/3132/).
[2016.04.09-16.04.23:962][  0]LogShaderCompilers: Cleaned the shader compiler working directory 'C:/Users/Curtis/AppData/Local/Temp/UnrealShaderWorkingDir/BD8BBE0F4683F82CD5C172818AA26D71/'.
[2016.04.09-16.04.23:962][  0]LogShaderCompilers:Display: Using Local Shader Compiler.
[2016.04.09-16.04.24:927][  0]LogTemp:Display: Loaded TP AllDesktopTargetPlatform
[2016.04.09-16.04.24:931][  0]LogTemp:Display: Loaded TP WindowsClientTargetPlatform
[2016.04.09-16.04.24:935][  0]LogTemp:Display: Loaded TP WindowsNoEditorTargetPlatform
[2016.04.09-16.04.24:939][  0]LogTemp:Display: Loaded TP WindowsServerTargetPlatform
[2016.04.09-16.04.24:943][  0]LogTemp:Display: Loaded TP WindowsTargetPlatform
[2016.04.09-16.04.24:946][  0]LogTemp:Display: Loaded TP AndroidTargetPlatform
[2016.04.09-16.04.24:949][  0]LogTemp:Display: Loaded TP Android_ASTCTargetPlatform
[2016.04.09-16.04.24:952][  0]LogTemp:Display: Loaded TP Android_ATCTargetPlatform
[2016.04.09-16.04.24:955][  0]LogTemp:Display: Loaded TP Android_DXTTargetPlatform
[2016.04.09-16.04.24:958][  0]LogTemp:Display: Loaded TP Android_ETC1TargetPlatform
[2016.04.09-16.04.24:960][  0]LogTemp:Display: Loaded TP Android_ETC2TargetPlatform
[2016.04.09-16.04.24:966][  0]LogTemp:Display: Loaded TP Android_MultiTargetPlatform
[2016.04.09-16.04.24:966][  0]LogTemp:Display: Loaded TP Android_PVRTCTargetPlatform
[2016.04.09-16.04.24:967][  0]LogTemp:Display: Loaded TP HTML5TargetPlatform
[2016.04.09-16.04.24:983][  0]LogTemp:Display: Loaded TP IOSTargetPlatform
[2016.04.09-16.04.24:986][  0]LogTemp:Display: Loaded TP TVOSTargetPlatform
[2016.04.09-16.04.24:989][  0]LogTemp:Display: Loaded TP LinuxNoEditorTargetPlatform
[2016.04.09-16.04.24:991][  0]LogTemp:Display: Loaded TP LinuxServerTargetPlatform
[2016.04.09-16.04.24:995][  0]LogTemp:Display: Loaded TP LinuxTargetPlatform
[2016.04.09-16.04.24:995][  0]LogTargetPlatformManager:Display: Building Assets For Windows
[2016.04.09-16.04.25:053][  0]LogDerivedDataCache:Display: Max Cache Size: 512 MB
[2016.04.09-16.04.25:103][  0]LogDerivedDataCache: Loaded boot cache 0.05s 46MB C:/Users/Curtis/AppData/Local/UnrealEngine/4.11/DerivedDataCache/Boot.ddc.
[2016.04.09-16.04.25:103][  0]LogDerivedDataCache:Display: Loaded Boot cache: C:/Users/Curtis/AppData/Local/UnrealEngine/4.11/DerivedDataCache/Boot.ddc
[2016.04.09-16.04.25:104][  0]LogDerivedDataCache: FDerivedDataBackendGraph:  Pak pak cache file ../../../../../../Users/Curtis/Documents/Unreal Projects/IceBox/DerivedDataCache/DDC.ddp not found, will not use a pak cache.
[2016.04.09-16.04.25:104][  0]LogDerivedDataCache: Unable to find inner node Pak for hierarchical cache Hierarchy.
[2016.04.09-16.04.25:104][  0]LogDerivedDataCache: FDerivedDataBackendGraph:  CompressedPak pak cache file ../../../../../../Users/Curtis/Documents/Unreal Projects/IceBox/DerivedDataCache/Compressed.ddp not found, will not use a pak cache.
[2016.04.09-16.04.25:104][  0]LogDerivedDataCache: Unable to find inner node CompressedPak for hierarchical cache Hierarchy.
[2016.04.09-16.04.25:119][  0]LogDerivedDataCache:Display: Pak cache opened for reading ../../../Engine/DerivedDataCache/Compressed.ddp.
[2016.04.09-16.04.25:131][  0]LogDerivedDataCache: Using Local data cache path C:/Users/Curtis/AppData/Local/UnrealEngine/Common/DerivedDataCache: Writable
[2016.04.09-16.04.25:308][  0]LogInit: Selected Device Profile: [Windows]
[2016.04.09-16.04.25:309][  0]LogContentStreaming: Texture pool size is 0.00 MB
[2016.04.09-16.04.25:335][  0]LogMaterial: Uniform references updated for custom material expression Custom.
[2016.04.09-16.04.25:476][  0]LogMeshUtilities: No automatic mesh reduction module available
[2016.04.09-16.04.25:476][  0]LogMeshUtilities: No automatic mesh merging module available
[2016.04.09-16.04.25:476][  0]LogMeshUtilities: No distributed automatic mesh merging module available
[2016.04.09-16.04.25:728][  0]LogUObjectArray: 27678 objects as part of root set at end of initial load.
[2016.04.09-16.04.25:728][  0]LogUObjectAllocator: 5591384 out of 0 bytes used by permanent object pool.
[2016.04.09-16.04.25:728][  0]LogUObjectArray: CloseDisregardForGC: 0/0 objects in disregard for GC pool
[2016.04.09-16.04.25:733][  0]LogInit: WinSock: version 1.1 (2.2), MaxSocks=32767, MaxUdp=65467
[2016.04.09-16.04.25:810][  0]LogSlate: SlateFontCache - WITH_FREETYPE: 1, WITH_HARFBUZZ: 1
[2016.04.09-16.04.25:810][  0]LogSlate: SlateFontCache - WITH_FREETYPE: 1, WITH_HARFBUZZ: 1
[2016.04.09-16.04.25:908][  0]LogStreaming:Warning: Failed to read file '../../../Engine/Content/Editor/Slate/Common/Selection_16x.png' error.
[2016.04.09-16.04.25:908][  0]LogSlate: Could not find file for Slate resource: ../../../Engine/Content/Editor/Slate/Common/Selection_16x.png
[2016.04.09-16.04.25:908][  0]LogStreaming:Warning: Failed to read file '../../../Engine/Content/Editor/Slate/Common/Selection_16x.png' error.
[2016.04.09-16.04.25:908][  0]LogSlate: Could not find file for Slate resource: ../../../Engine/Content/Editor/Slate/Common/Selection_16x.png
[2016.04.09-16.04.25:908][  0]LogStreaming:Warning: Failed to read file '../../../Engine/Content/Editor/Slate/Common/Selection_16x.png' error.
[2016.04.09-16.04.25:908][  0]LogSlate: Could not find file for Slate resource: ../../../Engine/Content/Editor/Slate/Common/Selection_16x.png
[2016.04.09-16.04.26:449][  0]LogUdpMessaging: Initializing bridge on interface 0.0.0.0:0 to multicast group 230.0.0.1:6666.
[2016.04.09-16.04.26:564][  0]LogAssetRegistry: FAssetRegistry took 0.0198 seconds to start up
[2016.04.09-16.04.26:701][  0]SourceControl: Info Source control is disabled
[2016.04.09-16.04.26:741][  0]SourceControl: Info Source control is disabled
[2016.04.09-16.04.26:747][  0]SourceControl: Info Source control is disabled
[2016.04.09-16.04.26:753][  0]SourceControl: Info Source control is disabled
[2016.04.09-16.04.26:903][  0]LogEngine: Initializing Engine...
[2016.04.09-16.04.26:903][  0]LogHMD: SteamVR failed to initialize.  Err: 110
[2016.04.09-16.04.26:904][  0]LogHMD: SteamVR failed to initialize.  Err: 110
[2016.04.09-16.04.27:057][  0]LogAIModule: Creating AISystem for world NewWorld
[2016.04.09-16.04.27:064][  0]LogInit: XAudio2 using 'Speakers / Headphones (IDT High Definition Audio CODEC)' : 2 channels at 48 kHz using 16 bits per sample (channel mask 0x3)
[2016.04.09-16.04.27:098][  0]LogInit: FAudioDevice initialized.
[2016.04.09-16.04.27:127][  0]LogDerivedDataCache: Saved boot cache 0.03s 46MB C:/Users/Curtis/AppData/Local/UnrealEngine/4.11/DerivedDataCache/Boot.ddc.
[2016.04.09-16.04.27:135][  0]LogInit: Texture streaming: Enabled
[2016.04.09-16.04.27:154][  0]LogInit: Transaction tracking system initialized
[2016.04.09-16.04.27:175][  0]BlueprintLog: New page: Editor Load
[2016.04.09-16.04.27:233][  0]LocalizationService: Info Localization service is disabled
[2016.04.09-16.04.27:287][  0]LogConsoleResponse:Display: 
[2016.04.09-16.04.27:390][  0]LogCook:Display: Max memory allowance for cook 8192mb
[2016.04.09-16.04.27:390][  0]LogCook:Display: Mobile HDR setting 1
[2016.04.09-16.04.27:390][  0]LogCook:Display: Done creating registry. It took  0.00s.
[2016.04.09-16.04.27:429][  0]LogFileCache: Scanning file cache for directory 'C:/Users/Curtis/Documents/Unreal Projects/IceBox/Content/' took 0.01s
[2016.04.09-16.04.27:429][  0]SourceControl: Info Source control is disabled
[2016.04.09-16.04.27:429][  0]Cmd: MAP LOAD FILE="../../../../../../Users/Curtis/Documents/Unreal Projects/IceBox/Content/2DSideScrollerBP/Maps/2DSideScrollerExampleMap.umap" TEMPLATE=0 SHOWPROGRESS=1 FEATURELEVEL=3
[2016.04.09-16.04.27:429][  0]LogEditorServer:Warning: Can't find file '../../../../../../Users/Curtis/Documents/Unreal Projects/IceBox/Content/2DSideScrollerBP/Maps/2DSideScrollerExampleMap.umap'
[2016.04.09-16.04.27:429][  0]Cmd: MAP CHECKDEP NOCLEARLOG
[2016.04.09-16.04.27:462][  0]MapCheck: Info Map check complete: 0 Error(s), 0 Warning(s), took 33.089ms to complete.
[2016.04.09-16.04.27:462][  0]LogFileHelpers: Loading map '2DSideScrollerExampleMap' took 0.033
[2016.04.09-16.04.27:563][  0]LogCollectionManager: Loaded 0 collections in 0.001564 seconds
[2016.04.09-16.04.27:598][  0]LogFileCache: Scanning file cache for directory 'C:/Users/Curtis/Documents/Unreal Projects/IceBox/Saved/Collections/' took 0.01s
[2016.04.09-16.04.27:598][  0]LogFileCache: Scanning file cache for directory 'C:/Users/Curtis/Documents/Unreal Projects/IceBox/Content/Developers/Curtis/Collections/' took 0.01s
[2016.04.09-16.04.27:598][  0]LogFileCache: Scanning file cache for directory 'C:/Users/Curtis/Documents/Unreal Projects/IceBox/Content/Collections/' took 0.01s
[2016.04.09-16.04.27:598][  0]LogCollectionManager: Rebuilt the GUID cache for 0 collections in 0.000003 seconds
[2016.04.09-16.04.27:606][  0]LogContentBrowser: Native class hierarchy populated in 0.0074 seconds. Added 1979 classes and 343 folders.
[2016.04.09-16.04.27:609][  0]LogStats: UGameplayTagsManager::ConstructGameplayTagTree: Construct from data asset -  0.000 s
[2016.04.09-16.04.27:609][  0]LogStats: UGameplayTagsManager::ConstructGameplayTagTree: GameplayTagTreeChangedEvent.Broadcast -  0.000 s
[2016.04.09-16.04.27:609][  0]LogContentBrowser: Native class hierarchy updated for 'GameplayTags' in 0.0004 seconds. Added 12 classes and 0 folders.
[2016.04.09-16.04.27:613][  0]LogContentBrowser: Native class hierarchy updated for 'WidgetCarousel' in 0.0003 seconds. Added 0 classes and 0 folders.
[2016.04.09-16.04.27:618][  0]LogContentBrowser: Native class hierarchy updated for 'SuperSearch' in 0.0003 seconds. Added 1 classes and 2 folders.
[2016.04.09-16.04.27:653][  0]LogContentBrowser: Native class hierarchy updated for 'AddContentDialog' in 0.0003 seconds. Added 0 classes and 0 folders.
[2016.04.09-16.04.27:657][  0]LogContentBrowser: Native class hierarchy updated for 'SceneOutliner' in 0.0003 seconds. Added 1 classes and 2 folders.
[2016.04.09-16.04.27:689][  0]LogCrashTracker: Crashtracker disabled due to settings.
[2016.04.09-16.04.27:693][  0]LogUObjectGlobals:Warning: Failed to find object 'Class None.'
[2016.04.09-16.04.27:716][  0]LogContentBrowser: Native class hierarchy updated for 'HierarchicalLODOutliner' in 0.0004 seconds. Added 1 classes and 2 folders.
[2016.04.09-16.04.27:716][  0]LogLoad: Full Startup: 4.91 seconds (BP compile: 0.00 seconds)
[2016.04.09-16.04.27:716][  0]LogExternalProfiler:Warning: No registered external profiler was matched with a command-line switch (or the DLL could not be loaded).  External profiling features will not be available.
[2016.04.09-16.04.27:733][  0]LogOcInput: OculusInput pre-init called
[2016.04.09-16.04.27:787][  0]LogContentStreaming: Texture pool size now 1000 MB
[2016.04.09-16.04.27:951][  0]LogRenderer: Reallocating scene render targets to support 1208x568 (Frame:2).
[2016.04.09-16.04.28:129][  1]LogAssetRegistry: Asset discovery search completed in 1.5853 seconds
[2016.04.09-16.04.28:129][  1]LogCollectionManager: Rebuilt the object cache for 0 collections in 0.000001 seconds (found 0 objects)
[2016.04.09-16.04.28:129][  1]LogCollectionManager: Fixed up redirectors for 0 collections in 0.000036 seconds (updated 0 objects)
[2016.04.09-16.04.35:263][343]LogContentBrowser: Native class hierarchy updated for 'BlueprintGraph' in 0.0007 seconds. Added 108 classes and 0 folders.
[2016.04.09-16.05.22:968][759]LogBlueprint:Error: [compiler 2DSideScrollerCharacter] Error Spawn node  Create Widget  must have a class specified.
[2016.04.09-16.05.22:980][759]LogBlueprint:Warning: [compiler 2DSideScrollerCharacter] Warning [0060.17] Compile of 2DSideScrollerCharacter failed. 1 Fatal Issue(s) 0 Warning(s) [in 23 ms]
[2016.04.09-16.05.22:980][759]LogBlueprint:Warning: [compiler 2DSideScrollerCharacter] Warning [0060.17] Compile of 2DSideScrollerCharacter failed. 1 Fatal Issue(s) 1 Warning(s) [in 0 ms]
[2016.04.09-16.05.22:980][759]LogBlueprint:Warning: [compiler 2DSideScrollerCharacter] Warning [0060.17] Compile of 2DSideScrollerCharacter failed. 1 Fatal Issue(s) 2 Warning(s) [in 0 ms]
[2016.04.09-16.05.40:937][800]BlueprintLog: New page: Compile 2DSideScrollerCharacter
[2016.04.09-16.05.41:144][800]BlueprintEditorCompileResults: Info [0078.34] Compile of 2DSideScrollerCharacter successful! [in 206 ms]
[2016.04.09-16.05.44:059][887]LogSavePackage: Save=173.70ms
[2016.04.09-16.05.44:060][887]LogSavePackage: Moving '../../../../../../Users/Curtis/Documents/Unreal Projects/IceBox/Saved/2DSideScrollerCharacterDFF1DF9A46F3BE3C31800F957C3B683B.tmp' to '../../../../../../Users/Curtis/Documents/Unreal Projects/IceBox/Content/2DSideScrollerBP/Blueprints/2DSideScrollerCharacter.uasset'
[2016.04.09-16.05.44:063][887]LogSavePackage: Total save time: 186.49ms
[2016.04.09-16.05.44:063][887]LogSavePackage:Display: Finished SavePackage ../../../../../../Users/Curtis/Documents/Unreal Projects/IceBox/Content/2DSideScrollerBP/Blueprints/2DSideScrollerCharacter.uasset
[2016.04.09-16.05.44:105][887]Cmd: OBJ SAVEPACKAGE PACKAGE="/Temp/Untitled_0" FILE="../../../../../../Users/Curtis/Documents/Unreal Projects/IceBox/Saved/Autosaves/Temp/UEDPCUntitled_0.umap" SILENT=true AUTOSAVING=true KEEPDIRTY=true
[2016.04.09-16.05.44:119][887]LogSavePackage: Save=13.22ms
[2016.04.09-16.05.44:119][887]LogSavePackage: Moving '../../../../../../Users/Curtis/Documents/Unreal Projects/IceBox/Saved/UEDPCUntitled_0E870B2664E82B04021A80A8166F0CDD7.tmp' to '../../../../../../Users/Curtis/Documents/Unreal Projects/IceBox/Saved/Autosaves/Temp/UEDPCUntitled_0.umap'
[2016.04.09-16.05.44:120][887]LogSavePackage: Total save time: 14.76ms
[2016.04.09-16.05.44:120][887]LogSavePackage:Display: Finished SavePackage ../../../../../../Users/Curtis/Documents/Unreal Projects/IceBox/Saved/Autosaves/Temp/UEDPCUntitled_0.umap
[2016.04.09-16.05.55:828][107]LogAIModule: Creating AISystem for world TestMap
[2016.04.09-16.06.02:286][189]Cmd: MAP LOAD FILE="../../../../../../Users/Curtis/Documents/Unreal Projects/IceBox/Content/2DSideScrollerBP/Maps/TestMap.umap" TEMPLATE=0 SHOWPROGRESS=1 FEATURELEVEL=3
[2016.04.09-16.06.02:287][189]LightingResults: New page: Lighting Build
[2016.04.09-16.06.02:291][189]LogContentBrowser: Native class hierarchy updated for 'StatsViewer' in 0.0004 seconds. Added 5 classes and 0 folders.
[2016.04.09-16.06.02:309][189]LoadErrors: New page: Loading map: TestMap.umap
[2016.04.09-16.06.02:310][189]MapCheck: New page: Map Check
[2016.04.09-16.06.02:310][189]LightingResults: New page: Lighting Build
[2016.04.09-16.06.02:382][189]LogEditorServer: Finished looking for orphan Actors (0.000 secs)
[2016.04.09-16.06.02:411][189]Cmd: MAP CHECKDEP NOCLEARLOG
[2016.04.09-16.06.02:459][189]MapCheck: Info Map check complete: 0 Error(s), 0 Warning(s), took 47.115ms to complete.
[2016.04.09-16.06.02:463][189]LogFileHelpers: Loading map 'TestMap' took 0.178
[2016.04.09-16.06.03:824][256]LogSavePackage: Save=92.61ms
[2016.04.09-16.06.03:824][256]LogSavePackage: Moving '../../../../../../Users/Curtis/Documents/Unreal Projects/IceBox/Saved/UEDPCTestMapC6EAC41E4557985540E140A7A853E78E.tmp' to '../../../../../../Users/Curtis/Documents/Unreal Projects/IceBox/Saved/Autosaves/Game/2DSideScrollerBP/Maps/UEDPCTestMap.umap'
[2016.04.09-16.06.03:827][256]LogSavePackage: Total save time: 107.55ms
[2016.04.09-16.06.03:827][256]LogSavePackage:Display: Finished SavePackage ../../../../../../Users/Curtis/Documents/Unreal Projects/IceBox/Saved/Autosaves/Game/2DSideScrollerBP/Maps/UEDPCTestMap.umap
[2016.04.09-16.06.27:927][462]LogAIModule: Creating AISystem for world Level1
[2016.04.09-16.06.27:963][462]Cmd: MAP LOAD FILE="../../../../../../Users/Curtis/Documents/Unreal Projects/IceBox/Content/2DSideScrollerBP/Maps/Level1.umap" TEMPLATE=0 SHOWPROGRESS=1 FEATURELEVEL=3
[2016.04.09-16.06.27:963][462]LightingResults: New page: Lighting Build
[2016.04.09-16.06.27:985][462]LoadErrors: New page: Loading map: Level1.umap
[2016.04.09-16.06.27:985][462]MapCheck: New page: Map Check
[2016.04.09-16.06.27:985][462]LightingResults: New page: Lighting Build
[2016.04.09-16.06.28:074][462]LogEditorServer: Finished looking for orphan Actors (0.000 secs)
[2016.04.09-16.06.28:106][462]Cmd: MAP CHECKDEP NOCLEARLOG
[2016.04.09-16.06.28:154][462]MapCheck: Info Map check complete: 0 Error(s), 0 Warning(s), took 48.34ms to complete.
[2016.04.09-16.06.28:155][462]LogFileHelpers: Loading map 'Level1' took 0.193
[2016.04.09-16.06.29:180][497]LogSavePackage: Save=186.08ms
[2016.04.09-16.06.29:180][497]LogSavePackage: Moving '../../../../../../Users/Curtis/Documents/Unreal Projects/IceBox/Saved/UEDPCLevel115DA58CC441F066DA6D5008EFB55E87E.tmp' to '../../../../../../Users/Curtis/Documents/Unreal Projects/IceBox/Saved/Autosaves/Game/2DSideScrollerBP/Maps/UEDPCLevel1.umap'
[2016.04.09-16.06.29:183][497]LogSavePackage: Total save time: 201.41ms
[2016.04.09-16.06.29:183][497]LogSavePackage:Display: Finished SavePackage ../../../../../../Users/Curtis/Documents/Unreal Projects/IceBox/Saved/Autosaves/Game/2DSideScrollerBP/Maps/UEDPCLevel1.umap
[2016.04.09-16.07.22:566][995]LogEditorViewport: Clicking on Actor (LMB): PaperSpriteActor (background_Sprite55)
[2016.04.09-16.07.23:418][ 42]LogEditorViewport: Clicking Background
[2016.04.09-16.07.26:395][214]LogEditorViewport: Clicking on Actor (LMB): PaperSpriteActor (Wall_Tileable_Sprite23)
[2016.04.09-16.07.26:988][247]LogEditorViewport: Clicking Background
[2016.04.09-16.07.32:316][540]LogEditorViewport: Clicking Background
[2016.04.09-16.07.40:056][953]LogEditorViewport: Clicking Background
[2016.04.09-16.07.42:736][111]LogAIModule: Creating AISystem for world TestMap
[2016.04.09-16.07.42:755][111]Cmd: MAP LOAD FILE="../../../../../../Users/Curtis/Documents/Unreal Projects/IceBox/Content/2DSideScrollerBP/Maps/TestMap.umap" TEMPLATE=0 SHOWPROGRESS=1 FEATURELEVEL=3
[2016.04.09-16.07.42:755][111]LightingResults: New page: Lighting Build
[2016.04.09-16.07.42:773][111]LoadErrors: New page: Loading map: TestMap.umap
[2016.04.09-16.07.42:775][111]MapCheck: New page: Map Check
[2016.04.09-16.07.42:775][111]LightingResults: New page: Lighting Build
[2016.04.09-16.07.42:847][111]LogEditorServer: Finished looking for orphan Actors (0.000 secs)
[2016.04.09-16.07.42:877][111]Cmd: MAP CHECKDEP NOCLEARLOG
[2016.04.09-16.07.42:924][111]MapCheck: Info Map check complete: 0 Error(s), 0 Warning(s), took 47.141ms to complete.
[2016.04.09-16.07.42:924][111]LogFileHelpers: Loading map 'TestMap' took 0.171
[2016.04.09-16.07.46:566][327]LogEditorViewport: Clicking on Actor (LMB): PaperSpriteActor (Background_Sprite)
[2016.04.09-16.08.24:160][202]LogEditorViewport: Clicking on Actor (context menu): PaperSpriteActor (Background_Sprite)
[2016.04.09-16.08.24:989][250]LogEditorViewport: Clicking on Actor (LMB): PaperSpriteActor (Background_Sprite)
[2016.04.09-16.08.26:375][332]LogEditorViewport: Clicking on Actor (context menu): PaperSpriteActor (Background_Sprite)
[2016.04.09-16.08.27:369][390]LogEditorViewport: Clicking on Actor (LMB): PaperSpriteActor (Background_Sprite)
[2016.04.09-16.08.51:340][795]LogRenderer: Reallocating scene render targets to support 1208x988 (Frame:1072).
[2016.04.09-16.09.03:201][229]LogAIModule: Creating AISystem for world Level1
[2016.04.09-16.09.03:229][229]Cmd: MAP LOAD FILE="../../../../../../Users/Curtis/Documents/Unreal Projects/IceBox/Content/2DSideScrollerBP/Maps/Level1.umap" TEMPLATE=0 SHOWPROGRESS=1 FEATURELEVEL=3
[2016.04.09-16.09.03:229][229]LightingResults: New page: Lighting Build
[2016.04.09-16.09.03:247][229]LoadErrors: New page: Loading map: Level1.umap
[2016.04.09-16.09.03:248][229]MapCheck: New page: Map Check
[2016.04.09-16.09.03:248][229]LightingResults: New page: Lighting Build
[2016.04.09-16.09.03:330][229]LogEditorServer: Finished looking for orphan Actors (0.000 secs)
[2016.04.09-16.09.03:358][229]Cmd: MAP CHECKDEP NOCLEARLOG
[2016.04.09-16.09.03:407][229]MapCheck: Info Map check complete: 0 Error(s), 0 Warning(s), took 48.627ms to complete.
[2016.04.09-16.09.03:407][229]LogFileHelpers: Loading map 'Level1' took 0.180
[2016.04.09-16.12.40:487][919]LogEditorViewport: Clicking on Actor (context menu): PaperSpriteActor (Ice_Platform_Tileable_Sprite39)
[2016.04.09-16.12.41:480][968]LogEditorViewport: Clicking on Actor (LMB): PaperSpriteActor (background_Sprite13)
[2016.04.09-16.13.16:133][ 32]Cmd: CLOSE_SLATE_MAINFRAME
[2016.04.09-16.13.16:463][ 33]Cmd: QUIT_EDITOR
[2016.04.09-16.13.16:554][ 33]LogExit: Preparing to exit.
[2016.04.09-16.13.17:638][ 33]LogExit: Editor shut down
[2016.04.09-16.13.17:638][ 33]LogExit: Transaction tracking system shut down
[2016.04.09-16.13.17:791][ 33]LogObj: Freed 0b from 0 cluster array pools.
[2016.04.09-16.13.17:791][ 33]LogExit: Object subsystem successfully closed.
[2016.04.09-16.13.17:808][ 33]LogD3D11RHI: Shutdown
[2016.04.09-16.13.17:808][ 33]LogD3D11RHI: CleanupD3DDevice
[2016.04.09-16.13.17:889][ 33]LogD3D11RHI: ~FD3D11DynamicRHI
[2016.04.09-16.13.17:989][ 33]LogDerivedDataCache: Shutdown
[2016.04.09-16.13.17:990][ 33]LogModuleManager: Shutting down and abandoning module StatsViewer (205)
[2016.04.09-16.13.17:990][ 33]LogModuleManager: Shutting down and abandoning module SequencerWidgets (204)
[2016.04.09-16.13.17:990][ 33]LogModuleManager: Shutting down and abandoning module BlueprintGraph (203)
[2016.04.09-16.13.17:990][ 33]LogModuleManager: Shutting down and abandoning module HierarchicalLODOutliner (202)
[2016.04.09-16.13.17:990][ 33]LogModuleManager: Shutting down and abandoning module CrashTracker (201)
[2016.04.09-16.13.17:990][ 33]LogModuleManager: Shutting down and abandoning module SceneOutliner (200)
[2016.04.09-16.13.17:990][ 33]LogModuleManager: Shutting down and abandoning module SuperSearch (199)
[2016.04.09-16.13.17:990][ 33]LogModuleManager: Shutting down and abandoning module WidgetCarousel (198)
[2016.04.09-16.13.17:990][ 33]LogModuleManager: Shutting down and abandoning module AddContentDialog (197)
[2016.04.09-16.13.17:993][ 33]LogModuleManager: Shutting down and abandoning module GameplayTags (196)
[2016.04.09-16.13.17:993][ 33]LogModuleManager: Shutting down and abandoning module EditorWidgets (195)
[2016.04.09-16.13.17:993][ 33]LogModuleManager: Shutting down and abandoning module CollectionManager (194)
[2016.04.09-16.13.17:994][ 33]LogModuleManager: Shutting down and abandoning module FoliageEdit (193)
[2016.04.09-16.13.17:994][ 33]LogModuleManager: Shutting down and abandoning module LandscapeEditor (192)
[2016.04.09-16.13.17:995][ 33]LogModuleManager: Shutting down and abandoning module ActorPickerMode (191)
[2016.04.09-16.13.17:995][ 33]LogModuleManager: Shutting down and abandoning module GeometryMode (190)
[2016.04.09-16.13.17:995][ 33]LogModuleManager: Shutting down and abandoning module TextureAlignMode (189)
[2016.04.09-16.13.17:995][ 33]LogModuleManager: Shutting down and abandoning module BspMode (188)
[2016.04.09-16.13.17:995][ 33]LogModuleManager: Shutting down and abandoning module PlacementMode (187)
[2016.04.09-16.13.17:995][ 33]LogModuleManager: Shutting down and abandoning module AutomationWorker (186)
[2016.04.09-16.13.17:995][ 33]LogModuleManager: Shutting down and abandoning module CharacterAI (185)
[2016.04.09-16.13.17:995][ 33]LogModuleManager: Shutting down and abandoning module SmartSnapping (184)
[2016.04.09-16.13.17:995][ 33]LogModuleManager: Shutting down and abandoning module ViewportSnapping (183)
[2016.04.09-16.13.17:995][ 33]LogModuleManager: Shutting down and abandoning module LogVisualizer (182)
[2016.04.09-16.13.17:995][ 33]LogModuleManager: Shutting down and abandoning module GameProjectGeneration (181)
[2016.04.09-16.13.17:996][ 33]LogModuleManager: Shutting down and abandoning module IntroTutorials (180)
[2016.04.09-16.13.17:996][ 33]LogModuleManager: Shutting down and abandoning module EditorLiveStreaming (179)
[2016.04.09-16.13.17:996][ 33]LogModuleManager: Shutting down and abandoning module IOSPlatformEditor (178)
[2016.04.09-16.13.17:996][ 33]LogModuleManager: Shutting down and abandoning module HTML5PlatformEditor (177)
[2016.04.09-16.13.17:996][ 33]LogModuleManager: Shutting down and abandoning module AndroidDeviceDetection (176)
[2016.04.09-16.13.18:290][ 33]LogModuleManager: Shutting down and abandoning module AndroidPlatformEditor (175)
[2016.04.09-16.13.18:290][ 33]LogModuleManager: Shutting down and abandoning module IOSRuntimeSettings (174)
[2016.04.09-16.13.18:290][ 33]LogModuleManager: Shutting down and abandoning module AndroidRuntimeSettings (173)
[2016.04.09-16.13.18:290][ 33]LogModuleManager: Shutting down and abandoning module MergeActors (172)
[2016.04.09-16.13.18:290][ 33]LogModuleManager: Shutting down and abandoning module SizeMap (171)
[2016.04.09-16.13.18:290][ 33]LogModuleManager: Shutting down and abandoning module TreeMap (170)
[2016.04.09-16.13.18:290][ 33]LogModuleManager: Shutting down and abandoning module ReferenceViewer (169)
[2016.04.09-16.13.18:290][ 33]LogModuleManager: Shutting down and abandoning module LocalizationService (168)
[2016.04.09-16.13.18:290][ 33]LogModuleManager: Shutting down and abandoning module LocalizationDashboard (167)
[2016.04.09-16.13.18:290][ 33]LogModuleManager: Shutting down and abandoning module HardwareTargeting (166)
[2016.04.09-16.13.18:290][ 33]LogModuleManager: Shutting down and abandoning module DeviceProfileEditor (165)
[2016.04.09-16.13.18:290][ 33]LogModuleManager: Shutting down and abandoning module UndoHistory (164)
[2016.04.09-16.13.18:290][ 33]LogModuleManager: Shutting down and abandoning module UserFeedback (163)
[2016.04.09-16.13.18:290][ 33]LogModuleManager: Shutting down and abandoning module XmlParser (162)
[2016.04.09-16.13.18:290][ 33]LogModuleManager: Shutting down and abandoning module Blutility (161)
[2016.04.09-16.13.18:290][ 33]LogModuleManager: Shutting down and abandoning module ProjectTargetPlatformEditor (160)
[2016.04.09-16.13.18:290][ 33]LogModuleManager: Shutting down and abandoning module ProjectSettingsViewer (159)
[2016.04.09-16.13.18:290][ 33]LogModuleManager: Shutting down and abandoning module InputBindingEditor (158)
[2016.04.09-16.13.18:291][ 33]LogModuleManager: Shutting down and abandoning module EditorSettingsViewer (157)
[2016.04.09-16.13.18:291][ 33]LogModuleManager: Shutting down and abandoning module SettingsEditor (156)
[2016.04.09-16.13.18:291][ 33]LogModuleManager: Shutting down and abandoning module ProjectLauncher (155)
[2016.04.09-16.13.18:291][ 33]LogModuleManager: Shutting down and abandoning module SessionFrontend (154)
[2016.04.09-16.13.18:291][ 33]LogModuleManager: Shutting down and abandoning module ProfilerClient (153)
[2016.04.09-16.13.18:291][ 33]LogModuleManager: Shutting down and abandoning module TargetDeviceServices (152)
[2016.04.09-16.13.18:291][ 33]LogModuleManager: Shutting down and abandoning module DeviceManager (151)
[2016.04.09-16.13.18:321][ 33]LogModuleManager: Shutting down and abandoning module AutomationController (150)
[2016.04.09-16.13.18:321][ 33]LogModuleManager: Shutting down and abandoning module AutomationWindow (149)
[2016.04.09-16.13.18:321][ 33]LogModuleManager: Shutting down and abandoning module Layers (148)
[2016.04.09-16.13.18:321][ 33]LogModuleManager: Shutting down and abandoning module ComponentVisualizers (147)
[2016.04.09-16.13.18:321][ 33]LogModuleManager: Shutting down and abandoning module DetailCustomizations (146)
[2016.04.09-16.13.18:321][ 33]LogModuleManager: Shutting down and abandoning module PackagesDialog (145)
[2016.04.09-16.13.18:322][ 33]LogModuleManager: Shutting down and abandoning module Persona (144)
[2016.04.09-16.13.18:322][ 33]LogModuleManager: Shutting down and abandoning module Kismet (143)
[2016.04.09-16.13.18:322][ 33]LogModuleManager: Shutting down and abandoning module GraphEditor (142)
[2016.04.09-16.13.18:322][ 33]LogModuleManager: Shutting down and abandoning module ClassViewer (141)
[2016.04.09-16.13.18:322][ 33]LogModuleManager: Shutting down and abandoning module Toolbox (140)
[2016.04.09-16.13.18:322][ 33]LogModuleManager: Shutting down and abandoning module ModuleUI (139)
[2016.04.09-16.13.18:322][ 33]LogModuleManager: Shutting down and abandoning module MovieSceneTools (138)
[2016.04.09-16.13.18:322][ 33]LogModuleManager: Shutting down and abandoning module OutputLog (137)
[2016.04.09-16.13.18:322][ 33]LogModuleManager: Shutting down and abandoning module GammaUI (136)
[2016.04.09-16.13.18:322][ 33]LogModuleManager: Shutting down and abandoning module Documentation (135)
[2016.04.09-16.13.18:323][ 33]LogModuleManager: Shutting down and abandoning module StreamingPauseRendering (134)
[2016.04.09-16.13.18:323][ 33]LogModuleManager: Shutting down and abandoning module AnalyticsET (133)
[2016.04.09-16.13.18:323][ 33]LogModuleManager: Shutting down and abandoning module Analytics (132)
[2016.04.09-16.13.18:323][ 33]LogModuleManager: Shutting down and abandoning module PortalServices (131)
[2016.04.09-16.13.18:323][ 33]LogModuleManager: Shutting down and abandoning module PortalRpc (130)
[2016.04.09-16.13.18:323][ 33]LogModuleManager: Shutting down and abandoning module MessagingRpc (129)
[2016.04.09-16.13.18:323][ 33]LogModuleManager: Shutting down and abandoning module AITestSuite (128)
[2016.04.09-16.13.18:323][ 33]LogModuleManager: Shutting down and abandoning module GameplayDebugger (127)
[2016.04.09-16.13.18:323][ 33]LogModuleManager: Shutting down and abandoning module AIModule (126)
[2016.04.09-16.13.18:323][ 33]LogModuleManager: Shutting down and abandoning module ProfilerService (125)
[2016.04.09-16.13.18:385][ 33]LogModuleManager: Shutting down and abandoning module TaskGraph (124)
[2016.04.09-16.13.18:385][ 33]LogModuleManager: Shutting down and abandoning module SlateRemote (123)
[2016.04.09-16.13.18:385][ 33]LogModuleManager: Shutting down and abandoning module SteamVRController (122)
[2016.04.09-16.13.18:385][ 33]LogModuleManager: Shutting down and abandoning module SteamVR (121)
[2016.04.09-16.13.18:385][ 33]LogModuleManager: Shutting down and abandoning module ProceduralMeshComponent (120)
[2016.04.09-16.13.18:385][ 33]LogModuleManager: Shutting down and abandoning module OculusLibrary (119)
[2016.04.09-16.13.18:385][ 33]LogModuleManager: Shutting down and abandoning module OculusInput (118)
[2016.04.09-16.13.18:385][ 33]LogModuleManager: Shutting down and abandoning module CustomMeshComponent (117)
[2016.04.09-16.13.18:385][ 33]LogModuleManager: Shutting down and abandoning module CableComponent (116)
[2016.04.09-16.13.18:385][ 33]LogModuleManager: Shutting down and abandoning module ArchVisCharacter (115)
[2016.04.09-16.13.18:385][ 33]LogModuleManager: Shutting down and abandoning module MediaPlayerEditor (114)
[2016.04.09-16.13.18:385][ 33]LogModuleManager: Shutting down and abandoning module HTML5Networking (113)
[2016.04.09-16.13.18:385][ 33]LogModuleManager: Shutting down and abandoning module SpeedTreeImporter (112)
[2016.04.09-16.13.18:385][ 33]LogModuleManager: Shutting down and abandoning module PluginBrowser (111)
[2016.04.09-16.13.18:386][ 33]LogModuleManager: Shutting down and abandoning module EpicSurvey (110)
[2016.04.09-16.13.18:386][ 33]LogModuleManager: Shutting down and abandoning module DesktopPlatform (109)
[2016.04.09-16.13.18:386][ 33]LogModuleManager: Shutting down and abandoning module VisualStudioSourceCodeAccess (108)
[2016.04.09-16.13.18:386][ 33]LogModuleManager: Shutting down and abandoning module UObjectPlugin (107)
[2016.04.09-16.13.18:386][ 33]LogModuleManager: Shutting down and abandoning module SubversionSourceControl (106)
[2016.04.09-16.13.18:386][ 33]LogModuleManager: Shutting down and abandoning module PerforceSourceControl (105)
[2016.04.09-16.13.18:386][ 33]LogModuleManager: Shutting down and abandoning module SourceControl (104)
[2016.04.09-16.13.18:386][ 33]LogModuleManager: Shutting down and abandoning module GitSourceControl (103)
[2016.04.09-16.13.18:386][ 33]LogModuleManager: Shutting down and abandoning module LightPropagationVolumeEditor (102)
[2016.04.09-16.13.18:386][ 33]LogModuleManager: Shutting down and abandoning module PaperTiledImporter (101)
[2016.04.09-16.13.18:386][ 33]LogModuleManager: Shutting down and abandoning module PaperSpriteSheetImporter (100)
[2016.04.09-16.13.18:386][ 33]LogModuleManager: Shutting down and abandoning module MeshPaint (99)
[2016.04.09-16.13.18:386][ 33]LogModuleManager: Shutting down and abandoning module HotReload (98)
[2016.04.09-16.13.18:387][ 33]LogModuleManager: Shutting down and abandoning module MainFrame (97)
[2016.04.09-16.13.18:387][ 33]LogModuleManager: Shutting down and abandoning module LevelEditor (96)
[2016.04.09-16.13.18:388][ 33]LogModuleManager: Shutting down and abandoning module DirectoryWatcher (95)
[2016.04.09-16.13.18:389][ 33]LogModuleManager: Shutting down and abandoning module AssetRegistry (94)
[2016.04.09-16.13.18:518][ 33]LogModuleManager: Shutting down and abandoning module ContentBrowser (93)
[2016.04.09-16.13.18:519][ 33]LogModuleManager: Shutting down and abandoning module Paper2DEditor (92)
[2016.04.09-16.13.18:519][ 33]LogModuleManager: Shutting down and abandoning module UdpMessaging (91)
[2016.04.09-16.13.18:619][ 33]LogModuleManager: Shutting down and abandoning module LightPropagationVolumeRuntime (90)
[2016.04.09-16.13.18:619][ 33]LogModuleManager: Shutting down and abandoning module Paper2D (89)
[2016.04.09-16.13.18:619][ 33]LogModuleManager: Shutting down and abandoning module WindowsMoviePlayer (88)
[2016.04.09-16.13.18:619][ 33]LogModuleManager: Shutting down and abandoning module Media (87)
[2016.04.09-16.13.18:619][ 33]LogModuleManager: Shutting down and abandoning module WmfMedia (86)
[2016.04.09-16.13.18:619][ 33]LogModuleManager: Shutting down and abandoning module GameLiveStreaming (85)
[2016.04.09-16.13.18:619][ 33]LogModuleManager: Shutting down and abandoning module GameplayTagsEditor (84)
[2016.04.09-16.13.18:619][ 33]LogModuleManager: Shutting down and abandoning module OnlineBlueprintSupport (83)
[2016.04.09-16.13.18:619][ 33]LogModuleManager: Shutting down and abandoning module GameplayTasksEditor (82)
[2016.04.09-16.13.18:619][ 33]LogModuleManager: Shutting down and abandoning module PropertyEditor (81)
[2016.04.09-16.13.18:619][ 33]LogModuleManager: Shutting down and abandoning module BehaviorTreeEditor (80)
[2016.04.09-16.13.18:619][ 33]LogModuleManager: Shutting down and abandoning module FunctionalTesting (79)
[2016.04.09-16.13.18:619][ 33]LogModuleManager: Shutting down and abandoning module CollisionAnalyzer (78)
[2016.04.09-16.13.18:619][ 33]LogModuleManager: Shutting down and abandoning module WorkspaceMenuStructure (77)
[2016.04.09-16.13.18:619][ 33]LogModuleManager: Shutting down and abandoning module MessageLog (76)
[2016.04.09-16.13.18:619][ 33]LogModuleManager: Shutting down and abandoning module Sequencer (75)
[2016.04.09-16.13.18:619][ 33]LogModuleManager: Shutting down and abandoning module AssetTools (74)
[2016.04.09-16.13.18:619][ 33]LogModuleManager: Shutting down and abandoning module UMGEditor (73)
[2016.04.09-16.13.18:619][ 33]LogModuleManager: Shutting down and abandoning module UMG (72)
[2016.04.09-16.13.18:620][ 33]LogModuleManager: Shutting down and abandoning module SlateReflector (71)
[2016.04.09-16.13.18:620][ 33]LogModuleManager: Shutting down and abandoning module Slate (70)
[2016.04.09-16.13.18:620][ 33]LogModuleManager: Shutting down and abandoning module EditorStyle (69)
[2016.04.09-16.13.18:622][ 33]LogModuleManager: Shutting down and abandoning module SessionServices (68)
[2016.04.09-16.13.18:622][ 33]LogModuleManager: Shutting down and abandoning module SourceCodeAccess (67)
[2016.04.09-16.13.18:622][ 33]LogModuleManager: Shutting down and abandoning module HeadMountedDisplay (66)
[2016.04.09-16.13.18:622][ 33]LogModuleManager: Shutting down and abandoning module XAudio2 (65)
[2016.04.09-16.13.18:622][ 33]LogModuleManager: Shutting down and abandoning module Networking (63)
[2016.04.09-16.13.18:622][ 33]LogModuleManager: Shutting down and abandoning module Core (62)
[2016.04.09-16.13.18:622][ 33]LogModuleManager: Shutting down and abandoning module KismetCompiler (61)
[2016.04.09-16.13.18:622][ 33]LogModuleManager: Shutting down and abandoning module PhysXFormats (60)
[2016.04.09-16.13.18:622][ 33]LogModuleManager: Shutting down and abandoning module MeshUtilities (59)
[2016.04.09-16.13.18:622][ 33]LogModuleManager: Shutting down and abandoning module CookingStats (58)
[2016.04.09-16.13.18:622][ 33]LogModuleManager: Shutting down and abandoning module DerivedDataCache (57)
[2016.04.09-16.13.18:622][ 33]LogDerivedDataCache: Shutdown
[2016.04.09-16.13.18:622][ 33]LogModuleManager: Shutting down and abandoning module ShaderFormatOpenGL (56)
[2016.04.09-16.13.18:622][ 33]LogModuleManager: Shutting down and abandoning module ShaderFormatD3D (55)
[2016.04.09-16.13.18:622][ 33]LogModuleManager: Shutting down and abandoning module MetalShaderFormat (54)
[2016.04.09-16.13.18:622][ 33]LogModuleManager: Shutting down and abandoning module TextureFormatUncompressed (53)
[2016.04.09-16.13.18:622][ 33]LogModuleManager: Shutting down and abandoning module TextureFormatPVR (52)
[2016.04.09-16.13.18:622][ 33]LogModuleManager: Shutting down and abandoning module TextureFormatIntelISPCTexComp (51)
[2016.04.09-16.13.18:622][ 33]LogModuleManager: Shutting down and abandoning module TextureFormatDXT (50)
[2016.04.09-16.13.18:622][ 33]LogModuleManager: Shutting down and abandoning module ImageWrapper (49)
[2016.04.09-16.13.18:622][ 33]LogModuleManager: Shutting down and abandoning module TextureFormatASTC (48)
[2016.04.09-16.13.18:622][ 33]LogModuleManager: Shutting down and abandoning module TextureFormatAndroid (47)
[2016.04.09-16.13.18:622][ 33]LogModuleManager: Shutting down and abandoning module AudioFormatOpus (46)
[2016.04.09-16.13.18:622][ 33]LogModuleManager: Shutting down and abandoning module AudioFormatOgg (45)
[2016.04.09-16.13.18:622][ 33]LogModuleManager: Shutting down and abandoning module AudioFormatADPCM (44)
[2016.04.09-16.13.18:622][ 33]LogModuleManager: Shutting down and abandoning module LinuxTargetPlatform (43)
[2016.04.09-16.13.18:622][ 33]LogModuleManager: Shutting down and abandoning module LinuxServerTargetPlatform (42)
[2016.04.09-16.13.18:622][ 33]LogModuleManager: Shutting down and abandoning module LinuxNoEditorTargetPlatform (41)
[2016.04.09-16.13.18:622][ 33]LogModuleManager: Shutting down and abandoning module TVOSTargetPlatform (40)
[2016.04.09-16.13.18:622][ 33]LogModuleManager: Shutting down and abandoning module Messaging (39)
[2016.04.09-16.13.18:622][ 33]LogModuleManager: Shutting down and abandoning module IOSTargetPlatform (38)
[2016.04.09-16.13.18:622][ 33]LogModuleManager: Shutting down and abandoning module HTML5TargetPlatform (37)
[2016.04.09-16.13.18:622][ 33]LogModuleManager: Shutting down and abandoning module Android_PVRTCTargetPlatform (36)
[2016.04.09-16.13.18:622][ 33]LogModuleManager: Shutting down and abandoning module Android_MultiTargetPlatform (35)
[2016.04.09-16.13.18:622][ 33]LogModuleManager: Shutting down and abandoning module Android_ETC2TargetPlatform (34)
[2016.04.09-16.13.18:622][ 33]LogModuleManager: Shutting down and abandoning module Android_ETC1TargetPlatform (33)
[2016.04.09-16.13.18:622][ 33]LogModuleManager: Shutting down and abandoning module Android_DXTTargetPlatform (32)
[2016.04.09-16.13.18:622][ 33]LogModuleManager: Shutting down and abandoning module Android_ATCTargetPlatform (31)
[2016.04.09-16.13.18:622][ 33]LogModuleManager: Shutting down and abandoning module Android_ASTCTargetPlatform (30)
[2016.04.09-16.13.18:622][ 33]LogModuleManager: Shutting down and abandoning module AndroidTargetPlatform (29)
[2016.04.09-16.13.18:622][ 33]LogModuleManager: Shutting down and abandoning module WindowsTargetPlatform (28)
[2016.04.09-16.13.18:622][ 33]LogModuleManager: Shutting down and abandoning module WindowsServerTargetPlatform (27)
[2016.04.09-16.13.18:622][ 33]LogModuleManager: Shutting down and abandoning module WindowsNoEditorTargetPlatform (26)
[2016.04.09-16.13.18:622][ 33]LogModuleManager: Shutting down and abandoning module WindowsClientTargetPlatform (25)
[2016.04.09-16.13.18:622][ 33]LogModuleManager: Shutting down and abandoning module AllDesktopTargetPlatform (24)
[2016.04.09-16.13.18:622][ 33]LogModuleManager: Shutting down and abandoning module TargetPlatform (23)
[2016.04.09-16.13.18:622][ 33]LogModuleManager: Shutting down and abandoning module InputCore (22)
[2016.04.09-16.13.18:622][ 33]LogModuleManager: Shutting down and abandoning module Settings (21)
[2016.04.09-16.13.18:622][ 33]LogModuleManager: Shutting down and abandoning module OnlineSubsystem (19)
[2016.04.09-16.13.18:622][ 33]LogModuleManager: Shutting down and abandoning module HTTP (18)
[2016.04.09-16.13.20:623][ 33]LogModuleManager: Shutting down and abandoning module XMPP (17)
[2016.04.09-16.13.20:623][ 33]LogModuleManager: Shutting down and abandoning module OculusRift (16)
[2016.04.09-16.13.20:623][ 33]LogModuleManager: Shutting down and abandoning module ExampleDeviceProfileSelector (15)
[2016.04.09-16.13.20:623][ 33]LogModuleManager: Shutting down and abandoning module TextureCompressor (14)
[2016.04.09-16.13.20:623][ 33]LogModuleManager: Shutting down and abandoning module ShaderCore (13)
[2016.04.09-16.13.20:623][ 33]LogModuleManager: Shutting down and abandoning module Landscape (12)
[2016.04.09-16.13.20:623][ 33]LogModuleManager: Shutting down and abandoning module SlateRHIRenderer (11)
[2016.04.09-16.13.20:625][ 33]LogModuleManager: Shutting down and abandoning module OpenGLDrv (10)
[2016.04.09-16.13.20:625][ 33]LogModuleManager: Shutting down and abandoning module D3D11RHI (9)
[2016.04.09-16.13.20:625][ 33]LogModuleManager: Shutting down and abandoning module AnimGraphRuntime (8)
[2016.04.09-16.13.20:625][ 33]LogModuleManager: Shutting down and abandoning module Renderer (7)
[2016.04.09-16.13.20:625][ 33]LogModuleManager: Shutting down and abandoning module Engine (6)
[2016.04.09-16.13.20:625][ 33]LogModuleManager: Shutting down and abandoning module CoreUObject (5)
[2016.04.09-16.13.20:625][ 33]LogModuleManager: Shutting down and abandoning module NetworkFile (4)
[2016.04.09-16.13.20:625][ 33]LogModuleManager: Shutting down and abandoning module StreamingFile (3)
[2016.04.09-16.13.20:625][ 33]LogModuleManager: Shutting down and abandoning module SandboxFile (2)
[2016.04.09-16.13.20:625][ 33]LogModuleManager: Shutting down and abandoning module PakFile (1)
[2016.04.09-16.13.20:626][ 33]LogExit: Exiting.
[2016.04.09-16.13.20:627][ 33]Log file closed, 04/09/16 11:13:20
