Log file open, 04/09/16 14:22:58
LogInit:Display: Running engine for game: MyProject
LogPlatformFile: Not using cached read wrapper
LogInit:Display: RandInit(-1405659756) SRandInit(-1405659754).
LogTaskGraph: Started task graph with 4 named threads and 7 total threads.
LogStats: Stats thread started at 0.070545
LogInit: Version: 4.11.1-2934540+++UE4+Release-4.11
LogInit: API Version: 2927265
LogInit: Compiled (64-bit): Apr  6 2016 02:14:16
LogInit: Compiled with Visual C++: 19.00.23026.00
LogInit: Build Configuration: Development
LogInit: Branch Name: ++UE4+Release-4.11
LogInit: Command line:  /Temp/Autosaves/Game/2DSideScrollerBP/Maps/UEDPCLevel3 -game -PIEVIACONSOLE -ResX=1280 -ResY=720  -Multiprocess -messaging -SessionName="Play in Standalone Game" 
LogInit: Base directory: C:/Program Files (x86)/Epic Games/4.11/Engine/Binaries/Win64/
LogInit: Installed Engine Build: 1
LogInit: Using libcurl 7.41.0
LogInit:  - built for x86_64-pc-win32
LogInit:  - supports SSL with WinSSL
LogInit:  - other features:
LogInit:      CURL_VERSION_SSL
LogInit:      CURL_VERSION_IPV6
LogInit:      CURL_VERSION_ASYNCHDNS
LogInit:      CURL_VERSION_LARGEFILE
LogInit:      CURL_VERSION_IDN
LogInit:  CurlRequestOptions (configurable via config and command line):
LogInit:  - bVerifyPeer = true  - Libcurl will verify peer certificate
LogInit:  - bUseHttpProxy = false  - Libcurl will NOT use HTTP proxy
LogInit:  - bDontReuseConnections = false  - Libcurl will reuse connections
LogInit:  - CertBundlePath = nullptr  - Libcurl will use whatever was configured at build time.
LogInit: Presizing for max 16777216 objects, including 0 objects not considered by GC, pre-allocating 0 bytes for permanent pool.
LogInit: Object subsystem initialized
[2016.04.09-19.22.58:469][  0]LogInit: Selected Device Profile: [Windows]
[2016.04.09-19.22.58:469][  0]LogInit: Applying CVar settings loaded from the selected device profile: [Windows]
[2016.04.09-19.22.58:472][  0]LogInit: Computer: CURTIS-PC
[2016.04.09-19.22.58:472][  0]LogInit: User: Curtis
[2016.04.09-19.22.58:472][  0]LogInit: CPU Page size=65536, Cores=4
[2016.04.09-19.22.58:472][  0]LogInit: High frequency timer resolution =2.336201 MHz
[2016.04.09-19.22.58:472][  0]LogMemory: Memory total: Physical=7.9GB (8GB approx)
[2016.04.09-19.22.58:472][  0]LogMemory: Platform Memory Stats for Windows
[2016.04.09-19.22.58:472][  0]LogMemory: Process Physical Memory: 313.95 MB used, 313.95 MB peak
[2016.04.09-19.22.58:472][  0]LogMemory: Process Virtual Memory: 316.73 MB used, 316.73 MB peak
[2016.04.09-19.22.58:472][  0]LogMemory: Physical Memory: 5577.88 MB used, 8139.82 MB total
[2016.04.09-19.22.58:472][  0]LogMemory: Virtual Memory: 620.69 MB used, 8388608.00 MB total
[2016.04.09-19.22.58:503][  0]LogTextLocalizationManager: No specific translations for ('en-US') exist, so ('en') translations will be used.
[2016.04.09-19.22.58:916][  0]LogD3D11RHI: D3D11 adapters:
[2016.04.09-19.22.58:977][  0]LogD3D11RHI:    0. 'AMD Radeon HD 6870M' (Feature Level 11_0)
[2016.04.09-19.22.58:977][  0]LogD3D11RHI:       1010MB of dedicated video memory, 0MB of dedicated system memory, and 3813MB of shared system memory, 1 output[s]
[2016.04.09-19.22.58:982][  0]LogD3D11RHI:    1. 'Intel(R) HD Graphics 3000' (Feature Level 10_0)
[2016.04.09-19.22.58:982][  0]LogD3D11RHI:       64MB of dedicated video memory, 0MB of dedicated system memory, and 1632MB of shared system memory, 0 output[s]
[2016.04.09-19.22.58:982][  0]LogD3D11RHI: Chosen D3D11 Adapter: 0
[2016.04.09-19.22.58:986][  0]LogD3D11RHI: Creating new Direct3DDevice
[2016.04.09-19.22.58:987][  0]LogD3D11RHI:     Adapter Name: AMD Radeon HD 6870M
[2016.04.09-19.22.58:987][  0]LogD3D11RHI:   Driver Version: 9.3.0.0 (internal 9.3.0.0)
[2016.04.09-19.22.58:987][  0]LogD3D11RHI:      Driver Date: 10-25-2012
[2016.04.09-19.22.58:987][  0]LogRHI: Texture pool is 707 MB (70% of 1010 MB)
[2016.04.09-19.22.58:992][  0]LogD3D11RHI: Async texture creation disabled: no driver support
[2016.04.09-19.22.59:003][  0]LogShaderCompilers: Guid format shader working directory is -16 characters bigger than the processId version (../../../../../../Users/Curtis/Documents/Unreal Projects/IceBox/Intermediate/Shaders/WorkingDirectory/5036/).
[2016.04.09-19.22.59:003][  0]LogShaderCompilers: Cleaned the shader compiler working directory 'C:/Users/Curtis/AppData/Local/Temp/UnrealShaderWorkingDir/190F7E64415B7EED627C1BAC6D575E44/'.
[2016.04.09-19.22.59:003][  0]LogShaderCompilers:Display: Using Local Shader Compiler.
[2016.04.09-19.22.59:978][  0]LogTemp:Display: Loaded TP AllDesktopTargetPlatform
[2016.04.09-19.22.59:982][  0]LogTemp:Display: Loaded TP WindowsClientTargetPlatform
[2016.04.09-19.22.59:986][  0]LogTemp:Display: Loaded TP WindowsNoEditorTargetPlatform
[2016.04.09-19.22.59:990][  0]LogTemp:Display: Loaded TP WindowsServerTargetPlatform
[2016.04.09-19.22.59:994][  0]LogTemp:Display: Loaded TP WindowsTargetPlatform
[2016.04.09-19.22.59:997][  0]LogTemp:Display: Loaded TP AndroidTargetPlatform
[2016.04.09-19.23.00:000][  0]LogTemp:Display: Loaded TP Android_ASTCTargetPlatform
[2016.04.09-19.23.00:003][  0]LogTemp:Display: Loaded TP Android_ATCTargetPlatform
[2016.04.09-19.23.00:006][  0]LogTemp:Display: Loaded TP Android_DXTTargetPlatform
[2016.04.09-19.23.00:008][  0]LogTemp:Display: Loaded TP Android_ETC1TargetPlatform
[2016.04.09-19.23.00:011][  0]LogTemp:Display: Loaded TP Android_ETC2TargetPlatform
[2016.04.09-19.23.00:018][  0]LogTemp:Display: Loaded TP Android_MultiTargetPlatform
[2016.04.09-19.23.00:018][  0]LogTemp:Display: Loaded TP Android_PVRTCTargetPlatform
[2016.04.09-19.23.00:019][  0]LogTemp:Display: Loaded TP HTML5TargetPlatform
[2016.04.09-19.23.00:034][  0]LogTemp:Display: Loaded TP IOSTargetPlatform
[2016.04.09-19.23.00:036][  0]LogTemp:Display: Loaded TP TVOSTargetPlatform
[2016.04.09-19.23.00:039][  0]LogTemp:Display: Loaded TP LinuxNoEditorTargetPlatform
[2016.04.09-19.23.00:042][  0]LogTemp:Display: Loaded TP LinuxServerTargetPlatform
[2016.04.09-19.23.00:045][  0]LogTemp:Display: Loaded TP LinuxTargetPlatform
[2016.04.09-19.23.00:045][  0]LogTargetPlatformManager:Display: Building Assets For Windows
[2016.04.09-19.23.00:104][  0]LogDerivedDataCache:Display: Max Cache Size: 512 MB
[2016.04.09-19.23.00:156][  0]LogDerivedDataCache: Loaded boot cache 0.05s 46MB C:/Users/Curtis/AppData/Local/UnrealEngine/4.11/DerivedDataCache/Boot.ddc.
[2016.04.09-19.23.00:156][  0]LogDerivedDataCache:Display: Loaded Boot cache: C:/Users/Curtis/AppData/Local/UnrealEngine/4.11/DerivedDataCache/Boot.ddc
[2016.04.09-19.23.00:156][  0]LogDerivedDataCache: FDerivedDataBackendGraph:  Pak pak cache file ../../../../../../Users/Curtis/Documents/Unreal Projects/IceBox/DerivedDataCache/DDC.ddp not found, will not use a pak cache.
[2016.04.09-19.23.00:156][  0]LogDerivedDataCache: Unable to find inner node Pak for hierarchical cache Hierarchy.
[2016.04.09-19.23.00:156][  0]LogDerivedDataCache: FDerivedDataBackendGraph:  CompressedPak pak cache file ../../../../../../Users/Curtis/Documents/Unreal Projects/IceBox/DerivedDataCache/Compressed.ddp not found, will not use a pak cache.
[2016.04.09-19.23.00:156][  0]LogDerivedDataCache: Unable to find inner node CompressedPak for hierarchical cache Hierarchy.
[2016.04.09-19.23.00:172][  0]LogDerivedDataCache:Display: Pak cache opened for reading ../../../Engine/DerivedDataCache/Compressed.ddp.
[2016.04.09-19.23.00:184][  0]LogDerivedDataCache: Using Local data cache path C:/Users/Curtis/AppData/Local/UnrealEngine/Common/DerivedDataCache: Writable
[2016.04.09-19.23.00:375][  0]LogInit: Selected Device Profile: [Windows]
[2016.04.09-19.23.00:380][  0]LogMaterial: Uniform references updated for custom material expression Custom.
[2016.04.09-19.23.00:381][  0]LogContentStreaming: Texture pool size is 1000.00 MB
[2016.04.09-19.23.00:515][  0]LogMeshUtilities: No automatic mesh reduction module available
[2016.04.09-19.23.00:515][  0]LogMeshUtilities: No automatic mesh merging module available
[2016.04.09-19.23.00:515][  0]LogMeshUtilities: No distributed automatic mesh merging module available
[2016.04.09-19.23.00:732][  0]LogInit: WinSock: version 1.1 (2.2), MaxSocks=32767, MaxUdp=65467
[2016.04.09-19.23.00:784][  0]LogSlate: SlateFontCache - WITH_FREETYPE: 1, WITH_HARFBUZZ: 1
[2016.04.09-19.23.00:784][  0]LogSlate: SlateFontCache - WITH_FREETYPE: 1, WITH_HARFBUZZ: 1
[2016.04.09-19.23.00:904][  0]LogWindowsMoviePlayer: Unable to load movie: ../../../../../../Users/Curtis/Documents/Unreal Projects/IceBox/Content/Movies/Default_Startup.mp4
[2016.04.09-19.23.00:979][  0]LogUdpMessaging: Initializing bridge on interface 0.0.0.0:0 to multicast group 230.0.0.1:6666.
[2016.04.09-19.23.01:060][  0]SourceControl: Info Source control is disabled
[2016.04.09-19.23.01:060][  0]SourceControl: Info Source control is disabled
[2016.04.09-19.23.01:069][  0]SourceControl: Info Source control is disabled
[2016.04.09-19.23.01:165][  0]LogUObjectArray: 29142 objects as part of root set at end of initial load.
[2016.04.09-19.23.01:166][  0]LogUObjectAllocator: 6065048 out of 0 bytes used by permanent object pool.
[2016.04.09-19.23.01:166][  0]LogUObjectArray: CloseDisregardForGC: 0/0 objects in disregard for GC pool
[2016.04.09-19.23.01:219][  0]LogEngine: Initializing Engine...
[2016.04.09-19.23.01:220][  0]LogHMD: SteamVR failed to initialize.  Err: 110
[2016.04.09-19.23.01:221][  0]LogHMD: SteamVR failed to initialize.  Err: 110
[2016.04.09-19.23.01:352][  0]LogInit: XAudio2 using 'Speakers / Headphones (IDT High Definition Audio CODEC)' : 2 channels at 48 kHz using 16 bits per sample (channel mask 0x3)
[2016.04.09-19.23.01:362][  0]LogInit: FAudioDevice initialized.
[2016.04.09-19.23.01:368][  0]LogInit: Texture streaming: Enabled
[2016.04.09-19.23.01:443][  0]LogNet: Browse: /Temp/Autosaves/Game/2DSideScrollerBP/Maps/UEDPCLevel3?Name=Player
[2016.04.09-19.23.01:444][  0]LogLoad: LoadMap: /Temp/Autosaves/Game/2DSideScrollerBP/Maps/UEDPCLevel3?Name=Player
[2016.04.09-19.23.01:458][  0]LogMemory: Platform Memory Stats for Windows
[2016.04.09-19.23.01:459][  0]LogMemory: Process Physical Memory: 641.90 MB used, 644.75 MB peak
[2016.04.09-19.23.01:459][  0]LogMemory: Process Virtual Memory: 625.66 MB used, 632.61 MB peak
[2016.04.09-19.23.01:459][  0]LogMemory: Physical Memory: 5850.28 MB used, 8139.82 MB total
[2016.04.09-19.23.01:459][  0]LogMemory: Virtual Memory: 1150.70 MB used, 8388608.00 MB total
[2016.04.09-19.23.01:459][  0]LogMemory: 
[2016.04.09-19.23.01:459][  0]Allocator Stats for TBB: (not implemented)
[2016.04.09-19.23.01:760][  0]LogAIModule: Creating AISystem for world Level3
[2016.04.09-19.23.01:763][  0]LogWorld: Game class is '2DSideScrollerGameMode_C'
[2016.04.09-19.23.01:776][  0]LogWorld: Bringing World /Temp/Autosaves/Game/2DSideScrollerBP/Maps/UEDPCLevel3.Level3 up for play (max tick rate 0) at 2016.04.09-14.23.01
[2016.04.09-19.23.01:777][  0]LogWorld: Bringing up level for play took: 0.012815
[2016.04.09-19.23.01:780][  0]LogInit:Display: Game Engine Initialized.
[2016.04.09-19.23.01:998][  0]LogLoad: Full Startup: 4.10 seconds (BP compile: 0.05 seconds)
[2016.04.09-19.23.01:998][  0]LogExternalProfiler:Warning: No registered external profiler was matched with a command-line switch (or the DLL could not be loaded).  External profiling features will not be available.
[2016.04.09-19.23.02:016][  0]LogOcInput: OculusInput pre-init called
[2016.04.09-19.23.02:169][  2]LogRenderer: Reallocating scene render targets to support 1280x720 (Frame:2).
[2016.04.09-19.23.03:784][ 82]LogPackageName: SearchForPackageOnDisk took   0.063s to resolve Level3.umap.
[2016.04.09-19.23.03:839][ 83]LogPackageName: SearchForPackageOnDisk took   0.054s to resolve Level3.umap.
[2016.04.09-19.23.03:839][ 83]LogNet: Browse: /Game/2DSideScrollerBP/Maps/Level3
[2016.04.09-19.23.03:839][ 83]LogLoad: LoadMap: /Game/2DSideScrollerBP/Maps/Level3
[2016.04.09-19.23.03:870][ 83]LogMemory: Platform Memory Stats for Windows
[2016.04.09-19.23.03:870][ 83]LogMemory: Process Physical Memory: 682.95 MB used, 687.94 MB peak
[2016.04.09-19.23.03:870][ 83]LogMemory: Process Virtual Memory: 655.83 MB used, 660.46 MB peak
[2016.04.09-19.23.03:870][ 83]LogMemory: Physical Memory: 5881.20 MB used, 8139.82 MB total
[2016.04.09-19.23.03:870][ 83]LogMemory: Virtual Memory: 1204.41 MB used, 8388608.00 MB total
[2016.04.09-19.23.03:870][ 83]LogMemory: 
[2016.04.09-19.23.03:870][ 83]Allocator Stats for TBB: (not implemented)
[2016.04.09-19.23.03:872][ 83]LogLinker:Warning: Can't find file '/Game/AddOns/2DSideScrollerCharacter'
[2016.04.09-19.23.03:872][ 83]LogUObjectGlobals:Warning: Failed to load '/Game/AddOns/2DSideScrollerCharacter': Can't find file '/Game/AddOns/2DSideScrollerCharacter'
[2016.04.09-19.23.03:872][ 83]LogLinker:Warning: Can't find file for asset '/Game/AddOns/2DSideScrollerCharacter' while loading NULL.
[2016.04.09-19.23.03:872][ 83]LogUObjectGlobals:Warning: Failed to load '/Game/AddOns/2DSideScrollerCharacter': Can't find file for asset '/Game/AddOns/2DSideScrollerCharacter' while loading NULL.
[2016.04.09-19.23.03:873][ 83]LogLinker:Warning: Can't find file '/Game/AddOns/2DSideScrollerCharacter'
[2016.04.09-19.23.03:873][ 83]LogUObjectGlobals:Warning: Failed to load '/Game/AddOns/2DSideScrollerCharacter': Can't find file '/Game/AddOns/2DSideScrollerCharacter'
[2016.04.09-19.23.03:873][ 83]LogLinker:Warning: Can't find file for asset '/Game/AddOns/2DSideScrollerCharacter' while loading NULL.
[2016.04.09-19.23.03:873][ 83]LogUObjectGlobals:Warning: Failed to load '/Game/AddOns/2DSideScrollerCharacter': Can't find file for asset '/Game/AddOns/2DSideScrollerCharacter' while loading NULL.
[2016.04.09-19.23.03:873][ 83]LogLinker:Warning: Can't find file '/Game/AddOns/2DSideScrollerCharacter'
[2016.04.09-19.23.03:873][ 83]LogUObjectGlobals:Warning: Failed to load '/Game/AddOns/2DSideScrollerCharacter': Can't find file '/Game/AddOns/2DSideScrollerCharacter'
[2016.04.09-19.23.03:873][ 83]LogLinker:Warning: Can't find file for asset '/Game/AddOns/2DSideScrollerCharacter' while loading NULL.
[2016.04.09-19.23.03:873][ 83]LogUObjectGlobals:Warning: Failed to load '/Game/AddOns/2DSideScrollerCharacter': Can't find file for asset '/Game/AddOns/2DSideScrollerCharacter' while loading NULL.
[2016.04.09-19.23.03:873][ 83]LogLinker:Warning: Can't find file '/Game/AddOns/2DSideScrollerCharacter'
[2016.04.09-19.23.03:873][ 83]LogUObjectGlobals:Warning: Failed to load '/Game/AddOns/2DSideScrollerCharacter': Can't find file '/Game/AddOns/2DSideScrollerCharacter'
[2016.04.09-19.23.03:873][ 83]LogLinker:Warning: Can't find file for asset '/Game/AddOns/2DSideScrollerCharacter' while loading NULL.
[2016.04.09-19.23.03:873][ 83]LogUObjectGlobals:Warning: Failed to load '/Game/AddOns/2DSideScrollerCharacter': Can't find file for asset '/Game/AddOns/2DSideScrollerCharacter' while loading NULL.
[2016.04.09-19.23.03:873][ 83]LogLinker:Warning: Can't find file '/Game/AddOns/2DSideScrollerCharacter'
[2016.04.09-19.23.03:874][ 83]LogUObjectGlobals:Warning: Failed to load '/Game/AddOns/2DSideScrollerCharacter': Can't find file '/Game/AddOns/2DSideScrollerCharacter'
[2016.04.09-19.23.03:874][ 83]LogLinker:Warning: Can't find file for asset '/Game/AddOns/2DSideScrollerCharacter' while loading NULL.
[2016.04.09-19.23.03:874][ 83]LogUObjectGlobals:Warning: Failed to load '/Game/AddOns/2DSideScrollerCharacter': Can't find file for asset '/Game/AddOns/2DSideScrollerCharacter' while loading NULL.
[2016.04.09-19.23.03:874][ 83]LogLinker:Warning: Can't find file '/Game/AddOns/2DSideScrollerCharacter'
[2016.04.09-19.23.03:874][ 83]LogUObjectGlobals:Warning: Failed to load '/Game/AddOns/2DSideScrollerCharacter': Can't find file '/Game/AddOns/2DSideScrollerCharacter'
[2016.04.09-19.23.03:874][ 83]LogLinker:Warning: Can't find file for asset '/Game/AddOns/2DSideScrollerCharacter' while loading NULL.
[2016.04.09-19.23.03:874][ 83]LogUObjectGlobals:Warning: Failed to load '/Game/AddOns/2DSideScrollerCharacter': Can't find file for asset '/Game/AddOns/2DSideScrollerCharacter' while loading NULL.
[2016.04.09-19.23.03:874][ 83]LogLinker:Warning: Can't find file '/Game/AddOns/2DSideScrollerCharacter'
[2016.04.09-19.23.03:874][ 83]LogUObjectGlobals:Warning: Failed to load '/Game/AddOns/2DSideScrollerCharacter': Can't find file '/Game/AddOns/2DSideScrollerCharacter'
[2016.04.09-19.23.03:874][ 83]LogLinker:Warning: Can't find file for asset '/Game/AddOns/2DSideScrollerCharacter' while loading NULL.
[2016.04.09-19.23.03:874][ 83]LogUObjectGlobals:Warning: Failed to load '/Game/AddOns/2DSideScrollerCharacter': Can't find file for asset '/Game/AddOns/2DSideScrollerCharacter' while loading NULL.
[2016.04.09-19.23.03:874][ 83]LogLinker:Warning: Can't find file '/Game/AddOns/2DSideScrollerCharacter'
[2016.04.09-19.23.03:874][ 83]LogUObjectGlobals:Warning: Failed to load '/Game/AddOns/2DSideScrollerCharacter': Can't find file '/Game/AddOns/2DSideScrollerCharacter'
[2016.04.09-19.23.03:874][ 83]LogLinker:Warning: Can't find file for asset '/Game/AddOns/2DSideScrollerCharacter' while loading NULL.
[2016.04.09-19.23.03:875][ 83]LogUObjectGlobals:Warning: Failed to load '/Game/AddOns/2DSideScrollerCharacter': Can't find file for asset '/Game/AddOns/2DSideScrollerCharacter' while loading NULL.
[2016.04.09-19.23.03:875][ 83]LogLinker:Warning: Can't find file '/Game/AddOns/2DSideScrollerCharacter'
[2016.04.09-19.23.03:875][ 83]LogUObjectGlobals:Warning: Failed to load '/Game/AddOns/2DSideScrollerCharacter': Can't find file '/Game/AddOns/2DSideScrollerCharacter'
[2016.04.09-19.23.03:875][ 83]LogLinker:Warning: Can't find file for asset '/Game/AddOns/2DSideScrollerCharacter' while loading NULL.
[2016.04.09-19.23.03:875][ 83]LogUObjectGlobals:Warning: Failed to load '/Game/AddOns/2DSideScrollerCharacter': Can't find file for asset '/Game/AddOns/2DSideScrollerCharacter' while loading NULL.
[2016.04.09-19.23.03:875][ 83]LogLinker:Warning: Can't find file '/Game/AddOns/2DSideScrollerCharacter'
[2016.04.09-19.23.03:875][ 83]LogUObjectGlobals:Warning: Failed to load '/Game/AddOns/2DSideScrollerCharacter': Can't find file '/Game/AddOns/2DSideScrollerCharacter'
[2016.04.09-19.23.03:876][ 83]LogLinker:Warning: Can't find file for asset '/Game/AddOns/2DSideScrollerCharacter' while loading NULL.
[2016.04.09-19.23.03:876][ 83]LogUObjectGlobals:Warning: Failed to load '/Game/AddOns/2DSideScrollerCharacter': Can't find file for asset '/Game/AddOns/2DSideScrollerCharacter' while loading NULL.
[2016.04.09-19.23.03:889][ 83]LogLinker:Warning: Can't find file '/Game/AddOns/2DSideScrollerCharacter'
[2016.04.09-19.23.03:890][ 83]LogUObjectGlobals:Warning: Failed to load '/Game/AddOns/2DSideScrollerCharacter': Can't find file '/Game/AddOns/2DSideScrollerCharacter'
[2016.04.09-19.23.03:890][ 83]LogLinker:Warning: Can't find file for asset '/Game/AddOns/2DSideScrollerCharacter' while loading NULL.
[2016.04.09-19.23.03:890][ 83]LogUObjectGlobals:Warning: Failed to load '/Game/AddOns/2DSideScrollerCharacter': Can't find file for asset '/Game/AddOns/2DSideScrollerCharacter' while loading NULL.
[2016.04.09-19.23.03:890][ 83]LogLinker:Warning: Can't find file '/Game/AddOns/2DSideScrollerCharacter'
[2016.04.09-19.23.03:890][ 83]LogUObjectGlobals:Warning: Failed to load '/Game/AddOns/2DSideScrollerCharacter': Can't find file '/Game/AddOns/2DSideScrollerCharacter'
[2016.04.09-19.23.03:890][ 83]LogLinker:Warning: Can't find file for asset '/Game/AddOns/2DSideScrollerCharacter' while loading NULL.
[2016.04.09-19.23.03:890][ 83]LogUObjectGlobals:Warning: Failed to load '/Game/AddOns/2DSideScrollerCharacter': Can't find file for asset '/Game/AddOns/2DSideScrollerCharacter' while loading NULL.
[2016.04.09-19.23.03:891][ 83]LogLinker:Warning: Can't find file '/Game/AddOns/2DSideScrollerCharacter'
[2016.04.09-19.23.03:891][ 83]LogUObjectGlobals:Warning: Failed to load '/Game/AddOns/2DSideScrollerCharacter': Can't find file '/Game/AddOns/2DSideScrollerCharacter'
[2016.04.09-19.23.03:891][ 83]LogLinker:Warning: Can't find file for asset '/Game/AddOns/2DSideScrollerCharacter' while loading NULL.
[2016.04.09-19.23.03:891][ 83]LogUObjectGlobals:Warning: Failed to load '/Game/AddOns/2DSideScrollerCharacter': Can't find file for asset '/Game/AddOns/2DSideScrollerCharacter' while loading NULL.
[2016.04.09-19.23.03:891][ 83]LogLinker:Warning: Can't find file '/Game/AddOns/2DSideScrollerCharacter'
[2016.04.09-19.23.03:891][ 83]LoadErrors: Info Failed to load /Game/AddOns/2DSideScrollerCharacter.2DSideScrollerCharacter_C Referenced by PersistentLevel
[2016.04.09-19.23.03:891][ 83]LogUObjectGlobals:Warning: Failed to load '/Game/AddOns/2DSideScrollerCharacter': Can't find file '/Game/AddOns/2DSideScrollerCharacter'
[2016.04.09-19.23.03:891][ 83]LogLinker:Warning: Can't find file for asset '/Game/AddOns/2DSideScrollerCharacter' while loading NULL.
[2016.04.09-19.23.03:891][ 83]LoadErrors: Info Failed to load /Game/AddOns/2DSideScrollerCharacter.2DSideScrollerCharacter_C Referenced by PersistentLevel
[2016.04.09-19.23.03:891][ 83]LogUObjectGlobals:Warning: Failed to load '/Game/AddOns/2DSideScrollerCharacter': Can't find file for asset '/Game/AddOns/2DSideScrollerCharacter' while loading NULL.
[2016.04.09-19.23.03:897][ 83]LogLinker:Warning: Can't find file '/Game/AddOns/Spikes_Sprite'
[2016.04.09-19.23.03:897][ 83]LoadErrors: Info Failed to load /Game/AddOns/Spikes_Sprite.Spikes_Sprite Referenced by RenderComponent
[2016.04.09-19.23.03:897][ 83]LogUObjectGlobals:Warning: Failed to load '/Game/AddOns/Spikes_Sprite': Can't find file '/Game/AddOns/Spikes_Sprite'
[2016.04.09-19.23.03:897][ 83]LogLinker:Warning: Can't find file for asset '/Game/AddOns/Spikes_Sprite' while loading NULL.
[2016.04.09-19.23.03:897][ 83]LoadErrors: Info Failed to load /Game/AddOns/Spikes_Sprite.Spikes_Sprite Referenced by RenderComponent
[2016.04.09-19.23.03:897][ 83]LogUObjectGlobals:Warning: Failed to load '/Game/AddOns/Spikes_Sprite': Can't find file for asset '/Game/AddOns/Spikes_Sprite' while loading NULL.
[2016.04.09-19.23.03:897][ 83]LogLinker:Warning: Can't find file '/Game/AddOns/Spikes_Sprite'
[2016.04.09-19.23.03:897][ 83]LoadErrors: Info Failed to load /Game/AddOns/Spikes_Sprite.Spikes_Sprite Referenced by RenderComponent
[2016.04.09-19.23.03:897][ 83]LogUObjectGlobals:Warning: Failed to load '/Game/AddOns/Spikes_Sprite': Can't find file '/Game/AddOns/Spikes_Sprite'
[2016.04.09-19.23.03:897][ 83]LogLinker:Warning: Can't find file for asset '/Game/AddOns/Spikes_Sprite' while loading NULL.
[2016.04.09-19.23.03:897][ 83]LoadErrors: Info Failed to load /Game/AddOns/Spikes_Sprite.Spikes_Sprite Referenced by RenderComponent
[2016.04.09-19.23.03:897][ 83]LogUObjectGlobals:Warning: Failed to load '/Game/AddOns/Spikes_Sprite': Can't find file for asset '/Game/AddOns/Spikes_Sprite' while loading NULL.
[2016.04.09-19.23.03:898][ 83]LogLinker:Warning: Can't find file '/Game/AddOns/Spikes_Sprite'
[2016.04.09-19.23.03:898][ 83]LoadErrors: Info Failed to load /Game/AddOns/Spikes_Sprite.Spikes_Sprite Referenced by RenderComponent
[2016.04.09-19.23.03:898][ 83]LogUObjectGlobals:Warning: Failed to load '/Game/AddOns/Spikes_Sprite': Can't find file '/Game/AddOns/Spikes_Sprite'
[2016.04.09-19.23.03:898][ 83]LogLinker:Warning: Can't find file for asset '/Game/AddOns/Spikes_Sprite' while loading NULL.
[2016.04.09-19.23.03:898][ 83]LoadErrors: Info Failed to load /Game/AddOns/Spikes_Sprite.Spikes_Sprite Referenced by RenderComponent
[2016.04.09-19.23.03:898][ 83]LogUObjectGlobals:Warning: Failed to load '/Game/AddOns/Spikes_Sprite': Can't find file for asset '/Game/AddOns/Spikes_Sprite' while loading NULL.
[2016.04.09-19.23.03:898][ 83]LogLinker:Warning: Can't find file '/Game/AddOns/Spikes_Sprite'
[2016.04.09-19.23.03:898][ 83]LoadErrors: Info Failed to load /Game/AddOns/Spikes_Sprite.Spikes_Sprite Referenced by RenderComponent
[2016.04.09-19.23.03:898][ 83]LogUObjectGlobals:Warning: Failed to load '/Game/AddOns/Spikes_Sprite': Can't find file '/Game/AddOns/Spikes_Sprite'
[2016.04.09-19.23.03:898][ 83]LogLinker:Warning: Can't find file for asset '/Game/AddOns/Spikes_Sprite' while loading NULL.
[2016.04.09-19.23.03:898][ 83]LoadErrors: Info Failed to load /Game/AddOns/Spikes_Sprite.Spikes_Sprite Referenced by RenderComponent
[2016.04.09-19.23.03:898][ 83]LogUObjectGlobals:Warning: Failed to load '/Game/AddOns/Spikes_Sprite': Can't find file for asset '/Game/AddOns/Spikes_Sprite' while loading NULL.
[2016.04.09-19.23.03:898][ 83]LogLinker:Warning: Can't find file '/Game/AddOns/Spikes_Sprite'
[2016.04.09-19.23.03:898][ 83]LoadErrors: Info Failed to load /Game/AddOns/Spikes_Sprite.Spikes_Sprite Referenced by RenderComponent
[2016.04.09-19.23.03:898][ 83]LogUObjectGlobals:Warning: Failed to load '/Game/AddOns/Spikes_Sprite': Can't find file '/Game/AddOns/Spikes_Sprite'
[2016.04.09-19.23.03:898][ 83]LogLinker:Warning: Can't find file for asset '/Game/AddOns/Spikes_Sprite' while loading NULL.
[2016.04.09-19.23.03:898][ 83]LoadErrors: Info Failed to load /Game/AddOns/Spikes_Sprite.Spikes_Sprite Referenced by RenderComponent
[2016.04.09-19.23.03:898][ 83]LogUObjectGlobals:Warning: Failed to load '/Game/AddOns/Spikes_Sprite': Can't find file for asset '/Game/AddOns/Spikes_Sprite' while loading NULL.
[2016.04.09-19.23.03:899][ 83]LogLinker:Warning: Can't find file '/Game/AddOns/Spikes_Sprite'
[2016.04.09-19.23.03:899][ 83]LoadErrors: Info Failed to load /Game/AddOns/Spikes_Sprite.Spikes_Sprite Referenced by RenderComponent
[2016.04.09-19.23.03:899][ 83]LogUObjectGlobals:Warning: Failed to load '/Game/AddOns/Spikes_Sprite': Can't find file '/Game/AddOns/Spikes_Sprite'
[2016.04.09-19.23.03:899][ 83]LogLinker:Warning: Can't find file for asset '/Game/AddOns/Spikes_Sprite' while loading NULL.
[2016.04.09-19.23.03:899][ 83]LoadErrors: Info Failed to load /Game/AddOns/Spikes_Sprite.Spikes_Sprite Referenced by RenderComponent
[2016.04.09-19.23.03:899][ 83]LogUObjectGlobals:Warning: Failed to load '/Game/AddOns/Spikes_Sprite': Can't find file for asset '/Game/AddOns/Spikes_Sprite' while loading NULL.
[2016.04.09-19.23.03:899][ 83]LogLinker:Warning: Can't find file '/Game/AddOns/Spikes_Sprite'
[2016.04.09-19.23.03:899][ 83]LoadErrors: Info Failed to load /Game/AddOns/Spikes_Sprite.Spikes_Sprite Referenced by RenderComponent
[2016.04.09-19.23.03:899][ 83]LogUObjectGlobals:Warning: Failed to load '/Game/AddOns/Spikes_Sprite': Can't find file '/Game/AddOns/Spikes_Sprite'
[2016.04.09-19.23.03:899][ 83]LogLinker:Warning: Can't find file for asset '/Game/AddOns/Spikes_Sprite' while loading NULL.
[2016.04.09-19.23.03:899][ 83]LoadErrors: Info Failed to load /Game/AddOns/Spikes_Sprite.Spikes_Sprite Referenced by RenderComponent
[2016.04.09-19.23.03:899][ 83]LogUObjectGlobals:Warning: Failed to load '/Game/AddOns/Spikes_Sprite': Can't find file for asset '/Game/AddOns/Spikes_Sprite' while loading NULL.
[2016.04.09-19.23.03:899][ 83]LogLinker:Warning: Can't find file '/Game/AddOns/Spikes_Sprite'
[2016.04.09-19.23.03:899][ 83]LoadErrors: Info Failed to load /Game/AddOns/Spikes_Sprite.Spikes_Sprite Referenced by RenderComponent
[2016.04.09-19.23.03:899][ 83]LogUObjectGlobals:Warning: Failed to load '/Game/AddOns/Spikes_Sprite': Can't find file '/Game/AddOns/Spikes_Sprite'
[2016.04.09-19.23.03:899][ 83]LogLinker:Warning: Can't find file for asset '/Game/AddOns/Spikes_Sprite' while loading NULL.
[2016.04.09-19.23.03:899][ 83]LoadErrors: Info Failed to load /Game/AddOns/Spikes_Sprite.Spikes_Sprite Referenced by RenderComponent
[2016.04.09-19.23.03:899][ 83]LogUObjectGlobals:Warning: Failed to load '/Game/AddOns/Spikes_Sprite': Can't find file for asset '/Game/AddOns/Spikes_Sprite' while loading NULL.
[2016.04.09-19.23.03:900][ 83]LogLinker:Warning: Can't find file '/Game/AddOns/Spikes_Sprite'
[2016.04.09-19.23.03:900][ 83]LoadErrors: Info Failed to load /Game/AddOns/Spikes_Sprite.Spikes_Sprite Referenced by RenderComponent
[2016.04.09-19.23.03:900][ 83]LogUObjectGlobals:Warning: Failed to load '/Game/AddOns/Spikes_Sprite': Can't find file '/Game/AddOns/Spikes_Sprite'
[2016.04.09-19.23.03:900][ 83]LogLinker:Warning: Can't find file for asset '/Game/AddOns/Spikes_Sprite' while loading NULL.
[2016.04.09-19.23.03:900][ 83]LoadErrors: Info Failed to load /Game/AddOns/Spikes_Sprite.Spikes_Sprite Referenced by RenderComponent
[2016.04.09-19.23.03:900][ 83]LogUObjectGlobals:Warning: Failed to load '/Game/AddOns/Spikes_Sprite': Can't find file for asset '/Game/AddOns/Spikes_Sprite' while loading NULL.
[2016.04.09-19.23.03:900][ 83]LogLinker:Warning: Can't find file '/Game/AddOns/Standalone_block_Sprite'
[2016.04.09-19.23.03:900][ 83]LoadErrors: Info Failed to load /Game/AddOns/Standalone_block_Sprite.Standalone_block_Sprite Referenced by RenderComponent
[2016.04.09-19.23.03:900][ 83]LogUObjectGlobals:Warning: Failed to load '/Game/AddOns/Standalone_block_Sprite': Can't find file '/Game/AddOns/Standalone_block_Sprite'
[2016.04.09-19.23.03:900][ 83]LogLinker:Warning: Can't find file for asset '/Game/AddOns/Standalone_block_Sprite' while loading NULL.
[2016.04.09-19.23.03:900][ 83]LoadErrors: Info Failed to load /Game/AddOns/Standalone_block_Sprite.Standalone_block_Sprite Referenced by RenderComponent
[2016.04.09-19.23.03:900][ 83]LogUObjectGlobals:Warning: Failed to load '/Game/AddOns/Standalone_block_Sprite': Can't find file for asset '/Game/AddOns/Standalone_block_Sprite' while loading NULL.
[2016.04.09-19.23.03:900][ 83]LogLinker:Warning: Can't find file '/Game/AddOns/Standalone_block_Sprite'
[2016.04.09-19.23.03:900][ 83]LoadErrors: Info Failed to load /Game/AddOns/Standalone_block_Sprite.Standalone_block_Sprite Referenced by RenderComponent
[2016.04.09-19.23.03:900][ 83]LogUObjectGlobals:Warning: Failed to load '/Game/AddOns/Standalone_block_Sprite': Can't find file '/Game/AddOns/Standalone_block_Sprite'
[2016.04.09-19.23.03:901][ 83]LogLinker:Warning: Can't find file for asset '/Game/AddOns/Standalone_block_Sprite' while loading NULL.
[2016.04.09-19.23.03:901][ 83]LoadErrors: Info Failed to load /Game/AddOns/Standalone_block_Sprite.Standalone_block_Sprite Referenced by RenderComponent
[2016.04.09-19.23.03:901][ 83]LogUObjectGlobals:Warning: Failed to load '/Game/AddOns/Standalone_block_Sprite': Can't find file for asset '/Game/AddOns/Standalone_block_Sprite' while loading NULL.
[2016.04.09-19.23.03:901][ 83]LogLinker:Warning: Can't find file '/Game/AddOns/Standalone_block_Sprite'
[2016.04.09-19.23.03:901][ 83]LoadErrors: Info Failed to load /Game/AddOns/Standalone_block_Sprite.Standalone_block_Sprite Referenced by RenderComponent
[2016.04.09-19.23.03:901][ 83]LogUObjectGlobals:Warning: Failed to load '/Game/AddOns/Standalone_block_Sprite': Can't find file '/Game/AddOns/Standalone_block_Sprite'
[2016.04.09-19.23.03:901][ 83]LogLinker:Warning: Can't find file for asset '/Game/AddOns/Standalone_block_Sprite' while loading NULL.
[2016.04.09-19.23.03:901][ 83]LoadErrors: Info Failed to load /Game/AddOns/Standalone_block_Sprite.Standalone_block_Sprite Referenced by RenderComponent
[2016.04.09-19.23.03:901][ 83]LogUObjectGlobals:Warning: Failed to load '/Game/AddOns/Standalone_block_Sprite': Can't find file for asset '/Game/AddOns/Standalone_block_Sprite' while loading NULL.
[2016.04.09-19.23.03:916][ 83]LogAIModule: Creating AISystem for world Level3
[2016.04.09-19.23.04:142][ 83]LogWorld: Game class is '2DSideScrollerGameMode_C'
[2016.04.09-19.23.04:154][ 83]LogWorld: Bringing World /Game/2DSideScrollerBP/Maps/Level3.Level3 up for play (max tick rate 0) at 2016.04.09-14.23.04
[2016.04.09-19.23.04:154][ 83]LogWorld: Bringing up level for play took: 0.011288
[2016.04.09-19.23.04:159][ 84]LoadErrors:Warning: Warning CreateExport: Failed to load Outer for resource 'SideViewCameraComponent': 2DSideScrollerCharacter_C /Game/2DSideScrollerBP/Maps/Level3.Level3:PersistentLevel.2DSideScrollerCharacter_1842
[2016.04.09-19.23.04:159][ 84]LoadErrors:Warning: Warning CreateExport: Failed to load Outer for resource 'CollisionCylinder': 2DSideScrollerCharacter_C /Game/2DSideScrollerBP/Maps/Level3.Level3:PersistentLevel.2DSideScrollerCharacter_1842
[2016.04.09-19.23.04:159][ 84]LoadErrors:Warning: Warning CreateExport: Failed to load Outer for resource 'CharMoveComp': 2DSideScrollerCharacter_C /Game/2DSideScrollerBP/Maps/Level3.Level3:PersistentLevel.2DSideScrollerCharacter_1842
[2016.04.09-19.23.04:159][ 84]LoadErrors:Warning: Warning CreateExport: Failed to load Outer for resource 'Sprite0': 2DSideScrollerCharacter_C /Game/2DSideScrollerBP/Maps/Level3.Level3:PersistentLevel.2DSideScrollerCharacter_1842
[2016.04.09-19.23.04:159][ 84]LoadErrors:Warning: Warning CreateExport: Failed to load Outer for resource 'CameraBoom': 2DSideScrollerCharacter_C /Game/2DSideScrollerBP/Maps/Level3.Level3:PersistentLevel.2DSideScrollerCharacter_1842
[2016.04.09-19.23.06:713][222]LogPackageName: SearchForPackageOnDisk took   0.054s to resolve Level3.umap.
[2016.04.09-19.23.06:769][223]LogPackageName: SearchForPackageOnDisk took   0.054s to resolve Level3.umap.
[2016.04.09-19.23.06:769][223]LogNet: Browse: /Game/2DSideScrollerBP/Maps/Level3
[2016.04.09-19.23.06:769][223]LogLoad: LoadMap: /Game/2DSideScrollerBP/Maps/Level3
[2016.04.09-19.23.06:797][223]LogMemory: Platform Memory Stats for Windows
[2016.04.09-19.23.06:797][223]LogMemory: Process Physical Memory: 694.57 MB used, 696.42 MB peak
[2016.04.09-19.23.06:797][223]LogMemory: Process Virtual Memory: 669.91 MB used, 673.93 MB peak
[2016.04.09-19.23.06:797][223]LogMemory: Physical Memory: 5889.87 MB used, 8139.82 MB total
[2016.04.09-19.23.06:797][223]LogMemory: Virtual Memory: 1221.44 MB used, 8388608.00 MB total
[2016.04.09-19.23.06:797][223]LogMemory: 
[2016.04.09-19.23.06:797][223]Allocator Stats for TBB: (not implemented)
[2016.04.09-19.23.06:799][223]LogLinker:Warning: Can't find file '/Game/AddOns/2DSideScrollerCharacter'
[2016.04.09-19.23.06:799][223]LogUObjectGlobals:Warning: Failed to load '/Game/AddOns/2DSideScrollerCharacter': Can't find file '/Game/AddOns/2DSideScrollerCharacter'
[2016.04.09-19.23.06:799][223]LogLinker:Warning: Can't find file for asset '/Game/AddOns/2DSideScrollerCharacter' while loading NULL.
[2016.04.09-19.23.06:799][223]LogUObjectGlobals:Warning: Failed to load '/Game/AddOns/2DSideScrollerCharacter': Can't find file for asset '/Game/AddOns/2DSideScrollerCharacter' while loading NULL.
[2016.04.09-19.23.06:799][223]LogLinker:Warning: Can't find file '/Game/AddOns/2DSideScrollerCharacter'
[2016.04.09-19.23.06:799][223]LogUObjectGlobals:Warning: Failed to load '/Game/AddOns/2DSideScrollerCharacter': Can't find file '/Game/AddOns/2DSideScrollerCharacter'
[2016.04.09-19.23.06:799][223]LogLinker:Warning: Can't find file for asset '/Game/AddOns/2DSideScrollerCharacter' while loading NULL.
[2016.04.09-19.23.06:799][223]LogUObjectGlobals:Warning: Failed to load '/Game/AddOns/2DSideScrollerCharacter': Can't find file for asset '/Game/AddOns/2DSideScrollerCharacter' while loading NULL.
[2016.04.09-19.23.06:800][223]LogLinker:Warning: Can't find file '/Game/AddOns/2DSideScrollerCharacter'
[2016.04.09-19.23.06:800][223]LogUObjectGlobals:Warning: Failed to load '/Game/AddOns/2DSideScrollerCharacter': Can't find file '/Game/AddOns/2DSideScrollerCharacter'
[2016.04.09-19.23.06:800][223]LogLinker:Warning: Can't find file for asset '/Game/AddOns/2DSideScrollerCharacter' while loading NULL.
[2016.04.09-19.23.06:800][223]LogUObjectGlobals:Warning: Failed to load '/Game/AddOns/2DSideScrollerCharacter': Can't find file for asset '/Game/AddOns/2DSideScrollerCharacter' while loading NULL.
[2016.04.09-19.23.06:800][223]LogLinker:Warning: Can't find file '/Game/AddOns/2DSideScrollerCharacter'
[2016.04.09-19.23.06:800][223]LogUObjectGlobals:Warning: Failed to load '/Game/AddOns/2DSideScrollerCharacter': Can't find file '/Game/AddOns/2DSideScrollerCharacter'
[2016.04.09-19.23.06:800][223]LogLinker:Warning: Can't find file for asset '/Game/AddOns/2DSideScrollerCharacter' while loading NULL.
[2016.04.09-19.23.06:800][223]LogUObjectGlobals:Warning: Failed to load '/Game/AddOns/2DSideScrollerCharacter': Can't find file for asset '/Game/AddOns/2DSideScrollerCharacter' while loading NULL.
[2016.04.09-19.23.06:800][223]LogLinker:Warning: Can't find file '/Game/AddOns/2DSideScrollerCharacter'
[2016.04.09-19.23.06:800][223]LogUObjectGlobals:Warning: Failed to load '/Game/AddOns/2DSideScrollerCharacter': Can't find file '/Game/AddOns/2DSideScrollerCharacter'
[2016.04.09-19.23.06:800][223]LogLinker:Warning: Can't find file for asset '/Game/AddOns/2DSideScrollerCharacter' while loading NULL.
[2016.04.09-19.23.06:800][223]LogUObjectGlobals:Warning: Failed to load '/Game/AddOns/2DSideScrollerCharacter': Can't find file for asset '/Game/AddOns/2DSideScrollerCharacter' while loading NULL.
[2016.04.09-19.23.06:800][223]LogLinker:Warning: Can't find file '/Game/AddOns/2DSideScrollerCharacter'
[2016.04.09-19.23.06:800][223]LogUObjectGlobals:Warning: Failed to load '/Game/AddOns/2DSideScrollerCharacter': Can't find file '/Game/AddOns/2DSideScrollerCharacter'
[2016.04.09-19.23.06:800][223]LogLinker:Warning: Can't find file for asset '/Game/AddOns/2DSideScrollerCharacter' while loading NULL.
[2016.04.09-19.23.06:800][223]LogUObjectGlobals:Warning: Failed to load '/Game/AddOns/2DSideScrollerCharacter': Can't find file for asset '/Game/AddOns/2DSideScrollerCharacter' while loading NULL.
[2016.04.09-19.23.06:801][223]LogLinker:Warning: Can't find file '/Game/AddOns/2DSideScrollerCharacter'
[2016.04.09-19.23.06:801][223]LogUObjectGlobals:Warning: Failed to load '/Game/AddOns/2DSideScrollerCharacter': Can't find file '/Game/AddOns/2DSideScrollerCharacter'
[2016.04.09-19.23.06:801][223]LogLinker:Warning: Can't find file for asset '/Game/AddOns/2DSideScrollerCharacter' while loading NULL.
[2016.04.09-19.23.06:801][223]LogUObjectGlobals:Warning: Failed to load '/Game/AddOns/2DSideScrollerCharacter': Can't find file for asset '/Game/AddOns/2DSideScrollerCharacter' while loading NULL.
[2016.04.09-19.23.06:801][223]LogLinker:Warning: Can't find file '/Game/AddOns/2DSideScrollerCharacter'
[2016.04.09-19.23.06:801][223]LogUObjectGlobals:Warning: Failed to load '/Game/AddOns/2DSideScrollerCharacter': Can't find file '/Game/AddOns/2DSideScrollerCharacter'
[2016.04.09-19.23.06:801][223]LogLinker:Warning: Can't find file for asset '/Game/AddOns/2DSideScrollerCharacter' while loading NULL.
[2016.04.09-19.23.06:801][223]LogUObjectGlobals:Warning: Failed to load '/Game/AddOns/2DSideScrollerCharacter': Can't find file for asset '/Game/AddOns/2DSideScrollerCharacter' while loading NULL.
[2016.04.09-19.23.06:802][223]LogLinker:Warning: Can't find file '/Game/AddOns/2DSideScrollerCharacter'
[2016.04.09-19.23.06:802][223]LogUObjectGlobals:Warning: Failed to load '/Game/AddOns/2DSideScrollerCharacter': Can't find file '/Game/AddOns/2DSideScrollerCharacter'
[2016.04.09-19.23.06:802][223]LogLinker:Warning: Can't find file for asset '/Game/AddOns/2DSideScrollerCharacter' while loading NULL.
[2016.04.09-19.23.06:802][223]LogUObjectGlobals:Warning: Failed to load '/Game/AddOns/2DSideScrollerCharacter': Can't find file for asset '/Game/AddOns/2DSideScrollerCharacter' while loading NULL.
[2016.04.09-19.23.06:802][223]LogLinker:Warning: Can't find file '/Game/AddOns/2DSideScrollerCharacter'
[2016.04.09-19.23.06:802][223]LogUObjectGlobals:Warning: Failed to load '/Game/AddOns/2DSideScrollerCharacter': Can't find file '/Game/AddOns/2DSideScrollerCharacter'
[2016.04.09-19.23.06:802][223]LogLinker:Warning: Can't find file for asset '/Game/AddOns/2DSideScrollerCharacter' while loading NULL.
[2016.04.09-19.23.06:802][223]LogUObjectGlobals:Warning: Failed to load '/Game/AddOns/2DSideScrollerCharacter': Can't find file for asset '/Game/AddOns/2DSideScrollerCharacter' while loading NULL.
[2016.04.09-19.23.06:816][223]LogLinker:Warning: Can't find file '/Game/AddOns/2DSideScrollerCharacter'
[2016.04.09-19.23.06:816][223]LogUObjectGlobals:Warning: Failed to load '/Game/AddOns/2DSideScrollerCharacter': Can't find file '/Game/AddOns/2DSideScrollerCharacter'
[2016.04.09-19.23.06:816][223]LogLinker:Warning: Can't find file for asset '/Game/AddOns/2DSideScrollerCharacter' while loading NULL.
[2016.04.09-19.23.06:816][223]LogUObjectGlobals:Warning: Failed to load '/Game/AddOns/2DSideScrollerCharacter': Can't find file for asset '/Game/AddOns/2DSideScrollerCharacter' while loading NULL.
[2016.04.09-19.23.06:816][223]LogLinker:Warning: Can't find file '/Game/AddOns/2DSideScrollerCharacter'
[2016.04.09-19.23.06:816][223]LogUObjectGlobals:Warning: Failed to load '/Game/AddOns/2DSideScrollerCharacter': Can't find file '/Game/AddOns/2DSideScrollerCharacter'
[2016.04.09-19.23.06:816][223]LogLinker:Warning: Can't find file for asset '/Game/AddOns/2DSideScrollerCharacter' while loading NULL.
[2016.04.09-19.23.06:816][223]LogUObjectGlobals:Warning: Failed to load '/Game/AddOns/2DSideScrollerCharacter': Can't find file for asset '/Game/AddOns/2DSideScrollerCharacter' while loading NULL.
[2016.04.09-19.23.06:817][223]LogLinker:Warning: Can't find file '/Game/AddOns/2DSideScrollerCharacter'
[2016.04.09-19.23.06:817][223]LogUObjectGlobals:Warning: Failed to load '/Game/AddOns/2DSideScrollerCharacter': Can't find file '/Game/AddOns/2DSideScrollerCharacter'
[2016.04.09-19.23.06:818][223]LogLinker:Warning: Can't find file for asset '/Game/AddOns/2DSideScrollerCharacter' while loading NULL.
[2016.04.09-19.23.06:818][223]LogUObjectGlobals:Warning: Failed to load '/Game/AddOns/2DSideScrollerCharacter': Can't find file for asset '/Game/AddOns/2DSideScrollerCharacter' while loading NULL.
[2016.04.09-19.23.06:818][223]LogLinker:Warning: Can't find file '/Game/AddOns/2DSideScrollerCharacter'
[2016.04.09-19.23.06:818][223]LoadErrors: Info Failed to load /Game/AddOns/2DSideScrollerCharacter.2DSideScrollerCharacter_C Referenced by PersistentLevel
[2016.04.09-19.23.06:818][223]LogUObjectGlobals:Warning: Failed to load '/Game/AddOns/2DSideScrollerCharacter': Can't find file '/Game/AddOns/2DSideScrollerCharacter'
[2016.04.09-19.23.06:818][223]LogLinker:Warning: Can't find file for asset '/Game/AddOns/2DSideScrollerCharacter' while loading NULL.
[2016.04.09-19.23.06:818][223]LoadErrors: Info Failed to load /Game/AddOns/2DSideScrollerCharacter.2DSideScrollerCharacter_C Referenced by PersistentLevel
[2016.04.09-19.23.06:818][223]LogUObjectGlobals:Warning: Failed to load '/Game/AddOns/2DSideScrollerCharacter': Can't find file for asset '/Game/AddOns/2DSideScrollerCharacter' while loading NULL.
[2016.04.09-19.23.06:823][223]LogLinker:Warning: Can't find file '/Game/AddOns/Spikes_Sprite'
[2016.04.09-19.23.06:823][223]LoadErrors: Info Failed to load /Game/AddOns/Spikes_Sprite.Spikes_Sprite Referenced by RenderComponent
[2016.04.09-19.23.06:823][223]LogUObjectGlobals:Warning: Failed to load '/Game/AddOns/Spikes_Sprite': Can't find file '/Game/AddOns/Spikes_Sprite'
[2016.04.09-19.23.06:823][223]LogLinker:Warning: Can't find file for asset '/Game/AddOns/Spikes_Sprite' while loading NULL.
[2016.04.09-19.23.06:823][223]LoadErrors: Info Failed to load /Game/AddOns/Spikes_Sprite.Spikes_Sprite Referenced by RenderComponent
[2016.04.09-19.23.06:823][223]LogUObjectGlobals:Warning: Failed to load '/Game/AddOns/Spikes_Sprite': Can't find file for asset '/Game/AddOns/Spikes_Sprite' while loading NULL.
[2016.04.09-19.23.06:823][223]LogLinker:Warning: Can't find file '/Game/AddOns/Spikes_Sprite'
[2016.04.09-19.23.06:823][223]LoadErrors: Info Failed to load /Game/AddOns/Spikes_Sprite.Spikes_Sprite Referenced by RenderComponent
[2016.04.09-19.23.06:823][223]LogUObjectGlobals:Warning: Failed to load '/Game/AddOns/Spikes_Sprite': Can't find file '/Game/AddOns/Spikes_Sprite'
[2016.04.09-19.23.06:823][223]LogLinker:Warning: Can't find file for asset '/Game/AddOns/Spikes_Sprite' while loading NULL.
[2016.04.09-19.23.06:823][223]LoadErrors: Info Failed to load /Game/AddOns/Spikes_Sprite.Spikes_Sprite Referenced by RenderComponent
[2016.04.09-19.23.06:823][223]LogUObjectGlobals:Warning: Failed to load '/Game/AddOns/Spikes_Sprite': Can't find file for asset '/Game/AddOns/Spikes_Sprite' while loading NULL.
[2016.04.09-19.23.06:824][223]LogLinker:Warning: Can't find file '/Game/AddOns/Spikes_Sprite'
[2016.04.09-19.23.06:824][223]LoadErrors: Info Failed to load /Game/AddOns/Spikes_Sprite.Spikes_Sprite Referenced by RenderComponent
[2016.04.09-19.23.06:824][223]LogUObjectGlobals:Warning: Failed to load '/Game/AddOns/Spikes_Sprite': Can't find file '/Game/AddOns/Spikes_Sprite'
[2016.04.09-19.23.06:824][223]LogLinker:Warning: Can't find file for asset '/Game/AddOns/Spikes_Sprite' while loading NULL.
[2016.04.09-19.23.06:824][223]LoadErrors: Info Failed to load /Game/AddOns/Spikes_Sprite.Spikes_Sprite Referenced by RenderComponent
[2016.04.09-19.23.06:824][223]LogUObjectGlobals:Warning: Failed to load '/Game/AddOns/Spikes_Sprite': Can't find file for asset '/Game/AddOns/Spikes_Sprite' while loading NULL.
[2016.04.09-19.23.06:824][223]LogLinker:Warning: Can't find file '/Game/AddOns/Spikes_Sprite'
[2016.04.09-19.23.06:824][223]LoadErrors: Info Failed to load /Game/AddOns/Spikes_Sprite.Spikes_Sprite Referenced by RenderComponent
[2016.04.09-19.23.06:824][223]LogUObjectGlobals:Warning: Failed to load '/Game/AddOns/Spikes_Sprite': Can't find file '/Game/AddOns/Spikes_Sprite'
[2016.04.09-19.23.06:824][223]LogLinker:Warning: Can't find file for asset '/Game/AddOns/Spikes_Sprite' while loading NULL.
[2016.04.09-19.23.06:824][223]LoadErrors: Info Failed to load /Game/AddOns/Spikes_Sprite.Spikes_Sprite Referenced by RenderComponent
[2016.04.09-19.23.06:824][223]LogUObjectGlobals:Warning: Failed to load '/Game/AddOns/Spikes_Sprite': Can't find file for asset '/Game/AddOns/Spikes_Sprite' while loading NULL.
[2016.04.09-19.23.06:824][223]LogLinker:Warning: Can't find file '/Game/AddOns/Spikes_Sprite'
[2016.04.09-19.23.06:824][223]LoadErrors: Info Failed to load /Game/AddOns/Spikes_Sprite.Spikes_Sprite Referenced by RenderComponent
[2016.04.09-19.23.06:824][223]LogUObjectGlobals:Warning: Failed to load '/Game/AddOns/Spikes_Sprite': Can't find file '/Game/AddOns/Spikes_Sprite'
[2016.04.09-19.23.06:824][223]LogLinker:Warning: Can't find file for asset '/Game/AddOns/Spikes_Sprite' while loading NULL.
[2016.04.09-19.23.06:824][223]LoadErrors: Info Failed to load /Game/AddOns/Spikes_Sprite.Spikes_Sprite Referenced by RenderComponent
[2016.04.09-19.23.06:825][223]LogUObjectGlobals:Warning: Failed to load '/Game/AddOns/Spikes_Sprite': Can't find file for asset '/Game/AddOns/Spikes_Sprite' while loading NULL.
[2016.04.09-19.23.06:825][223]LogLinker:Warning: Can't find file '/Game/AddOns/Spikes_Sprite'
[2016.04.09-19.23.06:825][223]LoadErrors: Info Failed to load /Game/AddOns/Spikes_Sprite.Spikes_Sprite Referenced by RenderComponent
[2016.04.09-19.23.06:825][223]LogUObjectGlobals:Warning: Failed to load '/Game/AddOns/Spikes_Sprite': Can't find file '/Game/AddOns/Spikes_Sprite'
[2016.04.09-19.23.06:825][223]LogLinker:Warning: Can't find file for asset '/Game/AddOns/Spikes_Sprite' while loading NULL.
[2016.04.09-19.23.06:825][223]LoadErrors: Info Failed to load /Game/AddOns/Spikes_Sprite.Spikes_Sprite Referenced by RenderComponent
[2016.04.09-19.23.06:825][223]LogUObjectGlobals:Warning: Failed to load '/Game/AddOns/Spikes_Sprite': Can't find file for asset '/Game/AddOns/Spikes_Sprite' while loading NULL.
[2016.04.09-19.23.06:825][223]LogLinker:Warning: Can't find file '/Game/AddOns/Spikes_Sprite'
[2016.04.09-19.23.06:825][223]LoadErrors: Info Failed to load /Game/AddOns/Spikes_Sprite.Spikes_Sprite Referenced by RenderComponent
[2016.04.09-19.23.06:825][223]LogUObjectGlobals:Warning: Failed to load '/Game/AddOns/Spikes_Sprite': Can't find file '/Game/AddOns/Spikes_Sprite'
[2016.04.09-19.23.06:825][223]LogLinker:Warning: Can't find file for asset '/Game/AddOns/Spikes_Sprite' while loading NULL.
[2016.04.09-19.23.06:825][223]LoadErrors: Info Failed to load /Game/AddOns/Spikes_Sprite.Spikes_Sprite Referenced by RenderComponent
[2016.04.09-19.23.06:825][223]LogUObjectGlobals:Warning: Failed to load '/Game/AddOns/Spikes_Sprite': Can't find file for asset '/Game/AddOns/Spikes_Sprite' while loading NULL.
[2016.04.09-19.23.06:825][223]LogLinker:Warning: Can't find file '/Game/AddOns/Spikes_Sprite'
[2016.04.09-19.23.06:825][223]LoadErrors: Info Failed to load /Game/AddOns/Spikes_Sprite.Spikes_Sprite Referenced by RenderComponent
[2016.04.09-19.23.06:825][223]LogUObjectGlobals:Warning: Failed to load '/Game/AddOns/Spikes_Sprite': Can't find file '/Game/AddOns/Spikes_Sprite'
[2016.04.09-19.23.06:825][223]LogLinker:Warning: Can't find file for asset '/Game/AddOns/Spikes_Sprite' while loading NULL.
[2016.04.09-19.23.06:825][223]LoadErrors: Info Failed to load /Game/AddOns/Spikes_Sprite.Spikes_Sprite Referenced by RenderComponent
[2016.04.09-19.23.06:826][223]LogUObjectGlobals:Warning: Failed to load '/Game/AddOns/Spikes_Sprite': Can't find file for asset '/Game/AddOns/Spikes_Sprite' while loading NULL.
[2016.04.09-19.23.06:826][223]LogLinker:Warning: Can't find file '/Game/AddOns/Spikes_Sprite'
[2016.04.09-19.23.06:826][223]LoadErrors: Info Failed to load /Game/AddOns/Spikes_Sprite.Spikes_Sprite Referenced by RenderComponent
[2016.04.09-19.23.06:826][223]LogUObjectGlobals:Warning: Failed to load '/Game/AddOns/Spikes_Sprite': Can't find file '/Game/AddOns/Spikes_Sprite'
[2016.04.09-19.23.06:826][223]LogLinker:Warning: Can't find file for asset '/Game/AddOns/Spikes_Sprite' while loading NULL.
[2016.04.09-19.23.06:826][223]LoadErrors: Info Failed to load /Game/AddOns/Spikes_Sprite.Spikes_Sprite Referenced by RenderComponent
[2016.04.09-19.23.06:826][223]LogUObjectGlobals:Warning: Failed to load '/Game/AddOns/Spikes_Sprite': Can't find file for asset '/Game/AddOns/Spikes_Sprite' while loading NULL.
[2016.04.09-19.23.06:826][223]LogLinker:Warning: Can't find file '/Game/AddOns/Standalone_block_Sprite'
[2016.04.09-19.23.06:826][223]LoadErrors: Info Failed to load /Game/AddOns/Standalone_block_Sprite.Standalone_block_Sprite Referenced by RenderComponent
[2016.04.09-19.23.06:826][223]LogUObjectGlobals:Warning: Failed to load '/Game/AddOns/Standalone_block_Sprite': Can't find file '/Game/AddOns/Standalone_block_Sprite'
[2016.04.09-19.23.06:826][223]LogLinker:Warning: Can't find file for asset '/Game/AddOns/Standalone_block_Sprite' while loading NULL.
[2016.04.09-19.23.06:826][223]LoadErrors: Info Failed to load /Game/AddOns/Standalone_block_Sprite.Standalone_block_Sprite Referenced by RenderComponent
[2016.04.09-19.23.06:826][223]LogUObjectGlobals:Warning: Failed to load '/Game/AddOns/Standalone_block_Sprite': Can't find file for asset '/Game/AddOns/Standalone_block_Sprite' while loading NULL.
[2016.04.09-19.23.06:826][223]LogLinker:Warning: Can't find file '/Game/AddOns/Standalone_block_Sprite'
[2016.04.09-19.23.06:826][223]LoadErrors: Info Failed to load /Game/AddOns/Standalone_block_Sprite.Standalone_block_Sprite Referenced by RenderComponent
[2016.04.09-19.23.06:826][223]LogUObjectGlobals:Warning: Failed to load '/Game/AddOns/Standalone_block_Sprite': Can't find file '/Game/AddOns/Standalone_block_Sprite'
[2016.04.09-19.23.06:826][223]LogLinker:Warning: Can't find file for asset '/Game/AddOns/Standalone_block_Sprite' while loading NULL.
[2016.04.09-19.23.06:827][223]LoadErrors: Info Failed to load /Game/AddOns/Standalone_block_Sprite.Standalone_block_Sprite Referenced by RenderComponent
[2016.04.09-19.23.06:827][223]LogUObjectGlobals:Warning: Failed to load '/Game/AddOns/Standalone_block_Sprite': Can't find file for asset '/Game/AddOns/Standalone_block_Sprite' while loading NULL.
[2016.04.09-19.23.06:827][223]LogLinker:Warning: Can't find file '/Game/AddOns/Standalone_block_Sprite'
[2016.04.09-19.23.06:827][223]LoadErrors: Info Failed to load /Game/AddOns/Standalone_block_Sprite.Standalone_block_Sprite Referenced by RenderComponent
[2016.04.09-19.23.06:827][223]LogUObjectGlobals:Warning: Failed to load '/Game/AddOns/Standalone_block_Sprite': Can't find file '/Game/AddOns/Standalone_block_Sprite'
[2016.04.09-19.23.06:827][223]LogLinker:Warning: Can't find file for asset '/Game/AddOns/Standalone_block_Sprite' while loading NULL.
[2016.04.09-19.23.06:827][223]LoadErrors: Info Failed to load /Game/AddOns/Standalone_block_Sprite.Standalone_block_Sprite Referenced by RenderComponent
[2016.04.09-19.23.06:827][223]LogUObjectGlobals:Warning: Failed to load '/Game/AddOns/Standalone_block_Sprite': Can't find file for asset '/Game/AddOns/Standalone_block_Sprite' while loading NULL.
[2016.04.09-19.23.06:842][223]LogAIModule: Creating AISystem for world Level3
[2016.04.09-19.23.07:069][223]LogWorld: Game class is '2DSideScrollerGameMode_C'
[2016.04.09-19.23.07:080][223]LogWorld: Bringing World /Game/2DSideScrollerBP/Maps/Level3.Level3 up for play (max tick rate 0) at 2016.04.09-14.23.07
[2016.04.09-19.23.07:081][223]LogWorld: Bringin