Log file open, 04/09/16 12:50:57
LogInit:Display: Running engine for game: MyProject
LogPlatformFile: Not using cached read wrapper
LogInit:Display: RandInit(-1417676229) SRandInit(-1417676228).
LogTaskGraph: Started task graph with 4 named threads and 7 total threads.
LogStats: Stats thread started at 0.065570
LogInit: Version: 4.11.1-2934540+++UE4+Release-4.11
LogInit: API Version: 2927265
LogInit: Compiled (64-bit): Apr  6 2016 02:14:16
LogInit: Compiled with Visual C++: 19.00.23026.00
LogInit: Build Configuration: Development
LogInit: Branch Name: ++UE4+Release-4.11
LogInit: Command line:  
LogInit: Base directory: C:/Program Files (x86)/Epic Games/4.11/Engine/Binaries/Win64/
LogInit: Installed Engine Build: 1
LogInit: Using libcurl 7.41.0
LogInit:  - built for x86_64-pc-win32
LogInit:  - supports SSL with WinSSL
LogInit:  - other features:
LogInit:      CURL_VERSION_SSL
LogInit:      CURL_VERSION_IPV6
LogInit:      CURL_VERSION_ASYNCHDNS
LogInit:      CURL_VERSION_LARGEFILE
LogInit:      CURL_VERSION_IDN
LogInit:  CurlRequestOptions (configurable via config and command line):
LogInit:  - bVerifyPeer = true  - Libcurl will verify peer certificate
LogInit:  - bUseHttpProxy = false  - Libcurl will NOT use HTTP proxy
LogInit:  - bDontReuseConnections = false  - Libcurl will reuse connections
LogInit:  - CertBundlePath = nullptr  - Libcurl will use whatever was configured at build time.
LogInit: Presizing for max 16777216 objects, including 0 objects not considered by GC, pre-allocating 0 bytes for permanent pool.
LogInit: Object subsystem initialized
[2016.04.09-17.50.58:065][  0]LogInit: Selected Device Profile: [Windows]
[2016.04.09-17.50.58:065][  0]LogInit: Applying CVar settings loaded from the selected device profile: [Windows]
[2016.04.09-17.50.58:075][  0]LogInit: Computer: CURTIS-PC
[2016.04.09-17.50.58:075][  0]LogInit: User: Curtis
[2016.04.09-17.50.58:075][  0]LogInit: CPU Page size=65536, Cores=4
[2016.04.09-17.50.58:075][  0]LogInit: High frequency timer resolution =2.336201 MHz
[2016.04.09-17.50.58:075][  0]LogMemory: Memory total: Physical=7.9GB (8GB approx)
[2016.04.09-17.50.58:075][  0]LogMemory: Platform Memory Stats for Windows
[2016.04.09-17.50.58:075][  0]LogMemory: Process Physical Memory: 314.44 MB used, 314.44 MB peak
[2016.04.09-17.50.58:075][  0]LogMemory: Process Virtual Memory: 316.75 MB used, 316.75 MB peak
[2016.04.09-17.50.58:075][  0]LogMemory: Physical Memory: 3108.25 MB used, 8139.82 MB total
[2016.04.09-17.50.58:075][  0]LogMemory: Virtual Memory: 620.69 MB used, 8388608.00 MB total
[2016.04.09-17.50.58:109][  0]LogTextLocalizationManager: No specific translations for ('en-US') exist, so ('en') translations will be used.
[2016.04.09-17.50.58:530][  0]LogD3D11RHI: D3D11 adapters:
[2016.04.09-17.50.58:536][  0]LogD3D11RHI:    0. 'AMD Radeon HD 6870M' (Feature Level 11_0)
[2016.04.09-17.50.58:536][  0]LogD3D11RHI:       1010MB of dedicated video memory, 0MB of dedicated system memory, and 3813MB of shared system memory, 1 output[s]
[2016.04.09-17.50.58:540][  0]LogD3D11RHI:    1. 'Intel(R) HD Graphics 3000' (Feature Level 10_0)
[2016.04.09-17.50.58:540][  0]LogD3D11RHI:       64MB of dedicated video memory, 0MB of dedicated system memory, and 1632MB of shared system memory, 0 output[s]
[2016.04.09-17.50.58:540][  0]LogD3D11RHI: Chosen D3D11 Adapter: 0
[2016.04.09-17.50.58:545][  0]LogD3D11RHI: Creating new Direct3DDevice
[2016.04.09-17.50.58:545][  0]LogD3D11RHI:     Adapter Name: AMD Radeon HD 6870M
[2016.04.09-17.50.58:545][  0]LogD3D11RHI:   Driver Version: 9.3.0.0 (internal 9.3.0.0)
[2016.04.09-17.50.58:545][  0]LogD3D11RHI:      Driver Date: 10-25-2012
[2016.04.09-17.50.58:545][  0]LogRHI: Texture pool is 707 MB (70% of 1010 MB)
[2016.04.09-17.50.58:551][  0]LogD3D11RHI: Async texture creation disabled: no driver support
[2016.04.09-17.50.58:562][  0]LogShaderCompilers: Guid format shader working directory is -16 characters bigger than the processId version (../../../../../../Users/Curtis/Documents/Unreal Projects/IceBox/Intermediate/Shaders/WorkingDirectory/5632/).
[2016.04.09-17.50.58:562][  0]LogShaderCompilers: Cleaned the shader compiler working directory 'C:/Users/Curtis/AppData/Local/Temp/UnrealShaderWorkingDir/0140E3BF49DC58CE42B641AA74C1CC81/'.
[2016.04.09-17.50.58:562][  0]LogShaderCompilers:Display: Using Local Shader Compiler.
[2016.04.09-17.50.59:535][  0]LogTemp:Display: Loaded TP AllDesktopTargetPlatform
[2016.04.09-17.50.59:539][  0]LogTemp:Display: Loaded TP WindowsClientTargetPlatform
[2016.04.09-17.50.59:543][  0]LogTemp:Display: Loaded TP WindowsNoEditorTargetPlatform
[2016.04.09-17.50.59:548][  0]LogTemp:Display: Loaded TP WindowsServerTargetPlatform
[2016.04.09-17.50.59:552][  0]LogTemp:Display: Loaded TP WindowsTargetPlatform
[2016.04.09-17.50.59:555][  0]LogTemp:Display: Loaded TP AndroidTargetPlatform
[2016.04.09-17.50.59:558][  0]LogTemp:Display: Loaded TP Android_ASTCTargetPlatform
[2016.04.09-17.50.59:561][  0]LogTemp:Display: Loaded TP Android_ATCTargetPlatform
[2016.04.09-17.50.59:565][  0]LogTemp:Display: Loaded TP Android_DXTTargetPlatform
[2016.04.09-17.50.59:568][  0]LogTemp:Display: Loaded TP Android_ETC1TargetPlatform
[2016.04.09-17.50.59:571][  0]LogTemp:Display: Loaded TP Android_ETC2TargetPlatform
[2016.04.09-17.50.59:577][  0]LogTemp:Display: Loaded TP Android_MultiTargetPlatform
[2016.04.09-17.50.59:577][  0]LogTemp:Display: Loaded TP Android_PVRTCTargetPlatform
[2016.04.09-17.50.59:578][  0]LogTemp:Display: Loaded TP HTML5TargetPlatform
[2016.04.09-17.50.59:593][  0]LogTemp:Display: Loaded TP IOSTargetPlatform
[2016.04.09-17.50.59:596][  0]LogTemp:Display: Loaded TP TVOSTargetPlatform
[2016.04.09-17.50.59:599][  0]LogTemp:Display: Loaded TP LinuxNoEditorTargetPlatform
[2016.04.09-17.50.59:602][  0]LogTemp:Display: Loaded TP LinuxServerTargetPlatform
[2016.04.09-17.50.59:605][  0]LogTemp:Display: Loaded TP LinuxTargetPlatform
[2016.04.09-17.50.59:605][  0]LogTargetPlatformManager:Display: Building Assets For Windows
[2016.04.09-17.50.59:671][  0]LogDerivedDataCache:Display: Max Cache Size: 512 MB
[2016.04.09-17.50.59:727][  0]LogDerivedDataCache: Loaded boot cache 0.06s 46MB C:/Users/Curtis/AppData/Local/UnrealEngine/4.11/DerivedDataCache/Boot.ddc.
[2016.04.09-17.50.59:727][  0]LogDerivedDataCache:Display: Loaded Boot cache: C:/Users/Curtis/AppData/Local/UnrealEngine/4.11/DerivedDataCache/Boot.ddc
[2016.04.09-17.50.59:727][  0]LogDerivedDataCache: FDerivedDataBackendGraph:  Pak pak cache file ../../../../../../Users/Curtis/Documents/Unreal Projects/IceBox/DerivedDataCache/DDC.ddp not found, will not use a pak cache.
[2016.04.09-17.50.59:727][  0]LogDerivedDataCache: Unable to find inner node Pak for hierarchical cache Hierarchy.
[2016.04.09-17.50.59:727][  0]LogDerivedDataCache: FDerivedDataBackendGraph:  CompressedPak pak cache file ../../../../../../Users/Curtis/Documents/Unreal Projects/IceBox/DerivedDataCache/Compressed.ddp not found, will not use a pak cache.
[2016.04.09-17.50.59:727][  0]LogDerivedDataCache: Unable to find inner node CompressedPak for hierarchical cache Hierarchy.
[2016.04.09-17.50.59:743][  0]LogDerivedDataCache:Display: Pak cache opened for reading ../../../Engine/DerivedDataCache/Compressed.ddp.
[2016.04.09-17.50.59:755][  0]LogDerivedDataCache: Using Local data cache path C:/Users/Curtis/AppData/Local/UnrealEngine/Common/DerivedDataCache: Writable
[2016.04.09-17.50.59:944][  0]LogInit: Selected Device Profile: [Windows]
[2016.04.09-17.50.59:945][  0]LogContentStreaming: Texture pool size is 0.00 MB
[2016.04.09-17.50.59:976][  0]LogMaterial: Uniform references updated for custom material expression Custom.
[2016.04.09-17.51.00:122][  0]LogMeshUtilities: No automatic mesh reduction module available
[2016.04.09-17.51.00:122][  0]LogMeshUtilities: No automatic mesh merging module available
[2016.04.09-17.51.00:122][  0]LogMeshUtilities: No distributed automatic mesh merging module available
[2016.04.09-17.51.00:370][  0]LogUObjectArray: 27678 objects as part of root set at end of initial load.
[2016.04.09-17.51.00:370][  0]LogUObjectAllocator: 5591384 out of 0 bytes used by permanent object pool.
[2016.04.09-17.51.00:370][  0]LogUObjectArray: CloseDisregardForGC: 0/0 objects in disregard for GC pool
[2016.04.09-17.51.00:375][  0]LogInit: WinSock: version 1.1 (2.2), MaxSocks=32767, MaxUdp=65467
[2016.04.09-17.51.00:454][  0]LogSlate: SlateFontCache - WITH_FREETYPE: 1, WITH_HARFBUZZ: 1
[2016.04.09-17.51.00:454][  0]LogSlate: SlateFontCache - WITH_FREETYPE: 1, WITH_HARFBUZZ: 1
[2016.04.09-17.51.00:553][  0]LogStreaming:Warning: Failed to read file '../../../Engine/Content/Editor/Slate/Common/Selection_16x.png' error.
[2016.04.09-17.51.00:553][  0]LogSlate: Could not find file for Slate resource: ../../../Engine/Content/Editor/Slate/Common/Selection_16x.png
[2016.04.09-17.51.00:553][  0]LogStreaming:Warning: Failed to read file '../../../Engine/Content/Editor/Slate/Common/Selection_16x.png' error.
[2016.04.09-17.51.00:553][  0]LogSlate: Could not find file for Slate resource: ../../../Engine/Content/Editor/Slate/Common/Selection_16x.png
[2016.04.09-17.51.00:553][  0]LogStreaming:Warning: Failed to read file '../../../Engine/Content/Editor/Slate/Common/Selection_16x.png' error.
[2016.04.09-17.51.00:553][  0]LogSlate: Could not find file for Slate resource: ../../../Engine/Content/Editor/Slate/Common/Selection_16x.png
[2016.04.09-17.51.01:101][  0]LogUdpMessaging: Initializing bridge on interface 0.0.0.0:0 to multicast group 230.0.0.1:6666.
[2016.04.09-17.51.01:198][  0]LogAssetRegistry: FAssetRegistry took 0.0199 seconds to start up
[2016.04.09-17.51.01:332][  0]SourceControl: Info Source control is disabled
[2016.04.09-17.51.01:390][  0]SourceControl: Info Source control is disabled
[2016.04.09-17.51.01:398][  0]SourceControl: Info Source control is disabled
[2016.04.09-17.51.01:404][  0]SourceControl: Info Source control is disabled
[2016.04.09-17.51.01:560][  0]LogEngine: Initializing Engine...
[2016.04.09-17.51.01:560][  0]LogHMD: SteamVR failed to initialize.  Err: 110
[2016.04.09-17.51.01:561][  0]LogHMD: SteamVR failed to initialize.  Err: 110
[2016.04.09-17.51.01:721][  0]LogAIModule: Creating AISystem for world NewWorld
[2016.04.09-17.51.01:727][  0]LogInit: XAudio2 using 'Speakers / Headphones (IDT High Definition Audio CODEC)' : 2 channels at 48 kHz using 16 bits per sample (channel mask 0x3)
[2016.04.09-17.51.01:759][  0]LogInit: FAudioDevice initialized.
[2016.04.09-17.51.01:783][  0]LogDerivedDataCache: Saved boot cache 0.02s 46MB C:/Users/Curtis/AppData/Local/UnrealEngine/4.11/DerivedDataCache/Boot.ddc.
[2016.04.09-17.51.01:792][  0]LogInit: Texture streaming: Enabled
[2016.04.09-17.51.01:810][  0]LogInit: Transaction tracking system initialized
[2016.04.09-17.51.01:830][  0]BlueprintLog: New page: Editor Load
[2016.04.09-17.51.01:895][  0]LocalizationService: Info Localization service is disabled
[2016.04.09-17.51.01:957][  0]LogConsoleResponse:Display: 
[2016.04.09-17.51.02:062][  0]LogCook:Display: Max memory allowance for cook 8192mb
[2016.04.09-17.51.02:062][  0]LogCook:Display: Mobile HDR setting 1
[2016.04.09-17.51.02:062][  0]LogCook:Display: Done creating registry. It took  0.00s.
[2016.04.09-17.51.02:102][  0]LogFileCache: Scanning file cache for directory 'C:/Users/Curtis/Documents/Unreal Projects/IceBox/Content/' took 0.01s
[2016.04.09-17.51.02:102][  0]SourceControl: Info Source control is disabled
[2016.04.09-17.51.02:102][  0]Cmd: MAP LOAD FILE="../../../../../../Users/Curtis/Documents/Unreal Projects/IceBox/Content/2DSideScrollerBP/Maps/2DSideScrollerExampleMap.umap" TEMPLATE=0 SHOWPROGRESS=1 FEATURELEVEL=3
[2016.04.09-17.51.02:102][  0]LogEditorServer:Warning: Can't find file '../../../../../../Users/Curtis/Documents/Unreal Projects/IceBox/Content/2DSideScrollerBP/Maps/2DSideScrollerExampleMap.umap'
[2016.04.09-17.51.02:102][  0]Cmd: MAP CHECKDEP NOCLEARLOG
[2016.04.09-17.51.02:135][  0]MapCheck: Info Map check complete: 0 Error(s), 0 Warning(s), took 32.672ms to complete.
[2016.04.09-17.51.02:135][  0]LogFileHelpers: Loading map '2DSideScrollerExampleMap' took 0.033
[2016.04.09-17.51.02:247][  0]LogCollectionManager: Loaded 0 collections in 0.001716 seconds
[2016.04.09-17.51.02:283][  0]LogFileCache: Scanning file cache for directory 'C:/Users/Curtis/Documents/Unreal Projects/IceBox/Saved/Collections/' took 0.01s
[2016.04.09-17.51.02:283][  0]LogFileCache: Scanning file cache for directory 'C:/Users/Curtis/Documents/Unreal Projects/IceBox/Content/Developers/Curtis/Collections/' took 0.01s
[2016.04.09-17.51.02:283][  0]LogFileCache: Scanning file cache for directory 'C:/Users/Curtis/Documents/Unreal Projects/IceBox/Content/Collections/' took 0.01s
[2016.04.09-17.51.02:283][  0]LogCollectionManager: Rebuilt the GUID cache for 0 collections in 0.000003 seconds
[2016.04.09-17.51.02:290][  0]LogContentBrowser: Native class hierarchy populated in 0.0073 seconds. Added 1979 classes and 343 folders.
[2016.04.09-17.51.02:293][  0]LogStats: UGameplayTagsManager::ConstructGameplayTagTree: Construct from data asset -  0.000 s
[2016.04.09-17.51.02:293][  0]LogStats: UGameplayTagsManager::ConstructGameplayTagTree: GameplayTagTreeChangedEvent.Broadcast -  0.000 s
[2016.04.09-17.51.02:294][  0]LogContentBrowser: Native class hierarchy updated for 'GameplayTags' in 0.0004 seconds. Added 12 classes and 0 folders.
[2016.04.09-17.51.02:297][  0]LogContentBrowser: Native class hierarchy updated for 'WidgetCarousel' in 0.0003 seconds. Added 0 classes and 0 folders.
[2016.04.09-17.51.02:302][  0]LogContentBrowser: Native class hierarchy updated for 'SuperSearch' in 0.0003 seconds. Added 1 classes and 2 folders.
[2016.04.09-17.51.02:338][  0]LogContentBrowser: Native class hierarchy updated for 'AddContentDialog' in 0.0004 seconds. Added 0 classes and 0 folders.
[2016.04.09-17.51.02:341][  0]LogContentBrowser: Native class hierarchy updated for 'SceneOutliner' in 0.0003 seconds. Added 1 classes and 2 folders.
[2016.04.09-17.51.02:394][  0]LogCrashTracker: Crashtracker disabled due to settings.
[2016.04.09-17.51.02:397][  0]LogUObjectGlobals:Warning: Failed to find object 'Class None.'
[2016.04.09-17.51.02:420][  0]LogContentBrowser: Native class hierarchy updated for 'HierarchicalLODOutliner' in 0.0004 seconds. Added 1 classes and 2 folders.
[2016.04.09-17.51.02:420][  0]LogLoad: Full Startup: 5.08 seconds (BP compile: 0.00 seconds)
[2016.04.09-17.51.02:420][  0]LogExternalProfiler:Warning: No registered external profiler was matched with a command-line switch (or the DLL could not be loaded).  External profiling features will not be available.
[2016.04.09-17.51.02:758][  0]LogOcInput: OculusInput pre-init called
[2016.04.09-17.51.02:800][  0]LogContentStreaming: Texture pool size now 1000 MB
[2016.04.09-17.51.02:974][  0]LogRenderer: Reallocating scene render targets to support 1208x568 (Frame:2).
[2016.04.09-17.51.03:169][  1]LogAssetRegistry: Asset discovery search completed in 1.9904 seconds
[2016.04.09-17.51.03:169][  1]LogCollectionManager: Rebuilt the object cache for 0 collections in 0.000001 seconds (found 0 objects)
[2016.04.09-17.51.03:169][  1]LogCollectionManager: Fixed up redirectors for 0 collections in 0.000021 seconds (updated 0 objects)
[2016.04.09-17.51.41:547][333]LogContentBrowser: Native class hierarchy updated for 'BlueprintGraph' in 0.0007 seconds. Added 108 classes and 0 folders.
[2016.04.09-17.52.44:390][502]AssetReimport: New page: Outstanding source content changes 6:52:44 AM
[2016.04.09-17.54.58:071][938]AssetReimport: New page: Outstanding source content changes 6:54:58 AM
[2016.04.09-17.54.58:073][938]LogFactory: FactoryCreateBinary: SoundWave with ReimportSoundFactory (0 0 C:/Users/Curtis/Documents/Unreal Projects/IceBox/Content/2DSideScroller/SFX/Level Win.wav)
[2016.04.09-17.54.58:189][938]LogFactory: FactoryCreateBinary: SoundWave with ReimportSoundFactory (0 0 C:/Users/Curtis/Documents/Unreal Projects/IceBox/Content/2DSideScroller/SFX/Game Over.wav)
[2016.04.09-17.54.58:511][939]Cmd: OBJ SAVEPACKAGE PACKAGE="/Game/2DSideScroller/SFX/Level_Win" FILE="../../../../../../Users/Curtis/Documents/Unreal Projects/IceBox/Content/2DSideScroller/SFX/Level_Win.uasset" SILENT=true
[2016.04.09-17.54.58:520][939]LogSavePackage: Save=6.90ms
[2016.04.09-17.54.58:520][939]LogSavePackage: Moving '../../../../../../Users/Curtis/Documents/Unreal Projects/IceBox/Saved/Level_WinD893A2BD4B63A9F437F0A18D76A0C6A8.tmp' to '../../../../../../Users/Curtis/Documents/Unreal Projects/IceBox/Content/2DSideScroller/SFX/Level_Win.uasset'
[2016.04.09-17.54.58:522][939]LogSavePackage: Total save time: 9.42ms
[2016.04.09-17.54.58:522][939]LogSavePackage:Display: Finished SavePackage ../../../../../../Users/Curtis/Documents/Unreal Projects/IceBox/Content/2DSideScroller/SFX/Level_Win.uasset
[2016.04.09-17.54.58:536][939]Cmd: OBJ SAVEPACKAGE PACKAGE="/Game/2DSideScroller/SFX/Game_Over" FILE="../../../../../../Users/Curtis/Documents/Unreal Projects/IceBox/Content/2DSideScroller/SFX/Game_Over.uasset" SILENT=true
[2016.04.09-17.54.58:544][939]LogSavePackage: Save=6.66ms
[2016.04.09-17.54.58:544][939]LogSavePackage: Moving '../../../../../../Users/Curtis/Documents/Unreal Projects/IceBox/Saved/Game_Over89AA4E2344C10229FC5CDE8E3D6723A1.tmp' to '../../../../../../Users/Curtis/Documents/Unreal Projects/IceBox/Content/2DSideScroller/SFX/Game_Over.uasset'
[2016.04.09-17.54.58:547][939]LogSavePackage: Total save time: 9.41ms
[2016.04.09-17.54.58:547][939]LogSavePackage:Display: Finished SavePackage ../../../../../../Users/Curtis/Documents/Unreal Projects/IceBox/Content/2DSideScroller/SFX/Game_Over.uasset
[2016.04.09-17.55.01:556][118]AssetReimport: Info Importing new asset /Game/2DSideScroller/SFX/Level_Win.
[2016.04.09-17.55.01:556][118]AssetReimport: Info Importing new asset /Game/2DSideScroller/SFX/Game_Over.
[2016.04.09-17.55.16:597][880]BlueprintLog: New page: Compile LevelClear
[2016.04.09-17.55.16:673][880]BlueprintEditorCompileResults: Info [0259.33] Compile of LevelClear successful! [in 75 ms]
[2016.04.09-17.55.17:213][906]Cmd: OBJ SAVEPACKAGE PACKAGE="/Game/2DSideScrollerBP/UI/LevelClear" FILE="../../../../../../Users/Curtis/Documents/Unreal Projects/IceBox/Content/2DSideScrollerBP/UI/LevelClear.uasset" SILENT=true
[2016.04.09-17.55.17:301][906]LogSavePackage: Save=70.94ms
[2016.04.09-17.55.17:302][906]LogSavePackage: Moving '../../../../../../Users/Curtis/Documents/Unreal Projects/IceBox/Saved/LevelClear9918E4FB4E73AF9F291D7B82E81425C8.tmp' to '../../../../../../Users/Curtis/Documents/Unreal Projects/IceBox/Content/2DSideScrollerBP/UI/LevelClear.uasset'
[2016.04.09-17.55.17:316][906]LogSavePackage: Total save time: 101.12ms
[2016.04.09-17.55.17:316][906]LogSavePackage:Display: Finished SavePackage ../../../../../../Users/Curtis/Documents/Unreal Projects/IceBox/Content/2DSideScrollerBP/UI/LevelClear.uasset
[2016.04.09-17.55.31:260][701]Cmd: OBJ SAVEPACKAGE PACKAGE="/Temp/Untitled_0" FILE="../../../../../../Users/Curtis/Documents/Unreal Projects/IceBox/Saved/Autosaves/Temp/UEDPCUntitled_0.umap" SILENT=true AUTOSAVING=true KEEPDIRTY=true
[2016.04.09-17.55.31:272][701]LogSavePackage: Save=12.05ms
[2016.04.09-17.55.31:272][701]LogSavePackage: Moving '../../../../../../Users/Curtis/Documents/Unreal Projects/IceBox/Saved/UEDPCUntitled_07F066A5E448D064112CF29A540E3BC8D.tmp' to '../../../../../../Users/Curtis/Documents/Unreal Projects/IceBox/Saved/Autosaves/Temp/UEDPCUntitled_0.umap'
[2016.04.09-17.55.31:274][701]LogSavePackage: Total save time: 14.46ms
[2016.04.09-17.55.31:275][701]LogSavePackage:Display: Finished SavePackage ../../../../../../Users/Curtis/Documents/Unreal Projects/IceBox/Saved/Autosaves/Temp/UEDPCUntitled_0.umap
[2016.04.09-17.56.39:363][486]Cmd: OBJ SAVEPACKAGE PACKAGE="/Game/2DSideScrollerBP/UI/LevelClear" FILE="../../../../../../Users/Curtis/Documents/Unreal Projects/IceBox/Content/2DSideScrollerBP/UI/LevelClear.uasset" SILENT=true
[2016.04.09-17.56.39:398][486]LogSavePackage: Save=21.41ms
[2016.04.09-17.56.39:398][486]LogSavePackage: Moving '../../../../../../Users/Curtis/Documents/Unreal Projects/IceBox/Saved/LevelClear07FDFC184B726F0F8FEFCEB0AFCB0E14.tmp' to '../../../../../../Users/Curtis/Documents/Unreal Projects/IceBox/Content/2DSideScrollerBP/UI/LevelClear.uasset'
[2016.04.09-17.56.39:401][486]LogSavePackage: Total save time: 36.65ms
[2016.04.09-17.56.39:401][486]LogSavePackage:Display: Finished SavePackage ../../../../../../Users/Curtis/Documents/Unreal Projects/IceBox/Content/2DSideScrollerBP/UI/LevelClear.uasset
[2016.04.09-17.56.40:310][531]BlueprintLog: New page: Compile LevelClear
[2016.04.09-17.56.40:386][531]BlueprintEditorCompileResults: Info [0343.04] Compile of LevelClear successful! [in 76 ms]
[2016.04.09-17.56.44:111][734]Cmd: OBJ SAVEPACKAGE PACKAGE="/Temp/Untitled_0" FILE="../../../../../../Users/Curtis/Documents/Unreal Projects/IceBox/Saved/Autosaves/Temp/UEDPCUntitled_0.umap" SILENT=true AUTOSAVING=true KEEPDIRTY=true
[2016.04.09-17.56.44:123][734]LogSavePackage: Save=11.92ms
[2016.04.09-17.56.44:123][734]LogSavePackage: Moving '../../../../../../Users/Curtis/Documents/Unreal Projects/IceBox/Saved/UEDPCUntitled_08FD4DE80489004626781F5BDADED2D5D.tmp' to '../../../../../../Users/Curtis/Documents/Unreal Projects/IceBox/Saved/Autosaves/Temp/UEDPCUntitled_0.umap'
[2016.04.09-17.56.44:125][734]LogSavePackage: Total save time: 14.24ms
[2016.04.09-17.56.44:125][734]LogSavePackage:Display: Finished SavePackage ../../../../../../Users/Curtis/Documents/Unreal Projects/IceBox/Saved/Autosaves/Temp/UEDPCUntitled_0.umap
[2016.04.09-17.59.11:102][347]BlueprintLog: New page: Compile LevelClear
[2016.04.09-17.59.11:187][347]BlueprintEditorCompileResults: Info [0493.84] Compile of LevelClear successful! [in 84 ms]
[2016.04.09-17.59.41:842][918]BlueprintLog: New page: Compile LevelClear
[2016.04.09-17.59.41:919][918]BlueprintEditorCompileResults: Info [0524.57] Compile of LevelClear successful! [in 77 ms]
[2016.04.09-17.59.42:326][938]Cmd: OBJ SAVEPACKAGE PACKAGE="/Game/2DSideScrollerBP/UI/LevelClear" FILE="../../../../../../Users/Curtis/Documents/Unreal Projects/IceBox/Content/2DSideScrollerBP/UI/LevelClear.uasset" SILENT=true
[2016.04.09-17.59.42:369][938]LogSavePackage: Save=28.38ms
[2016.04.09-17.59.42:369][938]LogSavePackage: Moving '../../../../../../Users/Curtis/Documents/Unreal Projects/IceBox/Saved/LevelClear17D758BB483389AE4652E4B62B1F11B2.tmp' to '../../../../../../Users/Curtis/Documents/Unreal Projects/IceBox/Content/2DSideScrollerBP/UI/LevelClear.uasset'
[2016.04.09-17.59.42:372][938]LogSavePackage: Total save time: 43.03ms
[2016.04.09-17.59.42:372][938]LogSavePackage:Display: Finished SavePackage ../../../../../../Users/Curtis/Documents/Unreal Projects/IceBox/Content/2DSideScrollerBP/UI/LevelClear.uasset
[2016.04.09-17.59.43:906][ 16]Cmd: OBJ SAVEPACKAGE PACKAGE="/Temp/Untitled_0" FILE="../../../../../../Users/Curtis/Documents/Unreal Projects/IceBox/Saved/Autosaves/Temp/UEDPCUntitled_0.umap" SILENT=true AUTOSAVING=true KEEPDIRTY=true
[2016.04.09-17.59.43:918][ 16]LogSavePackage: Save=11.80ms
[2016.04.09-17.59.43:918][ 16]LogSavePackage: Moving '../../../../../../Users/Curtis/Documents/Unreal Projects/IceBox/Saved/UEDPCUntitled_090CC95D14AA92C90BB0633ACE13828EA.tmp' to '../../../../../../Users/Curtis/Documents/Unreal Projects/IceBox/Saved/Autosaves/Temp/UEDPCUntitled_0.umap'
[2016.04.09-17.59.43:921][ 16]LogSavePackage: Total save time: 14.59ms
[2016.04.09-17.59.43:921][ 16]LogSavePackage:Display: Finished SavePackage ../../../../../../Users/Curtis/Documents/Unreal Projects/IceBox/Saved/Autosaves/Temp/UEDPCUntitled_0.umap
[2016.04.09-18.01.23:190][ 43]LogEditorTransaction: Undo Move Node
[2016.04.09-18.01.23:592][ 61]LogEditorTransaction: Undo Move Node
[2016.04.09-18.01.23:951][ 79]LogEditorTransaction: Undo Create Pin Link
[2016.04.09-18.01.24:312][ 96]LogEditorTransaction: Undo Move Node
[2016.04.09-18.01.24:690][114]LogEditorTransaction: Undo Move Node
[2016.04.09-18.01.25:112][134]LogEditorTransaction: Undo Delete current selection
[2016.04.09-18.01.26:298][190]LogEditorTransaction: Undo Delete current selection
[2016.04.09-18.01.26:742][211]LogEditorTransaction: Undo Move Node
[2016.04.09-18.01.27:144][230]LogEditorTransaction: Undo Add Node
[2016.04.09-18.01.27:504][247]LogEditorTransaction: Undo Change String Pin Value
[2016.04.09-18.01.28:416][290]LogEditorTransaction: Undo Change String Pin Value
[2016.04.09-18.01.29:812][356]LogEditorTransaction: Undo Create Pin Link
[2016.04.09-18.01.30:066][368]LogEditorTransaction: Undo Change String Pin Value
[2016.04.09-18.01.30:509][389]LogEditorTransaction: Undo Add Node
[2016.04.09-18.01.30:805][403]LogEditorTransaction: Undo Create Pin Link
[2016.04.09-18.01.31:143][419]LogEditorTransaction: Undo Move Node
[2016.04.09-18.01.31:502][436]LogEditorTransaction: Undo Promote To Variable
[2016.04.09-18.01.33:435][436]LogCrashTracker: 


[2016.04.09-18.01.33:592][436]LogCrashTracker: 


[2016.04.09-18.01.33:592][436]LogWindows:Error: === Critical error: ===
Fatal error!



[2016.04.09-18.01.33:664][436]LogExit: Executing StaticShutdownAfterError
[2016.04.09-18.01.33:668][436]LogPhysics:Warning: PHYSX: ..\..\PhysX\src\NpScene.cpp (2946) 8 : PxScene::unlockWrite() called without matching call to PxScene::lockWrite(), behaviour will be undefined.
[2016.04.09-18.01.33:669][436]LogPhysics:Warning: PHYSX: ..\..\PhysX\src\NpScene.cpp (2946) 8 : PxScene::unlockWrite() called without matching call to PxScene::lockWrite(), behaviour will be undefined.
[2016.04.09-18.01.33:669][436]LogPhysics:Warning: PHYSX: ..\..\PhysX\src\NpScene.cpp (2946) 8 : PxScene::unlockWrite() called without matching call to PxScene::lockWrite(), behaviour will be undefined.
[2016.04.09-18.01.33:669][436]LogPhysics:Warning: PHYSX: ..\..\PhysX\src\NpScene.cpp (2946) 8 : PxScene::unlockWrite() called without matching call to PxScene::lockWrite(), behaviour will be undefined.
[2016.04.09-18.01.33:669][436]LogPhysics:Warning: PHYSX: ..\..\PhysX\src\NpScene.cpp (2946) 8 : PxScene::unlockWrite() called without matching call to PxScene::lockWrite(), behaviour will be undefined.
[2016.04.09-18.01.33:669][436]LogPhysics:Warning: PHYSX: ..\..\PhysX\src\NpScene.cpp (2946) 8 : PxScene::unlockWrite() called without matching call to PxScene::lockWrite(), behaviour will be undefined.
[2016.04.09-18.01.33:669][436]LogPhysics:Warning: PHYSX: ..\..\PhysX\src\NpScene.cpp (2946) 8 : PxScene::unlockWrite() called without matching call to PxScene::lockWrite(), behaviour will be undefined.
[2016.04.09-18.01.33:669][436]LogPhysics:Warning: PHYSX: ..\..\PhysX\src\NpScene.cpp (2946) 8 : PxScene::unlockWrite() called without matching call to PxScene::lockWrite(), behaviour will be undefined.
[2016.04.09-18.01.33:670][436]LogWindows: FPlatformMisc::RequestExit(1)
[2016.04.09-18.01.33:670][436]Log file closed, 04/09/16 13:01:33
