Log file open, 04/09/16 12:20:58
LogInit:Display: Running engine for game: MyProject
LogPlatformFile: Not using cached read wrapper
LogInit:Display: RandInit(-1326308408) SRandInit(-1326308407).
LogTaskGraph: Started task graph with 4 named threads and 7 total threads.
LogStats: Stats thread started at 0.067553
LogInit: Version: 4.11.1-2934540+++UE4+Release-4.11
LogInit: API Version: 2927265
LogInit: Compiled (64-bit): Apr  6 2016 02:14:16
LogInit: Compiled with Visual C++: 19.00.23026.00
LogInit: Build Configuration: Development
LogInit: Branch Name: ++UE4+Release-4.11
LogInit: Command line:  /Temp/Autosaves/Game/2DSideScrollerBP/Maps/UEDPCLevel2 -game -PIEVIACONSOLE -ResX=1280 -ResY=720  -Multiprocess -messaging -SessionName="Play in Standalone Game" 
LogInit: Base directory: C:/Program Files (x86)/Epic Games/4.11/Engine/Binaries/Win64/
LogInit: Installed Engine Build: 1
LogInit: Using libcurl 7.41.0
LogInit:  - built for x86_64-pc-win32
LogInit:  - supports SSL with WinSSL
LogInit:  - other features:
LogInit:      CURL_VERSION_SSL
LogInit:      CURL_VERSION_IPV6
LogInit:      CURL_VERSION_ASYNCHDNS
LogInit:      CURL_VERSION_LARGEFILE
LogInit:      CURL_VERSION_IDN
LogInit:  CurlRequestOptions (configurable via config and command line):
LogInit:  - bVerifyPeer = true  - Libcurl will verify peer certificate
LogInit:  - bUseHttpProxy = false  - Libcurl will NOT use HTTP proxy
LogInit:  - bDontReuseConnections = false  - Libcurl will reuse connections
LogInit:  - CertBundlePath = nullptr  - Libcurl will use whatever was configured at build time.
LogInit: Presizing for max 16777216 objects, including 0 objects not considered by GC, pre-allocating 0 bytes for permanent pool.
LogInit: Object subsystem initialized
[2016.04.09-17.20.58:536][  0]LogInit: Selected Device Profile: [Windows]
[2016.04.09-17.20.58:536][  0]LogInit: Applying CVar settings loaded from the selected device profile: [Windows]
[2016.04.09-17.20.58:539][  0]LogInit: Computer: CURTIS-PC
[2016.04.09-17.20.58:539][  0]LogInit: User: Curtis
[2016.04.09-17.20.58:539][  0]LogInit: CPU Page size=65536, Cores=4
[2016.04.09-17.20.58:539][  0]LogInit: High frequency timer resolution =2.336201 MHz
[2016.04.09-17.20.58:539][  0]LogMemory: Memory total: Physical=7.9GB (8GB approx)
[2016.04.09-17.20.58:539][  0]LogMemory: Platform Memory Stats for Windows
[2016.04.09-17.20.58:539][  0]LogMemory: Process Physical Memory: 314.14 MB used, 314.14 MB peak
[2016.04.09-17.20.58:539][  0]LogMemory: Process Virtual Memory: 316.72 MB used, 316.72 MB peak
[2016.04.09-17.20.58:539][  0]LogMemory: Physical Memory: 5105.06 MB used, 8139.82 MB total
[2016.04.09-17.20.58:539][  0]LogMemory: Virtual Memory: 620.69 MB used, 8388608.00 MB total
[2016.04.09-17.20.58:569][  0]LogTextLocalizationManager: No specific translations for ('en-US') exist, so ('en') translations will be used.
[2016.04.09-17.20.58:958][  0]LogD3D11RHI: D3D11 adapters:
[2016.04.09-17.20.59:004][  0]LogD3D11RHI:    0. 'AMD Radeon HD 6870M' (Feature Level 11_0)
[2016.04.09-17.20.59:004][  0]LogD3D11RHI:       1010MB of dedicated video memory, 0MB of dedicated system memory, and 3813MB of shared system memory, 1 output[s]
[2016.04.09-17.20.59:010][  0]LogD3D11RHI:    1. 'Intel(R) HD Graphics 3000' (Feature Level 10_0)
[2016.04.09-17.20.59:010][  0]LogD3D11RHI:       64MB of dedicated video memory, 0MB of dedicated system memory, and 1632MB of shared system memory, 0 output[s]
[2016.04.09-17.20.59:010][  0]LogD3D11RHI: Chosen D3D11 Adapter: 0
[2016.04.09-17.20.59:015][  0]LogD3D11RHI: Creating new Direct3DDevice
[2016.04.09-17.20.59:015][  0]LogD3D11RHI:     Adapter Name: AMD Radeon HD 6870M
[2016.04.09-17.20.59:015][  0]LogD3D11RHI:   Driver Version: 9.3.0.0 (internal 9.3.0.0)
[2016.04.09-17.20.59:015][  0]LogD3D11RHI:      Driver Date: 10-25-2012
[2016.04.09-17.20.59:015][  0]LogRHI: Texture pool is 707 MB (70% of 1010 MB)
[2016.04.09-17.20.59:020][  0]LogD3D11RHI: Async texture creation disabled: no driver support
[2016.04.09-17.20.59:032][  0]LogShaderCompil