Log file open, 04/09/16 15:37:57
LogInit:Display: Running engine for game: MyProject
LogPlatformFile: Not using cached read wrapper
LogInit:Display: RandInit(515292235) SRandInit(515292237).
LogTaskGraph: Started task graph with 4 named threads and 7 total threads.
LogStats: Stats thread started at 0.070131
LogInit: Version: 4.11.1-2934540+++UE4+Release-4.11
LogInit: API Version: 2927265
LogInit: Compiled (64-bit): Apr  6 2016 02:14:16
LogInit: Compiled with Visual C++: 19.00.23026.00
LogInit: Build Configuration: Development
LogInit: Branch Name: ++UE4+Release-4.11
LogInit: Command line:  /Temp/Autosaves/Game/2DSideScrollerBP/Maps/UEDPCTitleScreen -game -PIEVIACONSOLE -ResX=1280 -ResY=720  -Multiprocess -messaging -SessionName="Play in Standalone Game" 
LogInit: Base directory: C:/Program Files (x86)/Epic Games/4.11/Engine/Binaries/Win64/
LogInit: Installed Engine Build: 1
LogInit: Using libcurl 7.41.0
LogInit:  - built for x86_64-pc-win32
LogInit:  - supports SSL with WinSSL
LogInit:  - other features:
LogInit:      CURL_VERSION_SSL
LogInit:      CURL_VERSION_IPV6
LogInit:      CURL_VERSION_ASYNCHDNS
LogInit:      CURL_VERSION_LARGEFILE
LogInit:      CURL_VERSION_IDN
LogInit:  CurlRequestOptions (configurable via config and command line):
LogInit:  - bVerifyPeer = true  - Libcurl will verify peer certificate
LogInit:  - bUseHttpProxy = false  - Libcurl will NOT use HTTP proxy
LogInit:  - bDontReuseConnections = false  - Libcurl will reuse connections
LogInit:  - CertBundlePath = nullptr  - Libcurl will use whatever was configured at build time.
LogInit: Presizing for max 16777216 objects, including 0 objects not considered by GC, pre-allocating 0 bytes for permanent pool.
LogInit: Object subsystem initialized
[2016.04.09-20.37.57:732][  0]LogInit: Selected Device Profile: [Windows]
[2016.04.09-20.37.57:732][  0]LogInit: Applying CVar settings loaded from the selected device profile: [Windows]
[2016.04.09-20.37.57:735][  0]LogInit: Computer: CURTIS-PC
[2016.04.09-20.37.57:735][  0]LogInit: User: Curtis
[2016.04.09-20.37.57:735][  0]LogInit: CPU Page size=65536, Cores=4
[2016.04.09-20.37.57:735][  0]LogInit: High frequency timer resolution =2.336201 MHz
[2016.04.09-20.37.57:735][  0]LogMemory: Memory total: Physical=7.9GB (8GB approx)
[2016.04.09-20.37.57:735][  0]LogMemory: Platform Memory Stats for Windows
[2016.04.09-20.37.57:735][  0]LogMemory: Process Physical Memory: 314.05 MB used, 314.05 MB peak
[2016.04.09-20.37.57:735][  0]LogMemory: Process Virtual Memory: 316.73 MB used, 316.73 MB peak
[2016.04.09-20.37.57:735][  0]LogMemory: Physical Memory: 4869.04 MB used, 8139.82 MB total
[2016.04.09-20.37.57:735][  0]LogMemory: Virtual Memory: 620.69 MB used, 8388608.00 MB total
[2016.04.09-20.37.57:765][  0]LogTextLocalizationManager: No specific translations for ('en-US') exist, so ('en') translations will be used.
[2016.04.09-20.37.58:150][  0]LogD3D11RHI: D3D11 adapters:
[2016.04.09-20.37.58:178][  0]LogD3D11RHI:    0. 'AMD Radeon HD 6870M' (Feature Level 11_0)
[2016.04.09-20.37.58:178][  0]LogD3D11RHI:       1010MB of dedicated video memory, 0MB of dedicated system memory, and 3813MB of shared system memory, 1 output[s]
[2016.04.09-20.37.58:183][  0]LogD3D11RHI:    1. 'Intel(R) HD Graphics 3000' (Feature Level 10_0)
[2016.04.09-20.37.58:183][  0]LogD3D11RHI:       64MB of dedicated video memory, 0MB of dedicated system memory, and 1632MB of shared system memory, 0 output[s]
[2016.04.09-20.37.58:183][  0]LogD3D11RHI: Chosen D3D11 Adapter: 0
[2016.04.09-20.37.58:189][  0]LogD3D11RHI: Creating new Direct3DDevice
[2016.04.09-20.37.58:189][  0]LogD3D11RHI:     Adapter Name: AMD Radeon HD 6870M
[2016.04.09-20.37.58:189][  0]LogD3D11RHI:   Driver Version: 9.3.0.0 (internal 9.3.0.0)
[2016.04.09-20.37.58:189][  0]LogD3D11RHI:      Driver Date: 10-25-2012
[2016.04.09-20.37.58:189][  0]LogRHI: Texture pool is 707 MB (70% of 1010 MB)
[2016.04.09-20.37.58:194][  0]LogD3D11RHI: Async texture creation disabled: no driver support
[2016.04.09-20.37.58:205][  0]LogShaderCompilers: Guid format shader working directory is -16 characters bigger than the processId version (../../../../../../Users/Curtis/Documents/Unreal Projects/IceBox/Intermediate/Shaders/WorkingDirectory/8184/).
[2016.04.09-20.37.58:205][  0]LogShaderCompilers: Cleaned the shader compiler working directory 'C:/Users/Curtis/AppData/Local/Temp/UnrealShaderWorkingDir/3A44993D4CD3B8A469D3299A940BDD71/'.
[2016.04.09-20.37.58:205][  0]LogShaderCompilers:Display: Using Local Shader Compiler.
[2016.04.09-20.37.59:329][  0]LogTemp:Display: Loaded TP AllDesktopTargetPlatform
[2016.04.09-20.37.59:335][  0]LogTemp:Display: Loaded TP WindowsClientTargetPlatform
[2016.04.09-20.37.59:342][  0]LogTemp:Display: Loaded TP WindowsNoEditorTargetPlatform
[2016.04.09-20.37.59:347][  0]LogTemp:Display: Loaded TP WindowsServerTargetPlatform
[2016.04.09-20.37.59:351][  0]LogTemp:Display: Loaded TP WindowsTargetPlatform
[2016.04.09-20.37.59:354][  0]LogTemp:Display: Loaded TP AndroidTargetPlatform
[2016.04.09-20.37.59:356][  0]LogTemp:Display: Loaded TP Android_ASTCTargetPlatform
[2016.04.09-20.37.59:359][  0]LogTemp:Display: Loaded TP Android_ATCTargetPlatform
[2016.04.09-20.37.59:362][  0]LogTemp:Display: Loaded TP Android_DXTTargetPlatform
[2016.04.09-20.37.59:365][  0]LogTemp:Display: Loaded TP Android_ETC1TargetPlatform
[2016.04.09-20.37.59:368][  0]LogTemp:Display: Loaded TP Android_ETC2TargetPlatform
[2016.04.09-20.37.59:375][  0]LogTemp:Display: Loaded TP Android_MultiTargetPlatform
[2016.04.09-20.37.59:375][  0]LogTemp:Display: Loaded TP Android_PVRTCTargetPlatform
[2016.04.09-20.37.59:375][  0]LogTemp:Display: Loaded TP HTML5TargetPlatform
[2016.04.09-20.37.59:391][  0]LogTemp:Display: Loaded TP IOSTargetPlatform
[2016.04.09-20.37.59:393][  0]LogTemp:Display: Loaded TP TVOSTargetPlatform
[2016.04.09-20.37.59:396][  0]LogTemp:Display: Loaded TP LinuxNoEditorTargetPlatform
[2016.04.09-20.37.59:399][  0]LogTemp:Display: Loaded TP LinuxServerTargetPlatform
[2016.04.09-20.37.59:402][  0]LogTemp:Display: Loaded TP LinuxTargetPlatform
[2016.04.09-20.37.59:402][  0]LogTargetPlatformManager:Display: Building Assets For Windows
[2016.04.09-20.37.59:460][  0]LogDerivedDataCache:Display: Max Cache Size: 512 MB
[2016.04.09-20.37.59:510][  0]LogDerivedDataCache: Loaded boot cache 0.05s 46MB C:/Users/Curtis/AppData/Local/UnrealEngine/4.11/DerivedDataCache/Boot.ddc.
[2016.04.09-20.37.59:510][  0]LogDerivedDataCache:Display: Loaded Boot cache: C:/Users/Curtis/AppData/Local/UnrealEngine/4.11/DerivedDataCache/Boot.ddc
[2016.04.09-20.37.59:510][  0]LogDerivedDataCache: FDerivedDataBackendGraph:  Pak pak cache file ../../../../../../Users/Curtis/Documents/Unreal Projects/IceBox/DerivedDataCache/DDC.ddp not found, will not use a pak cache.
[2016.04.09-20.37.59:510][  0]LogDerivedDataCache: Unable to find inner node Pak for hierarchical cache Hierarchy.
[2016.04.09-20.37.59:510][  0]LogDerivedDataCache: FDerivedDataBackendGraph:  CompressedPak pak cache file ../../../../../../Users/Curtis/Documents/Unreal Projects/IceBox/DerivedDataCache/Compressed.ddp not found, will not use a pak cache.
[2016.04.09-20.37.59:510][  0]LogDerivedDataCache: Unable to find inner node CompressedPak for hierarchical cache Hierarchy.
[2016.04.09-20.37.59:526][  0]LogDerivedDataCache:Display: Pak cache opened for reading ../../../Engine/DerivedDataCache/Compressed.ddp.
[2016.04.09-20.37.59:538][  0]LogDerivedDataCache: Using Local data cache path C:/Users/Curtis/AppData/Local/UnrealEngine/Common/DerivedDataCache: Writable
[2016.04.09-20.37.59:729][  0]LogInit: Selected Device Profile: [Windows]
[2016.04.09-20.37.59:734][  0]LogMaterial: Uniform references updated for custom material expression Custom.
[2016.04.09-20.37.59:735][  0]LogContentStreaming: Texture pool size is 1000.00 MB
[2016.04.09-20.37.59:875][  0]LogMeshUtilities: No automatic mesh reduction module available
[2016.04.09-20.37.59:875][  0]LogMeshUtilities: No automatic mesh merging module available
[2016.04.09-20.37.59:875][  0]LogMeshUtilities: No distributed automatic mesh merging module available
[2016.04.09-20.38.00:089][  0]LogInit: WinSock: version 1.1 (2.2), MaxSocks=32767, MaxUdp=65467
[2016.04.09-20.38.00:143][  0]LogSlate: SlateFontCache - WITH_FREETYPE: 1, WITH_HARFBUZZ: 1
[2016.04.09-20.38.00:143][  0]LogSlate: SlateFontCache - WITH_FREETYPE: 1, WITH_HARFBUZZ: 1
[2016.04.09-20.38.00:253][  0]LogWindowsMoviePlayer: Unable to load movie: ../../../../../../Users/Curtis/Documents/Unreal Projects/IceBox/Content/Movies/Default_Startup.mp4
[2016.04.09-20.38.00:344][  0]LogUdpMessaging: Initializing bridge on interface 0.0.0.0:0 to multicast group 230.0.0.1:6666.
[2016.04.09-20.38.00:404][  0]SourceControl: Info Source control is disabled
[2016.04.09-20.38.00:404][  0]SourceControl: Info Source control is disabled
[2016.04.09-20.38.00:409][  0]SourceControl: Info Source control is disabled
[2016.04.09-20.38.00:486][  0]LogUObjectArray: 29142 objects as part of root set at end of initial load.
[2016.04.09-20.38.00:486][  0]LogUObjectAllocator: 6065048 out of 0 bytes used by permanent object pool.
[2016.04.09-20.38.00:486][  0]LogUObjectArray: CloseDisregardForGC: 0/0 objects in disregard for GC pool
[2016.04.09-20.38.00:539][  0]LogEngine: Initializing Engine...
[2016.04.09-20.38.00:540][  0]LogHMD: SteamVR failed to initialize.  Err: 110
[2016.04.09-20.38.00:540][  0]LogHMD: SteamVR failed to initialize.  Err: 110
[2016.04.09-20.38.00:671][  0]LogInit: XAudio2 using 'Speakers / Headphones (IDT High Definition Audio CODEC)' : 2 channels at 48 kHz using 16 bits per sample (channel mask 0x3)
[2016.04.09-20.38.00:681][  0]LogInit: FAudioDevice initialized.
[2016.04.09-20.38.00:687][  0]LogInit: Texture streaming: Enabled
[2016.04.09-20.38.00:762][  0]LogNet: Browse: /Temp/Autosaves/Game/2DSideScrollerBP/Maps/UEDPCTitleScreen?Name=Player
[2016.04.09-20.38.00:762][  0]LogLoad: LoadMap: /Temp/Autosaves/Game/2DSideScrollerBP/Maps/UEDPCTitleScreen?Name=Player
[2016.04.09-20.38.00:777][  0]LogMemory: Platform Memory Stats for Windows
[2016.04.09-20.38.00:777][  0]LogMemory: Process Physical Memory: 643.63 MB used, 644.37 MB peak
[2016.04.09-20.38.00:777][  0]LogMemory: Process Virtual Memory: 626.24 MB used, 633.20 MB peak
[2016.04.09-20.38.00:777][  0]LogMemory: Physical Memory: 5146.20 MB used, 8139.82 MB total
[2016.04.09-20.38.00:777][  0]LogMemory: Virtual Memory: 1150.76 MB used, 8388608.00 MB total
[2016.04.09-20.38.00:777][  0]LogMemory: 
[2016.04.09-20.38.00:777][  0]Allocator Stats for TBB: (not implemented)
[2016.04.09-20.38.01:081][  0]LogAIModule: Creating AISystem for world TitleScreen
[2016.04.09-20.38.01:081][  0]LogWorld: Game class is '2DSideScrollerGameMode_C'
[2016.04.09-20.38.01:083][  0]LogWorld: Bringing World /Temp/Autosaves/Game/2DSideScrollerBP/Maps/UEDPCTitleScreen.TitleScreen up for play (max tick rate 0) at 2016.04.09-15.38.01
[2016.04.09-20.38.01:083][  0]LogWorld: Bringing up level for play took: 0.000682
[2016.04.09-20.38.01:088][  0]LogInit:Display: Game Engine Initialized.
[2016.04.09-20.38.01:299][  0]LogLoad: Full Startup: 4.19 seconds (BP compile: 0.07 seconds)
[2016.04.09-20.38.01:299][  0]LogExternalProfiler:Warning: No registered external profiler was matched with a command-line switch (or the DLL could not be loaded).  External profiling features will not be available.
[2016.04.09-20.38.01:316][  0]LogOcInput: OculusInput pre-init called
[2016.04.09-20.38.01:448][  2]LogRenderer: Reallocating scene render targets to support 1280x720 (Frame:2).
[2016.04.09-20.38.03:168][ 97]LogPackageName: SearchForPackageOnDisk took   0.063s to resolve Level1.umap.
[2016.04.09-20.38.03:222][ 97]LogPackageName: SearchForPackageOnDisk took   0.054s to resolve Level1.umap.
[2016.04.09-20.38.03:222][ 97]LogNet: Browse: /Game/2DSideScrollerBP/Maps/Level1
[2016.04.09-20.38.03:222][ 97]LogLoad: LoadMap: /Game/2DSideScrollerBP/Maps/Level1
[2016.04.09-20.38.03:251][ 97]LogMemory: Platform Memory Stats for Windows
[2016.04.09-20.38.03:251][ 97]LogMemory: Process Physical Memory: 671.07 MB used, 680.44 MB peak
[2016.04.09-20.38.03:251][ 97]LogMemory: Process Virtual Memory: 637.84 MB used, 650.34 MB peak
[2016.04.09-20.38.03:251][ 97]LogMemory: Physical Memory: 5163.71 MB used, 8139.82 MB total
[2016.04.09-20.38.03:251][ 97]LogMemory: Virtual Memory: 1184.47 MB used, 8388608.00 MB total
[2016.04.09-20.38.03:251][ 97]LogMemory: 
[2016.04.09-20.38.03:251][ 97]Allocator Stats for TBB: (not implemented)
[2016.04.09-20.38.03:549][ 97]LogAIModule: Creating AISystem for world Level1
[2016.04.09-20.38.03:549][ 97]LogWorld: Game class is '2DSideScrollerGameMode_C'
[2016.04.09-20.38.03:562][ 97]LogWorld: Bringing World /Game/2DSideScrollerBP/Maps/Level1.Level1 up for play (max tick rate 0) at 2016.04.09-15.38.03
[2016.04.09-20.38.03:563][ 97]LogWorld: Bringing up level for play took: 0.013256
[2016.04.09-20.38.04:645][153]LogPackageName: SearchForPackageOnDisk took   0.055s to resolve Level1.umap.
[2016.04.09-20.38.04:701][154]LogPackageName: SearchForPackageOnDisk took   0.054s to resolve Level1.umap.
[2016.04.09-20.38.04:701][154]LogNet: Browse: /Game/2DSideScrollerBP/Maps/Level1
[2016.04.09-20.38.04:701][154]LogLoad: LoadMap: /Game/2DSideScrollerBP/Maps/Level1
[2016.04.09-20.38.04:730][154]LogMemory: Platform Memory Stats for Windows
[2016.04.09-20.38.04:730][154]LogMemory: Process Physical Memory: 695.21 MB used, 697.51 MB peak
[2016.04.09-20.38.04:730][154]LogMemory: Process Virtual Memory: 666.95 MB used, 674.13 MB peak
[2016.04.09-20.38.04:730][154]LogMemory: Physical Memory: 5191.14 MB used, 8139.82 MB total
[2016.04.09-20.38.04:730][154]LogMemory: Virtual Memory: 1213.54 MB used, 8388608.00 MB total
[2016.04.09-20.38.04:730][154]LogMemory: 
[2016.04.09-20.38.04:730][154]Allocator Stats for TBB: (not implemented)
[2016.04.09-20.38.05:026][154]LogAIModule: Creating AISystem for world Level1
[2016.04.09-20.38.05:026][154]LogWorld: Game class is '2DSideScrollerGameMode_C'
[2016.04.09-20.38.05:038][154]LogWorld: Bringing World /Game/2DSideScrollerBP/Maps/Level1.Level1 up for play (max tick rate 0) at 2016.04.09-15.38.05
[2016.04.09-20.38.05:039][154]LogWorld: Bringing up level for play took: 0.012131
[2016.04.09-20.38.05:102][155]LogPackageName: SearchForPackageOnDisk took   0.059s to resolve Level1.umap.
[2016.04.09-20.38.05:158][155]LogPackageName: SearchForPackageOnDisk took   0.056s to resolve Level1.umap.
[2016.04.09-20.38.05:216][156]LogPackageName: SearchForPackageOnDisk took   0.056s to resolve Level1.umap.
[2016.04.09-20.38.05:217][156]LogNet: Browse: /Game/2DSideScrollerBP/Maps/Level1
[2016.04.09-20.38.05:217][156]LogLoad: LoadMap: /Game/2DSideScrollerBP/Maps/Level1
[2016.04.09-20.38.05:247][156]LogMemory: Platform Memory Stats for Windows
[2016.04.09-20.38.05:247][156]LogMemory: Process Physical Memory: 707.16 MB used, 707.17 MB peak
[2016.04.09-20.38.05:247][156]LogMemory: Process Virtual Memory: 683.07 MB used, 683.07 MB peak
[2016.04.09-20.38.05:247][156]LogMemory: Physical Memory: 5198.92 MB used, 8139.82 MB total
[2016.04.09-20.38.05:247][156]LogMemory: Virtual Memory: 1227.29 MB used, 8388608.00 MB total
[2016.04.09-20.38.05:247][156]LogMemory: 
[2016.04.09-20.38.05:247][156]Allocator Stats for TBB: (not implemented)
[2016.04.09-20.38.05:543][156]LogAIModule: Creating AISystem for world Level1
[2016.04.09-20.38.05:543][156]LogWorld: Game class is '2DSideScrollerGameMode_C'
[2016.04.09-20.38.05:556][156]LogWorld: Bringing World /Game/2DSideScrollerBP/Maps/Level1.Level1 up for play (max tick rate 0) at 2016.04.09-15.38.05
[2016.04.09-20.38.05:557][156]LogWorld: Bringing up level for play took: 0.012286
[2016.04.09-20.38.05:616][157]LogPackageName: SearchForPackageOnDisk took   0.056s to resolve Level1.umap.
[2016.04.09-20.38.05:671][157]LogPackageName: SearchForPackageOnDisk took   0.054s to resolve Level1.umap.
[2016.04.09-20.38.05:738][158]LogPackageName: SearchForPackageOnDisk took   0.055s to resolve Level1.umap.
[2016.04.09-20.38.05:738][158]LogNet: Browse: /Game/2DSideScrollerBP/Maps/Level1
[2016.04.09-20.38.05:738][158]LogLoad: LoadMap: /Game/2DSideScrollerBP/Maps/Level1
[2016.04.09-20.38.05:768][158]LogMemory: Platform Memory Stats for Windows
[2016.04.09-20.38.05:768][158]LogMemory: Process Physical Memory: 709.58 MB used, 709.59 MB peak
[2016.04.09-20.38.05:768][158]LogMemory: Process Virtual Memory: 683.82 MB used, 683.82 MB peak
[2016.04.09-20.38.05:768][158]LogMemory: Physical Memory: 5206.59 MB used, 8139.82 MB total
[2016.04.09-20.38.05:768][158]LogMemory: Virtual Memory: 1232.25 MB used, 8388608.00 MB total
[2016.04.09-20.38.05:768][158]LogMemory: 
[2016.04.09-20.38.05:768][158]Allocator Stats for TBB: (not implemented)
[2016.04.09-20.38.06:066][158]LogAIModule: Creating AISystem for world Level1
[2016.04.09-20.38.06:066][158]LogWorld: Game class is '2DSideScrollerGameMode_C'
[2016.04.09-20.38.06:078][158]LogWorld: Bringing World /Game/2DSideScrollerBP/Maps/Level1.Level1 up for play (max tick rate 0) at 2016.04.09-15.38.06
[2016.04.09-20.38.06:079][158]LogWorld: Bringing up level for play took: 0.012368
[2016.04.09-20.38.06:139][159]LogPackageName: SearchForPackageOnDisk took   0.055s to resolve Level1.umap.
[2016.04.09-20.38.06:194][160]LogPackageName: SearchForPackageOnDisk took   0.054s to resolve Level1.umap.
[2016.04.09-20.38.06:194][160]LogNet: Browse: /Game/2DSideScrollerBP/Maps/Level1
[2016.04.09-20.38.06:194][160]LogLoad: LoadMap: /Game/2DSideScrollerBP/Maps/Level1
[2016.04.09-20.38.06:225][160]LogMemory: Platform Memory Stats for Windows
[2016.04.09-20.38.06:225][160]LogMemory: Process Physical Memory: 711.71 MB used, 711.72 MB peak
[2016.04.09-20.38.06:225][160]LogMemory: Process Virtual Memory: 688.02 MB used, 688.05 MB peak
[2016.04.09-20.38.06:225][160]LogMemory: Physical Memory: 5209.25 MB used, 8139.82 MB total
[2016.04.09-20.38.06:225][160]LogMemory: Virtual Memory: 1236.31 MB used, 8388608.00 MB total
[2016.04.09-20.38.06:225][160]LogMemory: 
[2016.04.09-20.38.06:225][160]Allocator Stats for TBB: (not implemented)
[2016.04.09-20.38.06:521][160]LogAIModule: Creating AISystem for world Level1
[2016.04.09-20.38.06:521][160]LogWorld: Game class is '2DSideScrollerGameMode_C'
[2016.04.09-20.38.06:533][160]LogWorld: Bringing World /Game/2DSideScrollerBP/Maps/Level1.Level1 up for play (max tick rate 0) at 2016.04.09-15.38.06
[2016.04.09-20.38.06:534][160]LogWorld: Bringing up level for play took: 0.012201
[2016.04.09-20.38.06:593][161]LogPackageName: SearchForPackageOnDisk took   0.055s to resolve Level1.umap.
[2016.04.09-20.38.06:650][162]LogPackageName: SearchForPackageOnDisk took   0.056s to resolve Level1.umap.
[2016.04.09-20.38.06:650][162]LogNet: Browse: /Game/2DSideScrollerBP/Maps/Level1
[2016.04.09-20.38.06:650][162]LogLoad: LoadMap: /Game/2DSideScrollerBP/Maps/Level1
[2016.04.09-20.38.06:684][162]LogMemory: Platform Memory Stats for Windows
[2016.04.09-20.38.06:684][162]LogMemory: Process Physical Memory: 716.98 MB used, 716.98 MB peak
[2016.04.09-20.38.06:684][162]LogMemory: Process Virtual Memory: 690.65 MB used, 690.68 MB peak
[2016.04.09-20.38.06:684][162]LogMemory: Physical Memory: 5216.63 MB used, 8139.82 MB total
[2016.04.09-20.38.06:684][162]LogMemory: Virtual Memory: 1238.31 MB used, 8388608.00 MB total
[2016.04.09-20.38.06:684][162]LogMemory: 
[2016.04.09-20.38.06:684][162]Allocator Stats for TBB: (not implemented)
[2016.04.09-20.38.06:979][162]LogAIModule: Creating AISystem for world Level1
[2016.04.09-20.38.06:979][162]LogWorld: Game class is '2DSideScrollerGameMode_C'
[2016.04.09-20.38.06:992][162]LogWorld: Bringing World /Game/2DSideScrollerBP/Maps/Level1.Level1 up for play (max tick rate 0) at 2016.04.09-15.38.06
[2016.04.09-20.38.06:993][162]LogWorld: Bringing up level for play took: 0.012517
[2016.04.09-20.38.07:612][197]LogPackageName: SearchForPackageOnDisk took   0.054s to resolve Level1.umap.
[2016.04.09-20.38.07:667][198]LogPackageName: SearchForPackageOnDisk took   0.054s to resolve Level1.umap.
[2016.04.09-20.38.07:667][198]LogNet: Browse: /Game/2DSideScrollerBP/Maps/Level1
[2016.04.09-20.38.07:667][198]LogLoad: LoadMap: /Game/2DSideScrollerBP/Maps/Level1
[2016.04.09-20.38.07:697][198]LogMemory: Platform Memory Stats for Windows
[2016.04.09-20.38.07:697][198]LogMemory: Process Physical Memory: 720.28 MB used, 720.29 MB peak
[2016.04.09-20.38.07:697][198]LogMemory: Process Virtual Memory: 698.79 MB used, 698.79 MB peak
[2016.04.09-20.38.07:697][198]LogMemory: Physical Memory: 5210.57 MB used, 8139.82 MB total
[2016.04.09-20.38.07:697][198]LogMemory: Virtual Memory: 1246.44 MB used, 8388608.00 MB total
[2016.04.09-20.38.07:697][198]LogMemory: 
[2016.04.09-20.38.07:697][198]Allocator Stats for TBB: (not implemented)
[2016.04.09-20.38.07:992][198]LogAIModule: Creating AISystem for world Level1
[2016.04.09-20.38.07:993][198]LogWorld: Game class is '2DSideScrollerGameMode_C'
[2016.04.09-20.38.08:005][198]LogWorld: Bringing World /Game/2DSideScrollerBP/Maps/Level1.Level1 up for play (max tick rate 0) at 2016.04.09-15.38.08
[2016.04.09-20.38.08:006][198]LogWorld: Bringing up level for play took: 0.012257
[2016.04.09-20.38.08:418][220]LogPackageName: SearchForPackageOnDisk took   0.055s to resolve Level1.umap.
[2016.04.09-20.38.08:473][221]LogPackageName: SearchForPackageOnDisk took   0.054s to resolve Level1.umap.
[2016.04.09-20.38.08:473][221]LogNet: Browse: /Game/2DSideScrollerBP/Maps/Level1
[2016.04.09-20.38.08:473][221]LogLoad: LoadMap: /Game/2DSideScrollerBP/Maps/Level1
[2016.04.09-20.38.08:504][221]LogMemory: Platform Memory Stats for Windows
[2016.04.09-20.38.08:504][221]LogMemory: Process Physical Memory: 722.51 MB used, 722.52 MB peak
[2016.04.09-20.38.08:504][221]LogMemory: Process Virtual Memory: 699.85 MB used, 699.88 MB peak
[2016.04.09-20.38.08:504][221]LogMemory: Physical Memory: 5222.54 MB used, 8139.82 MB total
[2016.04.09-20.38.08:504][221]LogMemory: Virtual Memory: 1247.44 MB used, 8388608.00 MB total
[2016.04.09-20.38.08:504][221]LogMemory: 
[2016.04.09-20.38.08:504][221]Allocator Stats for TBB: (not implemented)
[2016.04.09-20.38.08:798][221]LogAIModule: Creating AISystem for world Level1
[2016.04.09-20.38.08:798][221]LogWorld: Game class is '2DSideScrollerGameMode_C'
[2016.04.09-20.38.08:810][221]LogWorld: Bringing World /Game/2DSideScrollerBP/Maps/Level1.Level1 up for play (max tick rate 0) at 2016.04.09-15.38.08
[2016.04.09-20.38.08:811][221]LogWorld: Bringing up level for play took: 0.012158
[2016.04.09-20.38.09:409][258]LogScript:Warning: Accessed None trying to read property Ice_Box
	GameOver_C /Engine/Transient.GameEngine_0:Lives_C_0.GameOver_C_0
	Function /Game/2DSideScrollerBP/UI/GameOver.GameOver_C:ExecuteUbergraph_GameOver:002F
[2016.04.09-20.38.09:409][258]LogScript:Warning: Accessed None trying to read property Ice_Box
	2DSideScrollerCharacter_C /Game/2DSideScrollerBP/Maps/Level1.Level1:PersistentLevel.2DSideScrollerCharacter_4768
	Function /Game/2DSideScrollerBP/Blueprints/2DSideScrollerCharacter.2DSideScrollerCharacter_C:Death:0236
[2016.04.09-20.38.13:925][528]LogPackageName: SearchForPackageOnDisk took   0.054s to resolve TitleScreen.umap.
[2016.04.09-20.38.13:981][528]LogPackageName: SearchForPackageOnDisk took   0.055s to resolve TitleScreen.umap.
[2016.04.09-20.38.13:981][528]LogNet: Browse: /Game/2DSideScrollerBP/Maps/TitleScreen
[2016.04.09-20.38.13:981][528]LogLoad: LoadMap: /Game/2DSideScrollerBP/Maps/TitleScreen
[2016.04.09-20.38.14:010][528]LogMemory: Platform Memory Stats for Windows
[2016.04.09-20.38.14:010][528]LogMemory: Process Physical Memory: 724.81 MB used, 724.82 MB peak
[2016.04.09-20.38.14:010][528]LogMemory: Process Virtual Memory: 699.93 MB used, 699.96 MB peak
[2016.04.09-20.38.14:010][528]LogMemory: Physical Memory: 5215.27 MB used, 8139.82 MB total
[2016.04.09-20.38.14:010][528]LogMemory: Virtual Memory: 1247.44 MB used, 8388608.00 MB total
[2016.04.09-20.38.14:010][528]LogMemory: 
[2016.04.09-20.38.14:010][528]Allocator Stats for TBB: (not implemented)
[2016.04.09-20.38.14:299][528]LogAIModule: Creating AISystem for world TitleScreen
[2016.04.09-20.38.14:299][528]LogWorld: Game class is '2DSideScrollerGameMode_C'
[2016.04.09-20.38.14:301][528]LogWorld: Bringing World /Game/2DSideScrollerBP/Maps/TitleScreen.TitleScreen up for play (max tick rate 0) at 2016.04.09-15.38.14
[2016.04.09-20.38.14:301][528]LogWorld: Bringing up level for play took: 0.000613
[2016.04.09-20.38.14:302][528]LogGameMode: Warning - PATHS NOT DEFINED or NO PLAYERSTART with positive rating
[2016.04.09-20.38.15:539][605]Closing by request
[2016.04.09-20.38.15:539][605]LogWindows: FPlatformMisc::RequestExit(0)
[2016.04.09-20.38.16:572][606]LogExit: Preparing to exit.
[2016.04.09-20.38.17:469][606]LogExit: Game engine shut down
[2016.04.09-20.38.17:567][606]LogObj: Freed 0b from 0 cluster array pools.
[2016.04.09-20.38.17:568][606]LogExit: Object subsystem successfully closed.
[2016.04.09-20.38.17:577][606]LogD3D11RHI: Shutdown
[2016.04.09-20.38.17:577][606]LogD3D11RHI: CleanupD3DDevice
[2016.04.09-20.38.17:703][606]LogD3D11RHI: ~FD3D11DynamicRHI
[2016.04.09-20.38.18:029][606]LogDerivedDataCache: Shutdown
[2016.04.09-20.38.18:029][606]LogModuleManager: Shutting down and abandoning module AndroidDeviceDetection (123)
[2016.04.09-20.38.18:674][606]LogModuleManager: Shutting down and abandoning module AutomationController (122)
[2016.04.09-20.38.18:674][606]LogModuleManager: Shutting down and abandoning module AutomationWorker (121)
[2016.04.09-20.38.18:674][606]LogModuleManager: Shutting down and abandoning module CharacterAI (120)
[2016.04.09-20.38.18:674][606]LogModuleManager: Shutting down and abandoning module AITestSuite (119)
[2016.04.09-20.38.18:674][606]LogModuleManager: Shutting down and abandoning module GameplayDebugger (118)
[2016.04.09-20.38.18:674][606]LogModuleManager: Shutting down and abandoning module AIModule (117)
[2016.04.09-20.38.18:674][606]LogModuleManager: Shutting down and abandoning module MovieSceneCapture (116)
[2016.04.09-20.38.18:674][606]LogModuleManager: Shutting down and abandoning module StreamingPauseRendering (115)
[2016.04.09-20.38.18:674][606]LogModuleManager: Shutting down and abandoning module PortalServices (114)
[2016.04.09-20.38.18:674][606]LogModuleManager: Shutting down and abandoning module PortalRpc (113)
[2016.04.09-20.38.18:674][606]LogModuleManager: Shutting down and abandoning module MessagingRpc (112)
[2016.04.09-20.38.18:674][606]LogModuleManager: Shutting down and abandoning module ProfilerService (111)
[2016.04.09-20.38.18:745][606]LogModuleManager: Shutting down and abandoning module TaskGraph (110)
[2016.04.09-20.38.18:745][606]LogModuleManager: Shutting down and abandoning module SlateRemote (109)
[2016.04.09-20.38.18:745][606]LogModuleManager: Shutting down and abandoning module SteamVRController (108)
[2016.04.09-20.38.18:745][606]LogModuleManager: Shutting down and abandoning module SteamVR (107)
[2016.04.09-20.38.18:745][606]LogModuleManager: Shutting down and abandoning module ProceduralMeshComponent (106)
[2016.04.09-20.38.18:745][606]LogModuleManager: Shutting down and abandoning module OculusLibrary (105)
[2016.04.09-20.38.18:745][606]LogModuleManager: Shutting down and abandoning module OculusInput (104)
[2016.04.09-20.38.18:745][606]LogModuleManager: Shutting down and abandoning module CustomMeshComponent (103)
[2016.04.09-20.38.18:745][606]LogModuleManager: Shutting down and abandoning module CableComponent (102)
[2016.04.09-20.38.18:745][606]LogModuleManager: Shutting down and abandoning module ArchVisCharacter (101)
[2016.04.09-20.38.18:745][606]LogModuleManager: Shutting down and abandoning module HTML5Networking (100)
[2016.04.09-20.38.18:745][606]LogModuleManager: Shutting down and abandoning module DesktopPlatform (99)
[2016.04.09-20.38.18:745][606]LogModuleManager: Shutting down and abandoning module DirectoryWatcher (98)
[2016.04.09-20.38.18:745][606]LogModuleManager: Shutting down and abandoning module HotReload (97)
[2016.04.09-20.38.18:745][606]LogModuleManager: Shutting down and abandoning module VisualStudioSourceCodeAccess (96)
[2016.04.09-20.38.18:745][606]LogModuleManager: Shutting down and abandoning module UObjectPlugin (95)
[2016.04.09-20.38.18:745][606]LogModuleManager: Shutting down and abandoning module SubversionSourceControl (94)
[2016.04.09-20.38.18:745][606]LogModuleManager: Shutting down and abandoning module SourceControl (93)
[2016.04.09-20.38.18:745][606]LogModuleManager: Shutting down and abandoning module PerforceSourceControl (92)
[2016.04.09-20.38.18:745][606]LogModuleManager: Shutting down and abandoning module UdpMessaging (91)
[2016.04.09-20.38.18:845][606]LogModuleManager: Shutting down and abandoning module LightPropagationVolumeRuntime (90)
[2016.04.09-20.38.18:845][606]LogModuleManager: Shutting down and abandoning module Paper2D (89)
[2016.04.09-20.38.18:845][606]LogModuleManager: Shutting down and abandoning module WindowsMoviePlayer (88)
[2016.04.09-20.38.18:845][606]LogModuleManager: Shutting down and abandoning module Media (87)
[2016.04.09-20.38.18:845][606]LogModuleManager: Shutting down and abandoning module WmfMedia (86)
[2016.04.09-20.38.18:845][606]LogModuleManager: Shutting down and abandoning module GameLiveStreaming (85)
[2016.04.09-20.38.18:845][606]LogModuleManager: Shutting down and abandoning module GameplayTagsEditor (84)
[2016.04.09-20.38.18:845][606]LogModuleManager: Shutting down and abandoning module OnlineBlueprintSupport (83)
[2016.04.09-20.38.18:845][606]LogModuleManager: Shutting down and abandoning module GameplayTasksEditor (82)
[2016.04.09-20.38.18:845][606]LogModuleManager: Shutting down and abandoning module PropertyEditor (81)
[2016.04.09-20.38.18:845][606]LogModuleManager: Shutting down and abandoning module BehaviorTreeEditor (80)
[2016.04.09-20.38.18:845][606]LogModuleManager: Shutting down and abandoning module FunctionalTesting (79)
[2016.04.09-20.38.18:845][606]LogModuleManager: Shutting down and abandoning module CollisionAnalyzer (78)
[2016.04.09-20.38.18:845][606]LogModuleManager: Shutting down and abandoning module WorkspaceMenuStructure (77)
[2016.04.09-20.38.18:845][606]LogModuleManager: Shutting down and abandoning module MessageLog (76)
[2016.04.09-20.38.18:845][606]LogModuleManager: Shutting down and abandoning module Sequencer (75)
[2016.04.09-20.38.18:845][606]LogModuleManager: Shutting down and abandoning module AssetTools (74)
[2016.04.09-20.38.18:845][606]LogModuleManager: Shutting down and abandoning module UMGEditor (73)
[2016.04.09-20.38.18:845][606]LogModuleManager: Shutting down and abandoning module UMG (72)
[2016.04.09-20.38.18:845][606]LogModuleManager: Shutting down and abandoning module SlateReflector (71)
[2016.04.09-20.38.18:845][606]LogModuleManager: Shutting down and abandoning module Slate (70)
[2016.04.09-20.38.18:845][606]LogModuleManager: Shutting down and abandoning module EditorStyle (69)
[2016.04.09-20.38.18:847][606]LogModuleManager: Shutting down and abandoning module SessionServices (68)
[2016.04.09-20.38.18:847][606]LogModuleManager: Shutting down and abandoning module SourceCodeAccess (67)
[2016.04.09-20.38.18:847][606]LogModuleManager: Shutting down and abandoning module HeadMountedDisplay (66)
[2016.04.09-20.38.18:847][606]LogModuleManager: Shutting down and abandoning module XAudio2 (65)
[2016.04.09-20.38.18:847][606]LogModuleManager: Shutting down and abandoning module Networking (63)
[2016.04.09-20.38.18:847][606]LogModuleManager: Shutting down and abandoning module Core (62)
[2016.04.09-20.38.18:847][606]LogModuleManager: Shutting down and abandoning module KismetCompiler (61)
[2016.04.09-20.38.18:847][606]LogModuleManager: Shutting down and abandoning module PhysXFormats (60)
[2016.04.09-20.38.18:847][606]LogModuleManager: Shutting down and abandoning module MeshUtilities (59)
[2016.04.09-20.38.18:847][606]LogModuleManager: Shutting down and abandoning module CookingStats (58)
[2016.04.09-20.38.18:847][606]LogModuleManager: Shutting down and abandoning module DerivedDataCache (57)
[2016.04.09-20.38.18:847][606]LogDerivedDataCache: Shutdown
[2016.04.09-20.38.18:847][606]LogModuleManager: Shutting down and abandoning module ShaderFormatOpenGL (56)
[2016.04.09-20.38.18:847][606]LogModuleManager: Shutting down and abandoning module ShaderFormatD3D (55)
[2016.04.09-20.38.18:847][606]LogModuleManager: Shutting down and abandoning module MetalShaderFormat (54)
[2016.04.09-20.38.18:847][606]LogModuleManager: Shutting down and abandoning module TextureFormatUncompressed (53)
[2016.04.09-20.38.18:847][606]LogModuleManager: Shutting down and abandoning module TextureFormatPVR (52)
[2016.04.09-20.38.18:847][606]LogModuleManager: Shutting down and abandoning module TextureFormatIntelISPCTexComp (51)
[2016.04.09-20.38.18:847][606]LogModuleManager: Shutting down and abandoning module TextureFormatDXT (50)
[2016.04.09-20.38.18:847][606]LogModuleManager: Shutting down and abandoning module ImageWrapper (49)
[2016.04.09-20.38.18:847][606]LogModuleManager: Shutting down and abandoning module TextureFormatASTC (48)
[2016.04.09-20.38.18:847][606]LogModuleManager: Shutting down and abandoning module TextureFormatAndroid (47)
[2016.04.09-20.38.18:847][606]LogModuleManager: Shutting down and abandoning module AudioFormatOpus (46)
[2016.04.09-20.38.18:847][606]LogModuleManager: Shutting down and abandoning module AudioFormatOgg (45)
[2016.04.09-20.38.18:847][606]LogModuleManager: Shutting down and abandoning module AudioFormatADPCM (44)
[2016.04.09-20.38.18:847][606]LogModuleManager: Shutting down and abandoning module LinuxTargetPlatform (43)
[2016.04.09-20.38.18:847][606]LogModuleManager: Shutting down and abandoning module LinuxServerTargetPlatform (42)
[2016.04.09-20.38.18:847][606]LogModuleManager: Shutting down and abandoning module LinuxNoEditorTargetPlatform (41)
[2016.04.09-20.38.18:847][606]LogModuleManager: Shutting down and abandoning module TVOSTargetPlatform (40)
[2016.04.09-20.38.18:847][606]LogModuleManager: Shutting down and abandoning module Messaging (39)
[2016.04.09-20.38.18:847][606]LogModuleManager: Shutting down and abandoning module IOSTargetPlatform (38)
[2016.04.09-20.38.18:847][606]LogModuleManager: Shutting down and abandoning module HTML5TargetPlatform (37)
[2016.04.09-20.38.18:847][606]LogModuleManager: Shutting down and abandoning module Android_PVRTCTargetPlatform (36)
[2016.04.09-20.38.18:847][606]LogModuleManager: Shutting down and abandoning module Android_MultiTargetPlatform (35)
[2016.04.09-20.38.18:847][606]LogModuleManager: Shutting down and abandoning module Android_ETC2TargetPlatform (34)
[2016.04.09-20.38.18:847][606]LogModuleManager: Shutting down and abandoning module Android_ETC1TargetPlatform (33)
[2016.04.09-20.38.18:847][606]LogModuleManager: Shutting down and abandoning module Android_DXTTargetPlatform (32)
[2016.04.09-20.38.18:847][606]LogModuleManager: Shutting down and abandoning module Android_ATCTargetPlatform (31)
[2016.04.09-20.38.18:847][606]LogModuleManager: Shutting down and abandoning module Android_ASTCTargetPlatform (30)
[2016.04.09-20.38.18:847][606]LogModuleManager: Shutting down and abandoning module AndroidTargetPlatform (29)
[2016.04.09-20.38.18:847][606]LogModuleManager: Shutting down and abandoning module WindowsTargetPlatform (28)
[2016.04.09-20.38.18:848][606]LogModuleManager: Shutting down and abandoning module WindowsServerTargetPlatform (27)
[2016.04.09-20.38.18:848][606]LogModuleManager: Shutting down and abandoning module WindowsNoEditorTargetPlatform (26)
[2016.04.09-20.38.18:848][606]LogModuleManager: Shutting down and abandoning module WindowsClientTargetPlatform (25)
[2016.04.09-20.38.18:848][606]LogModuleManager: Shutting down and abandoning module AllDesktopTargetPlatform (24)
[2016.04.09-20.38.18:848][606]LogModuleManager: Shutting down and abandoning module TargetPlatform (23)
[2016.04.09-20.38.18:848][606]LogModuleManager: Shutting down and abandoning module InputCore (22)
[2016.04.09-20.38.18:848][606]LogModuleManager: Shutting down and abandoning module Settings (21)
[2016.04.09-20.38.18:848][606]LogModuleManager: Shutting down and abandoning module OnlineSubsystem (19)
[2016.04.09-20.38.18:848][606]LogModuleManager: Shutting down and abandoning module HTTP (18)
[2016.04.09-20.38.18:848][606]LogModuleManager: Shutting down and abandoning module XMPP (17)
[2016.04.09-20.38.18:848][606]LogModuleManager: Shutting down and abandoning module OculusRift (16)
[2016.04.09-20.38.18:848][606]LogModuleManager: Shutting down and abandoning module ExampleDeviceProfileSelector (15)
[2016.04.09-20.38.18:848][606]LogModuleManager: Shutting down and abandoning module TextureCompressor (14)
[2016.04.09-20.38.18:848][606]LogModuleManager: Shutting down and abandoning module ShaderCore (13)
[2016.04.09-20.38.18:848][606]LogModuleManager: Shutting down and abandoning module Landscape (12)
[2016.04.09-20.38.18:848][606]LogModuleManager: Shutting down and abandoning module SlateRHIRenderer (11)
[2016.04.09-20.38.18:848][606]LogModuleManager: Shutting down and abandoning module OpenGLDrv (10)
[2016.04.09-20.38.18:848][606]LogModuleManager: Shutting down and abandoning module D3D11RHI (9)
[2016.04.09-20.38.18:848][606]LogModuleManager: Shutting down and abandoning module AnimGraphRuntime (8)
[2016.04.09-20.38.18:848][606]LogModuleManager: Shutting down and abandoning module Renderer (7)
[2016.04.09-20.38.18:848][606]LogModuleManager: Shutting down and abandoning module Engine (6)
[2016.04.09-20.38.18:848][606]LogModuleManager: Shutting down and abandoning module CoreUObject (5)
[2016.04.09-20.38.18:848][606]LogModuleManager: Shutting down and abandoning module NetworkFile (4)
[2016.04.09-20.38.18:848][606]LogModuleManager: Shutting down and abandoning module StreamingFile (3)
[2016.04.09-20.38.18:848][606]LogModuleManager: Shutting down and abandoning module SandboxFile (2)
[2016.04.09-20.38.18:848][606]LogModuleManager: Shutting down and abandoning module PakFile (1)
[2016.04.09-20.38.18:849][606]LogExit: Exiting.
[2016.04.09-20.38.18:850][606]Log file closed, 04/09/16 15:38:18
