Log file open, 04/09/16 12:28:24
LogInit:Display: Running engine for game: MyProject
LogPlatformFile: Not using cached read wrapper
LogInit:Display: RandInit(-283012479) SRandInit(-283012478).
LogTaskGraph: Started task graph with 4 named threads and 7 total threads.
LogStats: Stats thread started at 0.068101
LogInit: Version: 4.11.1-2934540+++UE4+Release-4.11
LogInit: API Version: 2927265
LogInit: Compiled (64-bit): Apr  6 2016 02:14:16
LogInit: Compiled with Visual C++: 19.00.23026.00
LogInit: Build Configuration: Development
LogInit: Branch Name: ++UE4+Release-4.11
LogInit: Command line:  /Temp/Autosaves/Game/2DSideScrollerBP/Maps/UEDPCLevel2 -game -PIEVIACONSOLE -ResX=1280 -ResY=720  -Multiprocess -messaging -SessionName="Play in Standalone Game" 
LogInit: Base directory: C:/Program Files (x86)/Epic Games/4.11/Engine/Binaries/Win64/
LogInit: Installed Engine Build: 1
LogInit: Using libcurl 7.41.0
LogInit:  - built for x86_64-pc-win32
LogInit:  - supports SSL with WinSSL
LogInit:  - other features:
LogInit:      CURL_VERSION_SSL
LogInit:      CURL_VERSION_IPV6
LogInit:      CURL_VERSION_ASYNCHDNS
LogInit:      CURL_VERSION_LARGEFILE
LogInit:      CURL_VERSION_IDN
LogInit:  CurlRequestOptions (configurable via config and command line):
LogInit:  - bVerifyPeer = true  - Libcurl will verify peer certificate
LogInit:  - bUseHttpProxy = false  - Libcurl will NOT use HTTP proxy
LogInit:  - bDontReuseConnections = false  - Libcurl will reuse connections
LogInit:  - CertBundlePath = nullptr  - Libcurl will use whatever was configured at build time.
LogInit: Presizing for max 16777216 objects, including 0 objects not considered by GC, pre-allocating 0 bytes for permanent pool.
LogInit: Object subsystem initialized
[2016.04.09-17.28.25:129][  0]LogInit: Selected Device Profile: [Windows]
[2016.04.09-17.28.25:129][  0]LogInit: Applying CVar settings loaded from the selected device profile: [Windows]
[2016.04.09-17.28.25:132][  0]LogInit: Computer: CURTIS-PC
[2016.04.09-17.28.25:132][  0]LogInit: User: Curtis
[2016.04.09-17.28.25:132][  0]LogInit: CPU Page size=65536, Cores=4
[2016.04.09-17.28.25:132][  0]LogInit: High frequency timer resolution =2.336201 MHz
[2016.04.09-17.28.25:132][  0]LogMemory: Memory total: Physical=7.9GB (8GB approx)
[2016.04.09-17.28.25:132][  0]LogMemory: Platform Memory Stats for Windows
[2016.04.09-17.28.25:132][  0]LogMemory: Process Physical Memory: 314.12 MB used, 314.12 MB peak
[2016.04.09-17.28.25:132][  0]LogMemory: Process Virtual Memory: 316.72 MB used, 316.72 MB peak
[2016.04.09-17.28.25:132][  0]LogMemory: Physical Memory: 5141.37 MB used, 8139.82 MB total
[2016.04.09-17.28.25:132][  0]LogMemory: Virtual Memory: 620.69 MB used, 8388608.00 MB total
[2016.04.09-17.28.25:162][  0]LogTextLocalizationManager: No specific translations for ('en-US') exist, so ('en') translations will be used.
[2016.04.09-17.28.25:569][  0]LogD3D11RHI: D3D11 adapters:
[2016.04.09-17.28.25:619][  0]LogD3D11RHI:    0. 'AMD Radeon HD 6870M' (Feature Level 11_0)
[2016.04.09-17.28.25:619][  0]LogD3D11RHI:       1010MB of dedicated video memory, 0MB of dedicated system memory, and 3813MB of shared system memory, 1 output[s]
[2016.04.09-17.28.25:624][  0]LogD3D11RHI:    1. 'Intel(R) HD Graphics 3000' (Feature Level 10_0)
[2016.04.09-17.28.25:624][  0]LogD3D11RHI:       64MB of dedicated video memory, 0MB of dedicated system memory, and 1632MB of shared system memory, 0 output[s]
[2016.04.09-17.28.25:624][  0]LogD3D11RHI: Chosen D3D11 Adapter: 0
[2016.04.09-17.28.25:629][  0]LogD3D11RHI: Creating new Direct3DDevice
[2016.04.09-17.28.25:629][  0]LogD3D11RHI:     Adapter Name: AMD Radeon HD 6870M
[2016.04.09-17.28.25:629][  0]LogD3D11RHI:   Driver Version: 9.3.0.0 (internal 9.3.0.0)
[2016.04.09-17.28.25:629][  0]LogD3D11RHI:      Driver Date: 10-25-2012
[2016.04.09-17.28.25:629][  0]LogRHI: Texture pool is 707 MB (70% of 1010 MB)
[2016.04.09-17.28.25:635][  0]LogD3D11RHI: Async texture creation disabled: no driver support
[2016.04.09-17.28.25:646][  0]LogShaderCompilers: Guid format shader working directory is -16 characters bigger than the processId version (../../../../../../Users/Curtis/Documents/Unreal Projects/IceBox/Intermediate/Shaders/WorkingDirectory/4732/).
[2016.04.09-17.28.25:646][  0]LogShaderCompilers: Cleaned the shader compiler working directory 'C:/Users/Curtis/AppData/Local/Temp/UnrealShaderWorkingDir/A7332AFB4A27118A3D8EF4894AA6C29A/'.
[2016.04.09-17.28.25:646][  0]LogShaderCompilers:Display: Using Local Shader Compiler.
[2016.04.09-17.28.26:643][  0]LogTemp:Display: Loaded TP AllDesktopTargetPlatform
[2016.04.09-17.28.26:646][  0]LogTemp:Display: Loaded TP WindowsClientTargetPlatform
[2016.04.09-17.28.26:650][  0]LogTemp:Display: Loaded TP WindowsNoEditorTargetPlatform
[2016.04.09-17.28.26:654][  0]LogTemp:Display: Loaded TP WindowsServerTargetPlatform
[2016.04.09-17.28.26:658][  0]LogTemp:Display: Loaded TP WindowsTargetPlatform
[2016.04.09-17.28.26:661][  0]LogTemp:Display: Loaded TP AndroidTargetPlatform
[2016.04.09-17.28.26:664][  0]LogTemp:Display: Loaded TP Android_ASTCTargetPlatform
[2016.04.09-17.28.26:667][  0]LogTemp:Display: Loaded TP Android_ATCTargetPlatform
[2016.04.09-17.28.26:669][  0]LogTemp:Display: Loaded TP Android_DXTTargetPlatform
[2016.04.09-17.28.26:672][  0]LogTemp:Display: Loaded TP Android_ETC1TargetPlatform
[2016.04.09-17.28.26:675][  0]LogTemp:Display: Loaded TP Android_ETC2TargetPlatform
[2016.04.09-17.28.26:681][  0]LogTemp:Display: Loaded TP Android_MultiTargetPlatform
[2016.04.09-17.28.26:681][  0]LogTemp:Display: Loaded TP Android_PVRTCTargetPlatform
[2016.04.09-17.28.26:681][  0]LogTemp:Display: Loaded TP HTML5TargetPlatform
[2016.04.09-17.28.26:696][  0]LogTemp:Display: Loaded TP IOSTargetPlatform
[2016.04.09-17.28.26:698][  0]LogTemp:Display: Loaded TP TVOSTargetPlatform
[2016.04.09-17.28.26:701][  0]LogTemp:Display: Loaded TP LinuxNoEditorTargetPlatform
[2016.04.09-17.28.26:704][  0]LogTemp:Display: Loaded TP LinuxServerTargetPlatform
[2016.04.09-17.28.26:707][  0]LogTemp:Display: Loaded TP LinuxTargetPlatform
[2016.04.09-17.28.26:707][  0]LogTargetPlatformManager:Display: Building Assets For Windows
[2016.04.09-17.28.26:765][  0]LogDerivedDataCache:Display: Max Cache Size: 512 MB
[2016.04.09-17.28.26:814][  0]LogDerivedDataCache: Loaded boot cache 0.05s 46MB C:/Users/Curtis/AppData/Local/UnrealEngine/4.11/DerivedDataCache/Boot.ddc.
[2016.04.09-17.28.26:814][  0]LogDerivedDataCache:Display: Loaded Boot cache: C:/Users/Curtis/AppData/Local/UnrealEngine/4.11/DerivedDataCache/Boot.ddc
[2016.04.09-17.28.26:814][  0]LogDerivedDataCache: FDerivedDataBackendGraph:  Pak pak cache file ../../../../../../Users/Curtis/Documents/Unreal Projects/IceBox/DerivedDataCache/DDC.ddp not found, will not use a pak cache.
[2016.04.09-17.28.26:814][  0]LogDerivedDataCache: Unable to find inner node Pak for hierarchical cache Hierarchy.
[2016.04.09-17.28.26:814][  0]LogDerivedDataCache: FDerivedDataBackendGraph:  CompressedPak pak cache file ../../../../../../Users/Curtis/Documents/Unreal Projects/IceBox/DerivedDataCache/Compressed.ddp not found, will not use a pak cache.
[2016.04.09-17.28.26:814][  0]LogDerivedDataCache: Unable to find inner node CompressedPak for hierarchical cache Hierarchy.
[2016.04.09-17.28.26:830][  0]LogDerivedDataCache:Display: Pak cache opened for reading ../../../Engine/DerivedDataCache/Compressed.ddp.
[2016.04.09-17.28.26:842][  0]LogDerivedDataCache: Using Local data cache path C:/Users/Curtis/AppData/Local/UnrealEngine/Common/DerivedDataCache: Writable
[2016.04.09-17.28.27:033][  0]LogInit: Selected Device Profile: [Windows]
[2016.04.09-17.28.27:039][  0]LogMaterial: Uniform references updated for custom material expression Custom.
[2016.04.09-17.28.27:040][  0]LogContentStreaming: Texture pool size is 1000.00 MB
[2016.04.09-17.28.27:172][  0]LogMeshUtilities: No automatic mesh reduction module available
[2016.04.09-17.28.27:172][  0]LogMeshUtilities: No automatic mesh merging module available
[2016.04.09-17.28.27:172][  0]LogMeshUtilities: No distributed automatic mesh merging module available
[2016.04.09-17.28.27:394][  0]LogInit: WinSock: version 1.1 (2.2), MaxSocks=32767, MaxUdp=65467
[2016.04.09-17.28.27:447][  0]LogSlate: SlateFontCache - WITH_FREETYPE: 1, WITH_HARFBUZZ: 1
[2016.04.09-17.28.27:447][  0]LogSlate: SlateFontCache - WITH_FREETYPE: 1, WITH_HARFBUZZ: 1
[2016.04.09-17.28.27:557][  0]LogWindowsMoviePlayer: Unable to load movie: ../../../../../../Users/Curtis/Documents/Unreal Projects/IceBox/Content/Movies/Default_Startup.mp4
[2016.04.09-17.28.27:624][  0]LogUdpMessaging: Initializing bridge on interface 0.0.0.0:0 to multicast group 230.0.0.1:6666.
[2016.04.09-17.28.27:702][  0]SourceControl: Info Source control is disabled
[2016.04.09-17.28.27:702][  0]SourceControl: Info Source control is disabled
[2016.04.09-17.28.27:708][  0]SourceControl: Info Source control is disabled
[2016.04.09-17.28.27:784][  0]LogUObjectArray: 29142 objects as part of root set at end of initial load.
[2016.04.09-17.28.27:785][  0]LogUObjectAllocator: 6065048 out of 0 bytes used by permanent object pool.
[2016.04.09-17.28.27:785][  0]LogUObjectArray: CloseDisregardForGC: 0/0 objects in disregard for GC pool
[2016.04.09-17.28.27:838][  0]LogEngine: Initializing Engine...
[2016.04.09-17.28.27:839][  0]LogHMD: SteamVR failed to initialize.  Err: 110
[2016.04.09-17.28.27:839][  0]LogHMD: SteamVR failed to initialize.  Err: 110
[2016.04.09-17.28.27:970][  0]LogInit: XAudio2 using 'Speakers / Headphones (IDT High Definition Audio CODEC)' : 2 channels at 48 kHz using 16 bits per sample (channel mask 0x3)
[2016.04.09-17.28.27:981][  0]LogInit: FAudioDevice initialized.
[2016.04.09-17.28.27:987][  0]LogInit: Texture streaming: Enabled
[2016.04.09-17.28.28:062][  0]LogNet: Browse: /Temp/Autosaves/Game/2DSideScrollerBP/Maps/UEDPCLevel2?Name=Player
[2016.04.09-17.28.28:062][  0]LogLoad: LoadMap: /Temp/Autosaves/Game/2DSideScrollerBP/Maps/UEDPCLevel2?Name=Player
[2016.04.09-17.28.28:077][  0]LogMemory: Platform Memory Stats for Windows
[2016.04.09-17.28.28:077][  0]LogMemory: Process Physical Memory: 643.46 MB used, 645.46 MB peak
[2016.04.09-17.28.28:077][  0]LogMemory: Process Virtual Memory: 625.79 MB used, 632.74 MB peak
[2016.04.09-17.28.28:077][  0]LogMemory: Physical Memory: 5413.99 MB used, 8139.82 MB total
[2016.04.09-17.28.28:077][  0]LogMemory: Virtual Memory: 1150.32 MB used, 8388608.00 MB total
[2016.04.09-17.28.28:077][  0]LogMemory: 
[2016.04.09-17.28.28:077][  0]Allocator Stats for TBB: (not implemented)
[2016.04.09-17.28.28:347][  0]LogAIModule: Creating AISystem for world Level2
[2016.04.09-17.28.28:350][  0]LogWorld: Game class is '2DSideScrollerGameMode_C'
[2016.04.09-17.28.28:363][  0]LogWorld: Bringing World /Temp/Autosaves/Game/2DSideScrollerBP/Maps/UEDPCLevel2.Level2 up for play (max tick rate 0) at 2016.04.09-12.28.28
[2016.04.09-17.28.28:364][  0]LogWorld: Bringing up level for play took: 0.012499
[2016.04.09-17.28.28:367][  0]LogInit:Display: Game Engine Initialized.
[2016.04.09-17.28.28:582][  0]LogLoad: Full Startup: 4.02 seconds (BP compile: 0.05 seconds)
[2016.04.09-17.28.28:582][  0]LogExternalProfiler:Warning: No registered external profiler was matched with a command-line switch (or the DLL could not be loaded).  External profiling features will not be available.
[2016.04.09-17.28.28:599][  0]LogOcInput: OculusInput pre-init called
[2016.04.09-17.28.28:742][  2]LogRenderer: Reallocating scene render targets to support 1280x720 (Frame:2).
[2016.04.09-17.29.11:621][234]LogPackageName: SearchForPackageOnDisk took   0.059s to resolve Level2.umap.
[2016.04.09-17.29.11:676][235]LogPackageName: SearchForPackageOnDisk took   0.054s to resolve Level2.umap.
[2016.04.09-17.29.11:676][235]LogNet: Browse: /Game/2DSideScrollerBP/Maps/Level2
[2016.04.09-17.29.11:676][235]LogLoad: LoadMap: /Game/2DSideScrollerBP/Maps/Level2
[2016.04.09-17.29.11:705][235]LogMemory: Platform Memory Stats for Windows
[2016.04.09-17.29.11:705][235]LogMemory: Process Physical Memory: 685.86 MB used, 686.12 MB peak
[2016.04.09-17.29.11:705][235]LogMemory: Process Virtual Memory: 655.21 MB used, 659.61 MB peak
[2016.04.09-17.29.11:705][235]LogMemory: Physical Memory: 5435.61 MB used, 8139.82 MB total
[2016.04.09-17.29.11:705][235]LogMemory: Virtual Memory: 1205.90 MB used, 8388608.00 MB total
[2016.04.09-17.29.11:705][235]LogMemory: 
[2016.04.09-17.29.11:705][235]Allocator Stats for TBB: (not implemented)
[2016.04.09-17.29.11:956][235]LogAIModule: Creating AISystem for world Level2
[2016.04.09-17.29.11:959][235]LogWorld: Game class is '2DSideScrollerGameMode_C'
[2016.04.09-17.29.11:971][235]LogWorld: Bringing World /Game/2DSideScrollerBP/Maps/Level2.Level2 up for play (max tick rate 0) at 2016.04.09-12.29.11
[2016.04.09-17.29.11:972][235]LogWorld: Bringing up level for play took: 0.011927
[2016.04.09-17.29.29:090][127]LogPackageName: SearchForPackageOnDisk took   0.053s to resolve Level2.umap.
[2016.04.09-17.29.29:146][128]LogPackageName: SearchForPackageOnDisk took   0.054s to resolve Level2.umap.
[2016.04.09-17.29.29:146][128]LogNet: Browse: /Game/2DSideScrollerBP/Maps/Level2
[2016.04.09-17.29.29:146][128]LogLoad: LoadMap: /Game/2DSideScrollerBP/Maps/Level2
[2016.04.09-17.29.29:173][128]LogMemory: Platform Memory Stats for Windows
[2016.04.09-17.29.29:173][128]LogMemory: Process Physical Memory: 697.12 MB used, 697.58 MB peak
[2016.04.09-17.29.29:173][128]LogMemory: Process Virtual Memory: 665.84 MB used, 670.79 MB peak
[2016.04.09-17.29.29:173][128]LogMemory: Physical Memory: 5444.50 MB used, 8139.82 MB total
[2016.04.09-17.29.29:173][128]LogMemory: Virtual Memory: 1213.90 MB used, 8388608.00 MB total
[2016.04.09-17.29.29:173][128]LogMemory: 
[2016.04.09-17.29.29:173][128]Allocator Stats for TBB: (not implemented)
[2016.04.09-17.29.29:426][128]LogAIModule: Creating AISystem for world Level2
[2016.04.09-17.29.29:430][128]LogWorld: Game class is '2DSideScrollerGameMode_C'
[2016.04.09-17.29.29:441][128]LogWorld: Bringing World /Game/2DSideScrollerBP/Maps/Level2.Level2 up for play (max tick rate 0) at 2016.04.09-12.29.29
[2016.04.09-17.29.29:442][128]LogWorld: Bringing up level for play took: 0.011140
[2016.04.09-17.29.37:910][572]LogPackageName: SearchForPackageOnDisk took   0.055s to resolve Level2.umap.
[2016.04.09-17.29.37:964][573]LogPackageName: SearchForPackageOnDisk took   0.053s to resolve Level2.umap.
[2016.04.09-17.29.37:964][573]LogNet: Browse: /Game/2DSideScrollerBP/Maps/Level2
[2016.04.09-17.29.37:964][573]LogLoad: LoadMap: /Game/2DSideScrollerBP/Maps/Level2
[2016.04.09-17.29.37:992][573]LogMemory: Platform Memory Stats for Windows
[2016.04.09-17.29.37:992][573]LogMemory: Process Physical Memory: 700.28 MB used, 700.29 MB peak
[2016.04.09-17.29.37:992][573]LogMemory: Process Virtual Memory: 667.21 MB used, 670.79 MB peak
[2016.04.09-17.29.37:992][573]LogMemory: Physical Memory: 5438.30 MB used, 8139.82 MB total
[2016.04.09-17.29.37:992][573]LogMemory: Virtual Memory: 1209.09 MB used, 8388608.00 MB total
[2016.04.09-17.29.37:992][573]LogMemory: 
[2016.04.09-17.29.37:992][573]Allocator Stats for TBB: (not implemented)
[2016.04.09-17.29.38:247][573]LogAIModule: Creating AISystem for world Level2
[2016.04.09-17.29.38:250][573]LogWorld: Game class is '2DSideScrollerGameMode_C'
[2016.04.09-17.29.38:261][573]LogWorld: Bringing World /Game/2DSideScrollerBP/Maps/Level2.Level2 up for play (max tick rate 0) at 2016.04.09-12.29.38
[2016.04.09-17.29.38:262][573]LogWorld: Bringing up level for play took: 0.010758
[2016.04.09-17.29.47:240][ 45]LogPackageName: SearchForPackageOnDisk took   0.054s to resolve Level2.umap.
[2016.04.09-17.29.47:294][ 46]LogPackageName: SearchForPackageOnDisk took   0.053s to resolve Level2.umap.
[2016.04.09-17.29.47:294][ 46]LogNet: Browse: /Game/2DSideScrollerBP/Maps/Level2
[2016.04.09-17.29.47:294][ 46]LogLoad: LoadMap: /Game/2DSideScrollerBP/Maps/Level2
[2016.04.09-17.29.47:322][ 46]LogMemory: Platform Memory Stats for Windows
[2016.04.09-17.29.47:322][ 46]LogMemory: Process Physical Memory: 702.93 MB used, 702.94 MB peak
[2016.04.09-17.29.47:322][ 46]LogMemory: Process Virtual Memory: 671.55 MB used, 671.58 MB peak
[2016.04.09-17.29.47:322][ 46]LogMemory: Physical Memory: 5441.25 MB used, 8139.82 MB total
[2016.04.09-17.29.47:323][ 46]LogMemory: Virtual Memory: 1213.15 MB used, 8388608.00 MB total
[2016.04.09-17.29.47:323][ 46]LogMemory: 
[2016.04.09-17.29.47:323][ 46]Allocator Stats for TBB: (not implemented)
[2016.04.09-17.29.47:576][ 46]LogAIModule: Creating AISystem for world Level2
[2016.04.09-17.29.47:579][ 46]LogWorld: Game class is '2DSideScrollerGameMode_C'
[2016.04.09-17.29.47:591][ 46]LogWorld: Bringing World /Game/2DSideScrollerBP/Maps/Level2.Level2 up for play (max tick rate 0) at 2016.04.09-12.29.47
[2016.04.09-17.29.47:592][ 46]LogWorld: Bringing up level for play took: 0.011008
[2016.04.09-17.31.01:101][867]LogPackageName: SearchForPackageOnDisk took   0.054s to resolve Level2.umap.
[2016.04.09-17.31.01:155][868]LogPackageName: SearchForPackageOnDisk took   0.053s to resolve Level2.umap.
[2016.04.09-17.31.01:155][868]LogNet: Browse: /Game/2DSideScrollerBP/Maps/Level2
[2016.04.09-17.31.01:156][868]LogLoad: LoadMap: /Game/2DSideScrollerBP/Maps/Level2
[2016.04.09-17.31.01:178][868]LogMemory: Platform Memory Stats for Windows
[2016.04.09-17.31.01:178][868]LogMemory: Process Physical Memory: 704.11 MB used, 705.08 MB peak
[2016.04.09-17.31.01:178][868]LogMemory: Process Virtual Memory: 669.19 MB used, 673.32 MB peak
[2016.04.09-17.31.01:178][868]LogMemory: Physical Memory: 5439.53 MB used, 8139.82 MB total
[2016.04.09-17.31.01:178][868]LogMemory: Virtual Memory: 1200.46 MB used, 8388608.00 MB total
[2016.04.09-17.31.01:178][868]LogMemory: 
[2016.04.09-17.31.01:178][868]Allocator Stats for TBB: (not implemented)
[2016.04.09-17.31.01:433][868]LogAIModule: Creating AISystem for world Level2
[2016.04.09-17.31.01:436][868]LogWorld: Game class is '2DSideScrollerGameMode_C'
[2016.04.09-17.31.01:447][868]LogWorld: Bringing World /Game/2DSideScrollerBP/Maps/Level2.Level2 up for play (max tick rate 0) at 2016.04.09-12.31.01
[2016.04.09-17.31.01:448][868]LogWorld: Bringing up level for play took: 0.010833
[2016.04.09-17.31.08:841][250]LogPackageName: SearchForPackageOnDisk took   0.054s to resolve Level2.umap.
[2016.04.09-17.31.08:896][251]LogPackageName: SearchForPackageOnDisk took   0.054s to resolve Level2.umap.
[2016.04.09-17.31.08:896][251]LogNet: Browse: /Game/2DSideScrollerBP/Maps/Level2
[2016.04.09-17.31.08:897][251]LogLoad: LoadMap: /Game/2DSideScrollerBP/Maps/Level2
[2016.04.09-17.31.08:925][251]LogMemory: Platform Memory Stats for Windows
[2016.04.09-17.31.08:925][251]LogMemory: Process Physical Memory: 705.29 MB used, 705.29 MB peak
[2016.04.09-17.31.08:925][251]LogMemory: Process Virtual Memory: 673.41 MB used, 673.44 MB peak
[2016.04.09-17.31.08:925][251]LogMemory: Physical Memory: 5440.18 MB used, 8139.82 MB total
[2016.04.09-17.31.08:925][251]LogMemory: Virtual Memory: 1204.53 MB used, 8388608.00 MB total
[2016.04.09-17.31.08:925][251]LogMemory: 
[2016.04.09-17.31.08:925][251]Allocator Stats for TBB: (not implemented)
[2016.04.09-17.31.09:180][251]LogAIModule: Creating AISystem for world Level2
[2016.04.09-17.31.09:183][251]LogWorld: Game class is '2DSideScrollerGameMode_C'
[2016.04.09-17.31.09:193][251]LogWorld: Bringing World /Game/2DSideScrollerBP/Maps/Level2.Level2 up for play (max tick rate 0) at 2016.04.09-12.31.09
[2016.04.09-17.31.09:194][251]LogWorld: Bringing up level for play took: 0.011035
[2016.04.09-17.31.19:012][760]LogPackageName: SearchForPackageOnDisk took   0.053s to resolve Level2.umap.
[2016.04.09-17.31.19:067][761]LogPackageName: SearchForPackageOnDisk took   0.053s to resolve Level2.umap.
[2016.04.09-17.31.19:067][761]LogNet: Browse: /Game/2DSideScrollerBP/Maps/Level2
[2016.04.09-17.31.19:067][761]LogLoad: LoadMap: /Game/2DSideScrollerBP/Maps/Level2
[2016.04.09-17.31.19:095][761]LogMemory: Platform Memory Stats for Windows
[2016.04.09-17.31.19:095][761]LogMemory: Process Physical Memory: 708.52 MB used, 708.53 MB peak
[2016.04.09-17.31.19:095][761]LogMemory: Process Virtual Memory: 673.77 MB used, 673.77 MB peak
[2016.04.09-17.31.19:095][761]LogMemory: Physical Memory: 5443.15 MB used, 8139.82 MB total
[2016.04.09-17.31.19:095][761]LogMemory: Virtual Memory: 1204.53 MB used, 8388608.00 MB total
[2016.04.09-17.31.19:095][761]LogMemory: 
[2016.04.09-17.31.19:095][761]Allocator Stats for TBB: (not implemented)
[2016.04.09-17.31.19:351][761]LogAIModule: Creating AISystem for world Level2
[2016.04.09-17.31.19:354][761]LogWorld: Game class is '2DSideScrollerGameMode_C'
[2016.04.09-17.31.19:365][761]LogWorld: Bringing World /Game/2DSideScrollerBP/Maps/Level2.Level2 up for play (max tick rate 0) at 2016.04.09-12.31.19
[2016.04.09-17.31.19:366][761]LogWorld: Bringing up level for play took: 0.010845
[2016.04.09-17.31.50:415][427]LogPackageName: SearchForPackageOnDisk took   0.054s to resolve Level2.umap.
[2016.04.09-17.31.50:469][428]LogPackageName: SearchForPackageOnDisk took   0.053s to resolve Level2.umap.
[2016.04.09-17.31.50:469][428]LogNet: Browse: /Game/2DSideScrollerBP/Maps/Level2
[2016.04.09-17.31.50:470][428]LogLoad: LoadMap: /Game/2DSideScrollerBP/Maps/Level2
[2016.04.09-17.31.50:498][428]LogMemory: Platform Memory Stats for Windows
[2016.04.09-17.31.50:498][428]LogMemory: Process Physical Memory: 709.03 MB used, 709.04 MB peak
[2016.04.09-17.31.50:498][428]LogMemory: Process Virtual Memory: 673.80 MB used, 673.83 MB peak
[2016.04.09-17.31.50:498][428]LogMemory: Physical Memory: 5444.70 MB used, 8139.82 MB total
[2016.04.09-17.31.50:498][428]LogMemory: Virtual Memory: 1199.71 MB used, 8388608.00 MB total
[2016.04.09-17.31.50:498][428]LogMemory: 
[2016.04.09-17.31.50:498][428]Allocator Stats for TBB: (not implemented)
[2016.04.09-17.31.50:752][428]LogAIModule: Creating AISystem for world Level2
[2016.04.09-17.31.50:755][428]LogWorld: Game class is '2DSideScrollerGameMode_C'
[2016.04.09-17.31.50:766][428]LogWorld: Bringing World /Game/2DSideScrollerBP/Maps/Level2.Level2 up for play (max tick rate 0) at 2016.04.09-12.31.50
[2016.04.09-17.31.50:767][428]LogWorld: Bringing up level for play took: 0.010844
[2016.04.09-17.32.38:315][913]LogPackageName: SearchForPackageOnDisk took   0.054s to resolve Level2.umap.
[2016.04.09-17.32.38:370][914]LogPackageName: SearchForPackageOnDisk took   0.054s to resolve Level2.umap.
[2016.04.09-17.32.38:370][914]LogNet: Browse: /Game/2DSideScrollerBP/Maps/Level2
[2016.04.09-17.32.38:370][914]LogLoad: LoadMap: /Game/2DSideScrollerBP/Maps/Level2
[2016.04.09-17.32.38:400][914]LogMemory: Platform Memory Stats for Windows
[2016.04.09-17.32.38:400][914]LogMemory: Process Physical Memory: 709.24 MB used, 709.25 MB peak
[2016.04.09-17.32.38:400][914]LogMemory: Process Virtual Memory: 673.80 MB used, 673.83 MB peak
[2016.04.09-17.32.38:400][914]LogMemory: Physical Memory: 5442.44 MB used, 8139.82 MB total
[2016.04.09-17.32.38:400][914]LogMemory: Virtual Memory: 1199.71 MB used, 8388608.00 MB total
[2016.04.09-17.32.38:400][914]LogMemory: 
[2016.04.09-17.32.38:400][914]Allocator Stats for TBB: (not implemented)
[2016.04.09-17.32.38:655][914]LogAIModule: Creating AISystem for world Level2
[2016.04.09-17.32.38:658][914]LogWorld: Game class is '2DSideScrollerGameMode_C'
[2016.04.09-17.32.38:669][914]LogWorld: Bringing World /Game/2DSideScrollerBP/Maps/Level2.Level2 up for play (max tick rate 0) at 2016.04.09-12.32.38
[2016.04.09-17.32.38:670][914]LogWorld: Bringing up level for play took: 0.011004
[2016.04.09-17.32.50:057][504]LogPackageName: SearchForPackageOnDisk took   0.055s to resolve TitleScreen.umap.
[2016.04.09-17.32.50:112][505]LogPackageName: SearchForPackageOnDisk took   0.054s to resolve TitleScreen.umap.
[2016.04.09-17.32.50:112][505]LogNet: Browse: /Game/2DSideScrollerBP/Maps/TitleScreen
[2016.04.09-17.32.50:113][505]LogLoad: LoadMap: /Game/2DSideScrollerBP/Maps/TitleScreen
[2016.04.09-17.32.50:140][505]LogMemory: Platform Memory Stats for Windows
[2016.04.09-17.32.50:140][505]LogMemory: Process Physical Memory: 709.30 MB used, 709.31 MB peak
[2016.04.09-17.32.50:140][505]LogMemory: Process Virtual Memory: 673.80 MB used, 673.83 MB peak
[2016.04.09-17.32.50:141][505]LogMemory: Physical Memory: 5441.94 MB used, 8139.82 MB total
[2016.04.09-17.32.50:141][505]LogMemory: Virtual Memory: 1199.71 MB used, 8388608.00 MB total
[2016.04.09-17.32.50:141][505]LogMemory: 
[2016.04.09-17.32.50:141][505]Allocator Stats for TBB: (not implemented)
[2016.04.09-17.32.50:398][505]LogAIModule: Creating AISystem for world TitleScreen
[2016.04.09-17.32.50:398][505]LogWorld: Game class is '2DSideScrollerGameMode_C'
[2016.04.09-17.32.50:400][505]LogWorld: Bringing World /Game/2DSideScrollerBP/Maps/TitleScreen.TitleScreen up for play (max tick rate 0) at 2016.04.09-12.32.50
[2016.04.09-17.32.50:400][505]LogWorld: Bringing up level for play took: 0.000586
[2016.04.09-17.32.50:400][505]LogGameMode: Warning - PATHS NOT DEFINED or NO PLAYERSTART with positive rating
[2016.04.09-17.32.55:928][840]Closing by request
[2016.04.09-17.32.55:928][840]LogWindows: FPlatformMisc::RequestExit(0)
[2016.04.09-17.32.56:893][841]LogExit: Preparing to exit.
[2016.04.09-17.32.57:764][841]LogExit: Game engine shut down
[2016.04.09-17.32.57:868][841]LogObj: Freed 0b from 0 cluster array pools.
[2016.04.09-17.32.57:869][841]LogExit: Object subsystem successfully closed.
[2016.04.09-17.32.57:882][841]LogD3D11RHI: Shutdown
[2016.04.09-17.32.57:882][841]LogD3D11RHI: CleanupD3DDevice
[2016.04.09-17.32.58:131][841]LogD3D11RHI: ~FD3D11DynamicRHI
[2016.04.09-17.32.58:197][841]LogDerivedDataCache: Shutdown
[2016.04.09-17.32.58:197][841]LogModuleManager: Shutting down and abandoning module AndroidDeviceDetection (123)
[2016.04.09-17.32.58:627][841]LogModuleManager: Shutting down and abandoning module AutomationController (122)
[2016.04.09-17.32.58:627][841]LogModuleManager: Shutting down and abandoning module AutomationWorker (121)
[2016.04.09-17.32.58:627][841]LogModuleManager: Shutting down and abandoning module CharacterAI (120)
[2016.04.09-17.32.58:627][841]LogModuleManager: Shutting down and abandoning module AITestSuite (119)
[2016.04.09-17.32.58:627][841]LogModuleManager: Shutting down and abandoning module GameplayDebugger (118)
[2016.04.09-17.32.58:627][841]LogModuleManager: Shutting down and abandoning module AIModule (117)
[2016.04.09-17.32.58:627][841]LogModuleManager: Shutting down and abandoning module MovieSceneCapture (116)
[2016.04.09-17.32.58:627][841]LogModuleManager: Shutting down and abandoning module StreamingPauseRendering (115)
[2016.04.09-17.32.58:627][841]LogModuleManager: Shutting down and abandoning module PortalServices (114)
[2016.04.09-17.32.58:627][841]LogModuleManager: Shutting down and abandoning module PortalRpc (113)
[2016.04.09-17.32.58:627][841]LogModuleManager: Shutting down and abandoning module MessagingRpc (112)
[2016.04.09-17.32.58:627][841]LogModuleManager: Shutting down and abandoning module ProfilerService (111)
[2016.04.09-17.32.58:809][841]LogModuleManager: Shutting down and abandoning module TaskGraph (110)
[2016.04.09-17.32.58:809][841]LogModuleManager: Shutting down and abandoning module SlateRemote (109)
[2016.04.09-17.32.58:809][841]LogModuleManager: Shutting down and abandoning module SteamVRController (108)
[2016.04.09-17.32.58:809][841]LogModuleManager: Shutting down and abandoning module SteamVR (107)
[2016.04.09-17.32.58:809][841]LogModuleManager: Shutting down and abandoning module ProceduralMeshComponent (106)
[2016.04.09-17.32.58:809][841]LogModuleManager: Shutting down and abandoning module OculusLibrary (105)
[2016.04.09-17.32.58:809][841]LogModuleManager: Shutting down and abandoning module OculusInput (104)
[2016.04.09-17.32.58:809][841]LogModuleManager: Shutting down and abandoning module CustomMeshComponent (103)
[2016.04.09-17.32.58:809][841]LogModuleManager: Shutting down and abandoning module CableComponent (102)
[2016.04.09-17.32.58:809][841]LogModuleManager: Shutting down and abandoning module ArchVisCharacter (101)
[2016.04.09-17.32.58:809][841]LogModuleManager: Shutting down and abandoning module HTML5Networking (100)
[2016.04.09-17.32.58:809][841]LogModuleManager: Shutting down and abandoning module DesktopPlatform (99)
[2016.04.09-17.32.58:809][841]LogModuleManager: Shutting down and abandoning module DirectoryWatcher (98)
[2016.04.09-17.32.58:809][841]LogModuleManager: Shutting down and abandoning module HotReload (97)
[2016.04.09-17.32.58:809][841]LogModuleManager: Shutting down and abandoning module VisualStudioSourceCodeAccess (96)
[2016.04.09-17.32.58:809][841]LogModuleManager: Shutting down and abandoning module UObjectPlugin (95)
[2016.04.09-17.32.58:809][841]LogModuleManager: Shutting down and abandoning module SubversionSourceControl (94)
[2016.04.09-17.32.58:809][841]LogModuleManager: Shutting down and abandoning module SourceControl (93)
[2016.04.09-17.32.58:809][841]LogModuleManager: Shutting down and abandoning module PerforceSourceControl (92)
[2016.04.09-17.32.58:809][841]LogModuleManager: Shutting down and abandoning module UdpMessaging (91)
[2016.04.09-17.32.58:909][841]LogModuleManager: Shutting down and abandoning module LightPropagationVolumeRuntime (90)
[2016.04.09-17.32.58:909][841]LogModuleManager: Shutting down and abandoning module Paper2D (89)
[2016.04.09-17.32.58:909][841]LogModuleManager: Shutting down and abandoning module WindowsMoviePlayer (88)
[2016.04.09-17.32.58:909][841]LogModuleManager: Shutting down and abandoning module Media (87)
[2016.04.09-17.32.58:909][841]LogModuleManager: Shutting down and abandoning module WmfMedia (86)
[2016.04.09-17.32.58:909][841]LogModuleManager: Shutting down and abandoning module GameLiveStreaming (85)
[2016.04.09-17.32.58:909][841]LogModuleManager: Shutting down and abandoning module GameplayTagsEditor (84)
[2016.04.09-17.32.58:909][841]LogModuleManager: Shutting down and abandoning module OnlineBlueprintSupport (83)
[2016.04.09-17.32.58:909][841]LogModuleManager: Shutting down and abandoning module GameplayTasksEditor (82)
[2016.04.09-17.32.58:909][841]LogModuleManager: Shutting down and abandoning module PropertyEditor (81)
[2016.04.09-17.32.58:909][841]LogModuleManager: Shutting down and abandoning module BehaviorTreeEditor (80)
[2016.04.09-17.32.58:909][841]LogModuleManager: Shutting down and abandoning module FunctionalTesting (79)
[2016.04.09-17.32.58:909][841]LogModuleManager: Shutting down and abandoning module CollisionAnalyzer (78)
[2016.04.09-17.32.58:909][841]LogModuleManager: Shutting down and abandoning module WorkspaceMenuStructure (77)
[2016.04.09-17.32.58:909][841]LogModuleManager: Shutting down and abandoning module MessageLog (76)
[2016.04.09-17.32.58:909][841]LogModuleManager: Shutting down and abandoning module Sequencer (75)
[2016.04.09-17.32.58:909][841]LogModuleManager: Shutting down and abandoning module AssetTools (74)
[2016.04.09-17.32.58:909][841]LogModuleManager: Shutting down and abandoning module UMGEditor (73)
[2016.04.09-17.32.58:909][841]LogModuleManager: Shutting down and abandoning module UMG (72)
[2016.04.09-17.32.58:909][841]LogModuleManager: Shutting down and abandoning module SlateReflector (71)
[2016.04.09-17.32.58:909][841]LogModuleManager: Shutting down and abandoning module Slate (70)
[2016.04.09-17.32.58:909][841]LogModuleManager: Shutting down and abandoning module EditorStyle (69)
[2016.04.09-17.32.58:911][841]LogModuleManager: Shutting down and abandoning module SessionServices (68)
[2016.04.09-17.32.58:911][841]LogModuleManager: Shutting down and abandoning module SourceCodeAccess (67)
[2016.04.09-17.32.58:911][841]LogModuleManager: Shutting down and abandoning module HeadMountedDisplay (66)
[2016.04.09-17.32.58:911][841]LogModuleManager: Shutting down and abandoning module XAudio2 (65)
[2016.04.09-17.32.58:911][841]LogModuleManager: Shutting down and abandoning module Networking (63)
[2016.04.09-17.32.58:911][841]LogModuleManager: Shutting down and abandoning module Core (62)
[2016.04.09-17.32.58:911][841]LogModuleManager: Shutting down and abandoning module KismetCompiler (61)
[2016.04.09-17.32.58:911][841]LogModuleManager: Shutting down and abandoning module PhysXFormats (60)
[2016.04.09-17.32.58:911][841]LogModuleManager: Shutting down and abandoning module MeshUtilities (59)
[2016.04.09-17.32.58:911][841]LogModuleManager: Shutting down and abandoning module CookingStats (58)
[2016.04.09-17.32.58:911][841]LogModuleManager: Shutting down and abandoning module DerivedDataCache (57)
[2016.04.09-17.32.58:911][841]LogDerivedDataCache: Shutdown
[2016.04.09-17.32.58:911][841]LogModuleManager: Shutting down and abandoning module ShaderFormatOpenGL (56)
[2016.04.09-17.32.58:911][841]LogModuleManager: Shutting down and abandoning module ShaderFormatD3D (55)
[2016.04.09-17.32.58:911][841]LogModuleManager: Shutting down and abandoning module MetalShaderFormat (54)
[2016.04.09-17.32.58:911][841]LogModuleManager: Shutting down and abandoning module TextureFormatUncompressed (53)
[2016.04.09-17.32.58:911][841]LogModuleManager: Shutting down and abandoning module TextureFormatPVR (52)
[2016.04.09-17.32.58:911][841]LogModuleManager: Shutting down and abandoning module TextureFormatIntelISPCTexComp (51)
[2016.04.09-17.32.58:911][841]LogModuleManager: Shutting down and abandoning module TextureFormatDXT (50)
[2016.04.09-17.32.58:911][841]LogModuleManager: Shutting down and abandoning module ImageWrapper (49)
[2016.04.09-17.32.58:911][841]LogModuleManager: Shutting down and abandoning module TextureFormatASTC (48)
[2016.04.09-17.32.58:911][841]LogModuleManager: Shutting down and abandoning module TextureFormatAndroid (47)
[2016.04.09-17.32.58:911][841]LogModuleManager: Shutting down and abandoning module AudioFormatOpus (46)
[2016.04.09-17.32.58:911][841]LogModuleManager: Shutting down and abandoning module AudioFormatOgg (45)
[2016.04.09-17.32.58:912][841]LogModuleManager: Shutting down and abandoning module AudioFormatADPCM (44)
[2016.04.09-17.32.58:912][841]LogModuleManager: Shutting down and abandoning module LinuxTargetPlatform (43)
[2016.04.09-17.32.58:912][841]LogModuleManager: Shutting down and abandoning module LinuxServerTargetPlatform (42)
[2016.04.09-17.32.58:912][841]LogModuleManager: Shutting down and abandoning module LinuxNoEditorTargetPlatform (41)
[2016.04.09-17.32.58:912][841]LogModuleManager: Shutting down and abandoning module TVOSTargetPlatform (40)
[2016.04.09-17.32.58:912][841]LogModuleManager: Shutting down and abandoning module Messaging (39)
[2016.04.09-17.32.58:912][841]LogModuleManager: Shutting down and abandoning module IOSTargetPlatform (38)
[2016.04.09-17.32.58:912][841]LogModuleManager: Shutting down and abandoning module HTML5TargetPlatform (37)
[2016.04.09-17.32.58:912][841]LogModuleManager: Shutting down and abandoning module Android_PVRTCTargetPlatform (36)
[2016.04.09-17.32.58:912][841]LogModuleManager: Shutting down and abandoning module Android_MultiTargetPlatform (35)
[2016.04.09-17.32.58:912][841]LogModuleManager: Shutting down and abandoning module Android_ETC2TargetPlatform (34)
[2016.04.09-17.32.58:912][841]LogModuleManager: Shutting down and abandoning module Android_ETC1TargetPlatform (33)
[2016.04.09-17.32.58:912][841]LogModuleManager: Shutting down and abandoning module Android_DXTTargetPlatform (32)
[2016.04.09-17.32.58:912][841]LogModuleManager: Shutting down and abandoning module Android_ATCTargetPlatform (31)
[2016.04.09-17.32.58:912][841]LogModuleManager: Shutting down and abandoning module Android_ASTCTargetPlatform (30)
[2016.04.09-17.32.58:912][841]LogModuleManager: Shutting down and abandoning module AndroidTargetPlatform (29)
[2016.04.09-17.32.58:912][841]LogModuleManager: Shutting down and abandoning module WindowsTargetPlatform (28)
[2016.04.09-17.32.58:912][841]LogModuleManager: Shutting down and abandoning module WindowsServerTargetPlatform (27)
[2016.04.09-17.32.58:912][841]LogModuleManager: Shutting down and abandoning module WindowsNoEditorTargetPlatform (26)
[2016.04.09-17.32.58:912][841]LogModuleManager: Shutting down and abandoning module WindowsClientTargetPlatform (25)
[2016.04.09-17.32.58:912][841]LogModuleManager: Shutting down and abandoning module AllDesktopTargetPlatform (24)
[2016.04.09-17.32.58:912][841]LogModuleManager: Shutting down and abandoning module TargetPlatform (23)
[2016.04.09-17.32.58:912][841]LogModuleManager: Shutting down and abandoning module InputCore (22)
[2016.04.09-17.32.58:912][841]LogModuleManager: Shutting down and abandoning module Settings (21)
[2016.04.09-17.32.58:912][841]LogModuleManager: Shutting down and abandoning module OnlineSubsystem (19)
[2016.04.09-17.32.58:912][841]LogModuleManager: Shutting down and abandoning module HTTP (18)
[2016.04.09-17.32.58:912][841]LogModuleManager: Shutting down and abandoning module XMPP (17)
[2016.04.09-17.32.58:912][841]LogModuleManager: Shutting down and abandoning module OculusRift (16)
[2016.04.09-17.32.58:912][841]LogModuleManager: Shutting down and abandoning module ExampleDeviceProfileSelector (15)
[2016.04.09-17.32.58:912][841]LogModuleManager: Shutting down and abandoning module TextureCompressor (14)
[2016.04.09-17.32.58:912][841]LogModuleManager: Shutting down and abandoning module ShaderCore (13)
[2016.04.09-17.32.58:912][841]LogModuleManager: Shutting down and abandoning module Landscape (12)
[2016.04.09-17.32.58:912][841]LogModuleManager: Shutting down and abandoning module SlateRHIRenderer (11)
[2016.04.09-17.32.58:912][841]LogModuleManager: Shutting down and abandoning module OpenGLDrv (10)
[2016.04.09-17.32.58:912][841]LogModuleManager: Shutting down and abandoning module D3D11RHI (9)
[2016.04.09-17.32.58:912][841]LogModuleManager: Shutting down and abandoning module AnimGraphRuntime (8)
[2016.04.09-17.32.58:912][841]LogModuleManager: Shutting down and abandoning module Renderer (7)
[2016.04.09-17.32.58:912][841]LogModuleManager: Shutting down and abandoning module Engine (6)
[2016.04.09-17.32.58:912][841]LogModuleManager: Shutting down and abandoning module CoreUObject (5)
[2016.04.09-17.32.58:912][841]LogModuleManager: Shutting down and abandoning module NetworkFile (4)
[2016.04.09-17.32.58:912][841]LogModuleManager: Shutting down and abandoning module StreamingFile (3)
[2016.04.09-17.32.58:912][841]LogModuleManager: Shutting down and abandoning module SandboxFile (2)
[2016.04.09-17.32.58:912][841]LogModuleManager: Shutting down and abandoning module PakFile (1)
[2016.04.09-17.32.58:913][841]LogExit: Exiting.
[2016.04.09-17.32.58:914][841]Log file closed, 04/09/16 12:32:58
