Log file open, 04/09/16 15:30:21
LogInit:Display: Running engine for game: MyProject
LogPlatformFile: Not using cached read wrapper
LogInit:Display: RandInit(-550994852) SRandInit(-550994851).
LogTaskGraph: Started task graph with 4 named threads and 7 total threads.
LogStats: Stats thread started at 0.067024
LogInit: Version: 4.11.1-2934540+++UE4+Release-4.11
LogInit: API Version: 2927265
LogInit: Compiled (64-bit): Apr  6 2016 02:14:16
LogInit: Compiled with Visual C++: 19.00.23026.00
LogInit: Build Configuration: Development
LogInit: Branch Name: ++UE4+Release-4.11
LogInit: Command line:  /Temp/Autosaves/Game/2DSideScrollerBP/Maps/UEDPCTitleScreen -game -PIEVIACONSOLE -ResX=1280 -ResY=720  -Multiprocess -messaging -SessionName="Play in Standalone Game" 
LogInit: Base directory: C:/Program Files (x86)/Epic Games/4.11/Engine/Binaries/Win64/
LogInit: Installed Engine Build: 1
LogInit: Using libcurl 7.41.0
LogInit:  - built for x86_64-pc-win32
LogInit:  - supports SSL with WinSSL
LogInit:  - other features:
LogInit:      CURL_VERSION_SSL
LogInit:      CURL_VERSION_IPV6
LogInit:      CURL_VERSION_ASYNCHDNS
LogInit:      CURL_VERSION_LARGEFILE
LogInit:      CURL_VERSION_IDN
LogInit:  CurlRequestOptions (configurable via config and command line):
LogInit:  - bVerifyPeer = true  - Libcurl will verify peer certificate
LogInit:  - bUseHttpProxy = false  - Libcurl will NOT use HTTP proxy
LogInit:  - bDontReuseConnections = false  - Libcurl will reuse connections
LogInit:  - CertBundlePath = nullptr  - Libcurl will use whatever was configured at build time.
LogInit: Presizing for max 16777216 objects, including 0 objects not considered by GC, pre-allocating 0 bytes for permanent pool.
LogInit: Object subsystem initialized
[2016.04.09-20.30.21:247][  0]LogInit: Selected Device Profile: [Windows]
[2016.04.09-20.30.21:247][  0]LogInit: Applying CVar settings loaded from the selected device profile: [Windows]
[2016.04.09-20.30.21:250][  0]LogInit: Computer: CURTIS-PC
[2016.04.09-20.30.21:250][  0]LogInit: User: Curtis
[2016.04.09-20.30.21:250][  0]LogInit: CPU Page size=65536, Cores=4
[2016.04.09-20.30.21:250][  0]LogInit: High frequency timer resolution =2.336201 MHz
[2016.04.09-20.30.21:250][  0]LogMemory: Memory total: Physical=7.9GB (8GB approx)
[2016.04.09-20.30.21:250][  0]LogMemory: Platform Memory Stats for Windows
[2016.04.09-20.30.21:250][  0]LogMemory: Process Physical Memory: 314.01 MB used, 314.01 MB peak
[2016.04.09-20.30.21:250][  0]LogMemory: Process Virtual Memory: 316.73 MB used, 316.73 MB peak
[2016.04.09-20.30.21:250][  0]LogMemory: Physical Memory: 6251.89 MB used, 8139.82 MB total
[2016.04.09-20.30.21:250][  0]LogMemory: Virtual Memory: 620.69 MB used, 8388608.00 MB total
[2016.04.09-20.30.21:280][  0]LogTextLocalizationManager: No specific translations for ('en-US') exist, so ('en') translations will be used.
[2016.04.09-20.30.21:684][  0]LogD3D11RHI: D3D11 adapters:
[2016.04.09-20.30.21:710][  0]LogD3D11RHI:    0. 'AMD Radeon HD 6870M' (Feature Level 11_0)
[2016.04.09-20.30.21:710][  0]LogD3D11RHI:       1010MB of dedicated video memory, 0MB of dedicated system memory, and 3813MB of shared system memory, 1 output[s]
[2016.04.09-20.30.21:715][  0]LogD3D11RHI:    1. 'Intel(R) HD Graphics 3000' (Feature Level 10_0)
[2016.04.09-20.30.21:715][  0]LogD3D11RHI:       64MB of dedicated video memory, 0MB of dedicated system memory, and 1632MB of shared system memory, 0 output[s]
[2016.04.09-20.30.21:715][  0]LogD3D11RHI: Chosen D3D11 Adapter: 0
[2016.04.09-20.30.21:721][  0]LogD3D11RHI: Creating new Direct3DDevice
[2016.04.09-20.30.21:721][  0]LogD3D11RHI:     Adapter Name: AMD Radeon HD 6870M
[2016.04.09-20.30.21:721][  0]LogD3D11RHI:   Driver Version: 9.3.0.0 (internal 9.3.0.0)
[2016.04.09-20.30.21:721][  0]LogD3D11RHI:      Driver Date: 10-25-2012
[2016.04.09-20.30.21:721][  0]LogRHI: Texture pool is 707 MB (70% of 1010 MB)
[2016.04.09-20.30.21:726][  0]LogD3D11RHI: Async texture creation disabled: no driver support
[2016.04.09-20.30.21:737][  0]LogShaderCompilers: Guid format shader working directory is -16 characters bigger than the processId version (../../../../../../Users/Curtis/Documents/Unreal Projects/IceBox/Intermediate/Shaders/WorkingDirectory/1012/).
[2016.04.09-20.30.21:737][  0]LogShaderCompilers: Cleaned the shader compiler working directory 'C:/Users/Curtis/AppData/Local/Temp/UnrealShaderWorkingDir/788168F0421C9C5BC57BFEBA18CAA8AA/'.
[2016.04.09-20.30.21:737][  0]LogShaderCompilers:Display: Using Local Shader Compiler.
[2016.04.09-20.30.22:737][  0]LogTemp:Display: Loaded TP AllDesktopTargetPlatform
[2016.04.09-20.30.22:741][  0]LogTemp:Display: Loaded TP WindowsClientTargetPlatform
[2016.04.09-20.30.22:745][  0]LogTemp:Display: Loaded TP WindowsNoEditorTargetPlatform
[2016.04.09-20.30.22:750][  0]LogTemp:Display: Loaded TP WindowsServerTargetPlatform
[2016.04.09-20.30.22:754][  0]LogTemp:Display: Loaded TP WindowsTargetPlatform
[2016.04.09-20.30.22:758][  0]LogTemp:Display: Loaded TP AndroidTargetPlatform
[2016.04.09-20.30.22:761][  0]LogTemp:Display: Loaded TP Android_ASTCTargetPlatform
[2016.04.09-20.30.22:764][  0]LogTemp:Display: Loaded TP Android_ATCTargetPlatform
[2016.04.09-20.30.22:767][  0]LogTemp:Display: Loaded TP Android_DXTTargetPlatform
[2016.04.09-20.30.22:771][  0]LogTemp:Display: Loaded TP Android_ETC1TargetPlatform
[2016.04.09-20.30.22:774][  0]LogTemp:Display: Loaded TP Android_ETC2TargetPlatform
[2016.04.09-20.30.22:782][  0]LogTemp:Display: Loaded TP Android_MultiTargetPlatform
[2016.04.09-20.30.22:782][  0]LogTemp:Display: Loaded TP Android_PVRTCTargetPlatform
[2016.04.09-20.30.22:783][  0]LogTemp:Display: Loaded TP HTML5TargetPlatform
[2016.04.09-20.30.22:800][  0]LogTemp:Display: Loaded TP IOSTargetPlatform
[2016.04.09-20.30.22:803][  0]LogTemp:Display: Loaded TP TVOSTargetPlatform
[2016.04.09-20.30.22:806][  0]LogTemp:Display: Loaded TP LinuxNoEditorTargetPlatform
[2016.04.09-20.30.22:810][  0]LogTemp:Display: Loaded TP LinuxServerTargetPlatform
[2016.04.09-20.30.22:813][  0]LogTemp:Display: Loaded TP LinuxTargetPlatform
[2016.04.09-20.30.22:813][  0]LogTargetPlatformManager:Display: Building Assets For Windows
[2016.04.09-20.30.22:874][  0]LogDerivedDataCache:Display: Max Cache Size: 512 MB
[2016.04.09-20.30.22:930][  0]LogDerivedDataCache: Loaded boot cache 0.06s 46MB C:/Users/Curtis/AppData/Local/UnrealEngine/4.11/DerivedDataCache/Boot.ddc.
[2016.04.09-20.30.22:931][  0]LogDerivedDataCache:Display: Loaded Boot cache: C:/Users/Curtis/AppData/Local/UnrealEngine/4.11/DerivedDataCache/Boot.ddc
[2016.04.09-20.30.22:931][  0]LogDerivedDataCache: FDerivedDataBackendGraph:  Pak pak cache file ../../../../../../Users/Curtis/Documents/Unreal Projects/IceBox/DerivedDataCache/DDC.ddp not found, will not use a pak cache.
[2016.04.09-20.30.22:931][  0]LogDerivedDataCache: Unable to find inner node Pak for hierarchical cache Hierarchy.
[2016.04.09-20.30.22:931][  0]LogDerivedDataCache: FDerivedDataBackendGraph:  CompressedPak pak cache file ../../../../../../Users/Curtis/Documents/Unreal Projects/IceBox/DerivedDataCache/Compressed.ddp not found, will not use a pak cache.
[2016.04.09-20.30.22:931][  0]LogDerivedDataCache: Unable to find inner node CompressedPak for hierarchical cache Hierarchy.
[2016.04.09-20.30.22:947][  0]LogDerivedDataCache:Display: Pak cache opened for reading ../../../Engine/DerivedDataCache/Compressed.ddp.
[2016.04.09-20.30.22:958][  0]LogDerivedDataCache: Using Local data cache path C:/Users/Curtis/AppData/Local/UnrealEngine/Common/DerivedDataCache: Writable
[2016.04.09-20.30.23:155][  0]LogInit: Selected Device Profile: [Windows]
[2016.04.09-20.30.23:160][  0]LogMaterial: Uniform references updated for custom material expression Custom.
[2016.04.09-20.30.23:162][  0]LogContentStreaming: Texture pool size is 1000.00 MB
[2016.04.09-20.30.23:297][  0]LogMeshUtilities: No automatic mesh reduction module available
[2016.04.09-20.30.23:297][  0]LogMeshUtilities: No automatic mesh merging module available
[2016.04.09-20.30.23:297][  0]LogMeshUtilities: No distributed automatic mesh merging module available
[2016.04.09-20.30.23:531][  0]LogInit: WinSock: version 1.1 (2.2), MaxSocks=32767, MaxUdp=65467
[2016.04.09-20.30.23:584][  0]LogSlate: SlateFontCache - WITH_FREETYPE: 1, WITH_HARFBUZZ: 1
[2016.04.09-20.30.23:584][  0]LogSlate: SlateFontCache - WITH_FREETYPE: 1, WITH_HARFBUZZ: 1
[2016.04.09-20.30.23:687][  0]LogWindowsMoviePlayer: Unable to load movie: ../../../../../../Users/Curtis/Documents/Unreal Projects/IceBox/Content/Movies/Default_Startup.mp4
[2016.04.09-20.30.23:754][  0]LogUdpMessaging: Initializing bridge on interface 0.0.0.0:0 to multicast group 230.0.0.1:6666.
[2016.04.09-20.30.23:833][  0]SourceControl: Info Source control is disabled
[2016.04.09-20.30.23:833][  0]SourceControl: Info Source control is disabled
[2016.04.09-20.30.23:843][  0]SourceControl: Info Source control is disabled
[2016.04.09-20.30.23:929][  0]LogUObjectArray: 29142 objects as part of root set at end of initial load.
[2016.04.09-20.30.23:929][  0]LogUObjectAllocator: 6065048 out of 0 bytes used by permanent object pool.
[2016.04.09-20.30.23:929][  0]LogUObjectArray: CloseDisregardForGC: 0/0 objects in disregard for GC pool
[2016.04.09-20.30.23:982][  0]LogEngine: Initializing Engine...
[2016.04.09-20.30.23:983][  0]LogHMD: SteamVR failed to initialize.  Err: 110
[2016.04.09-20.30.23:983][  0]LogHMD: SteamVR failed to initialize.  Err: 110
[2016.04.09-20.30.24:117][  0]LogInit: XAudio2 using 'Speakers / Headphones (IDT High Definition Audio CODEC)' : 2 channels at 48 kHz using 16 bits per sample (channel mask 0x3)
[2016.04.09-20.30.24:127][  0]LogInit: FAudioDevice initialized.
[2016.04.09-20.30.24:134][  0]LogInit: Texture streaming: Enabled
[2016.04.09-20.30.24:209][  0]LogNet: Browse: /Temp/Autosaves/Game/2DSideScrollerBP/Maps/UEDPCTitleScreen?Name=Player
[2016.04.09-20.30.24:209][  0]LogLoad: LoadMap: /Temp/Autosaves/Game/2DSideScrollerBP/Maps/UEDPCTitleScreen?Name=Player
[2016.04.09-20.30.24:224][  0]LogMemory: Platform Memory Stats for Windows
[2016.04.09-20.30.24:225][  0]LogMemory: Process Physical Memory: 643.34 MB used, 645.35 MB peak
[2016.04.09-20.30.24:225][  0]LogMemory: Process Virtual Memory: 630.64 MB used, 637.57 MB peak
[2016.04.09-20.30.24:225][  0]LogMemory: Physical Memory: 6511.59 MB used, 8139.82 MB total
[2016.04.09-20.30.24:225][  0]LogMemory: Virtual Memory: 1155.32 MB used, 8388608.00 MB total
[2016.04.09-20.30.24:225][  0]LogMemory: 
[2016.04.09-20.30.24:225][  0]Allocator Stats for TBB: (not implemented)
[2016.04.09-20.30.24:532][  0]LogAIModule: Creating AISystem for world TitleScreen
[2016.04.09-20.30.24:532][  0]LogWorld: Game class is '2DSideScrollerGameMode_C'
[2016.04.09-20.30.24:533][  0]LogWorld: Bringing World /Temp/Autosaves/Game/2DSideScrollerBP/Maps/UEDPCTitleScreen.TitleScreen up for play (max tick rate 0) at 2016.04.09-15.30.24
[2016.04.09-20.30.24:534][  0]LogWorld: Bringing up level for play took: 0.000679
[2016.04.09-20.30.24:538][  0]LogInit:Display: Game Engine Initialized.
[2016.04.09-20.30.24:757][  0]LogLoad: Full Startup: 4.07 seconds (BP compile: 0.07 seconds)
[2016.04.09-20.30.24:757][  0]LogExternalProfiler:Warning: No registered external profiler was matched with a command-line switch (or the DLL could not be loaded).  External profiling features will not be available.
[2016.04.09-20.30.24:774][  0]LogOcInput: OculusInput pre-init called
[2016.04.09-20.30.24:921][  2]LogRenderer: Reallocating scene render targets to support 1280x720 (Frame:2).
[2016.04.09-20.30.27:758][154]LogPackageName: SearchForPackageOnDisk took   0.065s to resolve Level1.umap.
[2016.04.09-20.30.27:813][154]LogPackageName: SearchForPackageOnDisk took   0.055s to resolve Level1.umap.
[2016.04.09-20.30.27:813][154]LogNet: Browse: /Game/2DSideScrollerBP/Maps/Level1
[2016.04.09-20.30.27:813][154]LogLoad: LoadMap: /Game/2DSideScrollerBP/Maps/Level1
[2016.04.09-20.30.27:841][154]LogMemory: Platform Memory Stats for Windows
[2016.04.09-20.30.27:841][154]LogMemory: Process Physical Memory: 669.16 MB used, 684.87 MB peak
[2016.04.09-20.30.27:841][154]LogMemory: Process Virtual Memory: 641.45 MB used, 650.68 MB peak
[2016.04.09-20.30.27:841][154]LogMemory: Physical Memory: 6555.78 MB used, 8139.82 MB total
[2016.04.09-20.30.27:841][154]LogMemory: Virtual Memory: 1193.63 MB used, 8388608.00 MB total
[2016.04.09-20.30.27:841][154]LogMemory: 
[2016.04.09-20.30.27:841][154]Allocator Stats for TBB: (not implemented)
[2016.04.09-20.30.28:138][154]LogAIModule: Creating AISystem for world Level1
[2016.04.09-20.30.28:138][154]LogWorld: Game class is '2DSideScrollerGameMode_C'
[2016.04.09-20.30.28:152][154]LogWorld: Bringing World /Game/2DSideScrollerBP/Maps/Level1.Level1 up for play (max tick rate 0) at 2016.04.09-15.30.28
[2016.04.09-20.30.28:153][154]LogWorld: Bringing up level for play took: 0.013822
[2016.04.09-20.30.29:242][191]LogPackageName: SearchForPackageOnDisk took   0.055s to resolve Level1.umap.
[2016.04.09-20.30.29:298][192]LogPackageName: SearchForPackageOnDisk took   0.054s to resolve Level1.umap.
[2016.04.09-20.30.29:298][192]LogNet: Browse: /Game/2DSideScrollerBP/Maps/Level1
[2016.04.09-20.30.29:298][192]LogLoad: LoadMap: /Game/2DSideScrollerBP/Maps/Level1
[2016.04.09-20.30.29:329][192]LogMemory: Platform Memory Stats for Windows
[2016.04.09-20.30.29:329][192]LogMemory: Process Physical Memory: 696.54 MB used, 699.46 MB peak
[2016.04.09-20.30.29:329][192]LogMemory: Process Virtual Memory: 667.31 MB used, 675.26 MB peak
[2016.04.09-20.30.29:329][192]LogMemory: Physical Memory: 6604.82 MB used, 8139.82 MB total
[2016.04.09-20.30.29:329][192]LogMemory: Virtual Memory: 1224.47 MB used, 8388608.00 MB total
[2016.04.09-20.30.29:329][192]LogMemory: 
[2016.04.09-20.30.29:329][192]Allocator Stats for TBB: (not implemented)
[2016.04.09-20.30.29:622][192]LogAIModule: Creating AISystem for world Level1
[2016.04.09-20.30.29:622][192]LogWorld: Game class is '2DSideScrollerGameMode_C'
[2016.04.09-20.30.29:634][192]LogWorld: Bringing World /Game/2DSideScrollerBP/Maps/Level1.Level1 up for play (max tick rate 0) at 2016.04.09-15.30.29
[2016.04.09-20.30.29:635][192]LogWorld: Bringing up level for play took: 0.012049
[2016.04.09-20.30.29:716][193]LogPackageName: SearchForPackageOnDisk took   0.077s to resolve Level1.umap.
[2016.04.09-20.30.29:779][194]LogPackageName: SearchForPackageOnDisk took   0.060s to resolve Level1.umap.
[2016.04.09-20.30.29:779][194]LogNet: Browse: /Game/2DSideScrollerBP/Maps/Level1
[2016.04.09-20.30.29:787][194]LogLoad: LoadMap: /Game/2DSideScrollerBP/Maps/Level1
[2016.04.09-20.30.29:818][194]LogMemory: Platform Memory Stats for Windows
[2016.04.09-20.30.29:818][194]LogMemory: Process Physical Memory: 709.23 MB used, 709.24 MB peak
[2016.04.09-20.30.29:818][194]LogMemory: Process Virtual Memory: 682.82 MB used, 682.86 MB peak
[2016.04.09-20.30.29:818][194]LogMemory: Physical Memory: 6636.64 MB used, 8139.82 MB total
[2016.04.09-20.30.29:818][194]LogMemory: Virtual Memory: 1238.22 MB used, 8388608.00 MB total
[2016.04.09-20.30.29:818][194]LogMemory: 
[2016.04.09-20.30.29:818][194]Allocator Stats for TBB: (not implemented)
[2016.04.09-20.30.30:117][194]LogAIModule: Creating AISystem for world Level1
[2016.04.09-20.30.30:117][194]LogWorld: Game class is '2DSideScrollerGameMode_C'
[2016.04.09-20.30.30:129][194]LogWorld: Bringing World /Game/2DSideScrollerBP/Maps/Level1.Level1 up for play (max tick rate 0) at 2016.04.09-15.30.30
[2016.04.09-20.30.30:130][194]LogWorld: Bringing up level for play took: 0.011949
[2016.04.09-20.30.30:190][195]LogPackageName: SearchForPackageOnDisk took   0.055s to resolve Level1.umap.
[2016.04.09-20.30.30:245][196]LogPackageName: SearchForPackageOnDisk took   0.054s to resolve Level1.umap.
[2016.04.09-20.30.30:245][196]LogNet: Browse: /Game/2DSideScrollerBP/Maps/Level1
[2016.04.09-20.30.30:245][196]LogLoad: LoadMap: /Game/2DSideScrollerBP/Maps/Level1
[2016.04.09-20.30.30:275][196]LogMemory: Platform Memory Stats for Windows
[2016.04.09-20.30.30:275][196]LogMemory: Process Physical Memory: 711.50 MB used, 711.50 MB peak
[2016.04.09-20.30.30:275][196]LogMemory: Process Virtual Memory: 687.42 MB used, 687.45 MB peak
[2016.04.09-20.30.30:275][196]LogMemory: Physical Memory: 6640.46 MB used, 8139.82 MB total
[2016.04.09-20.30.30:275][196]LogMemory: Virtual Memory: 1242.22 MB used, 8388608.00 MB total
[2016.04.09-20.30.30:275][196]LogMemory: 
[2016.04.09-20.30.30:275][196]Allocator Stats for TBB: (not implemented)
[2016.04.09-20.30.30:564][196]LogAIModule: Creating AISystem for world Level1
[2016.04.09-20.30.30:564][196]LogWorld: Game class is '2DSideScrollerGameMode_C'
[2016.04.09-20.30.30:576][196]LogWorld: Bringing World /Game/2DSideScrollerBP/Maps/Level1.Level1 up for play (max tick rate 0) at 2016.04.09-15.30.30
[2016.04.09-20.30.30:577][196]LogWorld: Bringing up level for play took: 0.012129
[2016.04.09-20.30.30:636][197]LogPackageName: SearchForPackageOnDisk took   0.055s to resolve Level1.umap.
[2016.04.09-20.30.30:692][198]LogPackageName: SearchForPackageOnDisk took   0.054s to resolve Level1.umap.
[2016.04.09-20.30.30:692][198]LogNet: Browse: /Game/2DSideScrollerBP/Maps/Level1
[2016.04.09-20.30.30:692][198]LogLoad: LoadMap: /Game/2DSideScrollerBP/Maps/Level1
[2016.04.09-20.30.30:722][198]LogMemory: Platform Memory Stats for Windows
[2016.04.09-20.30.30:722][198]LogMemory: Process Physical Memory: 713.13 MB used, 713.14 MB peak
[2016.04.09-20.30.30:722][198]LogMemory: Process Virtual Memory: 687.43 MB used, 687.46 MB peak
[2016.04.09-20.30.30:722][198]LogMemory: Physical Memory: 6641.04 MB used, 8139.82 MB total
[2016.04.09-20.30.30:722][198]LogMemory: Virtual Memory: 1242.22 MB used, 8388608.00 MB total
[2016.04.09-20.30.30:722][198]LogMemory: 
[2016.04.09-20.30.30:722][198]Allocator Stats for TBB: (not implemented)
[2016.04.09-20.30.31:012][198]LogAIModule: Creating AISystem for world Level1
[2016.04.09-20.30.31:012][198]LogWorld: Game class is '2DSideScrollerGameMode_C'
[2016.04.09-20.30.31:024][198]LogWorld: Bringing World /Game/2DSideScrollerBP/Maps/Level1.Level1 up for play (max tick rate 0) at 2016.04.09-15.30.31
[2016.04.09-20.30.31:025][198]LogWorld: Bringing up level for play took: 0.011945
[2016.04.09-20.30.31:084][199]LogPackageName: SearchForPackageOnDisk took   0.056s to resolve Level1.umap.
[2016.04.09-20.30.31:140][200]LogPackageName: SearchForPackageOnDisk took   0.054s to resolve Level1.umap.
[2016.04.09-20.30.31:140][200]LogNet: Browse: /Game/2DSideScrollerBP/Maps/Level1
[2016.04.09-20.30.31:140][200]LogLoad: LoadMap: /Game/2DSideScrollerBP/Maps/Level1
[2016.04.09-20.30.31:170][200]LogMemory: Platform Memory Stats for Windows
[2016.04.09-20.30.31:170][200]LogMemory: Process Physical Memory: 716.75 MB used, 716.76 MB peak
[2016.04.09-20.30.31:170][200]LogMemory: Process Virtual Memory: 689.43 MB used, 689.46 MB peak
[2016.04.09-20.30.31:170][200]LogMemory: Physical Memory: 6634.68 MB used, 8139.82 MB total
[2016.04.09-20.30.31:170][200]LogMemory: Virtual Memory: 1244.22 MB used, 8388608.00 MB total
[2016.04.09-20.30.31:170][200]LogMemory: 
[2016.04.09-20.30.31:170][200]Allocator Stats for TBB: (not implemented)
[2016.04.09-20.30.31:462][200]LogAIModule: Creating AISystem for world Level1
[2016.04.09-20.30.31:463][200]LogWorld: Game class is '2DSideScrollerGameMode_C'
[2016.04.09-20.30.31:474][200]LogWorld: Bringing World /Game/2DSideScrollerBP/Maps/Level1.Level1 up for play (max tick rate 0) at 2016.04.09-15.30.31
[2016.04.09-20.30.31:475][200]LogWorld: Bringing up level for play took: 0.011952
[2016.04.09-20.30.31:534][201]LogPackageName: SearchForPackageOnDisk took   0.054s to resolve Level1.umap.
[2016.04.09-20.30.31:590][202]LogPackageName: SearchForPackageOnDisk took   0.054s to resolve Level1.umap.
[2016.04.09-20.30.31:590][202]LogNet: Browse: /Game/2DSideScrollerBP/Maps/Level1
[2016.04.09-20.30.31:590][202]LogLoad: LoadMap: /Game/2DSideScrollerBP/Maps/Level1
[2016.04.09-20.30.31:619][202]LogMemory: Platform Memory Stats for Windows
[2016.04.09-20.30.31:619][202]LogMemory: Process Physical Memory: 717.53 MB used, 717.54 MB peak
[2016.04.09-20.30.31:619][202]LogMemory: Process Virtual Memory: 689.51 MB used, 689.54 MB peak
[2016.04.09-20.30.31:619][202]LogMemory: Physical Memory: 6642.21 MB used, 8139.82 MB total
[2016.04.09-20.30.31:619][202]LogMemory: Virtual Memory: 1244.22 MB used, 8388608.00 MB total
[2016.04.09-20.30.31:619][202]LogMemory: 
[2016.04.09-20.30.31:619][202]Allocator Stats for TBB: (not implemented)
[2016.04.09-20.30.31:911][202]LogAIModule: Creating AISystem for world Level1
[2016.04.09-20.30.31:911][202]LogWorld: Game class is '2DSideScrollerGameMode_C'
[2016.04.09-20.30.31:922][202]LogWorld: Bringing World /Game/2DSideScrollerBP/Maps/Level1.Level1 up for play (max tick rate 0) at 2016.04.09-15.30.31
[2016.04.09-20.30.31:923][202]LogWorld: Bringing up level for play took: 0.011684
[2016.04.09-20.30.31:982][203]LogPackageName: SearchForPackageOnDisk took   0.055s to resolve Level1.umap.
[2016.04.09-20.30.32:038][204]LogPackageName: SearchForPackageOnDisk took   0.054s to resolve Level1.umap.
[2016.04.09-20.30.32:038][204]LogNet: Browse: /Game/2DSideScrollerBP/Maps/Level1
[2016.04.09-20.30.32:038][204]LogLoad: LoadMap: /Game/2DSideScrollerBP/Maps/Level1
[2016.04.09-20.30.32:068][204]LogMemory: Platform Memory Stats for Windows
[2016.04.09-20.30.32:068][204]LogMemory: Process Physical Memory: 718.25 MB used, 718.26 MB peak
[2016.04.09-20.30.32:068][204]LogMemory: Process Virtual Memory: 690.16 MB used, 690.19 MB peak
[2016.04.09-20.30.32:068][204]LogMemory: Physical Memory: 6644.73 MB used, 8139.82 MB total
[2016.04.09-20.30.32:068][204]LogMemory: Virtual Memory: 1244.22 MB used, 8388608.00 MB total
[2016.04.09-20.30.32:068][204]LogMemory: 
[2016.04.09-20.30.32:068][204]Allocator Stats for TBB: (not implemented)
[2016.04.09-20.30.32:356][204]LogAIModule: Creating AISystem for world Level1
[2016.04.09-20.30.32:356][204]LogWorld: Game class is '2DSideScrollerGameMode_C'
[2016.04.09-20.30.32:369][204]LogWorld: Bringing World /Game/2DSideScrollerBP/Maps/Level1.Level1 up for play (max tick rate 0) at 2016.04.09-15.30.32
[2016.04.09-20.30.32:370][204]LogWorld: Bringing up level for play took: 0.012134
[2016.04.09-20.30.32:428][205]LogPackageName: SearchForPackageOnDisk took   0.055s to resolve Level1.umap.
[2016.04.09-20.30.32:484][206]LogPackageName: SearchForPackageOnDisk took   0.055s to resolve Level1.umap.
[2016.04.09-20.30.32:484][206]LogNet: Browse: /Game/2DSideScrollerBP/Maps/Level1
[2016.04.09-20.30.32:484][206]LogLoad: LoadMap: /Game/2DSideScrollerBP/Maps/Level1
[2016.04.09-20.30.32:514][206]LogMemory: Platform Memory Stats for Windows
[2016.04.09-20.30.32:514][206]LogMemory: Process Physical Memory: 718.32 MB used, 718.33 MB peak
[2016.04.09-20.30.32:514][206]LogMemory: Process Virtual Memory: 690.16 MB used, 690.20 MB peak
[2016.04.09-20.30.32:514][206]LogMemory: Physical Memory: 6644.95 MB used, 8139.82 MB total
[2016.04.09-20.30.32:514][206]LogMemory: Virtual Memory: 1244.22 MB used, 8388608.00 MB total
[2016.04.09-20.30.32:514][206]LogMemory: 
[2016.04.09-20.30.32:514][206]Allocator Stats for TBB: (not implemented)
[2016.04.09-20.30.32:806][206]LogAIModule: Creating AISystem for world Level1
[2016.04.09-20.30.32:806][206]LogWorld: Game class is '2DSideScrollerGameMode_C'
[2016.04.09-20.30.32:820][206]LogWorld: Bringing World /Game/2DSideScrollerBP/Maps/Level1.Level1 up for play (max tick rate 0) at 2016.04.09-15.30.32
[2016.04.09-20.30.32:821][206]LogWorld: Bringing up level for play took: 0.013498
[2016.04.09-20.30.32:880][207]LogPackageName: SearchForPackageOnDisk took   0.055s to resolve Level1.umap.
[2016.04.09-20.30.32:935][208]LogPackageName: SearchForPackageOnDisk took   0.054s to resolve Level1.umap.
[2016.04.09-20.30.32:935][208]LogNet: Browse: /Game/2DSideScrollerBP/Maps/Level1
[2016.04.09-20.30.32:935][208]LogLoad: LoadMap: /Game/2DSideScrollerBP/Maps/Level1
[2016.04.09-20.30.32:965][208]LogMemory: Platform Memory Stats for Windows
[2016.04.09-20.30.32:965][208]LogMemory: Process Physical Memory: 722.68 MB used, 722.68 MB peak
[2016.04.09-20.30.32:965][208]LogMemory: Process Virtual Memory: 695.24 MB used, 695.27 MB peak
[2016.04.09-20.30.32:965][208]LogMemory: Physical Memory: 6647.82 MB used, 8139.82 MB total
[2016.04.09-20.30.32:965][208]LogMemory: Virtual Memory: 1249.28 MB used, 8388608.00 MB total
[2016.04.09-20.30.32:965][208]LogMemory: 
[2016.04.09-20.30.32:965][208]Allocator Stats for TBB: (not implemented)
[2016.04.09-20.30.33:256][208]LogAIModule: Creating AISystem for world Level1
[2016.04.09-20.30.33:256][208]LogWorld: Game class is '2DSideScrollerGameMode_C'
[2016.04.09-20.30.33:268][208]LogWorld: Bringing World /Game/2DSideScrollerBP/Maps/Level1.Level1 up for play (max tick rate 0) at 2016.04.09-15.30.33
[2016.04.09-20.30.33:269][208]LogWorld: Bringing up level for play took: 0.011829
[2016.04.09-20.30.37:969][397]LogPackageName: SearchForPackageOnDisk took   0.055s to resolve TitleScreen.umap.
[2016.04.09-20.30.38:024][397]LogPackageName: SearchForPackageOnDisk took   0.055s to resolve TitleScreen.umap.
[2016.04.09-20.30.38:024][397]LogNet: Browse: /Game/2DSideScrollerBP/Maps/TitleScreen
[2016.04.09-20.30.38:025][397]LogLoad: LoadMap: /Game/2DSideScrollerBP/Maps/TitleScreen
[2016.04.09-20.30.38:054][397]LogMemory: Platform Memory Stats for Windows
[2016.04.09-20.30.38:054][397]LogMemory: Process Physical Memory: 726.29 MB used, 726.30 MB peak
[2016.04.09-20.30.38:054][397]LogMemory: Process Virtual Memory: 695.24 MB used, 695.27 MB peak
[2016.04.09-20.30.38:054][397]LogMemory: Physical Memory: 6634.46 MB used, 8139.82 MB total
[2016.04.09-20.30.38:054][397]LogMemory: Virtual Memory: 1249.28 MB used, 8388608.00 MB total
[2016.04.09-20.30.38:054][397]LogMemory: 
[2016.04.09-20.30.38:054][397]Allocator Stats for TBB: (not implemented)
[2016.04.09-20.30.38:338][397]LogAIModule: Creating AISystem for world TitleScreen
[2016.04.09-20.30.38:338][397]LogWorld: Game class is '2DSideScrollerGameMode_C'
[2016.04.09-20.30.38:340][397]LogWorld: Bringing World /Game/2DSideScrollerBP/Maps/TitleScreen.TitleScreen up for play (max tick rate 0) at 2016.04.09-15.30.38
[2016.04.09-20.30.38:340][397]LogWorld: Bringing up level for play took: 0.000589
[2016.04.09-20.30.38:340][397]LogGameMode: Warning - PATHS NOT DEFINED or NO PLAYERSTART with positive rating
[2016.04.09-20.30.45:270][762]Closing by request
[2016.04.09-20.30.45:270][762]LogWindows: FPlatformMisc::RequestExit(0)
[2016.04.09-20.30.46:021][763]LogExit: Preparing to exit.
[2016.04.09-20.30.46:879][763]LogExit: Game engine shut down
[2016.04.09-20.30.46:976][763]LogObj: Freed 0b from 0 cluster array pools.
[2016.04.09-20.30.46:976][763]LogExit: Object subsystem successfully closed.
[2016.04.09-20.30.46:986][763]LogD3D11RHI: Shutdown
[2016.04.09-20.30.46:986][763]LogD3D11RHI: CleanupD3DDevice
[2016.04.09-20.30.47:073][763]LogD3D11RHI: ~FD3D11DynamicRHI
[2016.04.09-20.30.47:450][763]LogDerivedDataCache: Shutdown
[2016.04.09-20.30.47:450][763]LogModuleManager: Shutting down and abandoning module AndroidDeviceDetection (123)
[2016.04.09-20.30.47:791][763]LogModuleManager: Shutting down and abandoning module AutomationController (122)
[2016.04.09-20.30.47:791][763]LogModuleManager: Shutting down and abandoning module AutomationWorker (121)
[2016.04.09-20.30.47:791][763]LogModuleManager: Shutting down and abandoning module CharacterAI (120)
[2016.04.09-20.30.47:791][763]LogModuleManager: Shutting down and abandoning module AITestSuite (119)
[2016.04.09-20.30.47:791][763]LogModuleManager: Shutting down and abandoning module GameplayDebugger (118)
[2016.04.09-20.30.47:791][763]LogModuleManager: Shutting down and abandoning module AIModule (117)
[2016.04.09-20.30.47:791][763]LogModuleManager: Shutting down and abandoning module MovieSceneCapture (116)
[2016.04.09-20.30.47:791][763]LogModuleManager: Shutting down and abandoning module StreamingPauseRendering (115)
[2016.04.09-20.30.47:791][763]LogModuleManager: Shutting down and abandoning module PortalServices (114)
[2016.04.09-20.30.47:791][763]LogModuleManager: Shutting down and abandoning module PortalRpc (113)
[2016.04.09-20.30.47:791][763]LogModuleManager: Shutting down and abandoning module MessagingRpc (112)
[2016.04.09-20.30.47:791][763]LogModuleManager: Shutting down and abandoning module ProfilerService (111)
[2016.04.09-20.30.47:940][763]LogModuleManager: Shutting down and abandoning module TaskGraph (110)
[2016.04.09-20.30.47:940][763]LogModuleManager: Shutting down and abandoning module SlateRemote (109)
[2016.04.09-20.30.47:940][763]LogModuleManager: Shutting down and abandoning module SteamVRController (108)
[2016.04.09-20.30.47:940][763]LogModuleManager: Shutting down and abandoning module SteamVR (107)
[2016.04.09-20.30.47:940][763]LogModuleManager: Shutting down and abandoning module ProceduralMeshComponent (106)
[2016.04.09-20.30.47:940][763]LogModuleManager: Shutting down and abandoning module OculusLibrary (105)
[2016.04.09-20.30.47:940][763]LogModuleManager: Shutting down and abandoning module OculusInput (104)
[2016.04.09-20.30.47:940][763]LogModuleManager: Shutting down and abandoning module CustomMeshComponent (103)
[2016.04.09-20.30.47:940][763]LogModuleManager: Shutting down and abandoning module CableComponent (102)
[2016.04.09-20.30.47:940][763]LogModuleManager: Shutting down and abandoning module ArchVisCharacter (101)
[2016.04.09-20.30.47:940][763]LogModuleManager: Shutting down and abandoning module HTML5Networking (100)
[2016.04.09-20.30.47:940][763]LogModuleManager: Shutting down and abandoning module DesktopPlatform (99)
[2016.04.09-20.30.47:940][763]LogModuleManager: Shutting down and abandoning module DirectoryWatcher (98)
[2016.04.09-20.30.47:940][763]LogModuleManager: Shutting down and abandoning module HotReload (97)
[2016.04.09-20.30.47:940][763]LogModuleManager: Shutting down and abandoning module VisualStudioSourceCodeAccess (96)
[2016.04.09-20.30.47:940][763]LogModuleManager: Shutting down and abandoning module UObjectPlugin (95)
[2016.04.09-20.30.47:940][763]LogModuleManager: Shutting down and abandoning module SubversionSourceControl (94)
[2016.04.09-20.30.47:940][763]LogModuleManager: Shutting down and abandoning module SourceControl (93)
[2016.04.09-20.30.47:940][763]LogModuleManager: Shutting down and abandoning module PerforceSourceControl (92)
[2016.04.09-20.30.47:940][763]LogModuleManager: Shutting down and abandoning module UdpMessaging (91)
[2016.04.09-20.30.48:040][763]LogModuleManager: Shutting down and abandoning module LightPropagationVolumeRuntime (90)
[2016.04.09-20.30.48:040][763]LogModuleManager: Shutting down and abandoning module Paper2D (89)
[2016.04.09-20.30.48:040][763]LogModuleManager: Shutting down and abandoning module WindowsMoviePlayer (88)
[2016.04.09-20.30.48:040][763]LogModuleManager: Shutting down and abandoning module Media (87)
[2016.04.09-20.30.48:040][763]LogModuleManager: Shutting down and abandoning module WmfMedia (86)
[2016.04.09-20.30.48:040][763]LogModuleManager: Shutting down and abandoning module GameLiveStreaming (85)
[2016.04.09-20.30.48:040][763]LogModuleManager: Shutting down and abandoning module GameplayTagsEditor (84)
[2016.04.09-20.30.48:040][763]LogModuleManager: Shutting down and abandoning module OnlineBlueprintSupport (83)
[2016.04.09-20.30.48:040][763]LogModuleManager: Shutting down and abandoning module GameplayTasksEditor (82)
[2016.04.09-20.30.48:040][763]LogModuleManager: Shutting down and abandoning module PropertyEditor (81)
[2016.04.09-20.30.48:040][763]LogModuleManager: Shutting down and abandoning module BehaviorTreeEditor (80)
[2016.04.09-20.30.48:040][763]LogModuleManager: Shutting down and abandoning module FunctionalTesting (79)
[2016.04.09-20.30.48:040][763]LogModuleManager: Shutting down and abandoning module CollisionAnalyzer (78)
[2016.04.09-20.30.48:040][763]LogModuleManager: Shutting down and abandoning module WorkspaceMenuStructure (77)
[2016.04.09-20.30.48:040][763]LogModuleManager: Shutting down and abandoning module MessageLog (76)
[2016.04.09-20.30.48:040][763]LogModuleManager: Shutting down and abandoning module Sequencer (75)
[2016.04.09-20.30.48:040][763]LogModuleManager: Shutting down and abandoning module AssetTools (74)
[2016.04.09-20.30.48:040][763]LogModuleManager: Shutting down and abandoning module UMGEditor (73)
[2016.04.09-20.30.48:040][763]LogModuleManager: Shutting down and abandoning module UMG (72)
[2016.04.09-20.30.48:040][763]LogModuleManager: Shutting down and abandoning module SlateReflector (71)
[2016.04.09-20.30.48:040][763]LogModuleManager: Shutting down and abandoning module Slate (70)
[2016.04.09-20.30.48:040][763]LogModuleManager: Shutting down and abandoning module EditorStyle (69)
[2016.04.09-20.30.48:042][763]LogModuleManager: Shutting down and abandoning module SessionServices (68)
[2016.04.09-20.30.48:042][763]LogModuleManager: Shutting down and abandoning module SourceCodeAccess (67)
[2016.04.09-20.30.48:042][763]LogModuleManager: Shutting down and abandoning module HeadMountedDisplay (66)
[2016.04.09-20.30.48:042][763]LogModuleManager: Shutting down and abandoning module XAudio2 (65)
[2016.04.09-20.30.48:042][763]LogModuleManager: Shutting down and abandoning module Networking (63)
[2016.04.09-20.30.48:042][763]LogModuleManager: Shutting down and abandoning module Core (62)
[2016.04.09-20.30.48:042][763]LogModuleManager: Shutting down and abandoning module KismetCompiler (61)
[2016.04.09-20.30.48:042][763]LogModuleManager: Shutting down and abandoning module PhysXFormats (60)
[2016.04.09-20.30.48:042][763]LogModuleManager: Shutting down and abandoning module MeshUtilities (59)
[2016.04.09-20.30.48:042][763]LogModuleManager: Shutting down and abandoning module CookingStats (58)
[2016.04.09-20.30.48:042][763]LogModuleManager: Shutting down and abandoning module DerivedDataCache (57)
[2016.04.09-20.30.48:042][763]LogDerivedDataCache: Shutdown
[2016.04.09-20.30.48:042][763]LogModuleManager: Shutting down and abandoning module ShaderFormatOpenGL (56)
[2016.04.09-20.30.48:042][763]LogModuleManager: Shutting down and abandoning module ShaderFormatD3D (55)
[2016.04.09-20.30.48:042][763]LogModuleManager: Shutting down and abandoning module MetalShaderFormat (54)
[2016.04.09-20.30.48:042][763]LogModuleManager: Shutting down and abandoning module TextureFormatUncompressed (53)
[2016.04.09-20.30.48:042][763]LogModuleManager: Shutting down and abandoning module TextureFormatPVR (52)
[2016.04.09-20.30.48:042][763]LogModuleManager: Shutting down and abandoning module TextureFormatIntelISPCTexComp (51)
[2016.04.09-20.30.48:042][763]LogModuleManager: Shutting down and abandoning module TextureFormatDXT (50)
[2016.04.09-20.30.48:042][763]LogModuleManager: Shutting down and abandoning module ImageWrapper (49)
[2016.04.09-20.30.48:042][763]LogModuleManager: Shutting down and abandoning module TextureFormatASTC (48)
[2016.04.09-20.30.48:042][763]LogModuleManager: Shutting down and abandoning module TextureFormatAndroid (47)
[2016.04.09-20.30.48:042][763]LogModuleManager: Shutting down and abandoning module AudioFormatOpus (46)
[2016.04.09-20.30.48:042][763]LogModuleManager: Shutting down and abandoning module AudioFormatOgg (45)
[2016.04.09-20.30.48:042][763]LogModuleManager: Shutting down and abandoning module AudioFormatADPCM (44)
[2016.04.09-20.30.48:042][763]LogModuleManager: Shutting down and abandoning module LinuxTargetPlatform (43)
[2016.04.09-20.30.48:042][763]LogModuleManager: Shutting down and abandoning module LinuxServerTargetPlatform (42)
[2016.04.09-20.30.48:042][763]LogModuleManager: Shutting down and abandoning module LinuxNoEditorTargetPlatform (41)
[2016.04.09-20.30.48:042][763]LogModuleManager: Shutting down and abandoning module TVOSTargetPlatform (40)
[2016.04.09-20.30.48:042][763]LogModuleManager: Shutting down and abandoning module Messaging (39)
[2016.04.09-20.30.48:042][763]LogModuleManager: Shutting down and abandoning module IOSTargetPlatform (38)
[2016.04.09-20.30.48:042][763]LogModuleManager: Shutting down and abandoning module HTML5TargetPlatform (37)
[2016.04.09-20.30.48:042][763]LogModuleManager: Shutting down and abandoning module Android_PVRTCTargetPlatform (36)
[2016.04.09-20.30.48:042][763]LogModuleManager: Shutting down and abandoning module Android_MultiTargetPlatform (35)
[2016.04.09-20.30.48:042][763]LogModuleManager: Shutting down and abandoning module Android_ETC2TargetPlatform (34)
[2016.04.09-20.30.48:043][763]LogModuleManager: Shutting down and abandoning module Android_ETC1TargetPlatform (33)
[2016.04.09-20.30.48:043][763]LogModuleManager: Shutting down and abandoning module Android_DXTTargetPlatform (32)
[2016.04.09-20.30.48:043][763]LogModuleManager: Shutting down and abandoning module Android_ATCTargetPlatform (31)
[2016.04.09-20.30.48:043][763]LogModuleManager: Shutting down and abandoning module Android_ASTCTargetPlatform (30)
[2016.04.09-20.30.48:043][763]LogModuleManager: Shutting down and abandoning module AndroidTargetPlatform (29)
[2016.04.09-20.30.48:043][763]LogModuleManager: Shutting down and abandoning module WindowsTargetPlatform (28)
[2016.04.09-20.30.48:043][763]LogModuleManager: Shutting down and abandoning module WindowsServerTargetPlatform (27)
[2016.04.09-20.30.48:043][763]LogModuleManager: Shutting down and abandoning module WindowsNoEditorTargetPlatform (26)
[2016.04.09-20.30.48:043][763]LogModuleManager: Shutting down and abandoning module WindowsClientTargetPlatform (25)
[2016.04.09-20.30.48:043][763]LogModuleManager: Shutting down and abandoning module AllDesktopTargetPlatform (24)
[2016.04.09-20.30.48:043][763]LogModuleManager: Shutting down and abandoning module TargetPlatform (23)
[2016.04.09-20.30.48:043][763]LogModuleManager: Shutting down and abandoning module InputCore (22)
[2016.04.09-20.30.48:043][763]LogModuleManager: Shutting down and abandoning module Settings (21)
[2016.04.09-20.30.48:043][763]LogModuleManager: Shutting down and abandoning module OnlineSubsystem (19)
[2016.04.09-20.30.48:043][763]LogModuleManager: Shutting down and abandoning module HTTP (18)
[2016.04.09-20.30.48:043][763]LogModuleManager: Shutting down and abandoning module XMPP (17)
[2016.04.09-20.30.48:043][763]LogModuleManager: Shutting down and abandoning module OculusRift (16)
[2016.04.09-20.30.48:043][763]LogModuleManager: Shutting down and abandoning module ExampleDeviceProfileSelector (15)
[2016.04.09-20.30.48:043][763]LogModuleManager: Shutting down and abandoning module TextureCompressor (14)
[2016.04.09-20.30.48:043][763]LogModuleManager: Shutting down and abandoning module ShaderCore (13)
[2016.04.09-20.30.48:043][763]LogModuleManager: Shutting down and abandoning module Landscape (12)
[2016.04.09-20.30.48:043][763]LogModuleManager: Shutting down and abandoning module SlateRHIRenderer (11)
[2016.04.09-20.30.48:043][763]LogModuleManager: Shutting down and abandoning module OpenGLDrv (10)
[2016.04.09-20.30.48:043][763]LogModuleManager: Shutting down and abandoning module D3D11RHI (9)
[2016.04.09-20.30.48:043][763]LogModuleManager: Shutting down and abandoning module AnimGraphRuntime (8)
[2016.04.09-20.30.48:043][763]LogModuleManager: Shutting down and abandoning module Renderer (7)
[2016.04.09-20.30.48:043][763]LogModuleManager: Shutting down and abandoning module Engine (6)
[2016.04.09-20.30.48:043][763]LogModuleManager: Shutting down and abandoning module CoreUObject (5)
[2016.04.09-20.30.48:043][763]LogModuleManager: Shutting down and abandoning module NetworkFile (4)
[2016.04.09-20.30.48:043][763]LogModuleManager: Shutting down and abandoning module StreamingFile (3)
[2016.04.09-20.30.48:043][763]LogModuleManager: Shutting down and abandoning module SandboxFile (2)
[2016.04.09-20.30.48:043][763]LogModuleManager: Shutting down and abandoning module PakFile (1)
[2016.04.09-20.30.48:044][763]LogExit: Exiting.
[2016.04.09-20.30.48:045][763]Log file closed, 04/09/16 15:30:48
