Log file open, 04/09/16 10:10:05
LogInit:Display: Running engine for game: MyProject
LogPlatformFile: Not using cached read wrapper
LogInit:Display: RandInit(1803986281) SRandInit(1803986283).
LogTaskGraph: Started task graph with 4 named threads and 7 total threads.
LogStats: Stats thread started at 0.076474
LogInit: Version: 4.11.1-2934540+++UE4+Release-4.11
LogInit: API Version: 2927265
LogInit: Compiled (64-bit): Apr  6 2016 02:14:16
LogInit: Compiled with Visual C++: 19.00.23026.00
LogInit: Build Configuration: Development
LogInit: Branch Name: ++UE4+Release-4.11
LogInit: Command line:  /Temp/Autosaves/Game/2DSideScrollerBP/Maps/UEDPCLevel1 -game -PIEVIACONSOLE -ResX=1280 -ResY=720  -Multiprocess -messaging -SessionName="Play in Standalone Game" 
LogInit: Base directory: C:/Program Files (x86)/Epic Games/4.11/Engine/Binaries/Win64/
LogInit: Installed Engine Build: 1
LogInit: Using libcurl 7.41.0
LogInit:  - built for x86_64-pc-win32
LogInit:  - supports SSL with WinSSL
LogInit:  - other features:
LogInit:      CURL_VERSION_SSL
LogInit:      CURL_VERSION_IPV6
LogInit:      CURL_VERSION_ASYNCHDNS
LogInit:      CURL_VERSION_LARGEFILE
LogInit:      CURL_VERSION_IDN
LogInit:  CurlRequestOptions (configurable via config and command line):
LogInit:  - bVerifyPeer = true  - Libcurl will verify peer certificate
LogInit:  - bUseHttpProxy = false  - Libcurl will NOT use HTTP proxy
LogInit:  - bDontReuseConnections = false  - Libcurl will reuse connections
LogInit:  - CertBundlePath = nullptr  - Libcurl will use whatever was configured at build time.
LogInit: Presizing for max 16777216 objects, including 0 objects not considered by GC, pre-allocating 0 bytes for permanent pool.
LogInit: Object subsystem initialized
[2016.04.09-15.10.06:099][  0]LogInit: Selected Device Profile: [Windows]
[2016.04.09-15.10.06:099][  0]LogInit: Applying CVar settings loaded from the selected device profile: [Windows]
[2016.04.09-15.10.06:102][  0]LogInit: Computer: CURTIS-PC
[2016.04.09-15.10.06:102][  0]LogInit: User: Curtis
[2016.04.09-15.10.06:102][  0]LogInit: CPU Page size=65536, Cores=4
[2016.04.09-15.10.06:102][  0]LogInit: High frequency timer resolution =2.336201 MHz
[2016.04.09-15.10.06:102][  0]LogMemory: Memory total: Physical=7.9GB (8GB approx)
[2016.04.09-15.10.06:102][  0]LogMemory: Platform Memory Stats for Windows
[2016.04.09-15.10.06:102][  0]LogMemory: Process Physical Memory: 313.82 MB used, 313.82 MB peak
[2016.04.09-15.10.06:102][  0]LogMemory: Process Virtual Memory: 316.72 MB used, 316.72 MB peak
[2016.04.09-15.10.06:102][  0]LogMemory: Physical Memory: 4805.93 MB used, 8139.82 MB total
[2016.04.09-15.10.06:102][  0]LogMemory: Virtual Memory: 620.69 MB used, 8388608.00 MB total
[2016.04.09-15.10.06:133][  0]LogTextLocalizationManager: No specific translations for ('en-US') exist, so ('en') translations will be used.
[2016.04.09-15.10.06:522][  0]LogD3D11RHI: D3D11 adapters:
[2016.04.09-15.10.06:583][  0]LogD3D11RHI:    0. 'AMD Radeon HD 6870M' (Feature Level 11_0)
[2016.04.09-15.10.06:583][  0]LogD3D11RHI:       1010MB of dedicated video memory, 0MB of dedicated system memory, and 3813MB of shared system memory, 1 output[s]
[2016.04.09-15.10.06:588][  0]LogD3D11RHI:    1. 'Intel(R) HD Graphics 3000' (Feature Level 10_0)
[2016.04.09-15.10.06:588][  0]LogD3D11RHI:       64MB of dedicated video memory, 0MB of dedicated system memory, and 1632MB of shared system memory, 0 output[s]
[2016.04.09-15.10.06:588][  0]LogD3D11RHI: Chosen D3D11 Adapter: 0
[2016.04.09-15.10.06:592][  0]LogD3D11RHI: Creating new Direct3DDevice
[2016.04.09-15.10.06:592][  0]LogD3D11RHI:     Adapter Name: AMD Radeon HD 6870M
[2016.04.09-15.10.06:593][  0]LogD3D11RHI:   Driver Version: 9.3.0.0 (internal 9.3.0.0)
[2016.04.09-15.10.06:593][  0]LogD3D11RHI:      Driver Date: 10-25-2012
[2016.04.09-15.10.06:593][  0]LogRHI: Texture pool is 707 MB (70% of 1010 MB)
[2016.04.09-15.10.06:597][  0]LogD3D11RHI: Async texture creation disabled: no driver support
[2016.04.09-15.10.06:609][  0]LogShaderCompilers: Guid format shader working directory is -16 characters bigger than the processId version (../../../../../../Users/Curtis/Documents/Unreal Projects/IceBox/Intermediate/Shaders/WorkingDirectory/6864/).
[2016.04.09-15.10.06:609][  0]LogShaderCompilers: Cleaned the shader compiler working directory 'C:/Users/Curtis/AppData/Local/Temp/UnrealShaderWorkingDir/20BEE6F7475371456656C3B020114118/'.
[2016.04.09-15.10.06:609][  0]LogShaderCompilers:Display: Using Local Shader Compiler.
[2016.04.09-15.10.07:577][  0]LogTemp:Display: Loaded TP AllDesktopTargetPlatform
[2016.04.09-15.10.07:581][  0]LogTemp:Display: Loaded TP WindowsClientTargetPlatform
[2016.04.09-15.10.07:587][  0]LogTemp:Display: Loaded TP WindowsNoEditorTargetPlatform
[2016.04.09-15.10.07:592][  0]LogTemp:Display: Loaded TP WindowsServerTargetPlatform
[2016.04.09-15.10.07:596][  0]LogTemp:Display: Loaded TP WindowsTargetPlatform
[2016.04.09-15.10.07:599][  0]LogTemp:Display: Loaded TP AndroidTargetPlatform
[2016.04.09-15.10.07:602][  0]LogTemp:Display: Loaded TP Android_ASTCTargetPlatform
[2016.04.09-15.10.07:605][  0]LogTemp:Display: Loaded TP Android_ATCTargetPlatform
[2016.04.09-15.10.07:608][  0]LogTemp:Display: Loaded TP Android_DXTTargetPlatform
[2016.04.09-15.10.07:611][  0]LogTemp:Display: Loaded TP Android_ETC1TargetPlatform
[2016.04.09-15.10.07:614][  0]LogTemp:Display: Loaded TP Android_ETC2TargetPlatform
[2016.04.09-15.10.07:620][  0]LogTemp:Display: Loaded TP Android_MultiTargetPlatform
[2016.04.09-15.10.07:620][  0]LogTemp:Display: Loaded TP Android_PVRTCTargetPlatform
[2016.04.09-15.10.07:621][  0]LogTemp:Display: Loaded TP HTML5TargetPlatform
[2016.04.09-15.10.07:636][  0]LogTemp:Display: Loaded TP IOSTargetPlatform
[2016.04.09-15.10.07:638][  0]LogTemp:Display: Loaded TP TVOSTargetPlatform
[2016.04.09-15.10.07:641][  0]LogTemp:Display: Loaded TP LinuxNoEditorTargetPlatform
[2016.04.09-15.10.07:644][  0]LogTemp:Display: Loaded TP LinuxServerTargetPlatform
[2016.04.09-15.10.07:647][  0]LogTemp:Display: Loaded TP LinuxTargetPlatform
[2016.04.09-15.10.07:647][  0]LogTargetPlatformManager:Display: Building Assets For Windows
[2016.04.09-15.10.07:705][  0]LogDerivedDataCache:Display: Max Cache Size: 512 MB
[2016.04.09-15.10.07:755][  0]LogDerivedDataCache: Loaded boot cache 0.05s 46MB C:/Users/Curtis/AppData/Local/UnrealEngine/4.11/DerivedDataCache/Boot.ddc.
[2016.04.09-15.10.07:755][  0]LogDerivedDataCache:Display: Loaded Boot cache: C:/Users/Curtis/AppData/Local/UnrealEngine/4.11/DerivedDataCache/Boot.ddc
[2016.04.09-15.10.07:755][  0]LogDerivedDataCache: FDerivedDataBackendGraph:  Pak pak cache file ../../../../../../Users/Curtis/Documents/Unreal Projects/IceBox/DerivedDataCache/DDC.ddp not found, will not use a pak cache.
[2016.04.09-15.10.07:755][  0]LogDerivedDataCache: Unable to find inner node Pak for hierarchical cache Hierarchy.
[2016.04.09-15.10.07:755][  0]LogDerivedDataCache: FDerivedDataBackendGraph:  CompressedPak pak cache file ../../../../../../Users/Curtis/Documents/Unreal Projects/IceBox/DerivedDataCache/Compressed.ddp not found, will not use a pak cache.
[2016.04.09-15.10.07:755][  0]LogDerivedDataCache: Unable to find inner node CompressedPak for hierarchical cache Hierarchy.
[2016.04.09-15.10.07:771][  0]LogDerivedDataCache:Display: Pak cache opened for reading ../../../Engine/DerivedDataCache/Compressed.ddp.
[2016.04.09-15.10.07:783][  0]LogDerivedDataCache: Using Local data cache path C:/Users/Curtis/AppData/Local/UnrealEngine/Common/DerivedDataCache: Writable
[2016.04.09-15.10.07:974][  0]LogInit: Selected Device Profile: [Windows]
[2016.04.09-15.10.07:979][  0]LogMaterial: Uniform references updated for custom material expression Custom.
[2016.04.09-15.10.07:981][  0]LogContentStreaming: Texture pool size is 1000.00 MB
[2016.04.09-15.10.08:117][  0]LogMeshUtilities: No automatic mesh reduction module available
[2016.04.09-15.10.08:117][  0]LogMeshUtilities: No automatic mesh merging module available
[2016.04.09-15.10.08:117][  0]LogMeshUtilities: No distributed automatic mesh merging module available
[2016.04.09-15.10.08:334][  0]LogInit: WinSock: version 1.1 (2.2), MaxSocks=32767, MaxUdp=65467
[2016.04.09-15.10.08:386][  0]LogSlate: SlateFontCache - WITH_FREETYPE: 1, WITH_HARFBUZZ: 1
[2016.04.09-15.10.08:386][  0]LogSlate: SlateFontCache - WITH_FREETYPE: 1, WITH_HARFBUZZ: 1
[2016.04.09-15.10.08:512][  0]LogWindowsMoviePlayer: Unable to load movie: ../../../../../../Users/Curtis/Documents/Unreal Projects/IceBox/Content/Movies/Default_Startup.mp4
[2016.04.09-15.10.08:599][  0]LogUdpMessaging: Initializing bridge on interface 0.0.0.0:0 to multicast group 230.0.0.1:6666.
[2016.04.09-15.10.08:674][  0]SourceControl: Info Source control is disabled
[2016.04.09-15.10.08:674][  0]SourceControl: Info Source control is disabled
[2016.04.09-15.10.08:684][  0]SourceControl: Info Source control is disabled
[2016.04.09-15.10.08:760][  0]LogUObjectArray: 29142 objects as part of root set at end of initial load.
[2016.04.09-15.10.08:760][  0]LogUObjectAllocator: 6065048 out of 0 bytes used by permanent object pool.
[2016.04.09-15.10.08:760][  0]LogUObjectArray: CloseDisregardForGC: 0/0 objects in disregard for GC pool
[2016.04.09-15.10.08:813][  0]LogEngine: Initializing Engine...
[2016.04.09-15.10.08:814][  0]LogHMD: SteamVR failed to initialize.  Err: 110
[2016.04.09-15.10.08:814][  0]LogHMD: SteamVR failed to initialize.  Err: 110
[2016.04.09-15.10.08:945][  0]LogInit: XAudio2 using 'Speakers / Headphones (IDT High Definition Audio CODEC)' : 2 channels at 48 kHz using 16 bits per sample (channel mask 0x3)
[2016.04.09-15.10.08:955][  0]LogInit: FAudioDevice initialized.
[2016.04.09-15.10.08:962][  0]LogInit: Texture streaming: Enabled
[2016.04.09-15.10.09:037][  0]LogNet: Browse: /Temp/Autosaves/Game/2DSideScrollerBP/Maps/UEDPCLevel1?Name=Player
[2016.04.09-15.10.09:037][  0]LogLoad: LoadMap: /Temp/Autosaves/Game/2DSideScrollerBP/Maps/UEDPCLevel1?Name=Player
[2016.04.09-15.10.09:052][  0]LogMemory: Platform Memory Stats for Windows
[2016.04.09-15.10.09:052][  0]LogMemory: Process Physical Memory: 642.39 MB used, 643.40 MB peak
[2016.04.09-15.10.09:052][  0]LogMemory: Process Virtual Memory: 625.09 MB used, 632.04 MB peak
[2016.04.09-15.10.09:052][  0]LogMemory: Physical Memory: 5073.52 MB used, 8139.82 MB total
[2016.04.09-15.10.09:052][  0]LogMemory: Virtual Memory: 1150.38 MB used, 8388608.00 MB total
[2016.04.09-15.10.09:052][  0]LogMemory: 
[2016.04.09-15.10.09:052][  0]Allocator Stats for TBB: (not implemented)
[2016.04.09-15.10.09:268][  0]LogAIModule: Creating AISystem for world Level1
[2016.04.09-15.10.09:268][  0]LogWorld: Game class is '2DSideScrollerGameMode_C'
[2016.04.09-15.10.09:281][  0]LogWorld: Bringing World /Temp/Autosaves/Game/2DSideScrollerBP/Maps/UEDPCLevel1.Level1 up for play (max tick rate 0) at 2016.04.09-10.10.09
[2016.04.09-15.10.09:282][  0]LogWorld: Bringing up level for play took: 0.013337
[2016.04.09-15.10.09:286][  0]LogInit:Display: Game Engine Initialized.
[2016.04.09-15.10.09:502][  0]LogLoad: Full Startup: 3.96 seconds (BP compile: 0.05 seconds)
[2016.04.09-15.10.09:502][  0]LogExternalProfiler:Warning: No registered external profiler was matched with a command-line switch (or the DLL could not be loaded).  External profiling features will not be available.
[2016.04.09-15.10.09:519][  0]LogOcInput: OculusInput pre-init called
[2016.04.09-15.10.09:664][  2]LogRenderer: Reallocating scene render targets to support 1280x720 (Frame:2).
[2016.04.09-15.10.21:237][701]LogPackageName: SearchForPackageOnDisk took   0.059s to resolve Level1.umap.
[2016.04.09-15.10.21:292][702]LogPackageName: SearchForPackageOnDisk took   0.053s to resolve Level1.umap.
[2016.04.09-15.10.21:292][702]LogNet: Browse: /Game/2DSideScrollerBP/Maps/Level1
[2016.04.09-15.10.21:292][702]LogLoad: LoadMap: /Game/2DSideScrollerBP/Maps/Level1
[2016.04.09-15.10.21:319][702]LogMemory: Platform Memory Stats for Windows
[2016.04.09-15.10.21:319][702]LogMemory: Process Physical Memory: 672.80 MB used, 680.18 MB peak
[2016.04.09-15.10.21:319][702]LogMemory: Process Virtual Memory: 640.09 MB used, 653.72 MB peak
[2016.04.09-15.10.21:319][702]LogMemory: Physical Memory: 5093.88 MB used, 8139.82 MB total
[2016.04.09-15.10.21:319][702]LogMemory: Virtual Memory: 1192.94 MB used, 8388608.00 MB total
[2016.04.09-15.10.21:319][702]LogMemory: 
[2016.04.09-15.10.21:319][702]Allocator Stats for TBB: (not implemented)
[2016.04.09-15.10.21:516][702]LogAIModule: Creating AISystem for world Level1
[2016.04.09-15.10.21:516][702]LogWorld: Game class is '2DSideScrollerGameMode_C'
[2016.04.09-15.10.21:527][702]LogWorld: Bringing World /Game/2DSideScrollerBP/Maps/Level1.Level1 up for play (max tick rate 0) at 2016.04.09-10.10.21
[2016.04.09-15.10.21:528][702]LogWorld: Bringing up level for play took: 0.010998
[2016.04.09-15.10.22:369][746]LogPackageName: SearchForPackageOnDisk took   0.053s to resolve Level1.umap.
[2016.04.09-15.10.22:423][747]LogPackageName: SearchForPackageOnDisk took   0.053s to resolve Level1.umap.
[2016.04.09-15.10.22:423][747]LogNet: Browse: /Game/2DSideScrollerBP/Maps/Level1
[2016.04.09-15.10.22:423][747]LogLoad: LoadMap: /Game/2DSideScrollerBP/Maps/Level1
[2016.04.09-15.10.22:448][747]LogMemory: Platform Memory Stats for Windows
[2016.04.09-15.10.22:448][747]LogMemory: Process Physical Memory: 683.26 MB used, 684.71 MB peak
[2016.04.09-15.10.22:448][747]LogMemory: Process Virtual Memory: 657.82 MB used, 661.42 MB peak
[2016.04.09-15.10.22:448][747]LogMemory: Physical Memory: 5105.89 MB used, 8139.82 MB total
[2016.04.09-15.10.22:448][747]LogMemory: Virtual Memory: 1208.94 MB used, 8388608.00 MB total
[2016.04.09-15.10.22:448][747]LogMemory: 
[2016.04.09-15.10.22:448][747]Allocator Stats for TBB: (not implemented)
[2016.04.09-15.10.22:647][747]LogAIModule: Creating AISystem for world Level1
[2016.04.09-15.10.22:647][747]LogWorld: Game class is '2DSideScrollerGameMode_C'
[2016.04.09-15.10.22:658][747]LogWorld: Bringing World /Game/2DSideScrollerBP/Maps/Level1.Level1 up for play (max tick rate 0) at 2016.04.09-10.10.22
[2016.04.09-15.10.22:659][747]LogWorld: Bringing up level for play took: 0.010946
[2016.04.09-15.10.22:719][748]LogPackageName: SearchForPackageOnDisk took   0.057s to resolve TitleScreen.umap.
[2016.04.09-15.10.22:774][749]LogPackageName: SearchForPackageOnDisk took   0.053s to resolve TitleScreen.umap.
[2016.04.09-15.10.22:774][749]LogNet: Browse: /Game/2DSideScrollerBP/Maps/TitleScreen
[2016.04.09-15.10.22:775][749]LogLoad: LoadMap: /Game/2DSideScrollerBP/Maps/TitleScreen
[2016.04.09-15.10.22:800][749]LogMemory: Platform Memory Stats for Windows
[2016.04.09-15.10.22:801][749]LogMemory: Process Physical Memory: 686.33 MB used, 686.34 MB peak
[2016.04.09-15.10.22:801][749]LogMemory: Process Virtual Memory: 659.11 MB used, 661.42 MB peak
[2016.04.09-15.10.22:801][749]LogMemory: Physical Memory: 5108.61 MB used, 8139.82 MB total
[2016.04.09-15.10.22:801][749]LogMemory: Virtual Memory: 1208.94 MB used, 8388608.00 MB total
[2016.04.09-15.10.22:801][749]LogMemory: 
[2016.04.09-15.10.22:801][749]Allocator Stats for TBB: (not implemented)
[2016.04.09-15.10.23:001][749]LogAIModule: Creating AISystem for world TitleScreen
[2016.04.09-15.10.23:001][749]LogWorld: Game class is '2DSideScrollerGameMode_C'
[2016.04.09-15.10.23:002][749]LogWorld: Bringing World /Game/2DSideScrollerBP/Maps/TitleScreen.TitleScreen up for play (max tick rate 0) at 2016.04.09-10.10.23
[2016.04.09-15.10.23:003][749]LogWorld: Bringing up level for play took: 0.000589
[2016.04.09-15.10.23:003][749]LogGameMode: Warning - PATHS NOT DEFINED or NO PLAYERSTART with positive rating
[2016.04.09-15.10.25:994][935]Closing by request
[2016.04.09-15.10.25:994][935]LogWindows: FPlatformMisc::RequestExit(0)
[2016.04.09-15.10.26:849][936]LogExit: Preparing to exit.
[2016.04.09-15.10.27:723][936]LogExit: Game engine shut down
[2016.04.09-15.10.27:822][936]LogObj: Freed 0b from 0 cluster array pools.
[2016.04.09-15.10.27:822][936]LogExit: Object subsystem successfully closed.
[2016.04.09-15.10.27:841][936]LogD3D11RHI: Shutdown
[2016.04.09-15.10.27:841][936]LogD3D11RHI: CleanupD3DDevice
[2016.04