Log file open, 04/09/16 15:47:27
LogInit:Display: Running engine for game: MyProject
LogPlatformFile: Not using cached read wrapper
LogInit:Display: RandInit(1847347304) SRandInit(1847347306).
LogTaskGraph: Started task graph with 4 named threads and 7 total threads.
LogStats: Stats thread started at 0.069857
LogInit: Version: 4.11.1-2934540+++UE4+Release-4.11
LogInit: API Version: 2927265
LogInit: Compiled (64-bit): Apr  6 2016 02:14:16
LogInit: Compiled with Visual C++: 19.00.23026.00
LogInit: Build Configuration: Development
LogInit: Branch Name: ++UE4+Release-4.11
LogInit: Command line:  /Temp/Autosaves/Game/2DSideScrollerBP/Maps/UEDPCTitleScreen -game -PIEVIACONSOLE -ResX=1280 -ResY=720  -Multiprocess -messaging -SessionName="Play in Standalone Game" 
LogInit: Base directory: C:/Program Files (x86)/Epic Games/4.11/Engine/Binaries/Win64/
LogInit: Installed Engine Build: 1
LogInit: Using libcurl 7.41.0
LogInit:  - built for x86_64-pc-win32
LogInit:  - supports SSL with WinSSL
LogInit:  - other features:
LogInit:      CURL_VERSION_SSL
LogInit:      CURL_VERSION_IPV6
LogInit:      CURL_VERSION_ASYNCHDNS
LogInit:      CURL_VERSION_LARGEFILE
LogInit:      CURL_VERSION_IDN
LogInit:  CurlRequestOptions (configurable via config and command line):
LogInit:  - bVerifyPeer = true  - Libcurl will verify peer certificate
LogInit:  - bUseHttpProxy = false  - Libcurl will NOT use HTTP proxy
LogInit:  - bDontReuseConnections = false  - Libcurl will reuse connections
LogInit:  - CertBundlePath = nullptr  - Libcurl will use whatever was configured at build time.
LogInit: Presizing for max 16777216 objects, including 0 objects not considered by GC, pre-allocating 0 bytes for permanent pool.
LogInit: Object subsystem initialized
[2016.04.09-20.47.27:887][  0]LogInit: Selected Device Profile: [Windows]
[2016.04.09-20.47.27:887][  0]LogInit: Applying CVar settings loaded from the selected device profile: [Windows]
[2016.04.09-20.47.27:889][  0]LogInit: Computer: CURTIS-PC
[2016.04.09-20.47.27:889][  0]LogInit: User: Curtis
[2016.04.09-20.47.27:889][  0]LogInit: CPU Page size=65536, Cores=4
[2016.04.09-20.47.27:889][  0]LogInit: High frequency timer resolution =2.336201 MHz
[2016.04.09-20.47.27:890][  0]LogMemory: Memory total: Physical=7.9GB (8GB approx)
[2016.04.09-20.47.27:890][  0]LogMemory: Platform Memory Stats for Windows
[2016.04.09-20.47.27:890][  0]LogMemory: Process Physical Memory: 314.02 MB used, 314.02 MB peak
[2016.04.09-20.47.27:890][  0]LogMemory: Process Virtual Memory: 316.73 MB used, 316.73 MB peak
[2016.04.09-20.47.27:890][  0]LogMemory: Physical Memory: 5653.05 MB used, 8139.82 MB total
[2016.04.09-20.47.27:890][  0]LogMemory: Virtual Memory: 620.69 MB used, 8388608.00 MB total
[2016.04.09-20.47.27:919][  0]LogTextLocalizationManager: No specific translations for ('en-US') exist, so ('en') translations will be used.
[2016.04.09-20.47.28:306][  0]LogD3D11RHI: D3D11 adapters:
[2016.04.09-20.47.28:329][  0]LogD3D11RHI:    0. 'AMD Radeon HD 6870M' (Feature Level 11_0)
[2016.04.09-20.47.28:329][  0]LogD3D11RHI:       1010MB of dedicated video memory, 0MB of dedicated system memory, and 3813MB of shared system memory, 1 output[s]
[2016.04.09-20.47.28:334][  0]LogD3D11RHI:    1. 'Intel(R) HD Graphics 3000' (Feature Level 10_0)
[2016.04.09-20.47.28:334][  0]LogD3D11RHI:       64MB of dedicated video memory, 0MB of dedicated system memory, and 1632MB of shared system memory, 0 output[s]
[2016.04.09-20.47.28:334][  0]LogD3D11RHI: Chosen D3D11 Adapter: 0
[2016.04.09-20.47.28:339][  0]LogD3D11RHI: Creating new Direct3DDevice
[2016.04.09-20.47.28:339][  0]LogD3D11RHI:     Adapter Name: AMD Radeon HD 6870M
[2016.04.09-20.47.28:339][  0]LogD3D11RHI:   Driver Version: 9.3.0.0 (internal 9.3.0.0)
[2016.04.09-20.47.28:339][  0]LogD3D11RHI:      Driver Date: 10-25-2012
[2016.04.09-20.47.28:339][  0]LogRHI: Texture pool is 707 MB (70% of 1010 MB)
[2016.04.09-20.47.28:344][  0]LogD3D11RHI: Async texture creation disabled: no driver support
[2016.04.09-20.47.28:355][  0]LogShaderCompilers: Guid format shader working directory is -16 characters bigger than the processId version (../../../../../../Users/Curtis/Documents/Unreal Projects/IceBox/Intermediate/Shaders/WorkingDirectory/1808/).
[2016.04.09-20.47.28:355][  0]LogShaderCompilers: Cleaned the shader compiler working directory 'C:/Users/Curtis/AppData/Local/Temp/UnrealShaderWorkingDir/0A16534E433E9C49461F17917E086E1F/'.
[2016.04.09-20.47.28:355][  0]LogShaderCompilers:Display: Using Local Shader Compiler.
[2016.04.09-20.47.29:331][  0]LogTemp:Display: Loaded TP AllDesktopTargetPlatform
[2016.04.09-20.47.29:335][  0]LogTemp:Display: Loaded TP WindowsClientTargetPlatform
[2016.04.09-20.47.29:339][  0]LogTemp:Display: Loaded TP WindowsNoEditorTargetPlatform
[2016.04.09-20.47.29:343][  0]LogTemp:Display: Loaded TP WindowsServerTargetPlatform
[2016.04.09-20.47.29:347][  0]LogTemp:Display: Loaded TP WindowsTargetPlatform
[2016.04.09-20.47.29:350][  0]LogTemp:Display: Loaded TP AndroidTargetPlatform
[2016.04.09-20.47.29:353][  0]LogTemp:Display: Loaded TP Android_ASTCTargetPlatform
[2016.04.09-20.47.29:356][  0]LogTemp:Display: Loaded TP Android_ATCTargetPlatform
[2016.04.09-20.47.29:358][  0]LogTemp:Display: Loaded TP Android_DXTTargetPlatform
[2016.04.09-20.47.29:361][  0]LogTemp:Display: Loaded TP Android_ETC1TargetPlatform
[2016.04.09-20.47.29:364][  0]LogTemp:Display: Loaded TP Android_ETC2TargetPlatform
[2016.04.09-20.47.29:370][  0]LogTemp:Display: Loaded TP Android_MultiTargetPlatform
[2016.04.09-20.47.29:370][  0]LogTemp:Display: Loaded TP Android_PVRTCTargetPlatform
[2016.04.09-20.47.29:370][  0]LogTemp:Display: Loaded TP HTML5TargetPlatform
[2016.04.09-20.47.29:386][  0]LogTemp:Display: Loaded TP IOSTargetPlatform
[2016.04.09-20.47.29:389][  0]LogTemp:Display: Loaded TP TVOSTargetPlatform
[2016.04.09-20.47.29:391][  0]LogTemp:Display: Loaded TP LinuxNoEditorTargetPlatform
[2016.04.09-20.47.29:394][  0]LogTemp:Display: Loaded TP LinuxServerTargetPlatform
[2016.04.09-20.47.29:398][  0]LogTemp:Display: Loaded TP LinuxTargetPlatform
[2016.04.09-20.47.29:398][  0]LogTargetPlatformManager:Display: Building Assets For Windows
[2016.04.09-20.47.29:460][  0]LogDerivedDataCache:Display: Max Cache Size: 512 MB
[2016.04.09-20.47.29:509][  0]LogDerivedDataCache: Loaded boot cache 0.05s 46MB C:/Users/Curtis/AppData/Local/UnrealEngine/4.11/DerivedDataCache/Boot.ddc.
[2016.04.09-20.47.29:509][  0]LogDerivedDataCache:Display: Loaded Boot cache: C:/Users/Curtis/AppData/Local/UnrealEngine/4.11/DerivedDataCache/Boot.ddc
[2016.04.09-20.47.29:509][  0]LogDerivedDataCache: FDerivedDataBackendGraph:  Pak pak cache file ../../../../../../Users/Curtis/Documents/Unreal Projects/IceBox/DerivedDataCache/DDC.ddp not found, will not use a pak cache.
[2016.04.09-20.47.29:509][  0]LogDerivedDataCache: Unable to find inner node Pak for hierarchical cache Hierarchy.
[2016.04.09-20.47.29:509][  0]LogDerivedDataCache: FDerivedDataBackendGraph:  CompressedPak pak cache file ../../../../../../Users/Curtis/Documents/Unreal Projects/IceBox/DerivedDataCache/Compressed.ddp not found, will not use a pak cache.
[2016.04.09-20.47.29:509][  0]LogDerivedDataCache: Unable to find inner node CompressedPak for hierarchical cache Hierarchy.
[2016.04.09-20.47.29:525][  0]LogDerivedDataCache:Display: Pak cache opened for reading ../../../Engine/DerivedDataCache/Compressed.ddp.
[2016.04.09-20.47.29:537][  0]LogDerivedDataCache: Using Local data cache path C:/Users/Curtis/AppData/Local/UnrealEngine/Common/DerivedDataCache: Writable
[2016.04.09-20.47.29:728][  0]LogInit: Selected Device Profile: [Windows]
[2016.04.09-20.47.29:733][  0]LogMaterial: Uniform references updated for custom material expression Custom.
[2016.04.09-20.47.29:734][  0]LogContentStreaming: Texture pool size is 1000.00 MB
[2016.04.09-20.47.29:868][  0]LogMeshUtilities: No automatic mesh reduction module available
[2016.04.09-20.47.29:868][  0]LogMeshUtilities: No automatic mesh merging module available
[2016.04.09-20.47.29:868][  0]LogMeshUtilities: No distributed automatic mesh merging module available
[2016.04.09-20.47.30:084][  0]LogInit: WinSock: version 1.1 (2.2), MaxSocks=32767, MaxUdp=65467
[2016.04.09-20.47.30:138][  0]LogSlate: SlateFontCache - WITH_FREETYPE: 1, WITH_HARFBUZZ: 1
[2016.04.09-20.47.30:138][  0]LogSlate: SlateFontCache - WITH_FREETYPE: 1, WITH_HARFBUZZ: 1
[2016.04.09-20.47.30:256][  0]LogWindowsMoviePlayer: Unable to load movie: ../../../../../../Users/Curtis/Documents/Unreal Projects/IceBox/Content/Movies/Default_Startup.mp4
[2016.04.09-20.47.30:333][  0]LogUdpMessaging: Initializing bridge on interface 0.0.0.0:0 to multicast group 230.0.0.1:6666.
[2016.04.09-20.47.30:406][  0]SourceControl: Info Source control is disabled
[2016.04.09-20.47.30:406][  0]SourceControl: Info Source control is disabled
[2016.04.09-20.47.30:414][  0]SourceControl: Info Source control is disabled
[2016.04.09-20.47.30:498][  0]LogUObjectArray: 29142 objects as part of root set at end of initial load.
[2016.04.09-20.47.30:498][  0]LogUObjectAllocator: 6065048 out of 0 bytes used by permanent object pool.
[2016.04.09-20.47.30:498][  0]LogUObjectArray: CloseDisregardForGC: 0/0 objects in disregard for GC pool
[2016.04.09-20.47.30:552][  0]LogEngine: Initializing Engine...
[2016.04.09-20.47.30:553][  0]LogHMD: SteamVR failed to initialize.  Err: 110
[2016.04.09-20.47.30:553][  0]LogHMD: SteamVR failed to initialize.  Err: 110
[2016.04.09-20.47.30:683][  0]LogInit: XAudio2 using 'Speakers / Headphones (IDT High Definition Audio CODEC)' : 2 channels at 48 kHz using 16 bits per sample (channel mask 0x3)
[2016.04.09-20.47.30:692][  0]LogInit: FAudioDevice initialized.
[2016.04.09-20.47.30:698][  0]LogInit: Texture streaming: Enabled
[2016.04.09-20.47.30:774][  0]LogNet: Browse: /Temp/Autosaves/Game/2DSideScrollerBP/Maps/UEDPCTitleScreen?Name=Player
[2016.04.09-20.47.30:774][  0]LogLoad: LoadMap: /Temp/Autosaves/Game/2DSideScrollerBP/Maps/UEDPCTitleScreen?Name=Player
[2016.04.09-20.47.30:788][  0]LogMemory: Platform Memory Stats for Windows
[2016.04.09-20.47.30:788][  0]LogMemory: Process Physical Memory: 641.87 MB used, 643.85 MB peak
[2016.04.09-20.47.30:788][  0]LogMemory: Process Virtual Memory: 625.77 MB used, 632.70 MB peak
[2016.04.09-20.47.30:788][  0]LogMemory: Physical Memory: 5928.21 MB used, 8139.82 MB total
[2016.04.09-20.47.30:788][  0]LogMemory: Virtual Memory: 1150.82 MB used, 8388608.00 MB total
[2016.04.09-20.47.30:788][  0]LogMemory: 
[2016.04.09-20.47.30:789][  0]Allocator Stats for TBB: (not implemented)
[2016.04.09-20.47.31:095][  0]LogAIModule: Creating AISystem for world TitleScreen
[2016.04.09-20.47.31:096][  0]LogWorld: Game class is '2DSideScrollerGameMode_C'
[2016.04.09-20.47.31:097][  0]LogWorld: Bringing World /Temp/Autosaves/Game/2DSideScrollerBP/Maps/UEDPCTitleScreen.TitleScreen up for play (max tick rate 0) at 2016.04.09-15.47.31
[2016.04.09-20.47.31:097][  0]LogWorld: Bringing up level for play took: 0.000658
[2016.04.09-20.47.31:133][  0]LogInit:Display: Game Engine Initialized.
[2016.04.09-20.47.31:352][  0]LogLoad: Full Startup: 4.05 seconds (BP compile: 0.07 seconds)
[2016.04.09-20.47.31:352][  0]LogExternalProfiler:Warning: No registered external profiler was matched with a command-line switch (or the DLL could not be loaded).  External profiling features will not be available.
[2016.04.09-20.47.31:370][  0]LogOcInput: OculusInput pre-init called
[2016.04.09-20.47.31:519][  2]LogRenderer: Reallocating scene render targets to support 1280x720 (Frame:2).
[2016.04.09-20.47.33:915][139]LogPackageName: SearchForPackageOnDisk took   0.063s to resolve Level1.umap.
[2016.04.09-20.47.33:970][139]LogPackageName: SearchForPackageOnDisk took   0.055s to resolve Level1.umap.
[2016.04.09-20.47.33:970][139]LogNet: Browse: /Game/2DSideScrollerBP/Maps/Level1
[2016.04.09-20.47.33:970][139]LogLoad: LoadMap: /Game/2DSideScrollerBP/Maps/Level1
[2016.04.09-20.47.34:063][139]LogMemory: Platform Memory Stats for Windows
[2016.04.09-20.47.34:063][139]LogMemory: Process Physical Memory: 671.19 MB used, 680.88 MB peak
[2016.04.09-20.47.34:063][139]LogMemory: Process Virtual Memory: 637.69 MB used, 650.47 MB peak
[2016.04.09-20.47.34:063][139]LogMemory: Physical Memory: 5947.98 MB used, 8139.82 MB total
[2016.04.09-20.47.34:063][139]LogMemory: Virtual Memory: 1176.63 MB used, 8388608.00 MB total
[2016.04.09-20.47.34:063][139]LogMemory: 
[2016.04.09-20.47.34:063][139]Allocator Stats for TBB: (not implemented)
[2016.04.09-20.47.34:363][139]LogAIModule: Creating AISystem for world Level1
[2016.04.09-20.47.34:363][139]LogWorld: Game class is '2DSideScrollerGameMode_C'
[2016.04.09-20.47.34:377][139]LogWorld: Bringing World /Game/2DSideScrollerBP/Maps/Level1.Level1 up for play (max tick rate 0) at 2016.04.09-15.47.34
[2016.04.09-20.47.34:378][139]LogWorld: Bringing up level for play took: 0.013707
[2016.04.09-20.47.36:533][261]LogPackageName: SearchForPackageOnDisk took   0.054s to resolve Level1.umap.
[2016.04.09-20.47.36:589][262]LogPackageName: SearchForPackageOnDisk took   0.054s to resolve Level1.umap.
[2016.04.09-20.47.36:589][262]LogNet: Browse: /Game/2DSideScrollerBP/Maps/Level1
[2016.04.09-20.47.36:589][262]LogLoad: LoadMap: /Game/2DSideScrollerBP/Maps/Level1
[2016.04.09-20.47.36:618][262]LogMemory: Platform Memory Stats for Windows
[2016.04.09-20.47.36:618][262]LogMemory: Process Physical Memory: 695.47 MB used, 696.92 MB peak
[2016.04.09-20.47.36:618][262]LogMemory: Process Virtual Memory: 666.46 MB used, 675.43 MB peak
[2016.04.09-20.47.36:618][262]LogMemory: Physical Memory: 5974.07 MB used, 8139.82 MB total
[2016.04.09-20.47.36:618][262]LogMemory: Virtual Memory: 1210.71 MB used, 8388608.00 MB total
[2016.04.09-20.47.36:618][262]LogMemory: 
[2016.04.09-20.47.36:618][262]Allocator Stats for TBB: (not implemented)
[2016.04.09-20.47.36:913][262]LogAIModule: Creating AISystem for world Level1
[2016.04.09-20.47.36:913][262]LogWorld: Game class is '2DSideScrollerGameMode_C'
[2016.04.09-20.47.36:925][262]LogWorld: Bringing World /Game/2DSideScrollerBP/Maps/Level1.Level1 up for play (max tick rate 0) at 2016.04.09-15.47.36
[2016.04.09-20.47.36:926][262]LogWorld: Bringing up level for play took: 0.011479
[2016.04.09-20.47.36:991][263]LogPackageName: SearchForPackageOnDisk took   0.062s to resolve Level1.umap.
[2016.04.09-20.47.37:045][263]LogPackageName: SearchForPackageOnDisk took   0.054s to resolve Level1.umap.
[2016.04.09-20.47.37:101][264]LogPackageName: SearchForPackageOnDisk took   0.054s to resolve Level1.umap.
[2016.04.09-20.47.37:101][264]LogNet: Browse: /Game/2DSideScrollerBP/Maps/Level1
[2016.04.09-20.47.37:101][264]LogLoad: LoadMap: /Game/2DSideScrollerBP/Maps/Level1
[2016.04.09-20.47.37:130][264]LogMemory: Platform Memory Stats for Windows
[2016.04.09-20.47.37:130][264]LogMemory: Process Physical Memory: 710.51 MB used, 710.52 MB peak
[2016.04.09-20.47.37:130][264]LogMemory: Process Virtual Memory: 680.66 MB used, 680.66 MB peak
[2016.04.09-20.47.37:130][264]LogMemory: Physical Memory: 5994.77 MB used, 8139.82 MB total
[2016.04.09-20.47.37:130][264]LogMemory: Virtual Memory: 1222.46 MB used, 8388608.00 MB total
[2016.04.09-20.47.37:130][264]LogMemory: 
[2016.04.09-20.47.37:130][264]Allocator Stats for TBB: (not implemented)
[2016.04.09-20.47.37:431][264]LogAIModule: Creating AISystem for world Level1
[2016.04.09-20.47.37:431][264]LogWorld: Game class is '2DSideScrollerGameMode_C'
[2016.04.09-20.47.37:443][264]LogWorld: Bringing World /Game/2DSideScrollerBP/Maps/Level1.Level1 up for play (max tick rate 0) at 2016.04.09-15.47.37
[2016.04.09-20.47.37:444][264]LogWorld: Bringing up level for play took: 0.011933
[2016.04.09-20.47.37:503][265]LogPackageName: SearchForPackageOnDisk took   0.056s to resolve Level1.umap.
[2016.04.09-20.47.37:557][265]LogPackageName: SearchForPackageOnDisk took   0.054s to resolve Level1.umap.
[2016.04.09-20.47.37:611][265]LogPackageName: SearchForPackageOnDisk took   0.054s to resolve Level1.umap.
[2016.04.09-20.47.37:667][266]LogPackageName: SearchForPackageOnDisk took   0.054s to resolve Level1.umap.
[2016.04.09-20.47.37:667][266]LogNet: Browse: /Game/2DSideScrollerBP/Maps/Level1
[2016.04.09-20.47.37:667][266]LogLoad: LoadMap: /Game/2DSideScrollerBP/Maps/Level1
[2016.04.09-20.47.37:697][266]LogMemory: Platform Memory Stats for Windows
[2016.04.09-20.47.37:697][266]LogMemory: Process Physical Memory: 713.18 MB used, 713.18 MB peak
[2016.04.09-20.47.37:697][266]LogMemory: Process Virtual Memory: 685.00 MB used, 685.03 MB peak
[2016.04.09-20.47.37:697][266]LogMemory: Physical Memory: 6000.85 MB used, 8139.82 MB total
[2016.04.09-20.47.37:697][266]LogMemory: Virtual Memory: 1226.46 MB used, 8388608.00 MB total
[2016.04.09-20.47.37:697][266]LogMemory: 
[2016.04.09-20.47.37:697][266]Allocator Stats for TBB: (not implemented)
[2016.04.09-20.47.37:994][266]LogAIModule: Creating AISystem for world Level1
[2016.04.09-20.47.37:995][266]LogWorld: Game class is '2DSideScrollerGameMode_C'
[2016.04.09-20.47.38:007][266]LogWorld: Bringing World /Game/2DSideScrollerBP/Maps/Level1.Level1 up for play (max tick rate 0) at 2016.04.09-15.47.38
[2016.04.09-20.47.38:008][266]LogWorld: Bringing up level for play took: 0.012025
[2016.04.09-20.47.38:067][267]LogPackageName: SearchForPackageOnDisk took   0.056s to resolve Level1.umap.
[2016.04.09-20.47.38:121][267]LogPackageName: SearchForPackageOnDisk took   0.054s to resolve Level1.umap.
[2016.04.09-20.47.38:177][268]LogPackageName: SearchForPackageOnDisk took   0.054s to resolve Level1.umap.
[2016.04.09-20.47.38:177][268]LogNet: Browse: /Game/2DSideScrollerBP/Maps/Level1
[2016.04.09-20.47.38:177][268]LogLoad: LoadMap: /Game/2DSideScrollerBP/Maps/Level1
[2016.04.09-20.47.38:207][268]LogMemory: Platform Memory Stats for Windows
[2016.04.09-20.47.38:207][268]LogMemory: Process Physical Memory: 716.76 MB used, 716.77 MB peak
[2016.04.09-20.47.38:207][268]LogMemory: Process Virtual Memory: 687.03 MB used, 687.06 MB peak
[2016.04.09-20.47.38:207][268]LogMemory: Physical Memory: 5991.35 MB used, 8139.82 MB total
[2016.04.09-20.47.38:207][268]LogMemory: Virtual Memory: 1228.46 MB used, 8388608.00 MB total
[2016.04.09-20.47.38:207][268]LogMemory: 
[2016.04.09-20.47.38:207][268]Allocator Stats for TBB: (not implemented)
[2016.04.09-20.47.38:505][268]LogAIModule: Creating AISystem for world Level1
[2016.04.09-20.47.38:505][268]LogWorld: Game class is '2DSideScrollerGameMode_C'
[2016.04.09-20.47.38:517][268]LogWorld: Bringing World /Game/2DSideScrollerBP/Maps/Level1.Level1 up for play (max tick rate 0) at 2016.04.09-15.47.38
[2016.04.09-20.47.38:518][268]LogWorld: Bringing up level for play took: 0.011823
[2016.04.09-20.47.39:009][295]LogPackageName: SearchForPackageOnDisk took   0.055s to resolve Level1.umap.
[2016.04.09-20.47.39:064][296]LogPackageName: SearchForPackageOnDisk took   0.054s to resolve Level1.umap.
[2016.04.09-20.47.39:064][296]LogNet: Browse: /Game/2DSideScrollerBP/Maps/Level1
[2016.04.09-20.47.39:065][296]LogLoad: LoadMap: /Game/2DSideScrollerBP/Maps/Level1
[2016.04.09-20.47.39:094][296]LogMemory: Platform Memory Stats for Windows
[2016.04.09-20.47.39:094][296]LogMemory: Process Physical Memory: 719.49 MB used, 719.50 MB peak
[2016.04.09-20.47.39:094][296]LogMemory: Process Virtual Memory: 688.29 MB used, 689.29 MB peak
[2016.04.09-20.47.39:094][296]LogMemory: Physical Memory: 6004.85 MB used, 8139.82 MB total
[2016.04.09-20.47.39:094][296]LogMemory: Virtual Memory: 1229.46 MB used, 8388608.00 MB total
[2016.04.09-20.47.39:094][296]LogMemory: 
[2016.04.09-20.47.39:094][296]Allocator Stats for TBB: (not implemented)
[2016.04.09-20.47.39:388][296]LogAIModule: Creating AISystem for world Level1
[2016.04.09-20.47.39:388][296]LogWorld: Game class is '2DSideScrollerGameMode_C'
[2016.04.09-20.47.39:400][296]LogWorld: Bringing World /Game/2DSideScrollerBP/Maps/Level1.Level1 up for play (max tick rate 0) at 2016.04.09-15.47.39
[2016.04.09-20.47.39:401][296]LogWorld: Bringing up level for play took: 0.011963
[2016.04.09-20.47.44:854][622]LogPackageName: SearchForPackageOnDisk took   0.056s to resolve TitleScreen.umap.
[2016.04.09-20.47.44:908][622]LogPackageName: SearchForPackageOnDisk took   0.054s to resolve TitleScreen.umap.
[2016.04.09-20.47.44:908][622]LogNet: Browse: /Game/2DSideScrollerBP/Maps/TitleScreen
[2016.04.09-20.47.44:909][622]LogLoad: LoadMap: /Game/2DSideScrollerBP/Maps/TitleScreen
[2016.04.09-20.47.44:939][622]LogMemory: Platform Memory Stats for Windows
[2016.04.09-20.47.44:939][622]LogMemory: Process Physical Memory: 719.12 MB used, 720.18 MB peak
[2016.04.09-20.47.44:939][622]LogMemory: Process Virtual Memory: 690.04 MB used, 692.35 MB peak
[2016.04.09-20.47.44:939][622]LogMemory: Physical Memory: 5998.27 MB used, 8139.82 MB total
[2016.04.09-20.47.44:939][622]LogMemory: Virtual Memory: 1233.46 MB used, 8388608.00 MB total
[2016.04.09-20.47.44:939][622]LogMemory: 
[2016.04.09-20.47.44:939][622]Allocator Stats for TBB: (not implemented)
[2016.04.09-20.47.45:233][622]LogAIModule: Creating AISystem for world TitleScreen
[2016.04.09-20.47.45:233][622]LogWorld: Game class is '2DSideScrollerGameMode_C'
[2016.04.09-20.47.45:234][622]LogWorld: Bringing World /Game/2DSideScrollerBP/Maps/TitleScreen.TitleScreen up for play (max tick rate 0) at 2016.04.09-15.47.45
[2016.04.09-20.47.45:234][622]LogWorld: Bringing up level for play took: 0.000569
[2016.04.09-20.47.45:235][622]LogGameMode: Warning - PATHS NOT DEFINED or NO PLAYERSTART with positive rating
[2016.04.09-20.47.46:785][718]Closing by request
[2016.04.09-20.47.46:785][718]LogWindows: FPlatformMisc::RequestExit(0)
[2016.04.09-20.47.47:590][719]LogExit: Preparing to exit.
[2016.04.09-20.47.48:457][719]LogExit: Game engine shut down
[2016.04.09-20.47.48:555][719]LogObj: Freed 0b from 0 cluster array pools.
[2016.04.09-20.47.48:555][719]LogExit: Object subsystem successfully closed.
[2016.04.09-20.47.48:568][719]LogD3D11RHI: Shutdown
[2016.04.09-20.47.48:568][719]LogD3D11RHI: CleanupD3DDevice
[2016.04.09-20.47.48:672][719]LogD3D11RHI: ~FD3D11DynamicRHI
[2016.04.09-20.47.49:028][719]LogDerivedDataCache: Shutdown
[2016.04.09-20.47.49:028][719]LogModuleManager: Shutting down and abandoning module AndroidDeviceDetection (123)
[2016.04.09-20.47.49:373][719]LogModuleManager: Shutting down and abandoning module AutomationController (122)
[2016.04.09-20.47.49:373][719]LogModuleManager: Shutting down and abandoning module AutomationWorker (121)
[2016.04.09-20.47.49:373][719]LogModuleManager: Shutting down and abandoning module CharacterAI (120)
[2016.04.09-20.47.49:373][719]LogModuleManager: Shutting down and abandoning module AITestSuite (119)
[2016.04.09-20.47.49:373][719]LogModuleManager: Shutting down and abandoning module GameplayDebugger (118)
[2016.04.09-20.47.49:373][719]LogModuleManager: Shutting down and abandoning module AIModule (117)
[2016.04.09-20.47.49:373][719]LogModuleManager: Shutting down and abandoning module MovieSceneCapture (116)
[2016.04.09-20.47.49:373][719]LogModuleManager: Shutting down and abandoning module StreamingPauseRendering (115)
[2016.04.09-20.47.49:373][719]LogModuleManager: Shutting down and abandoning module PortalServices (114)
[2016.04.09-20.47.49:373][719]LogModuleManager: Shutting down and abandoning module PortalRpc (113)
[2016.04.09-20.47.49:373][719]LogModuleManager: Shutting down and abandoning module MessagingRpc (112)
[2016.04.09-20.47.49:373][719]LogModuleManager: Shutting down and abandoning module ProfilerService (111)
[2016.04.09-20.47.49:507][719]LogModuleManager: Shutting down and abandoning module TaskGraph (110)
[2016.04.09-20.47.49:507][719]LogModuleManager: Shutting down and abandoning module SlateRemote (109)
[2016.04.09-20.47.49:507][719]LogModuleManager: Shutting down and abandoning module SteamVRController (108)
[2016.04.09-20.47.49:507][719]LogModuleManager: Shutting down and abandoning module SteamVR (107)
[2016.04.09-20.47.49:507][719]LogModuleManager: Shutting down and abandoning module ProceduralMeshComponent (106)
[2016.04.09-20.47.49:507][719]LogModuleManager: Shutting down and abandoning module OculusLibrary (105)
[2016.04.09-20.47.49:507][719]LogModuleManager: Shutting down and abandoning module OculusInput (104)
[2016.04.09-20.47.49:507][719]LogModuleManager: Shutting down and abandoning module CustomMeshComponent (103)
[2016.04.09-20.47.49:507][719]LogModuleManager: Shutting down and abandoning module CableComponent (102)
[2016.04.09-20.47.49:507][719]LogModuleManager: Shutting down and abandoning module ArchVisCharacter (101)
[2016.04.09-20.47.49:507][719]LogModuleManager: Shutting down and abandoning module HTML5Networking (100)
[2016.04.09-20.47.49:507][719]LogModuleManager: Shutting down and abandoning module DesktopPlatform (99)
[2016.04.09-20.47.49:507][719]LogModuleManager: Shutting down and abandoning module DirectoryWatcher (98)
[2016.04.09-20.47.49:507][719]LogModuleManager: Shutting down and abandoning module HotReload (97)
[2016.04.09-20.47.49:507][719]LogModuleManager: Shutting down and abandoning module VisualStudioSourceCodeAccess (96)
[2016.04.09-20.47.49:507][719]LogModuleManager: Shutting down and abandoning module UObjectPlugin (95)
[2016.04.09-20.47.49:507][719]LogModuleManager: Shutting down and abandoning module SubversionSourceControl (94)
[2016.04.09-20.47.49:507][719]LogModuleManager: Shutting down and abandoning module SourceControl (93)
[2016.04.09-20.47.49:507][719]LogModuleManager: Shutting down and abandoning module PerforceSourceControl (92)
[2016.04.09-20.47.49:507][719]LogModuleManager: Shutting down and abandoning module UdpMessaging (91)
[2016.04.09-20.47.49:607][719]LogModuleManager: Shutting down and abandoning module LightPropagationVolumeRuntime (90)
[2016.04.09-20.47.49:607][719]LogModuleManager: Shutting down and abandoning module Paper2D (89)
[2016.04.09-20.47.49:607][719]LogModuleManager: Shutting down and abandoning module WindowsMoviePlayer (88)
[2016.04.09-20.47.49:607][719]LogModuleManager: Shutting down and abandoning module Media (87)
[2016.04.09-20.47.49:607][719]LogModuleManager: Shutting down and abandoning module WmfMedia (86)
[2016.04.09-20.47.49:607][719]LogModuleManager: Shutting down and abandoning module GameLiveStreaming (85)
[2016.04.09-20.47.49:607][719]LogModuleManager: Shutting down and abandoning module GameplayTagsEditor (84)
[2016.04.09-20.47.49:607][719]LogModuleManager: Shutting down and abandoning module OnlineBlueprintSupport (83)
[2016.04.09-20.47.49:607][719]LogModuleManager: Shutting down and abandoning module GameplayTasksEditor (82)
[2016.04.09-20.47.49:607][719]LogModuleManager: Shutting down and abandoning module PropertyEditor (81)
[2016.04.09-20.47.49:607][719]LogModuleManager: Shutting down and abandoning module BehaviorTreeEditor (80)
[2016.04.09-20.47.49:607][719]LogModuleManager: Shutting down and abandoning module FunctionalTesting (79)
[2016.04.09-20.47.49:607][719]LogModuleManager: Shutting down and abandoning module CollisionAnalyzer (78)
[2016.04.09-20.47.49:607][719]LogModuleManager: Shutting down and abandoning module WorkspaceMenuStructure (77)
[2016.04.09-20.47.49:607][719]LogModuleManager: Shutting down and abandoning module MessageLog (76)
[2016.04.09-20.47.49:607][719]LogModuleManager: Shutting down and abandoning module Sequencer (75)
[2016.04.09-20.47.49:607][719]LogModuleManager: Shutting down and abandoning module AssetTools (74)
[2016.04.09-20.47.49:607][719]LogModuleManager: Shutting down and abandoning module UMGEditor (73)
[2016.04.09-20.47.49:607][719]LogModuleManager: Shutting down and abandoning module UMG (72)
[2016.04.09-20.47.49:607][719]LogModuleManager: Shutting down and abandoning module SlateReflector (71)
[2016.04.09-20.47.49:607][719]LogModuleManager: Shutting down and abandoning module Slate (70)
[2016.04.09-20.47.49:608][719]LogModuleManager: Shutting down and abandoning module EditorStyle (69)
[2016.04.09-20.47.49:609][719]LogModuleManager: Shutting down and abandoning module SessionServices (68)
[2016.04.09-20.47.49:610][719]LogModuleManager: Shutting down and abandoning module SourceCodeAccess (67)
[2016.04.09-20.47.49:610][719]LogModuleManager: Shutting down and abandoning module HeadMountedDisplay (66)
[2016.04.09-20.47.49:610][719]LogModuleManager: Shutting down and abandoning module XAudio2 (65)
[2016.04.09-20.47.49:610][719]LogModuleManager: Shutting down and abandoning module Networking (63)
[2016.04.09-20.47.49:610][719]LogModuleManager: Shutting down and abandoning module Core (62)
[2016.04.09-20.47.49:610][719]LogModuleManager: Shutting down and abandoning module KismetCompiler (61)
[2016.04.09-20.47.49:610][719]LogModuleManager: Shutting down and abandoning module PhysXFormats (60)
[2016.04.09-20.47.49:610][719]LogModuleManager: Shutting down and abandoning module MeshUtilities (59)
[2016.04.09-20.47.49:610][719]LogModuleManager: Shutting down and abandoning module CookingStats (58)
[2016.04.09-20.47.49:610][719]LogModuleManager: Shutting down and abandoning module DerivedDataCache (57)
[2016.04.09-20.47.49:610][719]LogDerivedDataCache: Shutdown
[2016.04.09-20.47.49:610][719]LogModuleManager: Shutting down and abandoning module ShaderFormatOpenGL (56)
[2016.04.09-20.47.49:610][719]LogModuleManager: Shutting down and abandoning module ShaderFormatD3D (55)
[2016.04.09-20.47.49:610][719]LogModuleManager: Shutting down and abandoning module MetalShaderFormat (54)
[2016.04.09-20.47.49:610][719]LogModuleManager: Shutting down and abandoning module TextureFormatUncompressed (53)
[2016.04.09-20.47.49:610][719]LogModuleManager: Shutting down and abandoning module TextureFormatPVR (52)
[2016.04.09-20.47.49:610][719]LogModuleManager: Shutting down and abandoning module TextureFormatIntelISPCTexComp (51)
[2016.04.09-20.47.49:610][719]LogModuleManager: Shutting down and abandoning module TextureFormatDXT (50)
[2016.04.09-20.47.49:610][719]LogModuleManager: Shutting down and abandoning module ImageWrapper (49)
[2016.04.09-20.47.49:610][719]LogModuleManager: Shutting down and abandoning module TextureFormatASTC (48)
[2016.04.09-20.47.49:610][719]LogModuleManager: Shutting down and abandoning module TextureFormatAndroid (47)
[2016.04.09-20.47.49:610][719]LogModuleManager: Shutting down and abandoning module AudioFormatOpus (46)
[2016.04.09-20.47.49:610][719]LogModuleManager: Shutting down and abandoning module AudioFormatOgg (45)
[2016.04.09-20.47.49:610][719]LogModuleManager: Shutting down and abandoning module AudioFormatADPCM (44)
[2016.04.09-20.47.49:610][719]LogModuleManager: Shutting down and abandoning module LinuxTargetPlatform (43)
[2016.04.09-20.47.49:610][719]LogModuleManager: Shutting down and abandoning module LinuxServerTargetPlatform (42)
[2016.04.09-20.47.49:610][719]LogModuleManager: Shutting down and abandoning module LinuxNoEditorTargetPlatform (41)
[2016.04.09-20.47.49:610][719]LogModuleManager: Shutting down and abandoning module TVOSTargetPlatform (40)
[2016.04.09-20.47.49:610][719]LogModuleManager: Shutting down and abandoning module Messaging (39)
[2016.04.09-20.47.49:610][719]LogModuleManager: Shutting down and abandoning module IOSTargetPlatform (38)
[2016.04.09-20.47.49:610][719]LogModuleManager: Shutting down and abandoning module HTML5TargetPlatform (37)
[2016.04.09-20.47.49:610][719]LogModuleManager: Shutting down and abandoning module Android_PVRTCTargetPlatform (36)
[2016.04.09-20.47.49:610][719]LogModuleManager: Shutting down and abandoning module Android_MultiTargetPlatform (35)
[2016.04.09-20.47.49:610][719]LogModuleManager: Shutting down and abandoning module Android_ETC2TargetPlatform (34)
[2016.04.09-20.47.49:610][719]LogModuleManager: Shutting down and abandoning module Android_ETC1TargetPlatform (33)
[2016.04.09-20.47.49:610][719]LogModuleManager: Shutting down and abandoning module Android_DXTTargetPlatform (32)
[2016.04.09-20.47.49:610][719]LogModuleManager: Shutting down and abandoning module Android_ATCTargetPlatform (31)
[2016.04.09-20.47.49:610][719]LogModuleManager: Shutting down and abandoning module Android_ASTCTargetPlatform (30)
[2016.04.09-20.47.49:610][719]LogModuleManager: Shutting down and abandoning module AndroidTargetPlatform (29)
[2016.04.09-20.47.49:610][719]LogModuleManager: Shutting down and abandoning module WindowsTargetPlatform (28)
[2016.04.09-20.47.49:610][719]LogModuleManager: Shutting down and abandoning module WindowsServerTargetPlatform (27)
[2016.04.09-20.47.49:610][719]LogModuleManager: Shutting down and abandoning module WindowsNoEditorTargetPlatform (26)
[2016.04.09-20.47.49:610][719]LogModuleManager: Shutting down and abandoning module WindowsClientTargetPlatform (25)
[2016.04.09-20.47.49:610][719]LogModuleManager: Shutting down and abandoning module AllDesktopTargetPlatform (24)
[2016.04.09-20.47.49:610][719]LogModuleManager: Shutting down and abandoning module TargetPlatform (23)
[2016.04.09-20.47.49:610][719]LogModuleManager: Shutting down and abandoning module InputCore (22)
[2016.04.09-20.47.49:610][719]LogModuleManager: Shutting down and abandoning module Settings (21)
[2016.04.09-20.47.49:610][719]LogModuleManager: Shutting down and abandoning module OnlineSubsystem (19)
[2016.04.09-20.47.49:610][719]LogModuleManager: Shutting down and abandoning module HTTP (18)
[2016.04.09-20.47.49:610][719]LogModuleManager: Shutting down and abandoning module XMPP (17)
[2016.04.09-20.47.49:610][719]LogModuleManager: Shutting down and abandoning module OculusRift (16)
[2016.04.09-20.47.49:610][719]LogModuleManager: Shutting down and abandoning module ExampleDeviceProfileSelector (15)
[2016.04.09-20.47.49:610][719]LogModuleManager: Shutting down and abandoning module TextureCompressor (14)
[2016.04.09-20.47.49:610][719]LogModuleManager: Shutting down and abandoning module ShaderCore (13)
[2016.04.09-20.47.49:610][719]LogModuleManager: Shutting down and abandoning module Landscape (12)
[2016.04.09-20.47.49:610][719]LogModuleManager: Shutting down and abandoning module SlateRHIRenderer (11)
[2016.04.09-20.47.49:611][719]LogModuleManager: Shutting down and abandoning module OpenGLDrv (10)
[2016.04.09-20.47.49:611][719]LogModuleManager: Shutting down and abandoning module D3D11RHI (9)
[2016.04.09-20.47.49:611][719]LogModuleManager: Shutting down and abandoning module AnimGraphRuntime (8)
[2016.04.09-20.47.49:611][719]LogModuleManager: Shutting down and abandoning module Renderer (7)
[2016.04.09-20.47.49:611][719]LogModuleManager: Shutting down and abandoning module Engine (6)
[2016.04.09-20.47.49:611][719]LogModuleManager: Shutting down and abandoning module CoreUObject (5)
[2016.04.09-20.47.49:611][719]LogModuleManager: Shutting down and abandoning module NetworkFile (4)
[2016.04.09-20.47.49:611][719]LogModuleManager: Shutting down and abandoning module StreamingFile (3)
[2016.04.09-20.47.49:611][719]LogModuleManager: Shutting down and abandoning module SandboxFile (2)
[2016.04.09-20.47.49:611][719]LogModuleManager: Shutting down and abandoning module PakFile (1)
[2016.04.09-20.47.49:611][719]LogExit: Exiting.
[2016.04.09-20.47.49:613][719]Log file closed, 04/09/16 15:47:49
